Log file open, 06/14/24 10:40:40
LogWindows: Failed to load 'aqProf.dll' (GetLastError=126)
LogWindows: File 'aqProf.dll' does not exist
LogWindows: Failed to load 'VtuneApi.dll' (GetLastError=126)
LogWindows: File 'VtuneApi.dll' does not exist
LogWindows: Failed to load 'VtuneApi32e.dll' (GetLastError=126)
LogWindows: File 'VtuneApi32e.dll' does not exist
LogConsoleResponse: Display: Failed to find resolution value strings in scalability ini. Falling back to default.
LogConsoleResponse: Display: Failed to find resolution value strings in scalability ini. Falling back to default.
LogInit: Display: Running engine for game: AssimpProject
LogPlatformFile: Not using cached read wrapper
LogTaskGraph: Started task graph with 5 named threads and 47 total threads with 3 sets of task threads.
LogStats: Stats thread started at 0.435742
LogICUInternationalization: ICU TimeZone Detection - Raw Offset: +1:00, Platform Override: ''
LogInit: Display: Loading text-based GConfig....
LogPluginManager: Mounting plugin MeshPainting
LogPluginManager: Mounting plugin XGEController
LogPluginManager: Mounting plugin AISupport
LogPluginManager: Mounting plugin Paper2D
LogPluginManager: Mounting plugin EnvironmentQueryEditor
LogPluginManager: Mounting plugin LightPropagationVolume
LogPluginManager: Mounting plugin LiveLink
LogPluginManager: Mounting plugin CameraShakePreviewer
LogPluginManager: Mounting plugin GameplayCameras
LogPluginManager: Mounting plugin AssetManagerEditor
LogPluginManager: Mounting plugin CurveEditorTools
LogPluginManager: Mounting plugin CryptoKeys
LogPluginManager: Mounting plugin DataValidation
LogPluginManager: Mounting plugin FacialAnimation
LogPluginManager: Mounting plugin GameplayTagsEditor
LogPluginManager: Mounting plugin MaterialAnalyzer
LogPluginManager: Mounting plugin MacGraphicsSwitching
LogPluginManager: Mounting plugin SpeedTreeImporter
LogPluginManager: Mounting plugin GeometryMode
LogPluginManager: Mounting plugin MobileLauncherProfileWizard
LogPluginManager: Mounting plugin PluginBrowser
LogPluginManager: Mounting plugin AnimationSharing
LogPluginManager: Mounting plugin CLionSourceCodeAccess
LogPluginManager: Mounting plugin KDevelopSourceCodeAccess
LogPluginManager: Mounting plugin CodeLiteSourceCodeAccess
LogPluginManager: Mounting plugin GitSourceControl
LogPluginManager: Mounting plugin NullSourceCodeAccess
LogPluginManager: Mounting plugin PerforceSourceControl
LogPluginManager: Mounting plugin PixWinPlugin
LogPluginManager: Mounting plugin PropertyAccessNode
LogPluginManager: Mounting plugin PluginUtils
LogPluginManager: Mounting plugin PlasticSourceControl
LogPluginManager: Mounting plugin TextureFormatOodle
LogPluginManager: Mounting plugin RiderSourceCodeAccess
LogPluginManager: Mounting plugin UObjectPlugin
LogPluginManager: Mounting plugin VisualStudioSourceCodeAccess
LogPluginManager: Mounting plugin VisualStudioCodeSourceCodeAccess
LogPluginManager: Mounting plugin SubversionSourceControl
LogPluginManager: Mounting plugin XCodeSourceCodeAccess
LogPluginManager: Mounting plugin BackChannel
LogPluginManager: Mounting plugin AutomationUtils
LogPluginManager: Mounting plugin ChaosCloth
LogPluginManager: Mounting plugin ChaosClothEditor
LogPluginManager: Mounting plugin ChaosEditor
LogPluginManager: Mounting plugin ChaosNiagara
LogPluginManager: Mounting plugin ChaosSolverPlugin
LogPluginManager: Mounting plugin CharacterAI
LogPluginManager: Mounting plugin GeometryCache
LogPluginManager: Mounting plugin GeometryCollectionPlugin
LogPluginManager: Mounting plugin GeometryProcessing
LogPluginManager: Mounting plugin MotoSynth
LogPluginManager: Mounting plugin OpenImageDenoise
LogPluginManager: Mounting plugin PlanarCut
LogPluginManager: Mounting plugin ProxyLODPlugin
LogPluginManager: Mounting plugin PlatformCrypto
LogPluginManager: Mounting plugin PythonScriptPlugin
LogPluginManager: Mounting plugin SkeletalReduction
LogPluginManager: Mounting plugin Niagara
LogPluginManager: Mounting plugin AndroidMedia
LogPluginManager: Mounting plugin AvfMedia
LogPluginManager: Mounting plugin ImgMedia
LogPluginManager: Mounting plugin MediaCompositing
LogPluginManager: Mounting plugin WebMMedia
LogPluginManager: Mounting plugin WmfMedia
LogPluginManager: Mounting plugin MediaPlayerEditor
LogPluginManager: Mounting plugin UdpMessaging
LogPluginManager: Mounting plugin TcpMessaging
LogPluginManager: Mounting plugin ActorSequence
LogPluginManager: Mounting plugin LevelSequenceEditor
LogPluginManager: Mounting plugin MatineeToLevelSequence
LogPluginManager: Mounting plugin TemplateSequence
LogPluginManager: Mounting plugin DatasmithContent
LogPluginManager: Mounting plugin LuminPlatformFeatures
LogPluginManager: Mounting plugin MagicLeap
LogPluginManager: Mounting plugin MagicLeapLightEstimation
LogPluginManager: Mounting plugin MagicLeapMedia
LogPluginManager: Mounting plugin MagicLeapPassableWorld
LogPluginManager: Mounting plugin LauncherChunkInstaller
LogPluginManager: Mounting plugin AlembicImporter
LogPluginManager: Mounting plugin VariantManagerContent
LogPluginManager: Mounting plugin MLSDK
LogPluginManager: Mounting plugin OnlineSubsystem
LogPluginManager: Mounting plugin OnlineSubsystemNull
LogPluginManager: Mounting plugin OnlineSubsystemUtils
LogPluginManager: Mounting plugin ActorLayerUtilities
LogPluginManager: Mounting plugin AndroidDeviceProfileSelector
LogPluginManager: Mounting plugin AndroidMoviePlayer
LogPluginManager: Mounting plugin AndroidPermission
LogPluginManager: Mounting plugin AppleImageUtils
LogPluginManager: Mounting plugin AppleMoviePlayer
LogPluginManager: Mounting plugin ArchVisCharacter
LogPluginManager: Mounting plugin AssetTags
LogPluginManager: Mounting plugin AudioCapture
LogPluginManager: Mounting plugin AudioSynesthesia
LogPluginManager: Mounting plugin CableComponent
LogPluginManager: Mounting plugin EditableMesh
LogPluginManager: Mounting plugin CustomMeshComponent
LogPluginManager: Mounting plugin ExampleDeviceProfileSelector
LogPluginManager: Mounting plugin GoogleCloudMessaging
LogPluginManager: Mounting plugin GooglePAD
LogPluginManager: Mounting plugin ScreenshotTools
LogPluginManager: Mounting plugin IOSDeviceProfileSelector
LogPluginManager: Mounting plugin LinuxDeviceProfileSelector
LogPluginManager: Mounting plugin LocationServicesBPLibrary
LogPluginManager: Mounting plugin MobilePatchingUtils
LogPluginManager: Mounting plugin OpenXR
LogPluginManager: Mounting plugin OpenXREyeTracker
LogPluginManager: Mounting plugin OpenXRHandTracking
LogPluginManager: Mounting plugin PhysXVehicles
LogPluginManager: Mounting plugin Takes
LogPluginManager: Mounting plugin PostSplashScreen
LogPluginManager: Mounting plugin ProceduralMeshComponent
LogPluginManager: Mounting plugin PropertyAccessEditor
LogPluginManager: Mounting plugin RuntimePhysXCooking
LogPluginManager: Mounting plugin SoundFields
LogPluginManager: Mounting plugin SignificanceManager
LogPluginManager: Mounting plugin Synthesis
LogPluginManager: Mounting plugin WebMMoviePlayer
LogPluginManager: Mounting plugin WindowsMoviePlayer
LogPluginManager: Mounting plugin OodleData
LogPluginManager: Mounting plugin OodleNetwork
LogPluginManager: Mounting plugin ChunkDownloader
LogPluginManager: Mounting plugin ContentBrowserAssetDataSource
LogPluginManager: Mounting plugin ContentBrowserFileDataSource
LogPluginManager: Mounting plugin ContentBrowserClassDataSource
LogPluginManager: Mounting plugin OnlineSubsystemGooglePlay
LogPluginManager: Mounting plugin OnlineSubsystemIOS
LogPluginManager: Mounting plugin OculusVR
LogPluginManager: Mounting plugin SteamVR
LogPluginManager: Mounting plugin UE_Assimp
PixWinPlugin: PIX capture plugin failed to initialize! Check that the process is launched from PIX.
LogInit: Using libcurl 7.55.1-DEV
LogInit:  - built for x86_64-pc-win32
LogInit:  - supports SSL with OpenSSL/1.1.1
LogInit:  - supports HTTP deflate (compression) using libz 1.2.8
LogInit:  - other features:
LogInit:      CURL_VERSION_SSL
LogInit:      CURL_VERSION_LIBZ
LogInit:      CURL_VERSION_IPV6
LogInit:      CURL_VERSION_ASYNCHDNS
LogInit:      CURL_VERSION_LARGEFILE
LogInit:      CURL_VERSION_IDN
LogInit:  CurlRequestOptions (configurable via config and command line):
LogInit:  - bVerifyPeer = true  - Libcurl will verify peer certificate
LogInit:  - bUseHttpProxy = false  - Libcurl will NOT use HTTP proxy
LogInit:  - bDontReuseConnections = false  - Libcurl will reuse connections
LogInit:  - MaxHostConnections = 16  - Libcurl will limit the number of connections to a host
LogInit:  - LocalHostAddr = Default
LogInit:  - BufferSize = 65536
LogOnline: OSS: Creating online subsystem instance for: NULL
LogInit: WinSock: version 1.1 (2.2), MaxSocks=32767, MaxUdp=65467
LogOnline: OSS: TryLoadSubsystemAndSetDefault: Loaded subsystem for module [NULL]
LogOculusPluginWrapper: OculusPlugin initialized successfully
LogHMD: Failed initializing OVRPlugin 1.59.0
LogInit: Build: ++UE4+Release-4.27-CL-18319896
LogInit: Engine Version: 4.27.2-18319896+++UE4+Release-4.27
LogInit: Compatible Engine Version: 4.27.0-17155196+++UE4+Release-4.27
LogInit: Net CL: 17155196
LogInit: OS: Windows 10 (Release 2009) (), CPU: AMD Ryzen 7 5700U with Radeon Graphics         , GPU: AMD Radeon(TM) Graphics
LogInit: Compiled (64-bit): Nov 30 2021 07:12:08
LogInit: Compiled with Visual C++: 19.24.28315.00
LogInit: Build Configuration: Development
LogInit: Branch Name: ++UE4+Release-4.27
LogInit: Command Line:  -skipcompile
LogInit: Base Directory: C:/Program Files/Epic Games/UE_4.27/Engine/Binaries/Win64/
LogInit: Allocator: TBB
LogInit: Installed Engine Build: 1
LogDevObjectVersion: Number of dev versions registered: 29
LogDevObjectVersion:   Dev-Blueprints (B0D832E4-1F89-4F0D-ACCF-7EB736FD4AA2): 10
LogDevObjectVersion:   Dev-Build (E1C64328-A22C-4D53-A36C-8E866417BD8C): 0
LogDevObjectVersion:   Dev-Core (375EC13C-06E4-48FB-B500-84F0262A717E): 4
LogDevObjectVersion:   Dev-Editor (E4B068ED-F494-42E9-A231-DA0B2E46BB41): 40
LogDevObjectVersion:   Dev-Framework (CFFC743F-43B0-4480-9391-14DF171D2073): 37
LogDevObjectVersion:   Dev-Mobile (B02B49B5-BB20-44E9-A304-32B752E40360): 3
LogDevObjectVersion:   Dev-Networking (A4E4105C-59A1-49B5-A7C5-40C4547EDFEE): 0
LogDevObjectVersion:   Dev-Online (39C831C9-5AE6-47DC-9A44-9C173E1C8E7C): 0
LogDevObjectVersion:   Dev-Physics (78F01B33-EBEA-4F98-B9B4-84EACCB95AA2): 14
LogDevObjectVersion:   Dev-Platform (6631380F-2D4D-43E0-8009-CF276956A95A): 0
LogDevObjectVersion:   Dev-Rendering (12F88B9F-8875-4AFC-A67C-D90C383ABD29): 45
LogDevObjectVersion:   Dev-Sequencer (7B5AE74C-D270-4C10-A958-57980B212A5A): 13
LogDevObjectVersion:   Dev-VR (D7296918-1DD6-4BDD-9DE2-64A83CC13884): 3
LogDevObjectVersion:   Dev-LoadTimes (C2A15278-BFE7-4AFE-6C17-90FF531DF755): 1
LogDevObjectVersion:   Private-Geometry (6EACA3D4-40EC-4CC1-B786-8BED09428FC5): 3
LogDevObjectVersion:   Dev-AnimPhys (29E575DD-E0A3-4627-9D10-D276232CDCEA): 17
LogDevObjectVersion:   Dev-Anim (AF43A65D-7FD3-4947-9873-3E8ED9C1BB05): 15
LogDevObjectVersion:   Dev-ReflectionCapture (6B266CEC-1EC7-4B8F-A30B-E4D90942FC07): 1
LogDevObjectVersion:   Dev-Automation (0DF73D61-A23F-47EA-B727-89E90C41499A): 1
LogDevObjectVersion:   FortniteMain (601D1886-AC64-4F84-AA16-D3DE0DEAC7D6): 47
LogDevObjectVersion:   FortniteRelease (E7086368-6B23-4C58-8439-1B7016265E91): 1
LogDevObjectVersion:   Dev-Enterprise (9DFFBCD6-494F-0158-E221-12823C92A888): 10
LogDevObjectVersion:   Dev-Niagara (F2AED0AC-9AFE-416F-8664-AA7FFA26D6FC): 1
LogDevObjectVersion:   Dev-Destruction (174F1F0B-B4C6-45A5-B13F-2EE8D0FB917D): 10
LogDevObjectVersion:   Dev-Physics-Ext (35F94A83-E258-406C-A318-09F59610247C): 41
LogDevObjectVersion:   Dev-PhysicsMaterial-Chaos (B68FC16E-8B1B-42E2-B453-215C058844FE): 1
LogDevObjectVersion:   Dev-CineCamera (B2E18506-4273-CFC2-A54E-F4BB758BBA07): 1
LogDevObjectVersion:   Dev-VirtualProduction (64F58936-FD1B-42BA-BA96-7289D5D0FA4E): 1
LogDevObjectVersion:   Dev-MediaFramework (6F0ED827-A609-4895-9C91-998D90180EA4): 2
LogInit: Presizing for max 25165824 objects, including 0 objects not considered by GC, pre-allocating 0 bytes for permanent pool.
LogConfig: Applying CVar settings from Section [/Script/Engine.StreamingSettings] File [C:/Users/Patay Viki/onlab/ASSIMP-UE-demo-tutorial/AssimpProject/Saved/Config/Windows/Engine.ini]
LogConfig: Setting CVar [[s.MinBulkDataSizeForAsyncLoading:131072]]
LogConfig: Setting CVar [[s.AsyncLoadingThreadEnabled:0]]
LogConfig: Setting CVar [[s.EventDrivenLoaderEnabled:1]]
LogConfig: Setting CVar [[s.WarnIfTimeLimitExceeded:0]]
LogConfig: Setting CVar [[s.TimeLimitExceededMultiplier:1.5]]
LogConfig: Setting CVar [[s.TimeLimitExceededMinTime:0.005]]
LogConfig: Setting CVar [[s.UseBackgroundLevelStreaming:1]]
LogConfig: Setting CVar [[s.PriorityAsyncLoadingExtraTime:15.0]]
LogConfig: Setting CVar [[s.LevelStreamingActorsUpdateTimeLimit:5.0]]
LogConfig: Setting CVar [[s.PriorityLevelStreamingActorsUpdateExtraTime:5.0]]
LogConfig: Setting CVar [[s.LevelStreamingComponentsRegistrationGranularity:10]]
LogConfig: Setting CVar [[s.UnregisterComponentsTimeLimit:1.0]]
LogConfig: Setting CVar [[s.LevelStreamingComponentsUnregistrationGranularity:5]]
LogConfig: Setting CVar [[s.FlushStreamingOnExit:1]]
LogInit: Object subsystem initialized
LogConfig: Setting CVar [[con.DebugEarlyDefault:1]]
LogConfig: Setting CVar [[r.setres:1280x720]]
[2024.06.14-08.40.41:273][  0]LogConfig: Setting CVar [[r.VSync:0]]
[2024.06.14-08.40.41:273][  0]LogConfig: Setting CVar [[r.RHICmdBypass:0]]
[2024.06.14-08.40.41:273][  0]LogConfig: Applying CVar settings from Section [/Script/Engine.RendererSettings] File [C:/Users/Patay Viki/onlab/ASSIMP-UE-demo-tutorial/AssimpProject/Saved/Config/Windows/Engine.ini]
[2024.06.14-08.40.41:273][  0]LogConfig: Setting CVar [[r.GPUCrashDebugging:0]]
[2024.06.14-08.40.41:273][  0]LogConfig: Applying CVar settings from Section [/Script/Engine.RendererOverrideSettings] File [C:/Users/Patay Viki/onlab/ASSIMP-UE-demo-tutorial/AssimpProject/Saved/Config/Windows/Engine.ini]
[2024.06.14-08.40.41:273][  0]LogConfig: Applying CVar settings from Section [/Script/Engine.StreamingSettings] File [C:/Users/Patay Viki/onlab/ASSIMP-UE-demo-tutorial/AssimpProject/Saved/Config/Windows/Engine.ini]
[2024.06.14-08.40.41:273][  0]LogConfig: Setting CVar [[s.MinBulkDataSizeForAsyncLoading:131072]]
[2024.06.14-08.40.41:273][  0]LogConfig: Setting CVar [[s.AsyncLoadingThreadEnabled:0]]
[2024.06.14-08.40.41:273][  0]LogConfig: Setting CVar [[s.EventDrivenLoaderEnabled:1]]
[2024.06.14-08.40.41:274][  0]LogConfig: Setting CVar [[s.WarnIfTimeLimitExceeded:0]]
[2024.06.14-08.40.41:274][  0]LogConfig: Setting CVar [[s.TimeLimitExceededMultiplier:1.5]]
[2024.06.14-08.40.41:274][  0]LogConfig: Setting CVar [[s.TimeLimitExceededMinTime:0.005]]
[2024.06.14-08.40.41:274][  0]LogConfig: Setting CVar [[s.UseBackgroundLevelStreaming:1]]
[2024.06.14-08.40.41:274][  0]LogConfig: Setting CVar [[s.PriorityAsyncLoadingExtraTime:15.0]]
[2024.06.14-08.40.41:274][  0]LogConfig: Setting CVar [[s.LevelStreamingActorsUpdateTimeLimit:5.0]]
[2024.06.14-08.40.41:274][  0]LogConfig: Setting CVar [[s.PriorityLevelStreamingActorsUpdateExtraTime:5.0]]
[2024.06.14-08.40.41:274][  0]LogConfig: Setting CVar [[s.LevelStreamingComponentsRegistrationGranularity:10]]
[2024.06.14-08.40.41:274][  0]LogConfig: Setting CVar [[s.UnregisterComponentsTimeLimit:1.0]]
[2024.06.14-08.40.41:274][  0]LogConfig: Setting CVar [[s.LevelStreamingComponentsUnregistrationGranularity:5]]
[2024.06.14-08.40.41:274][  0]LogConfig: Setting CVar [[s.FlushStreamingOnExit:1]]
[2024.06.14-08.40.41:274][  0]LogConfig: Applying CVar settings from Section [/Script/Engine.GarbageCollectionSettings] File [C:/Users/Patay Viki/onlab/ASSIMP-UE-demo-tutorial/AssimpProject/Saved/Config/Windows/Engine.ini]
[2024.06.14-08.40.41:274][  0]LogConfig: Setting CVar [[gc.MaxObjectsNotConsideredByGC:1]]
[2024.06.14-08.40.41:274][  0]LogConfig: Setting CVar [[gc.SizeOfPermanentObjectPool:0]]
[2024.06.14-08.40.41:274][  0]LogConfig: Setting CVar [[gc.FlushStreamingOnGC:0]]
[2024.06.14-08.40.41:274][  0]LogConfig: Setting CVar [[gc.NumRetriesBeforeForcingGC:10]]
[2024.06.14-08.40.41:274][  0]LogConfig: Setting CVar [[gc.AllowParallelGC:1]]
[2024.06.14-08.40.41:275][  0]LogConfig: Setting CVar [[gc.TimeBetweenPurgingPendingKillObjects:61.1]]
[2024.06.14-08.40.41:275][  0]LogConfig: Setting CVar [[gc.MaxObjectsInEditor:25165824]]
[2024.06.14-08.40.41:275][  0]LogConfig: Setting CVar [[gc.IncrementalBeginDestroyEnabled:1]]
[2024.06.14-08.40.41:275][  0]LogConfig: Setting CVar [[gc.CreateGCClusters:1]]
[2024.06.14-08.40.41:275][  0]LogConfig: Setting CVar [[gc.MinGCClusterSize:5]]
[2024.06.14-08.40.41:275][  0]LogConfig: Setting CVar [[gc.ActorClusteringEnabled:0]]
[2024.06.14-08.40.41:275][  0]LogConfig: Setting CVar [[gc.BlueprintClusteringEnabled:0]]
[2024.06.14-08.40.41:275][  0]LogConfig: Setting CVar [[gc.UseDisregardForGCOnDedicatedServers:0]]
[2024.06.14-08.40.41:275][  0]LogConfig: Setting CVar [[gc.MultithreadedDestructionEnabled:1]]
[2024.06.14-08.40.41:275][  0]LogConfig: Applying CVar settings from Section [/Script/Engine.NetworkSettings] File [C:/Users/Patay Viki/onlab/ASSIMP-UE-demo-tutorial/AssimpProject/Saved/Config/Windows/Engine.ini]
[2024.06.14-08.40.41:275][  0]LogConfig: Applying CVar settings from Section [/Script/UnrealEd.CookerSettings] File [C:/Users/Patay Viki/onlab/ASSIMP-UE-demo-tutorial/AssimpProject/Saved/Config/Windows/Engine.ini]
[2024.06.14-08.40.41:285][  0]LogConfig: Applying CVar settings from Section [ViewDistanceQuality@3] File [C:/Users/Patay Viki/onlab/ASSIMP-UE-demo-tutorial/AssimpProject/Saved/Config/Windows/Scalability.ini]
[2024.06.14-08.40.41:285][  0]LogConfig: Setting CVar [[r.SkeletalMeshLODBias:0]]
[2024.06.14-08.40.41:285][  0]LogConfig: Setting CVar [[r.ViewDistanceScale:1.0]]
[2024.06.14-08.40.41:285][  0]LogConfig: Applying CVar settings from Section [AntiAliasingQuality@3] File [C:/Users/Patay Viki/onlab/ASSIMP-UE-demo-tutorial/AssimpProject/Saved/Config/Windows/Scalability.ini]
[2024.06.14-08.40.41:285][  0]LogConfig: Setting CVar [[r.PostProcessAAQuality:4]]
[2024.06.14-08.40.41:285][  0]LogConfig: Applying CVar settings from Section [ShadowQuality@3] File [C:/Users/Patay Viki/onlab/ASSIMP-UE-demo-tutorial/AssimpProject/Saved/Config/Windows/Scalability.ini]
[2024.06.14-08.40.41:285][  0]LogConfig: Setting CVar [[r.LightFunctionQuality:1]]
[2024.06.14-08.40.41:285][  0]LogConfig: Setting CVar [[r.ShadowQuality:5]]
[2024.06.14-08.40.41:285][  0]LogConfig: Setting CVar [[r.Shadow.CSM.MaxCascades:10]]
[2024.06.14-08.40.41:285][  0]LogConfig: Setting CVar [[r.Shadow.MaxResolution:2048]]
[2024.06.14-08.40.41:285][  0]LogConfig: Setting CVar [[r.Shadow.MaxCSMResolution:2048]]
[2024.06.14-08.40.41:286][  0]LogConfig: Setting CVar [[r.Shadow.RadiusThreshold:0.01]]
[2024.06.14-08.40.41:286][  0]LogConfig: Setting CVar [[r.Shadow.DistanceScale:1.0]]
[2024.06.14-08.40.41:286][  0]LogConfig: Setting CVar [[r.Shadow.CSM.TransitionScale:1.0]]
[2024.06.14-08.40.41:286][  0]LogConfig: Setting CVar [[r.Shadow.PreShadowResolutionFactor:1.0]]
[2024.06.14-08.40.41:286][  0]LogConfig: Setting CVar [[r.DistanceFieldShadowing:1]]
[2024.06.14-08.40.41:286][  0]LogConfig: Setting CVar [[r.DistanceFieldAO:1]]
[2024.06.14-08.40.41:286][  0]LogConfig: Setting CVar [[r.AOQuality:2]]
[2024.06.14-08.40.41:286][  0]LogConfig: Setting CVar [[r.VolumetricFog:1]]
[2024.06.14-08.40.41:286][  0]LogConfig: Setting CVar [[r.VolumetricFog.GridPixelSize:8]]
[2024.06.14-08.40.41:286][  0]LogConfig: Setting CVar [[r.VolumetricFog.GridSizeZ:128]]
[2024.06.14-08.40.41:286][  0]LogConfig: Setting CVar [[r.VolumetricFog.HistoryMissSupersampleCount:4]]
[2024.06.14-08.40.41:286][  0]LogConfig: Setting CVar [[r.LightMaxDrawDistanceScale:1]]
[2024.06.14-08.40.41:286][  0]LogConfig: Setting CVar [[r.CapsuleShadows:1]]
[2024.06.14-08.40.41:286][  0]LogConfig: Applying CVar settings from Section [PostProcessQuality@3] File [C:/Users/Patay Viki/onlab/ASSIMP-UE-demo-tutorial/AssimpProject/Saved/Config/Windows/Scalability.ini]
[2024.06.14-08.40.41:286][  0]LogConfig: Setting CVar [[r.MotionBlurQuality:4]]
[2024.06.14-08.40.41:286][  0]LogConfig: Setting CVar [[r.AmbientOcclusionMipLevelFactor:0.4]]
[2024.06.14-08.40.41:286][  0]LogConfig: Setting CVar [[r.AmbientOcclusionMaxQuality:100]]
[2024.06.14-08.40.41:286][  0]LogConfig: Setting CVar [[r.AmbientOcclusionLevels:-1]]
[2024.06.14-08.40.41:286][  0]LogConfig: Setting CVar [[r.AmbientOcclusionRadiusScale:1.0]]
[2024.06.14-08.40.41:286][  0]LogConfig: Setting CVar [[r.DepthOfFieldQuality:2]]
[2024.06.14-08.40.41:286][  0]LogConfig: Setting CVar [[r.RenderTargetPoolMin:400]]
[2024.06.14-08.40.41:286][  0]LogConfig: Setting CVar [[r.LensFlareQuality:2]]
[2024.06.14-08.40.41:286][  0]LogConfig: Setting CVar [[r.SceneColorFringeQuality:1]]
[2024.06.14-08.40.41:286][  0]LogConfig: Setting CVar [[r.EyeAdaptationQuality:2]]
[2024.06.14-08.40.41:288][  0]LogConfig: Setting CVar [[r.BloomQuality:5]]
[2024.06.14-08.40.41:288][  0]LogConfig: Setting CVar [[r.FastBlurThreshold:100]]
[2024.06.14-08.40.41:288][  0]LogConfig: Setting CVar [[r.Upscale.Quality:3]]
[2024.06.14-08.40.41:288][  0]LogConfig: Setting CVar [[r.Tonemapper.GrainQuantization:1]]
[2024.06.14-08.40.41:288][  0]LogConfig: Setting CVar [[r.LightShaftQuality:1]]
[2024.06.14-08.40.41:288][  0]LogConfig: Setting CVar [[r.Filter.SizeScale:1]]
[2024.06.14-08.40.41:288][  0]LogConfig: Setting CVar [[r.Tonemapper.Quality:5]]
[2024.06.14-08.40.41:288][  0]LogConfig: Setting CVar [[r.DOF.Gather.AccumulatorQuality:1        ; higher gathering accumulator quality]]
[2024.06.14-08.40.41:288][  0]LogConfig: Setting CVar [[r.DOF.Gather.PostfilterMethod:1          ; Median3x3 postfilering method]]
[2024.06.14-08.40.41:288][  0]LogConfig: Setting CVar [[r.DOF.Gather.EnableBokehSettings:0       ; no bokeh simulation when gathering]]
[2024.06.14-08.40.41:288][  0]LogConfig: Setting CVar [[r.DOF.Gather.RingCount:4                 ; medium number of samples when gathering]]
[2024.06.14-08.40.41:288][  0]LogConfig: Setting CVar [[r.DOF.Scatter.ForegroundCompositing:1    ; additive foreground scattering]]
[2024.06.14-08.40.41:288][  0]LogConfig: Setting CVar [[r.DOF.Scatter.BackgroundCompositing:2    ; additive background scattering]]
[2024.06.14-08.40.41:288][  0]LogConfig: Setting CVar [[r.DOF.Scatter.EnableBokehSettings:1      ; bokeh simulation when scattering]]
[2024.06.14-08.40.41:288][  0]LogConfig: Setting CVar [[r.DOF.Scatter.MaxSpriteRatio:0.1         ; only a maximum of 10% of scattered bokeh]]
[2024.06.14-08.40.41:288][  0]LogConfig: Setting CVar [[r.DOF.Recombine.Quality:1                ; cheap slight out of focus]]
[2024.06.14-08.40.41:288][  0]LogConfig: Setting CVar [[r.DOF.Recombine.EnableBokehSettings:0    ; no bokeh simulation on slight out of focus]]
[2024.06.14-08.40.41:288][  0]LogConfig: Setting CVar [[r.DOF.TemporalAAQuality:1                ; more stable temporal accumulation]]
[2024.06.14-08.40.41:288][  0]LogConfig: Setting CVar [[r.DOF.Kernel.MaxForegroundRadius:0.025]]
[2024.06.14-08.40.41:288][  0]LogConfig: Setting CVar [[r.DOF.Kernel.MaxBackgroundRadius:0.025]]
[2024.06.14-08.40.41:288][  0]LogConfig: Applying CVar settings from Section [TextureQuality@3] File [C:/Users/Patay Viki/onlab/ASSIMP-UE-demo-tutorial/AssimpProject/Saved/Config/Windows/Scalability.ini]
[2024.06.14-08.40.41:288][  0]LogConfig: Setting CVar [[r.Streaming.MipBias:0]]
[2024.06.14-08.40.41:288][  0]LogConfig: Setting CVar [[r.Streaming.AmortizeCPUToGPUCopy:0]]
[2024.06.14-08.40.41:288][  0]LogConfig: Setting CVar [[r.Streaming.MaxNumTexturesToStreamPerFrame:0]]
[2024.06.14-08.40.41:288][  0]LogConfig: Setting CVar [[r.Streaming.Boost:1]]
[2024.06.14-08.40.41:288][  0]LogConfig: Setting CVar [[r.MaxAnisotropy:8]]
[2024.06.14-08.40.41:288][  0]LogConfig: Setting CVar [[r.VT.MaxAnisotropy:8]]
[2024.06.14-08.40.41:288][  0]LogConfig: Setting CVar [[r.Streaming.LimitPoolSizeToVRAM:0]]
[2024.06.14-08.40.41:288][  0]LogConfig: Setting CVar [[r.Streaming.PoolSize:1000]]
[2024.06.14-08.40.41:288][  0]LogConfig: Setting CVar [[r.Streaming.MaxEffectiveScreenSize:0]]
[2024.06.14-08.40.41:288][  0]LogConfig: Applying CVar settings from Section [EffectsQuality@3] File [C:/Users/Patay Viki/onlab/ASSIMP-UE-demo-tutorial/AssimpProject/Saved/Config/Windows/Scalability.ini]
[2024.06.14-08.40.41:289][  0]LogConfig: Setting CVar [[r.TranslucencyLightingVolumeDim:64]]
[2024.06.14-08.40.41:289][  0]LogConfig: Setting CVar [[r.RefractionQuality:2]]
[2024.06.14-08.40.41:289][  0]LogConfig: Setting CVar [[r.SSR.Quality:3]]
[2024.06.14-08.40.41:289][  0]LogConfig: Setting CVar [[r.SSR.HalfResSceneColor:0]]
[2024.06.14-08.40.41:289][  0]LogConfig: Setting CVar [[r.SceneColorFormat:4]]
[2024.06.14-08.40.41:289][  0]LogConfig: Setting CVar [[r.DetailMode:2]]
[2024.06.14-08.40.41:289][  0]LogConfig: Setting CVar [[r.TranslucencyVolumeBlur:1]]
[2024.06.14-08.40.41:289][  0]LogConfig: Setting CVar [[r.MaterialQualityLevel:1 ; High quality]]
[2024.06.14-08.40.41:289][  0]LogConfig: Setting CVar [[r.AnisotropicMaterials:1]]
[2024.06.14-08.40.41:289][  0]LogConfig: Setting CVar [[r.SSS.Scale:1]]
[2024.06.14-08.40.41:289][  0]LogConfig: Setting CVar [[r.SSS.SampleSet:2]]
[2024.06.14-08.40.41:289][  0]LogConfig: Setting CVar [[r.SSS.Quality:1]]
[2024.06.14-08.40.41:289][  0]LogConfig: Setting CVar [[r.SSS.HalfRes:0]]
[2024.06.14-08.40.41:289][  0]LogConfig: Setting CVar [[r.SSGI.Quality:3]]
[2024.06.14-08.40.41:289][  0]LogConfig: Setting CVar [[r.EmitterSpawnRateScale:1.0]]
[2024.06.14-08.40.41:289][  0]LogConfig: Setting CVar [[r.ParticleLightQuality:2]]
[2024.06.14-08.40.41:289][  0]LogConfig: Setting CVar [[r.SkyAtmosphere.AerialPerspectiveLUT.FastApplyOnOpaque:1 ; Always have FastSkyLUT 1 in this case to avoid wrong sky]]
[2024.06.14-08.40.41:289][  0]LogConfig: Setting CVar [[r.SkyAtmosphere.AerialPerspectiveLUT.SampleCountMaxPerSlice:4]]
[2024.06.14-08.40.41:289][  0]LogConfig: Setting CVar [[r.SkyAtmosphere.AerialPerspectiveLUT.DepthResolution:16.0]]
[2024.06.14-08.40.41:289][  0]LogConfig: Setting CVar [[r.SkyAtmosphere.FastSkyLUT:1]]
[2024.06.14-08.40.41:289][  0]LogConfig: Setting CVar [[r.SkyAtmosphere.FastSkyLUT.SampleCountMin:4.0]]
[2024.06.14-08.40.41:289][  0]LogConfig: Setting CVar [[r.SkyAtmosphere.FastSkyLUT.SampleCountMax:128.0]]
[2024.06.14-08.40.41:290][  0]LogConfig: Setting CVar [[r.SkyAtmosphere.SampleCountMin:4.0]]
[2024.06.14-08.40.41:290][  0]LogConfig: Setting CVar [[r.SkyAtmosphere.SampleCountMax:128.0]]
[2024.06.14-08.40.41:290][  0]LogConfig: Setting CVar [[r.SkyAtmosphere.TransmittanceLUT.UseSmallFormat:0]]
[2024.06.14-08.40.41:290][  0]LogConfig: Setting CVar [[r.SkyAtmosphere.TransmittanceLUT.SampleCount:10.0]]
[2024.06.14-08.40.41:290][  0]LogConfig: Setting CVar [[r.SkyAtmosphere.MultiScatteringLUT.SampleCount:15.0]]
[2024.06.14-08.40.41:290][  0]LogConfig: Setting CVar [[r.SkyLight.RealTimeReflectionCapture:1]]
[2024.06.14-08.40.41:290][  0]LogConfig: Applying CVar settings from Section [FoliageQuality@3] File [C:/Users/Patay Viki/onlab/ASSIMP-UE-demo-tutorial/AssimpProject/Saved/Config/Windows/Scalability.ini]
[2024.06.14-08.40.41:290][  0]LogConfig: Setting CVar [[foliage.DensityScale:1.0]]
[2024.06.14-08.40.41:290][  0]LogConfig: Setting CVar [[grass.DensityScale:1.0]]
[2024.06.14-08.40.41:290][  0]LogConfig: Applying CVar settings from Section [ShadingQuality@3] File [C:/Users/Patay Viki/onlab/ASSIMP-UE-demo-tutorial/AssimpProject/Saved/Config/Windows/Scalability.ini]
[2024.06.14-08.40.41:290][  0]LogConfig: Setting CVar [[r.HairStrands.SkyLighting.IntegrationType:2]]
[2024.06.14-08.40.41:290][  0]LogConfig: Setting CVar [[r.HairStrands.SkyAO.SampleCount:4]]
[2024.06.14-08.40.41:290][  0]LogConfig: Setting CVar [[r.HairStrands.Visibility.MSAA.SamplePerPixel:4]]
[2024.06.14-08.40.41:291][  0]LogInit: Selected Device Profile: [Windows]
[2024.06.14-08.40.41:291][  0]LogInit: Applying CVar settings loaded from the selected device profile: [Windows]
[2024.06.14-08.40.41:292][  0]LogHAL: Display: Platform has ~ 32 GB [33666428928 / 34359738368 / 32], which maps to Largest [LargestMinGB=32, LargerMinGB=12, DefaultMinGB=8, SmallerMinGB=6, SmallestMinGB=0)
[2024.06.14-08.40.41:292][  0]LogInit: Going up to parent DeviceProfile []
[2024.06.14-08.40.41:292][  0]LogConfig: Applying CVar settings from Section [ViewDistanceQuality@3] File [C:/Users/Patay Viki/onlab/ASSIMP-UE-demo-tutorial/AssimpProject/Saved/Config/Windows/Scalability.ini]
[2024.06.14-08.40.41:292][  0]LogConfig: Setting CVar [[r.SkeletalMeshLODBias:0]]
[2024.06.14-08.40.41:292][  0]LogConfig: Setting CVar [[r.ViewDistanceScale:1.0]]
[2024.06.14-08.40.41:292][  0]LogConfig: Applying CVar settings from Section [AntiAliasingQuality@3] File [C:/Users/Patay Viki/onlab/ASSIMP-UE-demo-tutorial/AssimpProject/Saved/Config/Windows/Scalability.ini]
[2024.06.14-08.40.41:292][  0]LogConfig: Setting CVar [[r.PostProcessAAQuality:4]]
[2024.06.14-08.40.41:292][  0]LogConfig: Applying CVar settings from Section [ShadowQuality@3] File [C:/Users/Patay Viki/onlab/ASSIMP-UE-demo-tutorial/AssimpProject/Saved/Config/Windows/Scalability.ini]
[2024.06.14-08.40.41:292][  0]LogConfig: Setting CVar [[r.LightFunctionQuality:1]]
[2024.06.14-08.40.41:292][  0]LogConfig: Setting CVar [[r.ShadowQuality:5]]
[2024.06.14-08.40.41:292][  0]LogConfig: Setting CVar [[r.Shadow.CSM.MaxCascades:10]]
[2024.06.14-08.40.41:292][  0]LogConfig: Setting CVar [[r.Shadow.MaxResolution:2048]]
[2024.06.14-08.40.41:293][  0]LogConfig: Setting CVar [[r.Shadow.MaxCSMResolution:2048]]
[2024.06.14-08.40.41:293][  0]LogConfig: Setting CVar [[r.Shadow.RadiusThreshold:0.01]]
[2024.06.14-08.40.41:293][  0]LogConfig: Setting CVar [[r.Shadow.DistanceScale:1.0]]
[2024.06.14-08.40.41:293][  0]LogConfig: Setting CVar [[r.Shadow.CSM.TransitionScale:1.0]]
[2024.06.14-08.40.41:293][  0]LogConfig: Setting CVar [[r.Shadow.PreShadowResolutionFactor:1.0]]
[2024.06.14-08.40.41:293][  0]LogConfig: Setting CVar [[r.DistanceFieldShadowing:1]]
[2024.06.14-08.40.41:293][  0]LogConfig: Setting CVar [[r.DistanceFieldAO:1]]
[2024.06.14-08.40.41:293][  0]LogConfig: Setting CVar [[r.AOQuality:2]]
[2024.06.14-08.40.41:293][  0]LogConfig: Setting CVar [[r.VolumetricFog:1]]
[2024.06.14-08.40.41:293][  0]LogConfig: Setting CVar [[r.VolumetricFog.GridPixelSize:8]]
[2024.06.14-08.40.41:293][  0]LogConfig: Setting CVar [[r.VolumetricFog.GridSizeZ:128]]
[2024.06.14-08.40.41:293][  0]LogConfig: Setting CVar [[r.VolumetricFog.HistoryMissSupersampleCount:4]]
[2024.06.14-08.40.41:293][  0]LogConfig: Setting CVar [[r.LightMaxDrawDistanceScale:1]]
[2024.06.14-08.40.41:293][  0]LogConfig: Setting CVar [[r.CapsuleShadows:1]]
[2024.06.14-08.40.41:293][  0]LogConfig: Applying CVar settings from Section [PostProcessQuality@3] File [C:/Users/Patay Viki/onlab/ASSIMP-UE-demo-tutorial/AssimpProject/Saved/Config/Windows/Scalability.ini]
[2024.06.14-08.40.41:293][  0]LogConfig: Setting CVar [[r.MotionBlurQuality:4]]
[2024.06.14-08.40.41:293][  0]LogConfig: Setting CVar [[r.AmbientOcclusionMipLevelFactor:0.4]]
[2024.06.14-08.40.41:293][  0]LogConfig: Setting CVar [[r.AmbientOcclusionMaxQuality:100]]
[2024.06.14-08.40.41:293][  0]LogConfig: Setting CVar [[r.AmbientOcclusionLevels:-1]]
[2024.06.14-08.40.41:293][  0]LogConfig: Setting CVar [[r.AmbientOcclusionRadiusScale:1.0]]
[2024.06.14-08.40.41:293][  0]LogConfig: Setting CVar [[r.DepthOfFieldQuality:2]]
[2024.06.14-08.40.41:294][  0]LogConfig: Setting CVar [[r.RenderTargetPoolMin:400]]
[2024.06.14-08.40.41:294][  0]LogConfig: Setting CVar [[r.LensFlareQuality:2]]
[2024.06.14-08.40.41:294][  0]LogConfig: Setting CVar [[r.SceneColorFringeQuality:1]]
[2024.06.14-08.40.41:294][  0]LogConfig: Setting CVar [[r.EyeAdaptationQuality:2]]
[2024.06.14-08.40.41:294][  0]LogConfig: Setting CVar [[r.BloomQuality:5]]
[2024.06.14-08.40.41:294][  0]LogConfig: Setting CVar [[r.FastBlurThreshold:100]]
[2024.06.14-08.40.41:294][  0]LogConfig: Setting CVar [[r.Upscale.Quality:3]]
[2024.06.14-08.40.41:294][  0]LogConfig: Setting CVar [[r.Tonemapper.GrainQuantization:1]]
[2024.06.14-08.40.41:294][  0]LogConfig: Setting CVar [[r.LightShaftQuality:1]]
[2024.06.14-08.40.41:294][  0]LogConfig: Setting CVar [[r.Filter.SizeScale:1]]
[2024.06.14-08.40.41:294][  0]LogConfig: Setting CVar [[r.Tonemapper.Quality:5]]
[2024.06.14-08.40.41:294][  0]LogConfig: Setting CVar [[r.DOF.Gather.AccumulatorQuality:1        ; higher gathering accumulator quality]]
[2024.06.14-08.40.41:294][  0]LogConfig: Setting CVar [[r.DOF.Gather.PostfilterMethod:1          ; Median3x3 postfilering method]]
[2024.06.14-08.40.41:294][  0]LogConfig: Setting CVar [[r.DOF.Gather.EnableBokehSettings:0       ; no bokeh simulation when gathering]]
[2024.06.14-08.40.41:294][  0]LogConfig: Setting CVar [[r.DOF.Gather.RingCount:4                 ; medium number of samples when gathering]]
[2024.06.14-08.40.41:294][  0]LogConfig: Setting CVar [[r.DOF.Scatter.ForegroundCompositing:1    ; additive foreground scattering]]
[2024.06.14-08.40.41:294][  0]LogConfig: Setting CVar [[r.DOF.Scatter.BackgroundCompositing:2    ; additive background scattering]]
[2024.06.14-08.40.41:294][  0]LogConfig: Setting CVar [[r.DOF.Scatter.EnableBokehSettings:1      ; bokeh simulation when scattering]]
[2024.06.14-08.40.41:294][  0]LogConfig: Setting CVar [[r.DOF.Scatter.MaxSpriteRatio:0.1         ; only a maximum of 10% of scattered bokeh]]
[2024.06.14-08.40.41:294][  0]LogConfig: Setting CVar [[r.DOF.Recombine.Quality:1                ; cheap slight out of focus]]
[2024.06.14-08.40.41:295][  0]LogConfig: Setting CVar [[r.DOF.Recombine.EnableBokehSettings:0    ; no bokeh simulation on slight out of focus]]
[2024.06.14-08.40.41:295][  0]LogConfig: Setting CVar [[r.DOF.TemporalAAQuality:1                ; more stable temporal accumulation]]
[2024.06.14-08.40.41:295][  0]LogConfig: Setting CVar [[r.DOF.Kernel.MaxForegroundRadius:0.025]]
[2024.06.14-08.40.41:295][  0]LogConfig: Setting CVar [[r.DOF.Kernel.MaxBackgroundRadius:0.025]]
[2024.06.14-08.40.41:295][  0]LogConfig: Applying CVar settings from Section [TextureQuality@3] File [C:/Users/Patay Viki/onlab/ASSIMP-UE-demo-tutorial/AssimpProject/Saved/Config/Windows/Scalability.ini]
[2024.06.14-08.40.41:295][  0]LogConfig: Setting CVar [[r.Streaming.MipBias:0]]
[2024.06.14-08.40.41:295][  0]LogConfig: Setting CVar [[r.Streaming.AmortizeCPUToGPUCopy:0]]
[2024.06.14-08.40.41:295][  0]LogConfig: Setting CVar [[r.Streaming.MaxNumTexturesToStreamPerFrame:0]]
[2024.06.14-08.40.41:295][  0]LogConfig: Setting CVar [[r.Streaming.Boost:1]]
[2024.06.14-08.40.41:295][  0]LogConfig: Setting CVar [[r.MaxAnisotropy:8]]
[2024.06.14-08.40.41:295][  0]LogConfig: Setting CVar [[r.VT.MaxAnisotropy:8]]
[2024.06.14-08.40.41:295][  0]LogConfig: Setting CVar [[r.Streaming.LimitPoolSizeToVRAM:0]]
[2024.06.14-08.40.41:295][  0]LogConfig: Setting CVar [[r.Streaming.PoolSize:1000]]
[2024.06.14-08.40.41:295][  0]LogConfig: Setting CVar [[r.Streaming.MaxEffectiveScreenSize:0]]
[2024.06.14-08.40.41:295][  0]LogConfig: Applying CVar settings from Section [EffectsQuality@3] File [C:/Users/Patay Viki/onlab/ASSIMP-UE-demo-tutorial/AssimpProject/Saved/Config/Windows/Scalability.ini]
[2024.06.14-08.40.41:295][  0]LogConfig: Setting CVar [[r.TranslucencyLightingVolumeDim:64]]
[2024.06.14-08.40.41:295][  0]LogConfig: Setting CVar [[r.RefractionQuality:2]]
[2024.06.14-08.40.41:295][  0]LogConfig: Setting CVar [[r.SSR.Quality:3]]
[2024.06.14-08.40.41:295][  0]LogConfig: Setting CVar [[r.SSR.HalfResSceneColor:0]]
[2024.06.14-08.40.41:295][  0]LogConfig: Setting CVar [[r.SceneColorFormat:4]]
[2024.06.14-08.40.41:295][  0]LogConfig: Setting CVar [[r.DetailMode:2]]
[2024.06.14-08.40.41:296][  0]LogConfig: Setting CVar [[r.TranslucencyVolumeBlur:1]]
[2024.06.14-08.40.41:296][  0]LogConfig: Setting CVar [[r.MaterialQualityLevel:1 ; High quality]]
[2024.06.14-08.40.41:296][  0]LogConfig: Setting CVar [[r.AnisotropicMaterials:1]]
[2024.06.14-08.40.41:296][  0]LogConfig: Setting CVar [[r.SSS.Scale:1]]
[2024.06.14-08.40.41:296][  0]LogConfig: Setting CVar [[r.SSS.SampleSet:2]]
[2024.06.14-08.40.41:296][  0]LogConfig: Setting CVar [[r.SSS.Quality:1]]
[2024.06.14-08.40.41:296][  0]LogConfig: Setting CVar [[r.SSS.HalfRes:0]]
[2024.06.14-08.40.41:296][  0]LogConfig: Setting CVar [[r.SSGI.Quality:3]]
[2024.06.14-08.40.41:296][  0]LogConfig: Setting CVar [[r.EmitterSpawnRateScale:1.0]]
[2024.06.14-08.40.41:296][  0]LogConfig: Setting CVar [[r.ParticleLightQuality:2]]
[2024.06.14-08.40.41:296][  0]LogConfig: Setting CVar [[r.SkyAtmosphere.AerialPerspectiveLUT.FastApplyOnOpaque:1 ; Always have FastSkyLUT 1 in this case to avoid wrong sky]]
[2024.06.14-08.40.41:296][  0]LogConfig: Setting CVar [[r.SkyAtmosphere.AerialPerspectiveLUT.SampleCountMaxPerSlice:4]]
[2024.06.14-08.40.41:296][  0]LogConfig: Setting CVar [[r.SkyAtmosphere.AerialPerspectiveLUT.DepthResolution:16.0]]
[2024.06.14-08.40.41:296][  0]LogConfig: Setting CVar [[r.SkyAtmosphere.FastSkyLUT:1]]
[2024.06.14-08.40.41:296][  0]LogConfig: Setting CVar [[r.SkyAtmosphere.FastSkyLUT.SampleCountMin:4.0]]
[2024.06.14-08.40.41:296][  0]LogConfig: Setting CVar [[r.SkyAtmosphere.FastSkyLUT.SampleCountMax:128.0]]
[2024.06.14-08.40.41:296][  0]LogConfig: Setting CVar [[r.SkyAtmosphere.SampleCountMin:4.0]]
[2024.06.14-08.40.41:296][  0]LogConfig: Setting CVar [[r.SkyAtmosphere.SampleCountMax:128.0]]
[2024.06.14-08.40.41:296][  0]LogConfig: Setting CVar [[r.SkyAtmosphere.TransmittanceLUT.UseSmallFormat:0]]
[2024.06.14-08.40.41:296][  0]LogConfig: Setting CVar [[r.SkyAtmosphere.TransmittanceLUT.SampleCount:10.0]]
[2024.06.14-08.40.41:296][  0]LogConfig: Setting CVar [[r.SkyAtmosphere.MultiScatteringLUT.SampleCount:15.0]]
[2024.06.14-08.40.41:296][  0]LogConfig: Setting CVar [[r.SkyLight.RealTimeReflectionCapture:1]]
[2024.06.14-08.40.41:296][  0]LogConfig: Applying CVar settings from Section [FoliageQuality@3] File [C:/Users/Patay Viki/onlab/ASSIMP-UE-demo-tutorial/AssimpProject/Saved/Config/Windows/Scalability.ini]
[2024.06.14-08.40.41:296][  0]LogConfig: Setting CVar [[foliage.DensityScale:1.0]]
[2024.06.14-08.40.41:296][  0]LogConfig: Setting CVar [[grass.DensityScale:1.0]]
[2024.06.14-08.40.41:296][  0]LogConfig: Applying CVar settings from Section [ShadingQuality@3] File [C:/Users/Patay Viki/onlab/ASSIMP-UE-demo-tutorial/AssimpProject/Saved/Config/Windows/Scalability.ini]
[2024.06.14-08.40.41:296][  0]LogConfig: Setting CVar [[r.HairStrands.SkyLighting.IntegrationType:2]]
[2024.06.14-08.40.41:296][  0]LogConfig: Setting CVar [[r.HairStrands.SkyAO.SampleCount:4]]
[2024.06.14-08.40.41:296][  0]LogConfig: Setting CVar [[r.HairStrands.Visibility.MSAA.SamplePerPixel:4]]
[2024.06.14-08.40.41:298][  0]LogConfig: Applying CVar settings from Section [Startup] File [../../../Engine/Config/ConsoleVariables.ini]
[2024.06.14-08.40.41:298][  0]LogConfig: Setting CVar [[net.UseAdaptiveNetUpdateFrequency:0]]
[2024.06.14-08.40.41:298][  0]LogConfig: Setting CVar [[p.chaos.AllowCreatePhysxBodies:1]]
[2024.06.14-08.40.41:298][  0]LogConfig: Setting CVar [[fx.SkipVectorVMBackendOptimizations:1]]
[2024.06.14-08.40.41:298][  0]LogConfig: Applying CVar settings from Section [ConsoleVariables] File [C:/Users/Patay Viki/onlab/ASSIMP-UE-demo-tutorial/AssimpProject/Saved/Config/Windows/Engine.ini]
[2024.06.14-08.40.41:298][  0]LogConfig: Applying CVar settings from Section [ConsoleVariables] File [C:/Users/Patay Viki/onlab/ASSIMP-UE-demo-tutorial/AssimpProject/Saved/Config/Windows/Editor.ini]
[2024.06.14-08.40.41:299][  0]LogInit: Computer: DESKTOP-6NQH7V8
[2024.06.14-08.40.41:299][  0]LogInit: User: PatayViki
[2024.06.14-08.40.41:299][  0]LogInit: CPU Page size=4096, Cores=8
[2024.06.14-08.40.41:299][  0]LogInit: High frequency timer resolution =10.000000 MHz
[2024.06.14-08.40.41:299][  0]LogMemory: Memory total: Physical=31.4GB (32GB approx)
[2024.06.14-08.40.41:299][  0]LogMemory: Platform Memory Stats for Windows
[2024.06.14-08.40.41:299][  0]LogMemory: Process Physical Memory: 146.99 MB used, 146.99 MB peak
[2024.06.14-08.40.41:299][  0]LogMemory: Process Virtual Memory: 125.27 MB used, 125.27 MB peak
[2024.06.14-08.40.41:299][  0]LogMemory: Physical Memory: 17722.23 MB used,  14384.58 MB free, 32106.81 MB total
[2024.06.14-08.40.41:299][  0]LogMemory: Virtual Memory: 134208560.00 MB used,  9168.39 MB free, 134217728.00 MB total
[2024.06.14-08.40.41:311][  0]LogWindows: WindowsPlatformFeatures enabled
[2024.06.14-08.40.41:482][  0]LogInit: Physics initialised using underlying interface: PhysX
[2024.06.14-08.40.41:485][  0]LogInit: Using OS detected language (hu-HU).
[2024.06.14-08.40.41:486][  0]LogInit: Using OS detected locale (hu-HU).
[2024.06.14-08.40.41:499][  0]LogTextLocalizationManager: No localization for 'hu-HU' exists, so 'en' will be used for the language.
[2024.06.14-08.40.41:980][  0]LogInit: Setting process to per monitor DPI aware
[2024.06.14-08.40.42:055][  0]LogWindowsTextInputMethodSystem: Display: IME system deactivated.
[2024.06.14-08.40.42:143][  0]LogSlate: New Slate User Created.  User Index 0, Is Virtual User: 0
[2024.06.14-08.40.42:143][  0]LogSlate: Slate User Registered.  User Index 0, Is Virtual User: 0
[2024.06.14-08.40.47:253][  0]LogD3D11RHI: Loaded GFSDK_Aftermath_Lib.x64.dll
[2024.06.14-08.40.47:300][  0]LogHMD: Failed to initialize OpenVR with code 110
[2024.06.14-08.40.47:300][  0]LogD3D11RHI: D3D11 min allowed feature level: 11_0
[2024.06.14-08.40.47:300][  0]LogD3D11RHI: D3D11 max allowed feature level: 11_0
[2024.06.14-08.40.47:300][  0]LogD3D11RHI: D3D11 adapters:
[2024.06.14-08.40.47:432][  0]LogD3D11RHI:    0. 'NVIDIA GeForce GTX 1650' (Feature Level 11_0)
[2024.06.14-08.40.47:432][  0]LogD3D11RHI:       3962/0/16053 MB DedicatedVideo/DedicatedSystem/SharedSystem, Outputs:2, VendorId:0x10de
[2024.06.14-08.40.47:503][  0]LogD3D11RHI:    1. 'AMD Radeon(TM) Graphics' (Feature Level 11_0)
[2024.06.14-08.40.47:503][  0]LogD3D11RHI:       496/0/16053 MB DedicatedVideo/DedicatedSystem/SharedSystem, Outputs:0, VendorId:0x1002
[2024.06.14-08.40.47:512][  0]LogD3D11RHI:    2. 'Microsoft Basic Render Driver' (Feature Level 11_0)
[2024.06.14-08.40.47:512][  0]LogD3D11RHI:       0/0/16053 MB DedicatedVideo/DedicatedSystem/SharedSystem, Outputs:0, VendorId:0x1414
[2024.06.14-08.40.47:512][  0]LogD3D11RHI: Chosen D3D11 Adapter:
[2024.06.14-08.40.47:512][  0]LogD3D11RHI:     Description : NVIDIA GeForce GTX 1650
[2024.06.14-08.40.47:512][  0]LogD3D11RHI:     VendorId    : 10de
[2024.06.14-08.40.47:512][  0]LogD3D11RHI:     DeviceId    : 1f9d
[2024.06.14-08.40.47:512][  0]LogD3D11RHI:     SubSysId    : 15241025
[2024.06.14-08.40.47:512][  0]LogD3D11RHI:     Revision    : 00a1
[2024.06.14-08.40.47:512][  0]LogD3D11RHI:     DedicatedVideoMemory : 4154458112 bytes
[2024.06.14-08.40.47:512][  0]LogD3D11RHI:     DedicatedSystemMemory : 0 bytes
[2024.06.14-08.40.47:512][  0]LogD3D11RHI:     SharedSystemMemory : 16833214464 bytes
[2024.06.14-08.40.47:512][  0]LogD3D11RHI:     AdapterLuid : 0 69893
[2024.06.14-08.40.47:527][  0]LogD3D11RHI: Creating new Direct3DDevice
[2024.06.14-08.40.47:527][  0]LogD3D11RHI:     GPU DeviceId: 0x1f9d (for the marketing name, search the web for "GPU Device Id")
[2024.06.14-08.40.47:527][  0]LogWindows: EnumDisplayDevices:
[2024.06.14-08.40.47:528][  0]LogWindows:    0. 'AMD Radeon(TM) Graphics' (P:1 D:1)
[2024.06.14-08.40.47:528][  0]LogWindows:    1. 'AMD Radeon(TM) Graphics' (P:0 D:1)
[2024.06.14-08.40.47:528][  0]LogWindows:    2. 'AMD Radeon(TM) Graphics' (P:0 D:0)
[2024.06.14-08.40.47:529][  0]LogWindows:    3. 'AMD Radeon(TM) Graphics' (P:0 D:0)
[2024.06.14-08.40.47:529][  0]LogWindows: DebugString: PrimaryIsNotTheChoosenAdapter PrimaryIsNotTheChoosenAdapter PrimaryIsNotTheChoosenAdapter PrimaryIsNotTheChoosenAdapter FoundDriverCount:0 
[2024.06.14-08.40.47:529][  0]LogD3D11RHI:     Adapter Name: NVIDIA GeForce GTX 1650
[2024.06.14-08.40.47:529][  0]LogD3D11RHI:   Driver Version: Unknown (internal:Unknown, unified:Unknown)
[2024.06.14-08.40.47:529][  0]LogD3D11RHI:      Driver Date: Unknown
[2024.06.14-08.40.47:529][  0]LogRHI: Texture pool is 2773 MB (70% of 3962 MB)
[2024.06.14-08.40.47:529][  0]LogD3D11RHI: Creating D3DDevice using adapter:
[2024.06.14-08.40.47:529][  0]LogD3D11RHI:     Description : NVIDIA GeForce GTX 1650
[2024.06.14-08.40.47:529][  0]LogD3D11RHI:     VendorId    : 10de
[2024.06.14-08.40.47:529][  0]LogD3D11RHI:     DeviceId    : 1f9d
[2024.06.14-08.40.47:530][  0]LogD3D11RHI:     SubSysId    : 15241025
[2024.06.14-08.40.47:530][  0]LogD3D11RHI:     Revision    : 00a1
[2024.06.14-08.40.47:530][  0]LogD3D11RHI:     DedicatedVideoMemory : 4154458112 bytes
[2024.06.14-08.40.47:530][  0]LogD3D11RHI:     DedicatedSystemMemory : 0 bytes
[2024.06.14-08.40.47:530][  0]LogD3D11RHI:     SharedSystemMemory : 16833214464 bytes
[2024.06.14-08.40.47:530][  0]LogD3D11RHI:     AdapterLuid : 0 69893
[2024.06.14-08.40.47:598][  0]LogD3D11RHI: RHI has support for 64 bit atomics
[2024.06.14-08.40.47:599][  0]LogD3D11RHI: Async texture creation enabled
[2024.06.14-08.40.47:599][  0]LogD3D11RHI: Array index from any shader is supported
[2024.06.14-08.40.47:644][  0]LogD3D11RHI: GPU Timing Frequency: 1000.000000 (Debug: 2 1)
[2024.06.14-08.40.47:683][  0]LogRHI: GeForceNow SDK initialized: 1
[2024.06.14-08.40.48:015][  0]LogTargetPlatformManager: Display: Loaded TargetPlatform 'AllDesktop'
[2024.06.14-08.40.48:041][  0]LogTargetPlatformManager: Display: Loaded TargetPlatform 'Android'
[2024.06.14-08.40.48:042][  0]LogTargetPlatformManager: Display: Loaded TargetPlatform 'Android_ASTC'
[2024.06.14-08.40.48:042][  0]LogTargetPlatformManager: Display: Loaded TargetPlatform 'Android_DXT'
[2024.06.14-08.40.48:042][  0]LogTargetPlatformManager: Display: Loaded TargetPlatform 'Android_ETC2'
[2024.06.14-08.40.48:042][  0]LogTargetPlatformManager: Display: Loaded TargetPlatform 'AndroidClient'
[2024.06.14-08.40.48:042][  0]LogTargetPlatformManager: Display: Loaded TargetPlatform 'Android_ASTCClient'
[2024.06.14-08.40.48:042][  0]LogTargetPlatformManager: Display: Loaded TargetPlatform 'Android_DXTClient'
[2024.06.14-08.40.48:042][  0]LogTargetPlatformManager: Display: Loaded TargetPlatform 'Android_ETC2Client'
[2024.06.14-08.40.48:042][  0]LogTargetPlatformManager: Display: Loaded TargetPlatform 'Android_Multi'
[2024.06.14-08.40.48:042][  0]LogTargetPlatformManager: Display: Loaded TargetPlatform 'Android_MultiClient'
[2024.06.14-08.40.48:083][  0]LogTargetPlatformManager: Display: Loaded TargetPlatform 'IOSClient'
[2024.06.14-08.40.48:083][  0]LogTargetPlatformManager: Display: Loaded TargetPlatform 'IOS'
[2024.06.14-08.40.48:113][  0]LogTargetPlatformManager: Display: Loaded TargetPlatform 'Linux'
[2024.06.14-08.40.48:124][  0]LogTargetPlatformManager: Display: Loaded TargetPlatform 'LinuxNoEditor'
[2024.06.14-08.40.48:134][  0]LogTargetPlatformManager: Display: Loaded TargetPlatform 'LinuxClient'
[2024.06.14-08.40.48:144][  0]LogTargetPlatformManager: Display: Loaded TargetPlatform 'LinuxServer'
[2024.06.14-08.40.48:164][  0]LogTargetPlatformManager: Display: Loaded TargetPlatform 'LinuxAArch64NoEditor'
[2024.06.14-08.40.48:176][  0]LogTargetPlatformManager: Display: Loaded TargetPlatform 'LinuxAArch64Client'
[2024.06.14-08.40.48:187][  0]LogTargetPlatformManager: Display: Loaded TargetPlatform 'LinuxAArch64Server'
[2024.06.14-08.40.48:224][  0]LogTargetPlatformManager: Display: Loaded TargetPlatform 'Lumin'
[2024.06.14-08.40.48:224][  0]LogTargetPlatformManager: Display: Loaded TargetPlatform 'LuminClient'
[2024.06.14-08.40.48:251][  0]LogTargetPlatformManager: Display: Loaded TargetPlatform 'MacNoEditor'
[2024.06.14-08.40.48:262][  0]LogTargetPlatformManager: Display: Loaded TargetPlatform 'Mac'
[2024.06.14-08.40.48:274][  0]LogTargetPlatformManager: Display: Loaded TargetPlatform 'MacClient'
[2024.06.14-08.40.48:283][  0]LogTargetPlatformManager: Display: Loaded TargetPlatform 'MacServer'
[2024.06.14-08.40.48:299][  0]LogTargetPlatformManager: Display: Loaded TargetPlatform 'TVOSClient'
[2024.06.14-08.40.48:300][  0]LogTargetPlatformManager: Display: Loaded TargetPlatform 'TVOS'
[2024.06.14-08.40.48:315][  0]LogTargetPlatformManager: Display: Loaded TargetPlatform 'WindowsNoEditor'
[2024.06.14-08.40.48:326][  0]LogTargetPlatformManager: Display: Loaded TargetPlatform 'Windows'
[2024.06.14-08.40.48:337][  0]LogTargetPlatformManager: Display: Loaded TargetPlatform 'WindowsClient'
[2024.06.14-08.40.48:347][  0]LogTargetPlatformManager: Display: Loaded TargetPlatform 'WindowsServer'
[2024.06.14-08.40.48:347][  0]LogTargetPlatformManager: Display: Building Assets For Windows
[2024.06.14-08.40.48:372][  0]LogAudioDebug: Display: Lib vorbis DLL was dynamically loaded.
[2024.06.14-08.40.48:462][  0]LogTextureFormatOodle: Display: Oodle Texture 2.9.0 init RDO Off
[2024.06.14-08.40.48:592][  0]LogRendererCore: Ray tracing is disabled. Reason: r.RayTracing=0.
[2024.06.14-08.40.48:594][  0]LogShaderCompilers: Guid format shader working directory is -28 characters bigger than the processId version (../../../../../../Users/Patay Viki/onlab/ASSIMP-UE-demo-tutorial/AssimpProject/Intermediate/Shaders/WorkingDirectory/29244/).
[2024.06.14-08.40.48:595][  0]LogShaderCompilers: Cleaned the shader compiler working directory 'C:/Users/Patay Viki/AppData/Local/Temp/UnrealShaderWorkingDir/EE02900C42EFA5DB23D8D9AAF7F8758E/'.
[2024.06.14-08.40.48:596][  0]LogXGEController: Cannot use XGE Controller as Incredibuild is not installed on this machine.
[2024.06.14-08.40.48:596][  0]LogShaderCompilers: Cannot use XGE Shader Compiler as Incredibuild is not installed on this machine.
[2024.06.14-08.40.48:596][  0]LogShaderCompilers: Display: Using Local Shader Compiler.
[2024.06.14-08.40.53:272][  0]LogDerivedDataCache: Display: Max Cache Size: 512 MB
[2024.06.14-08.40.53:355][  0]LogDerivedDataCache: Loaded boot cache 0.08s 94MB C:/Users/Patay Viki/AppData/Local/UnrealEngine/4.27/DerivedDataCache/Boot.ddc.
[2024.06.14-08.40.53:356][  0]LogDerivedDataCache: Display: Loaded Boot cache: C:/Users/Patay Viki/AppData/Local/UnrealEngine/4.27/DerivedDataCache/Boot.ddc
[2024.06.14-08.40.53:356][  0]LogDerivedDataCache: FDerivedDataBackendGraph:  Pak pak cache file ../../../../../../Users/Patay Viki/onlab/ASSIMP-UE-demo-tutorial/AssimpProject/DerivedDataCache/DDC.ddp not found, will not use a pak cache.
[2024.06.14-08.40.53:356][  0]LogDerivedDataCache: Unable to find inner node Pak for hierarchical cache Hierarchy.
[2024.06.14-08.40.53:356][  0]LogDerivedDataCache: FDerivedDataBackendGraph:  CompressedPak pak cache file ../../../../../../Users/Patay Viki/onlab/ASSIMP-UE-demo-tutorial/AssimpProject/DerivedDataCache/Compressed.ddp not found, will not use a pak cache.
[2024.06.14-08.40.53:356][  0]LogDerivedDataCache: Unable to find inner node CompressedPak for hierarchical cache Hierarchy.
[2024.06.14-08.40.53:392][  0]LogDerivedDataCache: Display: Pak cache opened for reading ../../../Engine/DerivedDataCache/Compressed.ddp.
[2024.06.14-08.40.53:392][  0]LogDerivedDataCache: FDerivedDataBackendGraph:  EnterprisePak pak cache file ../../../Enterprise/DerivedDataCache/Compressed.ddp not found, will not use a pak cache.
[2024.06.14-08.40.53:392][  0]LogDerivedDataCache: Unable to find inner node EnterprisePak for hierarchical cache Hierarchy.
[2024.06.14-08.40.53:472][  0]LogDerivedDataCache: Speed tests for C:/Users/Patay Viki/AppData/Local/UnrealEngine/Common/DerivedDataCache took 0.08 seconds
[2024.06.14-08.40.53:472][  0]LogDerivedDataCache: Display: Performance to C:/Users/Patay Viki/AppData/Local/UnrealEngine/Common/DerivedDataCache: Latency=0.11ms. RandomReadSpeed=13.57MBs, RandomWriteSpeed=100.93MBs. Assigned SpeedClass 'Local'
[2024.06.14-08.40.53:476][  0]LogDerivedDataCache: Using Local data cache path C:/Users/Patay Viki/AppData/Local/UnrealEngine/Common/DerivedDataCache: Writable
[2024.06.14-08.40.53:476][  0]LogDerivedDataCache: Shared data cache path not found in *engine.ini, will not use an Shared cache.
[2024.06.14-08.40.53:476][  0]LogDerivedDataCache: Unable to find inner node Shared for hierarchical cache Hierarchy.
[2024.06.14-08.40.53:528][  0]LogSlate: Using FreeType 2.10.0
[2024.06.14-08.40.53:542][  0]LogSlate: SlateFontServices - WITH_FREETYPE: 1, WITH_HARFBUZZ: 1
[2024.06.14-08.40.53:592][  0]LogAssetRegistry: FAssetRegistry took 0.0093 seconds to start up
[2024.06.14-08.40.54:133][  0]LogInit: Selected Device Profile: [Windows]
[2024.06.14-08.40.54:134][  0]LogInit: Active device profile: [00000264F256BA00][00000264EEAC3700 49] Windows
[2024.06.14-08.40.54:134][  0]LogInit: Profiles: [00000264F256BA00][00000264EEAC3700 49] Windows, [00000264F2520700][00000264F0597880 49] WindowsNoEditor, [00000264F2568700][00000264F059BA00 49] WindowsServer, [00000264F2523500][00000264F05B1B80 49] WindowsClient, [00000264F256B400][00000264F05B4180 49] IOS, [00000264F2520F00][00000264F05BC300 49] iPadAir, [00000264F2568E00][00000264EE7B2480 49] iPadAir2, [00000264F2334600][00000264EE7E6740 49] IPadPro, [00000264F2334700][00000264EE7E2780 49] iPadAir3, [00000264F256AF00][00000264EE7EA900 49] iPadAir4, [00000264F2337800][00000264F0592A40 49] iPadMini2, [00000264F2569100][00000264F29AEB80 49] iPadMini3, [00000264F2335700][00000264F29BECC0 49] iPadMini4, [00000264F256A900][00000264F29C6E40 49] iPadMini5, [00000264F231BE00][00000264F28FB100 49] iPhone6, [00000264F231BF00][00000264F28F7140 49] iPodTouch6, [00000264F2523400][00000264EE6E1400 49] iPhone7, [00000264F2337300][00000264F28FF440 49] iPodTouch7, [00000264F2318A00][00000264F2DDB5C0 49] iPhone5S, [00000264F2337B00][00000264EE741740 49] iPhone6Plus, [00000264F231B000][00000264EE7458C0 49] iPhone6S, [00000264F2336900][00000264EE749A40 49] iPhone6SPlus, [00000264F2319100][00000264EE76DBC0 49] iPhone7Plus, [00000264F2336500][00000264EE7701C0 49] iPhoneSE, [00000264F231AA00][00000264EE91A340 49] iPhone8, [00000264F2334E00][00000264EE91E4C0 49] iPhone8Plus, [00000264F2319700][00000264EE922640 49] iPhoneX, [00000264F2335600][00000264F030C7C0 49] iPhoneXS, [00000264F231BD00][00000264EE6BC940 49] iPhoneXSMax, [00000264F2335900][00000264EE6C0AC0 49] iPhoneXR, [00000264F2318800][00000264F29C2C00 49] iPhone11, [00000264F2336D00][00000264EE6C8D40 49] iPhone11Pro, [00000264F2318D00][00000264EE6CCE80 49] iPhone11ProMax, [00000264F2336800][00000264EE6D0FC0 49] iPhoneSE2, [00000264F2318C00][00000264F2983140 49] iPhone12Mini, [00000264F2336600][00000264F29872C0 49] iPhone12, [00000264F231A500][00000264F298B440 49] iPhone12Pro, [00000264F2335000][00000264F298F5C0 49] iPhone12ProMax, [00000264F2319B00][00000264F2993740 49] iPadPro105, [00000264F2334100][00000264F29978C0 49] iPadPro129, [00000264F231B100][00000264F29A5A40 49] iPadPro97, [00000264F2337A00][00000264F30DDBC0 49] iPadPro2_129, [00000264F231AB00][00000264F31141C0 49] iPad5, [00000264F2335200][00000264F3118340 49] iPad6, [00000264F231BB00][00000264F315A4C0 49] iPad7, [00000264F2337500][00000264EE64E640 49] iPad8, [00000264F231B300][00000264EE6827C0 49] iPadPro11, [00000264F2336F00][00000264EE686940 49] iPadPro2_11, [00000264F2319500][00000264EE758AC0 49] iPadPro3_129, [00000264F2337D00][00000264EE75CC40 49] iPadPro4_129, [00000264F231AD00][00000264EE6D8D80 49] AppleTV, [00000264F2334A00][00000264EE760EC0 49] AppleTV4K, [00000264F2318700][00000264EE765000 49] TVOS, [00000264F2336C00][00000264EE769140 49] Mac, [00000264F231B900][00000264EE6A52C0 49] MacClient, [00000264F2335B00][00000264EE6A9440 49] MacNoEditor, [00000264F2319E00][00000264EE6AD5C0 49] MacServer, [00000264F2336A00][00000264EE6B1740 49] Linux, [00000264F231A300][00000264EE6B58C0 49] LinuxAArch64, [00000264F2336700][00000264EE6B9A40 49] LinuxNoEditor, [00000264F231A600][00000264F31CBBC0 49] LinuxAArch64NoEditor, [00000264F2337900][00000264EE6C41C0 49] LinuxClient, [00000264F231B200][00000264F2902340 49] LinuxAArch64Client, [00000264F2337100][00000264F29064C0 49] LinuxServer, [00000264F2318600][00000264F311C640 49] LinuxAArch64Server, [00000264F2335400][00000264EE67E7C0 49] Android, [00000264F2596200][00000264F31CE940 49] Android_Low, [00000264F2521800][00000264F31D2AC0 49] Android_Mid, [00000264F2594600][00000264F31D6C40 49] Android_High, [00000264F2523900][00000264F31DADC0 49] Android_Default, [00000264F2595300][00000264F31DEF40 49] Android_Adreno4xx, [00000264F2521C00][00000264EE6A1080 49] Android_Adreno5xx_Low, [00000264F2595000][00000264F31E31C0 49] Android_Adreno5xx, [00000264F2522000][00000264F31E7300 49] Android_Adreno6xx, [00000264F2595100][00000264EE6E5480 49] Android_Adreno6xx_Vulkan, [00000264F2522A00][00000264EE6E9600 49] Android_Mali_T6xx, [00000264F2595D00][00000264EE6ED780 49] Android_Mali_T7xx, [00000264F2521F00][00000264EE6F1900 49] Android_Mali_T8xx, [00000264F2595500][00000264EE6F5A80 49] Android_Mali_G71, [00000264F2523C00][00000264EE6F9C00 49] Android_Mali_G72, [00000264F2594E00][00000264EE6FC200 49] Android_Mali_G72_Vulkan, [00000264F2521900][00000264EE700380 49] Android_Mali_G76, [00000264F2594800][00000264EE704500 49] Android_Mali_G76_Vulkan, [00000264F2523700][00000264EE708680 49] Android_Mali_G77, [00000264F2594C00][00000264F290A800 49] Android_Mali_G77_Vulkan, [00000264F2520E00][00000264F290E980 49] Android_Mali_G78, [00000264F2595700][00000264F2912B00 49] Android_Mali_G78_Vulkan, [00000264F2522B00][00000264F2916C80 49] Android_Mali_G710, [00000264F2337000][00000264F291AE00 49] Android_Mali_G710_Vulkan, [00000264F231A400][00000264F291EF80 49] Android_Vulkan_SM5, [00000264F2336000][00000264F2923100 49] Android_PowerVR_G6xxx, [00000264F2319D00][00000264F31EB240 49] Android_PowerVR_GT7xxx, [00000264F2334C00][00000264F2927380 49] Android_PowerVR_GE8xxx, [00000264F231A900][00000264F292B4C0 49] Android_PowerVR_GM9xxx, [00000264F2335D00][00000264F2933640 49] Android_PowerVR_GM9xxx_Vulkan, [00000264F2319300][00000264F29377C0 49] Android_TegraK1, [00000264F2522700][00000264F293B940 49] Android_Unknown_Vulkan, [00000264F231AC00][00000264F293FAC0 49] Lumin, [00000264F2335800][00000264F29420C0 49] Lumin_Desktop, [00000264F2594300][00000264F2A74240 49] HoloLens, 
[2024.06.14-08.40.54:471][  0]LogMeshReduction: Using QuadricMeshReduction for automatic static mesh reduction
[2024.06.14-08.40.54:471][  0]LogMeshReduction: Using SimplygonMeshReduction for automatic skeletal mesh reduction
[2024.06.14-08.40.54:471][  0]LogMeshReduction: Using ProxyLODMeshReduction for automatic mesh merging
[2024.06.14-08.40.54:471][  0]LogMeshReduction: No distributed automatic mesh merging module available
[2024.06.14-08.40.54:472][  0]LogMeshMerging: No distributed automatic mesh merging module available
[2024.06.14-08.40.54:558][  0]LogNetVersion: AssimpProject 1.0.0, NetCL: 17155196, EngineNetVer: 17, GameNetVer: 0 (Checksum: 1973687517)
[2024.06.14-08.40.56:077][  0]LogTexture: Default maximum texture size for cubemaps generated from long-lat sources has been changed from 512 to unlimited. In order to preserve old behaiour for '/Engine/MapTemplates/Sky/DaylightAmbientCubemap.DaylightAmbientCubemap', its maximum texture size has been explicitly set to 512.
[2024.06.14-08.40.56:254][  0]LogHMD: PokeAHoleMaterial loaded successfully
[2024.06.14-08.40.56:265][  0]LogUObjectArray: 17178 objects as part of root set at end of initial load.
[2024.06.14-08.40.56:265][  0]LogUObjectAllocator: 4302048 out of 0 bytes used by permanent object pool.
[2024.06.14-08.40.56:265][  0]LogUObjectArray: CloseDisregardForGC: 0/0 objects in disregard for GC pool
[2024.06.14-08.40.57:245][  0]LogPython: Using Python 3.7.7
[2024.06.14-08.40.58:125][  0]LogNiagaraDebuggerClient: Niagara Debugger Client Initialized | Session: 71713D7A4F0F71679ACB679340522F81 | Instance: F3CFD0E24F361600BC9E84A1104D7A68 (DESKTOP-6NQH7V8-29244).
[2024.06.14-08.40.58:272][  0]LogUdpMessaging: Initializing bridge on interface 0.0.0.0:0 to multicast group 230.0.0.1:6666.
[2024.06.14-08.40.58:293][  0]LogTcpMessaging: Initializing TcpMessaging bridge
[2024.06.14-08.40.58:910][  0]LogLinker: Warning: Failed to load '/Game/FirstPersonBP/FirstPersonOverview': Can't find file.
[2024.06.14-08.40.58:910][  0]LogLinker: Warning: Failed to load '/Game/FirstPersonBP/FirstPersonOverview': Can't find file.
[2024.06.14-08.40.58:910][  0]LogUObjectGlobals: Warning: Failed to find object 'Class /Game/FirstPersonBP/FirstPersonOverview.FirstPersonOverview_C'
[2024.06.14-08.40.59:361][  0]SourceControl: Source control is disabled
[2024.06.14-08.40.59:362][  0]SourceControl: Source control is disabled
[2024.06.14-08.40.59:375][  0]SourceControl: Source control is disabled
[2024.06.14-08.40.59:383][  0]SourceControl: Source control is disabled
[2024.06.14-08.40.59:415][  0]LogUProjectInfo: Found projects:
[2024.06.14-08.40.59:440][  0]SourceControl: Source control is disabled
[2024.06.14-08.40.59:727][  0]LogOpenImageDenoise: OIDN starting up
[2024.06.14-08.40.59:919][  0]LogAndroidPermission: UAndroidPermissionCallbackProxy::GetInstance
[2024.06.14-08.40.59:971][  0]LogAudioCaptureCore: Display: No Audio Capture implementations found. Audio input will be silent.
[2024.06.14-08.40.59:971][  0]LogAudioCaptureCore: Display: No Audio Capture implementations found. Audio input will be silent.
[2024.06.14-08.41.00:493][  0]LogCollectionManager: Loaded 0 collections in 0.002190 seconds
[2024.06.14-08.41.00:565][  0]LogFileCache: Scanning file cache for directory 'C:/Users/Patay Viki/onlab/ASSIMP-UE-demo-tutorial/AssimpProject/Saved/Collections/' took 0.00s
[2024.06.14-08.41.00:565][  0]LogFileCache: Scanning file cache for directory 'C:/Users/Patay Viki/onlab/ASSIMP-UE-demo-tutorial/AssimpProject/Content/Developers/PatayViki/Collections/' took 0.00s
[2024.06.14-08.41.00:565][  0]LogFileCache: Scanning file cache for directory 'C:/Users/Patay Viki/onlab/ASSIMP-UE-demo-tutorial/AssimpProject/Content/Collections/' took 0.00s
[2024.06.14-08.41.00:565][  0]LogOcInput: OculusInput pre-init called
[2024.06.14-08.41.00:973][  0]LogClass: Warning: IntProperty FAIVertexWeight::VertexID is not initialized properly even though its struct probably has a custom default constructor. Module:UE_Assimp File:Public/AIBone.h
[2024.06.14-08.41.00:973][  0]LogClass: Warning: FloatProperty FAIVertexWeight::Weight is not initialized properly even though its struct probably has a custom default constructor. Module:UE_Assimp File:Public/AIBone.h
[2024.06.14-08.41.00:974][  0]LogClass: Display: 2 Uninitialized script struct members found including 0 object properties
[2024.06.14-08.41.00:977][  0]LogAutomationTest: Warning: IntProperty FAIVertexWeight::VertexID is not initialized properly even though its struct probably has a custom default constructor. Module:UE_Assimp File:Public/AIBone.h
[2024.06.14-08.41.00:977][  0]LogAutomationTest: Warning: FloatProperty FAIVertexWeight::Weight is not initialized properly even though its struct probably has a custom default constructor. Module:UE_Assimp File:Public/AIBone.h
[2024.06.14-08.41.00:982][  0]LogEngine: Initializing Engine...
[2024.06.14-08.41.00:992][  0]LogHMD: Failed to enumerate extensions. Please check that you have a valid OpenXR runtime installed.
[2024.06.14-08.41.00:992][  0]LogHMD: Failed to initialize OpenVR with code 110
[2024.06.14-08.41.00:994][  0]LogMagicLeap: Warning: VR disabled because ZI is not enabled.  To enable, in the editor, Edit -> Project Settings -> Plugins -> Magic Leap Plugin -> Enable Zero Iteration
[2024.06.14-08.41.00:996][  0]LogStats: UGameplayTagsManager::InitializeManager -  0.001 s
[2024.06.14-08.41.01:382][  0]LogInit: Initializing FReadOnlyCVARCache
[2024.06.14-08.41.01:420][  0]LogAIModule: Creating AISystem for world Untitled
[2024.06.14-08.41.01:424][  0]LogAudio: Display: Initializing Audio Device Manager...
[2024.06.14-08.41.01:433][  0]LogAudio: Display: Loading Default Audio Settings Objects...
[2024.06.14-08.41.01:439][  0]LogAudio: Display: No default SoundConcurrencyObject specified (or failed to load).
[2024.06.14-08.41.01:441][  0]LogAudio: Display: Audio Device Manager Initialized
[2024.06.14-08.41.01:441][  0]LogAudio: Display: Creating Audio Device:                 Id: 1, Scope: Shared, Realtime: True
[2024.06.14-08.41.01:442][  0]LogAudioMixer: Display: Audio Mixer Platform Settings:
[2024.06.14-08.41.01:442][  0]LogAudioMixer: Display: 	Sample Rate:						  48000
[2024.06.14-08.41.01:442][  0]LogAudioMixer: Display: 	Callback Buffer Frame Size Requested: 1024
[2024.06.14-08.41.01:442][  0]LogAudioMixer: Display: 	Callback Buffer Frame Size To Use:	  1024
[2024.06.14-08.41.01:442][  0]LogAudioMixer: Display: 	Number of buffers to queue:			  2
[2024.06.14-08.41.01:442][  0]LogAudioMixer: Display: 	Max Channels (voices):				  32
[2024.06.14-08.41.01:442][  0]LogAudioMixer: Display: 	Number of Async Source Workers:		  0
[2024.06.14-08.41.01:442][  0]LogAudio: Display: AudioDevice MaxSources: 32
[2024.06.14-08.41.01:443][  0]LogAudio: Display: Audio Spatialization Plugin: None (built-in).
[2024.06.14-08.41.01:444][  0]LogAudio: Display: Audio Reverb Plugin: None (built-in).
[2024.06.14-08.41.01:444][  0]LogAudio: Display: Audio Occlusion Plugin: None (built-in).
[2024.06.14-08.41.01:444][  0]LogAudioMixer: Display: Initializing audio mixer.
[2024.06.14-08.41.01:474][  0]LogAudioMixer: Display: 0: FrontLeft
[2024.06.14-08.41.01:475][  0]LogAudioMixer: Display: 1: FrontRight
[2024.06.14-08.41.02:176][  0]LogAudioMixer: Display: Using Audio Device Hangszórók (2 - JBL Charge 4)
[2024.06.14-08.41.02:178][  0]LogAudioMixer: Display: Initializing Sound Submixes...
[2024.06.14-08.41.02:212][  0]LogAudioMixer: Display: Creating Master Submix 'MasterSubmixDefault'
[2024.06.14-08.41.02:212][  0]LogAudioMixer: Display: Creating Master Submix 'MasterReverbSubmixDefault'
[2024.06.14-08.41.02:215][  0]LogAudioMixer: Display: Creating Master Submix 'MasterEQSubmixDefault'
[2024.06.14-08.41.02:216][  0]LogAudioMixer: FMixerPlatformXAudio2::StartAudioStream() called
[2024.06.14-08.41.02:216][  0]LogAudioMixer: Display: Output buffers initialized: Frames=1024, Channels=2, Samples=2048
[2024.06.14-08.41.02:218][  0]LogAudioMixer: Display: Starting AudioMixerPlatformInterface::RunInternal()
[2024.06.14-08.41.02:218][  0]LogAudioMixer: Display: FMixerPlatformXAudio2::SubmitBuffer() called for the first time
[2024.06.14-08.41.02:218][  0]LogInit: FAudioDevice initialized.
[2024.06.14-08.41.02:219][  0]LogAudio: Display: Audio Device (ID: 1) registered with world 'Untitled'.
[2024.06.14-08.41.02:219][  0]LogNetVersion: Set ProjectVersion to 1.0.0.0. Version Checksum will be recalculated on next use.
[2024.06.14-08.41.02:330][  0]LogDerivedDataCache: Saved boot cache 0.11s 94MB C:/Users/Patay Viki/AppData/Local/UnrealEngine/4.27/DerivedDataCache/Boot.ddc.
[2024.06.14-08.41.02:332][  0]LogInit: Texture streaming: Enabled
[2024.06.14-08.41.02:359][  0]LogAnalytics: Display: [UEEditor.Rocket.Release] APIServer = https://datarouter.ol.epicgames.com/. AppVersion = 4.27.2-18319896+++UE4+Release-4.27
[2024.06.14-08.41.02:367][  0]LogEngineSessionManager: EngineSessionManager initialized
[2024.06.14-08.41.02:367][  0]LogEditorSessionSummary: Verbose: Initializing EditorSessionSummaryWriter for editor session tracking
[2024.06.14-08.41.02:371][  0]LogEditorSessionSummary: EditorSessionSummaryWriter initialized
[2024.06.14-08.41.02:416][  0]LogInit: Transaction tracking system initialized
[2024.06.14-08.41.02:479][  0]BlueprintLog: New page: Editor Load
[2024.06.14-08.41.02:668][  0]LocalizationService: Localization service is disabled
[2024.06.14-08.41.02:750][  0]TimingProfiler: Initialize
[2024.06.14-08.41.02:751][  0]TimingProfiler: OnSessionChanged
[2024.06.14-08.41.02:752][  0]LoadingProfiler: Initialize
[2024.06.14-08.41.02:752][  0]LoadingProfiler: OnSessionChanged
[2024.06.14-08.41.02:752][  0]NetworkingProfiler: Initialize
[2024.06.14-08.41.02:753][  0]NetworkingProfiler: OnSessionChanged
[2024.06.14-08.41.02:753][  0]MemoryProfiler: Initialize
[2024.06.14-08.41.02:753][  0]MemoryProfiler: OnSessionChanged
[2024.06.14-08.41.03:353][  0]LogCook: Display: CookSettings for Memory: MemoryMaxUsedVirtual 0MiB, MemoryMaxUsedPhysical 16384MiB, MemoryMinFreeVirtual 0MiB, MemoryMinFreePhysical 1024MiB
[2024.06.14-08.41.03:353][  0]LogCook: Display: Mobile HDR setting 1
[2024.06.14-08.41.03:509][  0]LogFileCache: Scanning file cache for directory 'C:/Users/Patay Viki/onlab/ASSIMP-UE-demo-tutorial/AssimpProject/Content/' took 0.01s
[2024.06.14-08.41.03:985][  0]LogInit: Display: Engine is initialized. Leaving FEngineLoop::Init()
[2024.06.14-08.41.03:992][  0]SourceControl: Source control is disabled
[2024.06.14-08.41.03:992][  0]LogUnrealEdMisc: Loading editor; pre map load, took 24.769
[2024.06.14-08.41.03:993][  0]Cmd: MAP LOAD FILE="../../../../../../Users/Patay Viki/onlab/ASSIMP-UE-demo-tutorial/AssimpProject/Content/StarterContent/Maps/Minimal_Default.umap" TEMPLATE=0 SHOWPROGRESS=1 FEATURELEVEL=3
[2024.06.14-08.41.04:001][  0]LightingResults: New page: Lighting Build
[2024.06.14-08.41.04:007][  0]LogWorld: UWorld::CleanupWorld for Untitled, bSessionEnded=true, bCleanupResources=true
[2024.06.14-08.41.04:007][  0]LogSlate: InvalidateAllWidgets triggered.  All widgets were invalidated
[2024.06.14-08.41.04:008][  0]MapCheck: New page: Map Check
[2024.06.14-08.41.04:008][  0]LightingResults: New page: Lighting Build
[2024.06.14-08.41.04:029][  0]LogAudio: Display: Audio Device unregistered from world 'None'.
[2024.06.14-08.41.04:038][  0]LogUObjectHash: Compacting FUObjectHashTables data took   0.94ms
[2024.06.14-08.41.04:404][  0]LogTexture: Display: Building textures: DeprecatedTextureD6C57B644F03DADF4F2699848FAEA3C3 (BGRA8, 128X128)
[2024.06.14-08.41.04:409][  0]LogTexture: Display: Building textures: DeprecatedTexture8D91C9AE4C6B8D628CDA3C848426284A (BGRA8, 128X128)
[2024.06.14-08.41.04:442][  0]LogStaticMesh: Building static mesh Floor_400x400...
[2024.06.14-08.41.04:447][  0]LogStaticMesh: Built static mesh [0.01s] /Game/StarterContent/Architecture/Floor_400x400.Floor_400x400
[2024.06.14-08.41.04:500][  0]LogAudio: Display: Audio Device (ID: 1) registered with world 'Minimal_Default'.
[2024.06.14-08.41.04:502][  0]LogAIModule: Creating AISystem for world Minimal_Default
[2024.06.14-08.41.04:534][  0]LogEditorServer: Finished looking for orphan Actors (0.000 secs)
[2024.06.14-08.41.04:543][  0]LogUObjectHash: Compacting FUObjectHashTables data took   0.83ms
[2024.06.14-08.41.04:544][  0]Cmd: MAP CHECKDEP NOCLEARLOG
[2024.06.14-08.41.04:545][  0]MapCheck: Map check complete: 0 Error(s), 0 Warning(s), took 0,344ms to complete.
[2024.06.14-08.41.04:545][  0]LogFileHelpers: Loading map 'Minimal_Default' took 0.551
[2024.06.14-08.41.04:568][  0]LogUnrealEdMisc: Total Editor Startup Time, took 25.344
[2024.06.14-08.41.04:816][  0]LogSlate: Updating window title bar state: overlay mode, drag disabled, window buttons hidden, title bar hidden
[2024.06.14-08.41.04:823][  0]LogSlate: Updating window title bar state: overlay mode, drag disabled, window buttons hidden, title bar hidden
[2024.06.14-08.41.04:830][  0]LogSlate: Updating window title bar state: overlay mode, drag disabled, window buttons hidden, title bar hidden
[2024.06.14-08.41.04:838][  0]LogSlate: Updating window title bar state: overlay mode, drag disabled, window buttons hidden, title bar hidden
[2024.06.14-08.41.04:878][  0]LogNativeClassHierarchy: Verbose: Native class hierarchy populated in 0.0125 seconds. Added 3831 classes and 933 folders.
[2024.06.14-08.41.04:886][  0]LogNativeClassHierarchy: Verbose: Native class hierarchy updated for 'WidgetCarousel' in 0.0003 seconds. Added 0 classes and 0 folders.
[2024.06.14-08.41.04:901][  0]LogPakFile: PakFile PrimaryIndexSize=187
[2024.06.14-08.41.04:901][  0]LogPakFile: PakFile PathHashIndexSize=101
[2024.06.14-08.41.04:901][  0]LogPakFile: PakFile FullDirectoryIndexSize=148
[2024.06.14-08.41.04:901][  0]LogShaderLibrary: Display: ShaderCodeLibraryPakFileMountedCallback: PakFile 'C:/Program Files/Epic Games/UE_4.27/FeaturePacks/FP_FirstPerson.upack' (chunk index -1, root 'root:/') mounted
[2024.06.14-08.41.04:901][  0]LogShaderLibrary: Display: ShaderCodeLibraryPakFileMountedCallback: pending pak file info (ChunkID:-1 Root:root:/ File:C:/Program Files/Epic Games/UE_4.27/FeaturePacks/FP_FirstPerson.upack)
[2024.06.14-08.41.04:901][  0]LogPakFile: OnPakFileMounted2Time == 0.000436
[2024.06.14-08.41.04:914][  0]LogPakFile: PakFile PrimaryIndexSize=189
[2024.06.14-08.41.04:914][  0]LogPakFile: PakFile PathHashIndexSize=101
[2024.06.14-08.41.04:914][  0]LogPakFile: PakFile FullDirectoryIndexSize=152
[2024.06.14-08.41.04:914][  0]LogShaderLibrary: Display: ShaderCodeLibraryPakFileMountedCallback: PakFile 'C:/Program Files/Epic Games/UE_4.27/FeaturePacks/FP_FirstPersonBP.upack' (chunk index -1, root 'root:/') mounted
[2024.06.14-08.41.04:915][  0]LogShaderLibrary: Display: ShaderCodeLibraryPakFileMountedCallback: pending pak file info (ChunkID:-1 Root:root:/ File:C:/Program Files/Epic Games/UE_4.27/FeaturePacks/FP_FirstPersonBP.upack)
[2024.06.14-08.41.04:915][  0]LogPakFile: OnPakFileMounted2Time == 0.000273
[2024.06.14-08.41.04:922][  0]LogPakFile: PakFile PrimaryIndexSize=191
[2024.06.14-08.41.04:922][  0]LogPakFile: PakFile PathHashIndexSize=101
[2024.06.14-08.41.04:922][  0]LogPakFile: PakFile FullDirectoryIndexSize=160
[2024.06.14-08.41.04:922][  0]LogShaderLibrary: Display: ShaderCodeLibraryPakFileMountedCallback: PakFile 'C:/Program Files/Epic Games/UE_4.27/FeaturePacks/MobileStarterContent.upack' (chunk index -1, root 'root:/') mounted
[2024.06.14-08.41.04:924][  0]LogShaderLibrary: Display: ShaderCodeLibraryPakFileMountedCallback: pending pak file info (ChunkID:-1 Root:root:/ File:C:/Program Files/Epic Games/UE_4.27/FeaturePacks/MobileStarterContent.upack)
[2024.06.14-08.41.04:924][  0]LogPakFile: OnPakFileMounted2Time == 0.000317
[2024.06.14-08.41.04:931][  0]LogPakFile: PakFile PrimaryIndexSize=185
[2024.06.14-08.41.04:931][  0]LogPakFile: PakFile PathHashIndexSize=101
[2024.06.14-08.41.04:931][  0]LogPakFile: PakFile FullDirectoryIndexSize=148
[2024.06.14-08.41.04:931][  0]LogShaderLibrary: Display: ShaderCodeLibraryPakFileMountedCallback: PakFile 'C:/Program Files/Epic Games/UE_4.27/FeaturePacks/StarterContent.upack' (chunk index -1, root 'root:/') mounted
[2024.06.14-08.41.04:932][  0]LogShaderLibrary: Display: ShaderCodeLibraryPakFileMountedCallback: pending pak file info (ChunkID:-1 Root:root:/ File:C:/Program Files/Epic Games/UE_4.27/FeaturePacks/StarterContent.upack)
[2024.06.14-08.41.04:932][  0]LogPakFile: OnPakFileMounted2Time == 0.000357
[2024.06.14-08.41.04:941][  0]LogPakFile: PakFile PrimaryIndexSize=190
[2024.06.14-08.41.04:941][  0]LogPakFile: PakFile PathHashIndexSize=101
[2024.06.14-08.41.04:941][  0]LogPakFile: PakFile FullDirectoryIndexSize=154
[2024.06.14-08.41.04:941][  0]LogShaderLibrary: Display: ShaderCodeLibraryPakFileMountedCallback: PakFile 'C:/Program Files/Epic Games/UE_4.27/FeaturePacks/TP_2DSideScroller.upack' (chunk index -1, root 'root:/') mounted
[2024.06.14-08.41.04:941][  0]LogShaderLibrary: Display: ShaderCodeLibraryPakFileMountedCallback: pending pak file info (ChunkID:-1 Root:root:/ File:C:/Program Files/Epic Games/UE_4.27/FeaturePacks/TP_2DSideScroller.upack)
[2024.06.14-08.41.04:941][  0]LogPakFile: OnPakFileMounted2Time == 0.000467
[2024.06.14-08.41.04:949][  0]LogPakFile: PakFile PrimaryIndexSize=192
[2024.06.14-08.41.04:949][  0]LogPakFile: PakFile PathHashIndexSize=101
[2024.06.14-08.41.04:949][  0]LogPakFile: PakFile FullDirectoryIndexSize=158
[2024.06.14-08.41.04:950][  0]LogShaderLibrary: Display: ShaderCodeLibraryPakFileMountedCallback: PakFile 'C:/Program Files/Epic Games/UE_4.27/FeaturePacks/TP_2DSideScrollerBP.upack' (chunk index -1, root 'root:/') mounted
[2024.06.14-08.41.04:950][  0]LogShaderLibrary: Display: ShaderCodeLibraryPakFileMountedCallback: pending pak file info (ChunkID:-1 Root:root:/ File:C:/Program Files/Epic Games/UE_4.27/FeaturePacks/TP_2DSideScrollerBP.upack)
[2024.06.14-08.41.04:950][  0]LogPakFile: OnPakFileMounted2Time == 0.000194
[2024.06.14-08.41.04:958][  0]LogPakFile: PakFile PrimaryIndexSize=182
[2024.06.14-08.41.04:958][  0]LogPakFile: PakFile PathHashIndexSize=101
[2024.06.14-08.41.04:959][  0]LogPakFile: PakFile FullDirectoryIndexSize=138
[2024.06.14-08.41.04:959][  0]LogShaderLibrary: Display: ShaderCodeLibraryPakFileMountedCallback: PakFile 'C:/Program Files/Epic Games/UE_4.27/FeaturePacks/TP_Flying.upack' (chunk index -1, root 'root:/') mounted
[2024.06.14-08.41.04:959][  0]LogShaderLibrary: Display: ShaderCodeLibraryPakFileMountedCallback: pending pak file info (ChunkID:-1 Root:root:/ File:C:/Program Files/Epic Games/UE_4.27/FeaturePacks/TP_Flying.upack)
[2024.06.14-08.41.04:959][  0]LogPakFile: OnPakFileMounted2Time == 0.000231
[2024.06.14-08.41.04:968][  0]LogPakFile: PakFile PrimaryIndexSize=184
[2024.06.14-08.41.04:968][  0]LogPakFile: PakFile PathHashIndexSize=101
[2024.06.14-08.41.04:969][  0]LogPakFile: PakFile FullDirectoryIndexSize=142
[2024.06.14-08.41.04:969][  0]LogShaderLibrary: Display: ShaderCodeLibraryPakFileMountedCallback: PakFile 'C:/Program Files/Epic Games/UE_4.27/FeaturePacks/TP_FlyingBP.upack' (chunk index -1, root 'root:/') mounted
[2024.06.14-08.41.04:969][  0]LogShaderLibrary: Display: ShaderCodeLibraryPakFileMountedCallback: pending pak file info (ChunkID:-1 Root:root:/ File:C:/Program Files/Epic Games/UE_4.27/FeaturePacks/TP_FlyingBP.upack)
[2024.06.14-08.41.04:969][  0]LogPakFile: OnPakFileMounted2Time == 0.000365
[2024.06.14-08.41.04:978][  0]LogPakFile: PakFile PrimaryIndexSize=188
[2024.06.14-08.41.04:979][  0]LogPakFile: PakFile PathHashIndexSize=101
[2024.06.14-08.41.04:979][  0]LogPakFile: PakFile FullDirectoryIndexSize=150
[2024.06.14-08.41.04:979][  0]LogShaderLibrary: Display: ShaderCodeLibraryPakFileMountedCallback: PakFile 'C:/Program Files/Epic Games/UE_4.27/FeaturePacks/TP_HandheldARBP.upack' (chunk index -1, root 'root:/') mounted
[2024.06.14-08.41.04:979][  0]LogShaderLibrary: Display: ShaderCodeLibraryPakFileMountedCallback: pending pak file info (ChunkID:-1 Root:root:/ File:C:/Program Files/Epic Games/UE_4.27/FeaturePacks/TP_HandheldARBP.upack)
[2024.06.14-08.41.04:979][  0]LogPakFile: OnPakFileMounted2Time == 0.000171
[2024.06.14-08.41.04:987][  0]LogPakFile: PakFile PrimaryIndexSize=182
[2024.06.14-08.41.04:987][  0]LogPakFile: PakFile PathHashIndexSize=101
[2024.06.14-08.41.04:987][  0]LogPakFile: PakFile FullDirectoryIndexSize=138
[2024.06.14-08.41.04:987][  0]LogShaderLibrary: Display: ShaderCodeLibraryPakFileMountedCallback: PakFile 'C:/Program Files/Epic Games/UE_4.27/FeaturePacks/TP_Puzzle.upack' (chunk index -1, root 'root:/') mounted
[2024.06.14-08.41.04:989][  0]LogShaderLibrary: Display: ShaderCodeLibraryPakFileMountedCallback: pending pak file info (ChunkID:-1 Root:root:/ File:C:/Program Files/Epic Games/UE_4.27/FeaturePacks/TP_Puzzle.upack)
[2024.06.14-08.41.04:989][  0]LogPakFile: OnPakFileMounted2Time == 0.000230
[2024.06.14-08.41.04:997][  0]LogPakFile: PakFile PrimaryIndexSize=184
[2024.06.14-08.41.04:997][  0]LogPakFile: PakFile PathHashIndexSize=101
[2024.06.14-08.41.04:997][  0]LogPakFile: PakFile FullDirectoryIndexSize=142
[2024.06.14-08.41.04:998][  0]LogShaderLibrary: Display: ShaderCodeLibraryPakFileMountedCallback: PakFile 'C:/Program Files/Epic Games/UE_4.27/FeaturePacks/TP_PuzzleBP.upack' (chunk index -1, root 'root:/') mounted
[2024.06.14-08.41.04:998][  0]LogShaderLibrary: Display: ShaderCodeLibraryPakFileMountedCallback: pending pak file info (ChunkID:-1 Root:root:/ File:C:/Program Files/Epic Games/UE_4.27/FeaturePacks/TP_PuzzleBP.upack)
[2024.06.14-08.41.04:998][  0]LogPakFile: OnPakFileMounted2Time == 0.000306
[2024.06.14-08.41.05:006][  0]LogPakFile: PakFile PrimaryIndexSize=183
[2024.06.14-08.41.05:006][  0]LogPakFile: PakFile PathHashIndexSize=101
[2024.06.14-08.41.05:006][  0]LogPakFile: PakFile FullDirectoryIndexSize=140
[2024.06.14-08.41.05:006][  0]LogShaderLibrary: Display: ShaderCodeLibraryPakFileMountedCallback: PakFile 'C:/Program Files/Epic Games/UE_4.27/FeaturePacks/TP_Rolling.upack' (chunk index -1, root 'root:/') mounted
[2024.06.14-08.41.05:006][  0]LogShaderLibrary: Display: ShaderCodeLibraryPakFileMountedCallback: pending pak file info (ChunkID:-1 Root:root:/ File:C:/Program Files/Epic Games/UE_4.27/FeaturePacks/TP_Rolling.upack)
[2024.06.14-08.41.05:006][  0]LogPakFile: OnPakFileMounted2Time == 0.000191
[2024.06.14-08.41.05:015][  0]LogPakFile: PakFile PrimaryIndexSize=185
[2024.06.14-08.41.05:015][  0]LogPakFile: PakFile PathHashIndexSize=101
[2024.06.14-08.41.05:015][  0]LogPakFile: PakFile FullDirectoryIndexSize=144
[2024.06.14-08.41.05:015][  0]LogShaderLibrary: Display: ShaderCodeLibraryPakFileMountedCallback: PakFile 'C:/Program Files/Epic Games/UE_4.27/FeaturePacks/TP_RollingBP.upack' (chunk index -1, root 'root:/') mounted
[2024.06.14-08.41.05:016][  0]LogShaderLibrary: Display: ShaderCodeLibraryPakFileMountedCallback: pending pak file info (ChunkID:-1 Root:root:/ File:C:/Program Files/Epic Games/UE_4.27/FeaturePacks/TP_RollingBP.upack)
[2024.06.14-08.41.05:016][  0]LogPakFile: OnPakFileMounted2Time == 0.000347
[2024.06.14-08.41.05:023][  0]LogPakFile: PakFile PrimaryIndexSize=188
[2024.06.14-08.41.05:023][  0]LogPakFile: PakFile PathHashIndexSize=101
[2024.06.14-08.41.05:023][  0]LogPakFile: PakFile FullDirectoryIndexSize=150
[2024.06.14-08.41.05:023][  0]LogShaderLibrary: Display: ShaderCodeLibraryPakFileMountedCallback: PakFile 'C:/Program Files/Epic Games/UE_4.27/FeaturePacks/TP_SideScroller.upack' (chunk index -1, root 'root:/') mounted
[2024.06.14-08.41.05:023][  0]LogShaderLibrary: Display: ShaderCodeLibraryPakFileMountedCallback: pending pak file info (ChunkID:-1 Root:root:/ File:C:/Program Files/Epic Games/UE_4.27/FeaturePacks/TP_SideScroller.upack)
[2024.06.14-08.41.05:023][  0]LogPakFile: OnPakFileMounted2Time == 0.000240
[2024.06.14-08.41.05:032][  0]LogPakFile: PakFile PrimaryIndexSize=190
[2024.06.14-08.41.05:032][  0]LogPakFile: PakFile PathHashIndexSize=101
[2024.06.14-08.41.05:032][  0]LogPakFile: PakFile FullDirectoryIndexSize=154
[2024.06.14-08.41.05:033][  0]LogShaderLibrary: Display: ShaderCodeLibraryPakFileMountedCallback: PakFile 'C:/Program Files/Epic Games/UE_4.27/FeaturePacks/TP_SideScrollerBP.upack' (chunk index -1, root 'root:/') mounted
[2024.06.14-08.41.05:033][  0]LogShaderLibrary: Display: ShaderCodeLibraryPakFileMountedCallback: pending pak file info (ChunkID:-1 Root:root:/ File:C:/Program Files/Epic Games/UE_4.27/FeaturePacks/TP_SideScrollerBP.upack)
[2024.06.14-08.41.05:033][  0]LogPakFile: OnPakFileMounted2Time == 0.000411
[2024.06.14-08.41.05:042][  0]LogPakFile: PakFile PrimaryIndexSize=187
[2024.06.14-08.41.05:042][  0]LogPakFile: PakFile PathHashIndexSize=101
[2024.06.14-08.41.05:042][  0]LogPakFile: PakFile FullDirectoryIndexSize=148
[2024.06.14-08.41.05:042][  0]LogShaderLibrary: Display: ShaderCodeLibraryPakFileMountedCallback: PakFile 'C:/Program Files/Epic Games/UE_4.27/FeaturePacks/TP_ThirdPerson.upack' (chunk index -1, root 'root:/') mounted
[2024.06.14-08.41.05:042][  0]LogShaderLibrary: Display: ShaderCodeLibraryPakFileMountedCallback: pending pak file info (ChunkID:-1 Root:root:/ File:C:/Program Files/Epic Games/UE_4.27/FeaturePacks/TP_ThirdPerson.upack)
[2024.06.14-08.41.05:042][  0]LogPakFile: OnPakFileMounted2Time == 0.000404
[2024.06.14-08.41.05:051][  0]LogPakFile: PakFile PrimaryIndexSize=189
[2024.06.14-08.41.05:051][  0]LogPakFile: PakFile PathHashIndexSize=101
[2024.06.14-08.41.05:051][  0]LogPakFile: PakFile FullDirectoryIndexSize=152
[2024.06.14-08.41.05:051][  0]LogShaderLibrary: Display: ShaderCodeLibraryPakFileMountedCallback: PakFile 'C:/Program Files/Epic Games/UE_4.27/FeaturePacks/TP_ThirdPersonBP.upack' (chunk index -1, root 'root:/') mounted
[2024.06.14-08.41.05:052][  0]LogShaderLibrary: Display: ShaderCodeLibraryPakFileMountedCallback: pending pak file info (ChunkID:-1 Root:root:/ File:C:/Program Files/Epic Games/UE_4.27/FeaturePacks/TP_ThirdPersonBP.upack)
[2024.06.14-08.41.05:052][  0]LogPakFile: OnPakFileMounted2Time == 0.000210
[2024.06.14-08.41.05:059][  0]LogPakFile: PakFile PrimaryIndexSize=183
[2024.06.14-08.41.05:059][  0]LogPakFile: PakFile PathHashIndexSize=101
[2024.06.14-08.41.05:061][  0]LogPakFile: PakFile FullDirectoryIndexSize=140
[2024.06.14-08.41.05:061][  0]LogShaderLibrary: Display: ShaderCodeLibraryPakFileMountedCallback: PakFile 'C:/Program Files/Epic Games/UE_4.27/FeaturePacks/TP_TopDown.upack' (chunk index -1, root 'root:/') mounted
[2024.06.14-08.41.05:061][  0]LogShaderLibrary: Display: ShaderCodeLibraryPakFileMountedCallback: pending pak file info (ChunkID:-1 Root:root:/ File:C:/Program Files/Epic Games/UE_4.27/FeaturePacks/TP_TopDown.upack)
[2024.06.14-08.41.05:061][  0]LogPakFile: OnPakFileMounted2Time == 0.000246
[2024.06.14-08.41.05:069][  0]LogPakFile: PakFile PrimaryIndexSize=185
[2024.06.14-08.41.05:069][  0]LogPakFile: PakFile PathHashIndexSize=101
[2024.06.14-08.41.05:069][  0]LogPakFile: PakFile FullDirectoryIndexSize=144
[2024.06.14-08.41.05:069][  0]LogShaderLibrary: Display: ShaderCodeLibraryPakFileMountedCallback: PakFile 'C:/Program Files/Epic Games/UE_4.27/FeaturePacks/TP_TopDownBP.upack' (chunk index -1, root 'root:/') mounted
[2024.06.14-08.41.05:070][  0]LogShaderLibrary: Display: ShaderCodeLibraryPakFileMountedCallback: pending pak file info (ChunkID:-1 Root:root:/ File:C:/Program Files/Epic Games/UE_4.27/FeaturePacks/TP_TopDownBP.upack)
[2024.06.14-08.41.05:070][  0]LogPakFile: OnPakFileMounted2Time == 0.000514
[2024.06.14-08.41.05:082][  0]LogPakFile: PakFile PrimaryIndexSize=185
[2024.06.14-08.41.05:082][  0]LogPakFile: PakFile PathHashIndexSize=101
[2024.06.14-08.41.05:082][  0]LogPakFile: PakFile FullDirectoryIndexSize=144
[2024.06.14-08.41.05:082][  0]LogShaderLibrary: Display: ShaderCodeLibraryPakFileMountedCallback: PakFile 'C:/Program Files/Epic Games/UE_4.27/FeaturePacks/TP_TwinStick.upack' (chunk index -1, root 'root:/') mounted
[2024.06.14-08.41.05:082][  0]LogShaderLibrary: Display: ShaderCodeLibraryPakFileMountedCallback: pending pak file info (ChunkID:-1 Root:root:/ File:C:/Program Files/Epic Games/UE_4.27/FeaturePacks/TP_TwinStick.upack)
[2024.06.14-08.41.05:082][  0]LogPakFile: OnPakFileMounted2Time == 0.000302
[2024.06.14-08.41.05:091][  0]LogPakFile: PakFile PrimaryIndexSize=187
[2024.06.14-08.41.05:091][  0]LogPakFile: PakFile PathHashIndexSize=101
[2024.06.14-08.41.05:092][  0]LogPakFile: PakFile FullDirectoryIndexSize=148
[2024.06.14-08.41.05:092][  0]LogShaderLibrary: Display: ShaderCodeLibraryPakFileMountedCallback: PakFile 'C:/Program Files/Epic Games/UE_4.27/FeaturePacks/TP_TwinStickBP.upack' (chunk index -1, root 'root:/') mounted
[2024.06.14-08.41.05:092][  0]LogShaderLibrary: Display: ShaderCodeLibraryPakFileMountedCallback: pending pak file info (ChunkID:-1 Root:root:/ File:C:/Program Files/Epic Games/UE_4.27/FeaturePacks/TP_TwinStickBP.upack)
[2024.06.14-08.41.05:092][  0]LogPakFile: OnPakFileMounted2Time == 0.000136
[2024.06.14-08.41.05:099][  0]LogPakFile: PakFile PrimaryIndexSize=183
[2024.06.14-08.41.05:099][  0]LogPakFile: PakFile PathHashIndexSize=101
[2024.06.14-08.41.05:099][  0]LogPakFile: PakFile FullDirectoryIndexSize=140
[2024.06.14-08.41.05:099][  0]LogShaderLibrary: Display: ShaderCodeLibraryPakFileMountedCallback: PakFile 'C:/Program Files/Epic Games/UE_4.27/FeaturePacks/TP_Vehicle.upack' (chunk index -1, root 'root:/') mounted
[2024.06.14-08.41.05:100][  0]LogShaderLibrary: Display: ShaderCodeLibraryPakFileMountedCallback: pending pak file info (ChunkID:-1 Root:root:/ File:C:/Program Files/Epic Games/UE_4.27/FeaturePacks/TP_Vehicle.upack)
[2024.06.14-08.41.05:100][  0]LogPakFile: OnPakFileMounted2Time == 0.000368
[2024.06.14-08.41.05:108][  0]LogPakFile: PakFile PrimaryIndexSize=186
[2024.06.14-08.41.05:109][  0]LogPakFile: PakFile PathHashIndexSize=101
[2024.06.14-08.41.05:109][  0]LogPakFile: PakFile FullDirectoryIndexSize=146
[2024.06.14-08.41.05:109][  0]LogShaderLibrary: Display: ShaderCodeLibraryPakFileMountedCallback: PakFile 'C:/Program Files/Epic Games/UE_4.27/FeaturePacks/TP_VehicleAdv.upack' (chunk index -1, root 'root:/') mounted
[2024.06.14-08.41.05:109][  0]LogShaderLibrary: Display: ShaderCodeLibraryPakFileMountedCallback: pending pak file info (ChunkID:-1 Root:root:/ File:C:/Program Files/Epic Games/UE_4.27/FeaturePacks/TP_VehicleAdv.upack)
[2024.06.14-08.41.05:109][  0]LogPakFile: OnPakFileMounted2Time == 0.000385
[2024.06.14-08.41.05:117][  0]LogPakFile: PakFile PrimaryIndexSize=188
[2024.06.14-08.41.05:118][  0]LogPakFile: PakFile PathHashIndexSize=101
[2024.06.14-08.41.05:118][  0]LogPakFile: PakFile FullDirectoryIndexSize=150
[2024.06.14-08.41.05:118][  0]LogShaderLibrary: Display: ShaderCodeLibraryPakFileMountedCallback: PakFile 'C:/Program Files/Epic Games/UE_4.27/FeaturePacks/TP_VehicleAdvBP.upack' (chunk index -1, root 'root:/') mounted
[2024.06.14-08.41.05:118][  0]LogShaderLibrary: Display: ShaderCodeLibraryPakFileMountedCallback: pending pak file info (ChunkID:-1 Root:root:/ File:C:/Program Files/Epic Games/UE_4.27/FeaturePacks/TP_VehicleAdvBP.upack)
[2024.06.14-08.41.05:118][  0]LogPakFile: OnPakFileMounted2Time == 0.000236
[2024.06.14-08.41.05:127][  0]LogPakFile: PakFile PrimaryIndexSize=185
[2024.06.14-08.41.05:127][  0]LogPakFile: PakFile PathHashIndexSize=101
[2024.06.14-08.41.05:127][  0]LogPakFile: PakFile FullDirectoryIndexSize=144
[2024.06.14-08.41.05:127][  0]LogShaderLibrary: Display: ShaderCodeLibraryPakFileMountedCallback: PakFile 'C:/Program Files/Epic Games/UE_4.27/FeaturePacks/TP_VehicleBP.upack' (chunk index -1, root 'root:/') mounted
[2024.06.14-08.41.05:127][  0]LogShaderLibrary: Display: ShaderCodeLibraryPakFileMountedCallback: pending pak file info (ChunkID:-1 Root:root:/ File:C:/Program Files/Epic Games/UE_4.27/FeaturePacks/TP_VehicleBP.upack)
[2024.06.14-08.41.05:127][  0]LogPakFile: OnPakFileMounted2Time == 0.000230
[2024.06.14-08.41.05:135][  0]LogPakFile: PakFile PrimaryIndexSize=192
[2024.06.14-08.41.05:136][  0]LogPakFile: PakFile PathHashIndexSize=101
[2024.06.14-08.41.05:136][  0]LogPakFile: PakFile FullDirectoryIndexSize=158
[2024.06.14-08.41.05:136][  0]LogShaderLibrary: Display: ShaderCodeLibraryPakFileMountedCallback: PakFile 'C:/Program Files/Epic Games/UE_4.27/FeaturePacks/TP_VirtualRealityBP.upack' (chunk index -1, root 'root:/') mounted
[2024.06.14-08.41.05:136][  0]LogShaderLibrary: Display: ShaderCodeLibraryPakFileMountedCallback: pending pak file info (ChunkID:-1 Root:root:/ File:C:/Program Files/Epic Games/UE_4.27/FeaturePacks/TP_VirtualRealityBP.upack)
[2024.06.14-08.41.05:136][  0]LogPakFile: OnPakFileMounted2Time == 0.000347
[2024.06.14-08.41.05:447][  0]LogNativeClassHierarchy: Verbose: Native class hierarchy updated for 'AddContentDialog' in 0.0003 seconds. Added 0 classes and 0 folders.
[2024.06.14-08.41.05:451][  0]LogNativeClassHierarchy: Verbose: Native class hierarchy updated for 'SceneOutliner' in 0.0003 seconds. Added 2 classes and 0 folders.
[2024.06.14-08.41.05:668][  0]LogSlate: Took 0.008299 seconds to synchronously load lazily loaded font '../../../Engine/Content/Slate/Fonts/Roboto-Regular.ttf' (155K)
[2024.06.14-08.41.05:677][  0]LogSlate: Took 0.007926 seconds to synchronously load lazily loaded font '../../../Engine/Content/Editor/Slate/Fonts/FontAwesome.ttf' (139K)
[2024.06.14-08.41.05:687][  0]LogSlate: Took 0.006452 seconds to synchronously load lazily loaded font '../../../Engine/Content/Slate/Fonts/Roboto-Bold.ttf' (160K)
[2024.06.14-08.41.05:883][  0]LogRenderer: Reallocating scene render targets to support 1076x448 Format 10 NumSamples 1 (Frame:1).
[2024.06.14-08.41.06:068][  0]LogNativeClassHierarchy: Verbose: Native class hierarchy updated for 'HierarchicalLODOutliner' in 0.0003 seconds. Added 0 classes and 0 folders.
[2024.06.14-08.41.06:069][  0]LogLoad: (Engine Initialization) Total time: 26.85 seconds
[2024.06.14-08.41.06:069][  0]LogLoad: (Engine Initialization) Total Blueprint compile time: 0.00 seconds
[2024.06.14-08.41.06:115][  0]LogAssetRegistry: Asset discovery search completed in 12.5273 seconds
[2024.06.14-08.41.06:156][  0]LogCollectionManager: Fixed up redirectors for 0 collections in 0.000006 seconds (updated 0 objects)
[2024.06.14-08.41.06:158][  0]LogContentStreaming: Texture pool size now 1000 MB
[2024.06.14-08.41.06:278][  0]LogRenderer: Reallocating scene render targets to support 1076x464 Format 10 NumSamples 1 (Frame:3).
[2024.06.14-08.41.06:434][  2]LogSlate: Took 0.000706 seconds to synchronously load lazily loaded font '../../../Engine/Content/Slate/Fonts/Roboto-Light.ttf' (167K)
[2024.06.14-08.43.04:144][798]LogVSAccessor: Warning: Couldn't goto line number '1' in 'C:/Users/Patay Viki/onlab/ASSIMP-UE-demo-tutorial/AssimpProject/Source/AssimpProject/AssimpProjectGameModeBase.h'
[2024.06.14-08.43.04:317][798]LogVSAccessor: Warning: Couldn't goto line number '1' in 'C:/Users/Patay Viki/onlab/ASSIMP-UE-demo-tutorial/AssimpProject/Source/AssimpProject/AssimpProjectGameModeBase.cpp'
