Log file open, 11/22/24 21:28:31
LogWindows: Failed to load 'aqProf.dll' (GetLastError=126)
LogWindows: File 'aqProf.dll' does not exist
LogWindows: Failed to load 'VtuneApi.dll' (GetLastError=126)
LogWindows: File 'VtuneApi.dll' does not exist
LogWindows: Failed to load 'VtuneApi32e.dll' (GetLastError=126)
LogWindows: File 'VtuneApi32e.dll' does not exist
LogConsoleResponse: Display: Failed to find resolution value strings in scalability ini. Falling back to default.
LogConsoleResponse: Display: Failed to find resolution value strings in scalability ini. Falling back to default.
LogInit: Display: Running engine for game: AssimpProject
LogPlatformFile: Not using cached read wrapper
LogTaskGraph: Started task graph with 5 named threads and 47 total threads with 3 sets of task threads.
LogStats: Stats thread started at 0.220132
LogICUInternationalization: ICU TimeZone Detection - Raw Offset: +1:00, Platform Override: ''
LogInit: Display: Loading text-based GConfig....
LogPluginManager: Mounting plugin MeshPainting
LogPluginManager: Mounting plugin XGEController
LogPluginManager: Mounting plugin AISupport
LogPluginManager: Mounting plugin Paper2D
LogPluginManager: Mounting plugin LiveLink
LogPluginManager: Mounting plugin EnvironmentQueryEditor
LogPluginManager: Mounting plugin OodleData
LogPluginManager: Mounting plugin CameraShakePreviewer
LogPluginManager: Mounting plugin OodleNetwork
LogPluginManager: Mounting plugin DatasmithContent
LogPluginManager: Mounting plugin GameplayCameras
LogPluginManager: Mounting plugin AssetManagerEditor
LogPluginManager: Mounting plugin GameplayTagsEditor
LogPluginManager: Mounting plugin DataValidation
LogPluginManager: Mounting plugin GeometryMode
LogPluginManager: Mounting plugin MacGraphicsSwitching
LogPluginManager: Mounting plugin CryptoKeys
LogPluginManager: Mounting plugin MaterialAnalyzer
LogPluginManager: Mounting plugin VariantManagerContent
LogPluginManager: Mounting plugin CurveEditorTools
LogPluginManager: Mounting plugin FacialAnimation
LogPluginManager: Mounting plugin LightPropagationVolume
LogPluginManager: Mounting plugin MobileLauncherProfileWizard
LogPluginManager: Mounting plugin AnimationSharing
LogPluginManager: Mounting plugin PluginBrowser
LogPluginManager: Mounting plugin SpeedTreeImporter
LogPluginManager: Mounting plugin AlembicImporter
LogPluginManager: Mounting plugin BackChannel
LogPluginManager: Mounting plugin ChaosCloth
LogPluginManager: Mounting plugin AutomationUtils
LogPluginManager: Mounting plugin ChaosEditor
LogPluginManager: Mounting plugin ChaosClothEditor
LogPluginManager: Mounting plugin ChaosSolverPlugin
LogPluginManager: Mounting plugin CharacterAI
LogPluginManager: Mounting plugin ChaosNiagara
LogPluginManager: Mounting plugin GeometryCache
LogPluginManager: Mounting plugin GeometryCollectionPlugin
LogPluginManager: Mounting plugin LuminPlatformFeatures
LogPluginManager: Mounting plugin MagicLeap
LogPluginManager: Mounting plugin GeometryProcessing
LogPluginManager: Mounting plugin MagicLeapLightEstimation
LogPluginManager: Mounting plugin MagicLeapMedia
LogPluginManager: Mounting plugin MagicLeapPassableWorld
LogPluginManager: Mounting plugin MLSDK
LogPluginManager: Mounting plugin OpenImageDenoise
LogPluginManager: Mounting plugin PlanarCut
LogPluginManager: Mounting plugin PlatformCrypto
LogPluginManager: Mounting plugin ProxyLODPlugin
LogPluginManager: Mounting plugin MotoSynth
LogPluginManager: Mounting plugin PythonScriptPlugin
LogPluginManager: Mounting plugin SkeletalReduction
LogPluginManager: Mounting plugin CLionSourceCodeAccess
LogPluginManager: Mounting plugin KDevelopSourceCodeAccess
LogPluginManager: Mounting plugin CodeLiteSourceCodeAccess
LogPluginManager: Mounting plugin GitSourceControl
LogPluginManager: Mounting plugin PerforceSourceControl
LogPluginManager: Mounting plugin PropertyAccessNode
LogPluginManager: Mounting plugin PixWinPlugin
LogPluginManager: Mounting plugin PlasticSourceControl
LogPluginManager: Mounting plugin NullSourceCodeAccess
LogPluginManager: Mounting plugin RiderSourceCodeAccess
LogPluginManager: Mounting plugin SubversionSourceControl
LogPluginManager: Mounting plugin TextureFormatOodle
LogPluginManager: Mounting plugin UObjectPlugin
LogPluginManager: Mounting plugin VisualStudioSourceCodeAccess
LogPluginManager: Mounting plugin PluginUtils
LogPluginManager: Mounting plugin VisualStudioCodeSourceCodeAccess
LogPluginManager: Mounting plugin XCodeSourceCodeAccess
LogPluginManager: Mounting plugin Niagara
LogPluginManager: Mounting plugin AndroidMedia
LogPluginManager: Mounting plugin AvfMedia
LogPluginManager: Mounting plugin ImgMedia
LogPluginManager: Mounting plugin MediaCompositing
LogPluginManager: Mounting plugin MediaPlayerEditor
LogPluginManager: Mounting plugin WebMMedia
LogPluginManager: Mounting plugin WmfMedia
LogPluginManager: Mounting plugin OnlineSubsystemNull
LogPluginManager: Mounting plugin OnlineSubsystemUtils
LogPluginManager: Mounting plugin ActorSequence
LogPluginManager: Mounting plugin OnlineSubsystem
LogPluginManager: Mounting plugin MatineeToLevelSequence
LogPluginManager: Mounting plugin LevelSequenceEditor
LogPluginManager: Mounting plugin LauncherChunkInstaller
LogPluginManager: Mounting plugin TemplateSequence
LogPluginManager: Mounting plugin TcpMessaging
LogPluginManager: Mounting plugin UdpMessaging
LogPluginManager: Mounting plugin ActorLayerUtilities
LogPluginManager: Mounting plugin AndroidDeviceProfileSelector
LogPluginManager: Mounting plugin AndroidMoviePlayer
LogPluginManager: Mounting plugin AndroidPermission
LogPluginManager: Mounting plugin AppleMoviePlayer
LogPluginManager: Mounting plugin AppleImageUtils
LogPluginManager: Mounting plugin ArchVisCharacter
LogPluginManager: Mounting plugin AssetTags
LogPluginManager: Mounting plugin AudioCapture
LogPluginManager: Mounting plugin AudioSynesthesia
LogPluginManager: Mounting plugin CustomMeshComponent
LogPluginManager: Mounting plugin ChunkDownloader
LogPluginManager: Mounting plugin EditableMesh
LogPluginManager: Mounting plugin ExampleDeviceProfileSelector
LogPluginManager: Mounting plugin CableComponent
LogPluginManager: Mounting plugin GoogleCloudMessaging
LogPluginManager: Mounting plugin GooglePAD
LogPluginManager: Mounting plugin ScreenshotTools
LogPluginManager: Mounting plugin Takes
LogPluginManager: Mounting plugin IOSDeviceProfileSelector
LogPluginManager: Mounting plugin LinuxDeviceProfileSelector
LogPluginManager: Mounting plugin LocationServicesBPLibrary
LogPluginManager: Mounting plugin MobilePatchingUtils
LogPluginManager: Mounting plugin OpenXR
LogPluginManager: Mounting plugin OpenXREyeTracker
LogPluginManager: Mounting plugin OpenXRHandTracking
LogPluginManager: Mounting plugin PostSplashScreen
LogPluginManager: Mounting plugin ProceduralMeshComponent
LogPluginManager: Mounting plugin PhysXVehicles
LogPluginManager: Mounting plugin PropertyAccessEditor
LogPluginManager: Mounting plugin RuntimePhysXCooking
LogPluginManager: Mounting plugin SignificanceManager
LogPluginManager: Mounting plugin SoundFields
LogPluginManager: Mounting plugin Synthesis
LogPluginManager: Mounting plugin WebMMoviePlayer
LogPluginManager: Mounting plugin WindowsMoviePlayer
LogPluginManager: Mounting plugin ContentBrowserClassDataSource
LogPluginManager: Mounting plugin ContentBrowserFileDataSource
LogPluginManager: Mounting plugin ContentBrowserAssetDataSource
LogPluginManager: Mounting plugin OnlineSubsystemGooglePlay
LogPluginManager: Mounting plugin OnlineSubsystemIOS
LogPluginManager: Mounting plugin OculusVR
LogPluginManager: Mounting plugin SteamVR
LogPluginManager: Mounting plugin UE_Assimp
PixWinPlugin: PIX capture plugin failed to initialize! Check that the process is launched from PIX.
LogInit: Using libcurl 7.55.1-DEV
LogInit:  - built for x86_64-pc-win32
LogInit:  - supports SSL with OpenSSL/1.1.1
LogInit:  - supports HTTP deflate (compression) using libz 1.2.8
LogInit:  - other features:
LogInit:      CURL_VERSION_SSL
LogInit:      CURL_VERSION_LIBZ
LogInit:      CURL_VERSION_IPV6
LogInit:      CURL_VERSION_ASYNCHDNS
LogInit:      CURL_VERSION_LARGEFILE
LogInit:      CURL_VERSION_IDN
LogInit:  CurlRequestOptions (configurable via config and command line):
LogInit:  - bVerifyPeer = true  - Libcurl will verify peer certificate
LogInit:  - bUseHttpProxy = false  - Libcurl will NOT use HTTP proxy
LogInit:  - bDontReuseConnections = false  - Libcurl will reuse connections
LogInit:  - MaxHostConnections = 16  - Libcurl will limit the number of connections to a host
LogInit:  - LocalHostAddr = Default
LogInit:  - BufferSize = 65536
LogOnline: OSS: Creating online subsystem instance for: NULL
LogInit: WinSock: version 1.1 (2.2), MaxSocks=32767, MaxUdp=65467
LogOnline: OSS: TryLoadSubsystemAndSetDefault: Loaded subsystem for module [NULL]
LogOculusPluginWrapper: OculusPlugin initialized successfully
LogHMD: Failed initializing OVRPlugin 1.59.0
LogInit: Build: ++UE4+Release-4.27-CL-18319896
LogInit: Engine Version: 4.27.2-18319896+++UE4+Release-4.27
LogInit: Compatible Engine Version: 4.27.0-17155196+++UE4+Release-4.27
LogInit: Net CL: 17155196
LogInit: OS: Windows 10 (Release 2009) (), CPU: AMD Ryzen 7 5700U with Radeon Graphics         , GPU: AMD Radeon(TM) Graphics
LogInit: Compiled (64-bit): Nov 30 2021 07:12:08
LogInit: Compiled with Visual C++: 19.24.28315.00
LogInit: Build Configuration: Development
LogInit: Branch Name: ++UE4+Release-4.27
LogInit: Command Line:  127.0.0.1:17777 -game -PIEVIACONSOLE -Multiprocess "GameUserSettingsINI=C:/Users/Patay Viki/Szakdoga/ASSIMP-UE-demo-tutorial/AssimpProject/Saved/Config/Windows/PIEGameUserSettings1.ini" -MultiprocessSaveConfig -forcepassthrough -messaging -SessionName="Play in Standalone Game" -windowed -WinX=503 -WinY=66 SAVEWINPOS=1 -ResX=640 -ResY=480
LogInit: Base Directory: C:/Program Files/Epic Games/UE_4.27/Engine/Binaries/Win64/
LogInit: Allocator: TBB
LogInit: Installed Engine Build: 1
LogDevObjectVersion: Number of dev versions registered: 29
LogDevObjectVersion:   Dev-Blueprints (B0D832E4-1F89-4F0D-ACCF-7EB736FD4AA2): 10
LogDevObjectVersion:   Dev-Build (E1C64328-A22C-4D53-A36C-8E866417BD8C): 0
LogDevObjectVersion:   Dev-Core (375EC13C-06E4-48FB-B500-84F0262A717E): 4
LogDevObjectVersion:   Dev-Editor (E4B068ED-F494-42E9-A231-DA0B2E46BB41): 40
LogDevObjectVersion:   Dev-Framework (CFFC743F-43B0-4480-9391-14DF171D2073): 37
LogDevObjectVersion:   Dev-Mobile (B02B49B5-BB20-44E9-A304-32B752E40360): 3
LogDevObjectVersion:   Dev-Networking (A4E4105C-59A1-49B5-A7C5-40C4547EDFEE): 0
LogDevObjectVersion:   Dev-Online (39C831C9-5AE6-47DC-9A44-9C173E1C8E7C): 0
LogDevObjectVersion:   Dev-Physics (78F01B33-EBEA-4F98-B9B4-84EACCB95AA2): 14
LogDevObjectVersion:   Dev-Platform (6631380F-2D4D-43E0-8009-CF276956A95A): 0
LogDevObjectVersion:   Dev-Rendering (12F88B9F-8875-4AFC-A67C-D90C383ABD29): 45
LogDevObjectVersion:   Dev-Sequencer (7B5AE74C-D270-4C10-A958-57980B212A5A): 13
LogDevObjectVersion:   Dev-VR (D7296918-1DD6-4BDD-9DE2-64A83CC13884): 3
LogDevObjectVersion:   Dev-LoadTimes (C2A15278-BFE7-4AFE-6C17-90FF531DF755): 1
LogDevObjectVersion:   Private-Geometry (6EACA3D4-40EC-4CC1-B786-8BED09428FC5): 3
LogDevObjectVersion:   Dev-AnimPhys (29E575DD-E0A3-4627-9D10-D276232CDCEA): 17
LogDevObjectVersion:   Dev-Anim (AF43A65D-7FD3-4947-9873-3E8ED9C1BB05): 15
LogDevObjectVersion:   Dev-ReflectionCapture (6B266CEC-1EC7-4B8F-A30B-E4D90942FC07): 1
LogDevObjectVersion:   Dev-Automation (0DF73D61-A23F-47EA-B727-89E90C41499A): 1
LogDevObjectVersion:   FortniteMain (601D1886-AC64-4F84-AA16-D3DE0DEAC7D6): 47
LogDevObjectVersion:   FortniteRelease (E7086368-6B23-4C58-8439-1B7016265E91): 1
LogDevObjectVersion:   Dev-Enterprise (9DFFBCD6-494F-0158-E221-12823C92A888): 10
LogDevObjectVersion:   Dev-Niagara (F2AED0AC-9AFE-416F-8664-AA7FFA26D6FC): 1
LogDevObjectVersion:   Dev-Destruction (174F1F0B-B4C6-45A5-B13F-2EE8D0FB917D): 10
LogDevObjectVersion:   Dev-Physics-Ext (35F94A83-E258-406C-A318-09F59610247C): 41
LogDevObjectVersion:   Dev-PhysicsMaterial-Chaos (B68FC16E-8B1B-42E2-B453-215C058844FE): 1
LogDevObjectVersion:   Dev-CineCamera (B2E18506-4273-CFC2-A54E-F4BB758BBA07): 1
LogDevObjectVersion:   Dev-VirtualProduction (64F58936-FD1B-42BA-BA96-7289D5D0FA4E): 1
LogDevObjectVersion:   Dev-MediaFramework (6F0ED827-A609-4895-9C91-998D90180EA4): 2
LogInit: Presizing for max 25165824 objects, including 0 objects not considered by GC, pre-allocating 0 bytes for permanent pool.
LogConfig: Applying CVar settings from Section [/Script/Engine.StreamingSettings] File [C:/Users/Patay Viki/Szakdoga/ASSIMP-UE-demo-tutorial/AssimpProject/Saved/Config/Windows/Engine.ini]
LogConfig: Setting CVar [[s.MinBulkDataSizeForAsyncLoading:131072]]
LogConfig: Setting CVar [[s.AsyncLoadingThreadEnabled:0]]
LogConfig: Setting CVar [[s.EventDrivenLoaderEnabled:1]]
LogConfig: Setting CVar [[s.WarnIfTimeLimitExceeded:0]]
LogConfig: Setting CVar [[s.TimeLimitExceededMultiplier:1.5]]
LogConfig: Setting CVar [[s.TimeLimitExceededMinTime:0.005]]
LogConfig: Setting CVar [[s.UseBackgroundLevelStreaming:1]]
LogConfig: Setting CVar [[s.PriorityAsyncLoadingExtraTime:15.0]]
LogConfig: Setting CVar [[s.LevelStreamingActorsUpdateTimeLimit:5.0]]
LogConfig: Setting CVar [[s.PriorityLevelStreamingActorsUpdateExtraTime:5.0]]
LogConfig: Setting CVar [[s.LevelStreamingComponentsRegistrationGranularity:10]]
LogConfig: Setting CVar [[s.UnregisterComponentsTimeLimit:1.0]]
LogConfig: Setting CVar [[s.LevelStreamingComponentsUnregistrationGranularity:5]]
LogConfig: Setting CVar [[s.FlushStreamingOnExit:1]]
LogInit: Object subsystem initialized
LogConfig: Setting CVar [[con.DebugEarlyDefault:1]]
LogConfig: Setting CVar [[r.setres:1280x720]]
[2024.11.22-20.28.32:372][  0]LogConfig: Setting CVar [[con.DebugEarlyDefault:1]]
[2024.11.22-20.28.32:372][  0]LogConfig: Setting CVar [[r.setres:1280x720]]
[2024.11.22-20.28.32:372][  0]LogConfig: Applying CVar settings from Section [/Script/Engine.RendererSettings] File [C:/Users/Patay Viki/Szakdoga/ASSIMP-UE-demo-tutorial/AssimpProject/Saved/Config/Windows/Engine.ini]
[2024.11.22-20.28.32:372][  0]LogConfig: Setting CVar [[r.GPUCrashDebugging:0]]
[2024.11.22-20.28.32:372][  0]LogConfig: Applying CVar settings from Section [/Script/Engine.RendererOverrideSettings] File [C:/Users/Patay Viki/Szakdoga/ASSIMP-UE-demo-tutorial/AssimpProject/Saved/Config/Windows/Engine.ini]
[2024.11.22-20.28.32:372][  0]LogConfig: Applying CVar settings from Section [/Script/Engine.StreamingSettings] File [C:/Users/Patay Viki/Szakdoga/ASSIMP-UE-demo-tutorial/AssimpProject/Saved/Config/Windows/Engine.ini]
[2024.11.22-20.28.32:372][  0]LogConfig: Setting CVar [[s.MinBulkDataSizeForAsyncLoading:131072]]
[2024.11.22-20.28.32:372][  0]LogConfig: Setting CVar [[s.AsyncLoadingThreadEnabled:0]]
[2024.11.22-20.28.32:372][  0]LogConfig: Setting CVar [[s.EventDrivenLoaderEnabled:1]]
[2024.11.22-20.28.32:372][  0]LogConfig: Setting CVar [[s.WarnIfTimeLimitExceeded:0]]
[2024.11.22-20.28.32:372][  0]LogConfig: Setting CVar [[s.TimeLimitExceededMultiplier:1.5]]
[2024.11.22-20.28.32:372][  0]LogConfig: Setting CVar [[s.TimeLimitExceededMinTime:0.005]]
[2024.11.22-20.28.32:372][  0]LogConfig: Setting CVar [[s.UseBackgroundLevelStreaming:1]]
[2024.11.22-20.28.32:372][  0]LogConfig: Setting CVar [[s.PriorityAsyncLoadingExtraTime:15.0]]
[2024.11.22-20.28.32:372][  0]LogConfig: Setting CVar [[s.LevelStreamingActorsUpdateTimeLimit:5.0]]
[2024.11.22-20.28.32:372][  0]LogConfig: Setting CVar [[s.PriorityLevelStreamingActorsUpdateExtraTime:5.0]]
[2024.11.22-20.28.32:372][  0]LogConfig: Setting CVar [[s.LevelStreamingComponentsRegistrationGranularity:10]]
[2024.11.22-20.28.32:372][  0]LogConfig: Setting CVar [[s.UnregisterComponentsTimeLimit:1.0]]
[2024.11.22-20.28.32:372][  0]LogConfig: Setting CVar [[s.LevelStreamingComponentsUnregistrationGranularity:5]]
[2024.11.22-20.28.32:372][  0]LogConfig: Setting CVar [[s.FlushStreamingOnExit:1]]
[2024.11.22-20.28.32:372][  0]LogConfig: Applying CVar settings from Section [/Script/Engine.GarbageCollectionSettings] File [C:/Users/Patay Viki/Szakdoga/ASSIMP-UE-demo-tutorial/AssimpProject/Saved/Config/Windows/Engine.ini]
[2024.11.22-20.28.32:372][  0]LogConfig: Setting CVar [[gc.MaxObjectsNotConsideredByGC:1]]
[2024.11.22-20.28.32:372][  0]LogConfig: Setting CVar [[gc.SizeOfPermanentObjectPool:0]]
[2024.11.22-20.28.32:372][  0]LogConfig: Setting CVar [[gc.FlushStreamingOnGC:0]]
[2024.11.22-20.28.32:372][  0]LogConfig: Setting CVar [[gc.NumRetriesBeforeForcingGC:10]]
[2024.11.22-20.28.32:372][  0]LogConfig: Setting CVar [[gc.AllowParallelGC:1]]
[2024.11.22-20.28.32:372][  0]LogConfig: Setting CVar [[gc.TimeBetweenPurgingPendingKillObjects:61.1]]
[2024.11.22-20.28.32:372][  0]LogConfig: Setting CVar [[gc.MaxObjectsInEditor:25165824]]
[2024.11.22-20.28.32:372][  0]LogConfig: Setting CVar [[gc.IncrementalBeginDestroyEnabled:1]]
[2024.11.22-20.28.32:372][  0]LogConfig: Setting CVar [[gc.CreateGCClusters:1]]
[2024.11.22-20.28.32:373][  0]LogConfig: Setting CVar [[gc.MinGCClusterSize:5]]
[2024.11.22-20.28.32:373][  0]LogConfig: Setting CVar [[gc.ActorClusteringEnabled:0]]
[2024.11.22-20.28.32:373][  0]LogConfig: Setting CVar [[gc.BlueprintClusteringEnabled:0]]
[2024.11.22-20.28.32:373][  0]LogConfig: Setting CVar [[gc.UseDisregardForGCOnDedicatedServers:0]]
[2024.11.22-20.28.32:373][  0]LogConfig: Setting CVar [[gc.MultithreadedDestructionEnabled:1]]
[2024.11.22-20.28.32:373][  0]LogConfig: Applying CVar settings from Section [/Script/Engine.NetworkSettings] File [C:/Users/Patay Viki/Szakdoga/ASSIMP-UE-demo-tutorial/AssimpProject/Saved/Config/Windows/Engine.ini]
[2024.11.22-20.28.32:373][  0]LogConfig: Applying CVar settings from Section [/Script/UnrealEd.CookerSettings] File [C:/Users/Patay Viki/Szakdoga/ASSIMP-UE-demo-tutorial/AssimpProject/Saved/Config/Windows/Engine.ini]
[2024.11.22-20.28.32:377][  0]LogConfig: Applying CVar settings from Section [ViewDistanceQuality@3] File [C:/Users/Patay Viki/Szakdoga/ASSIMP-UE-demo-tutorial/AssimpProject/Saved/Config/Windows/Scalability.ini]
[2024.11.22-20.28.32:377][  0]LogConfig: Setting CVar [[r.SkeletalMeshLODBias:0]]
[2024.11.22-20.28.32:377][  0]LogConfig: Setting CVar [[r.ViewDistanceScale:1.0]]
[2024.11.22-20.28.32:377][  0]LogConfig: Applying CVar settings from Section [AntiAliasingQuality@3] File [C:/Users/Patay Viki/Szakdoga/ASSIMP-UE-demo-tutorial/AssimpProject/Saved/Config/Windows/Scalability.ini]
[2024.11.22-20.28.32:377][  0]LogConfig: Setting CVar [[r.PostProcessAAQuality:4]]
[2024.11.22-20.28.32:377][  0]LogConfig: Applying CVar settings from Section [ShadowQuality@3] File [C:/Users/Patay Viki/Szakdoga/ASSIMP-UE-demo-tutorial/AssimpProject/Saved/Config/Windows/Scalability.ini]
[2024.11.22-20.28.32:377][  0]LogConfig: Setting CVar [[r.LightFunctionQuality:1]]
[2024.11.22-20.28.32:377][  0]LogConfig: Setting CVar [[r.ShadowQuality:5]]
[2024.11.22-20.28.32:377][  0]LogConfig: Setting CVar [[r.Shadow.CSM.MaxCascades:10]]
[2024.11.22-20.28.32:377][  0]LogConfig: Setting CVar [[r.Shadow.MaxResolution:2048]]
[2024.11.22-20.28.32:377][  0]LogConfig: Setting CVar [[r.Shadow.MaxCSMResolution:2048]]
[2024.11.22-20.28.32:377][  0]LogConfig: Setting CVar [[r.Shadow.RadiusThreshold:0.01]]
[2024.11.22-20.28.32:377][  0]LogConfig: Setting CVar [[r.Shadow.DistanceScale:1.0]]
[2024.11.22-20.28.32:377][  0]LogConfig: Setting CVar [[r.Shadow.CSM.TransitionScale:1.0]]
[2024.11.22-20.28.32:377][  0]LogConfig: Setting CVar [[r.Shadow.PreShadowResolutionFactor:1.0]]
[2024.11.22-20.28.32:377][  0]LogConfig: Setting CVar [[r.DistanceFieldShadowing:1]]
[2024.11.22-20.28.32:377][  0]LogConfig: Setting CVar [[r.DistanceFieldAO:1]]
[2024.11.22-20.28.32:377][  0]LogConfig: Setting CVar [[r.AOQuality:2]]
[2024.11.22-20.28.32:377][  0]LogConfig: Setting CVar [[r.VolumetricFog:1]]
[2024.11.22-20.28.32:377][  0]LogConfig: Setting CVar [[r.VolumetricFog.GridPixelSize:8]]
[2024.11.22-20.28.32:377][  0]LogConfig: Setting CVar [[r.VolumetricFog.GridSizeZ:128]]
[2024.11.22-20.28.32:377][  0]LogConfig: Setting CVar [[r.VolumetricFog.HistoryMissSupersampleCount:4]]
[2024.11.22-20.28.32:377][  0]LogConfig: Setting CVar [[r.LightMaxDrawDistanceScale:1]]
[2024.11.22-20.28.32:377][  0]LogConfig: Setting CVar [[r.CapsuleShadows:1]]
[2024.11.22-20.28.32:377][  0]LogConfig: Applying CVar settings from Section [PostProcessQuality@3] File [C:/Users/Patay Viki/Szakdoga/ASSIMP-UE-demo-tutorial/AssimpProject/Saved/Config/Windows/Scalability.ini]
[2024.11.22-20.28.32:377][  0]LogConfig: Setting CVar [[r.MotionBlurQuality:4]]
[2024.11.22-20.28.32:377][  0]LogConfig: Setting CVar [[r.AmbientOcclusionMipLevelFactor:0.4]]
[2024.11.22-20.28.32:377][  0]LogConfig: Setting CVar [[r.AmbientOcclusionMaxQuality:100]]
[2024.11.22-20.28.32:377][  0]LogConfig: Setting CVar [[r.AmbientOcclusionLevels:-1]]
[2024.11.22-20.28.32:377][  0]LogConfig: Setting CVar [[r.AmbientOcclusionRadiusScale:1.0]]
[2024.11.22-20.28.32:377][  0]LogConfig: Setting CVar [[r.DepthOfFieldQuality:2]]
[2024.11.22-20.28.32:377][  0]LogConfig: Setting CVar [[r.RenderTargetPoolMin:400]]
[2024.11.22-20.28.32:377][  0]LogConfig: Setting CVar [[r.LensFlareQuality:2]]
[2024.11.22-20.28.32:377][  0]LogConfig: Setting CVar [[r.SceneColorFringeQuality:1]]
[2024.11.22-20.28.32:377][  0]LogConfig: Setting CVar [[r.EyeAdaptationQuality:2]]
[2024.11.22-20.28.32:377][  0]LogConfig: Setting CVar [[r.BloomQuality:5]]
[2024.11.22-20.28.32:377][  0]LogConfig: Setting CVar [[r.FastBlurThreshold:100]]
[2024.11.22-20.28.32:377][  0]LogConfig: Setting CVar [[r.Upscale.Quality:3]]
[2024.11.22-20.28.32:377][  0]LogConfig: Setting CVar [[r.Tonemapper.GrainQuantization:1]]
[2024.11.22-20.28.32:377][  0]LogConfig: Setting CVar [[r.LightShaftQuality:1]]
[2024.11.22-20.28.32:377][  0]LogConfig: Setting CVar [[r.Filter.SizeScale:1]]
[2024.11.22-20.28.32:377][  0]LogConfig: Setting CVar [[r.Tonemapper.Quality:5]]
[2024.11.22-20.28.32:377][  0]LogConfig: Setting CVar [[r.DOF.Gather.AccumulatorQuality:1        ; higher gathering accumulator quality]]
[2024.11.22-20.28.32:377][  0]LogConfig: Setting CVar [[r.DOF.Gather.PostfilterMethod:1          ; Median3x3 postfilering method]]
[2024.11.22-20.28.32:377][  0]LogConfig: Setting CVar [[r.DOF.Gather.EnableBokehSettings:0       ; no bokeh simulation when gathering]]
[2024.11.22-20.28.32:377][  0]LogConfig: Setting CVar [[r.DOF.Gather.RingCount:4                 ; medium number of samples when gathering]]
[2024.11.22-20.28.32:377][  0]LogConfig: Setting CVar [[r.DOF.Scatter.ForegroundCompositing:1    ; additive foreground scattering]]
[2024.11.22-20.28.32:377][  0]LogConfig: Setting CVar [[r.DOF.Scatter.BackgroundCompositing:2    ; additive background scattering]]
[2024.11.22-20.28.32:377][  0]LogConfig: Setting CVar [[r.DOF.Scatter.EnableBokehSettings:1      ; bokeh simulation when scattering]]
[2024.11.22-20.28.32:377][  0]LogConfig: Setting CVar [[r.DOF.Scatter.MaxSpriteRatio:0.1         ; only a maximum of 10% of scattered bokeh]]
[2024.11.22-20.28.32:377][  0]LogConfig: Setting CVar [[r.DOF.Recombine.Quality:1                ; cheap slight out of focus]]
[2024.11.22-20.28.32:377][  0]LogConfig: Setting CVar [[r.DOF.Recombine.EnableBokehSettings:0    ; no bokeh simulation on slight out of focus]]
[2024.11.22-20.28.32:377][  0]LogConfig: Setting CVar [[r.DOF.TemporalAAQuality:1                ; more stable temporal accumulation]]
[2024.11.22-20.28.32:377][  0]LogConfig: Setting CVar [[r.DOF.Kernel.MaxForegroundRadius:0.025]]
[2024.11.22-20.28.32:377][  0]LogConfig: Setting CVar [[r.DOF.Kernel.MaxBackgroundRadius:0.025]]
[2024.11.22-20.28.32:377][  0]LogConfig: Applying CVar settings from Section [TextureQuality@3] File [C:/Users/Patay Viki/Szakdoga/ASSIMP-UE-demo-tutorial/AssimpProject/Saved/Config/Windows/Scalability.ini]
[2024.11.22-20.28.32:377][  0]LogConfig: Setting CVar [[r.Streaming.MipBias:0]]
[2024.11.22-20.28.32:377][  0]LogConfig: Setting CVar [[r.Streaming.AmortizeCPUToGPUCopy:0]]
[2024.11.22-20.28.32:377][  0]LogConfig: Setting CVar [[r.Streaming.MaxNumTexturesToStreamPerFrame:0]]
[2024.11.22-20.28.32:377][  0]LogConfig: Setting CVar [[r.Streaming.Boost:1]]
[2024.11.22-20.28.32:377][  0]LogConfig: Setting CVar [[r.MaxAnisotropy:8]]
[2024.11.22-20.28.32:377][  0]LogConfig: Setting CVar [[r.VT.MaxAnisotropy:8]]
[2024.11.22-20.28.32:377][  0]LogConfig: Setting CVar [[r.Streaming.LimitPoolSizeToVRAM:0]]
[2024.11.22-20.28.32:377][  0]LogConfig: Setting CVar [[r.Streaming.PoolSize:1000]]
[2024.11.22-20.28.32:377][  0]LogConfig: Setting CVar [[r.Streaming.MaxEffectiveScreenSize:0]]
[2024.11.22-20.28.32:377][  0]LogConfig: Applying CVar settings from Section [EffectsQuality@3] File [C:/Users/Patay Viki/Szakdoga/ASSIMP-UE-demo-tutorial/AssimpProject/Saved/Config/Windows/Scalability.ini]
[2024.11.22-20.28.32:377][  0]LogConfig: Setting CVar [[r.TranslucencyLightingVolumeDim:64]]
[2024.11.22-20.28.32:377][  0]LogConfig: Setting CVar [[r.RefractionQuality:2]]
[2024.11.22-20.28.32:377][  0]LogConfig: Setting CVar [[r.SSR.Quality:3]]
[2024.11.22-20.28.32:377][  0]LogConfig: Setting CVar [[r.SSR.HalfResSceneColor:0]]
[2024.11.22-20.28.32:377][  0]LogConfig: Setting CVar [[r.SceneColorFormat:4]]
[2024.11.22-20.28.32:377][  0]LogConfig: Setting CVar [[r.DetailMode:2]]
[2024.11.22-20.28.32:377][  0]LogConfig: Setting CVar [[r.TranslucencyVolumeBlur:1]]
[2024.11.22-20.28.32:377][  0]LogConfig: Setting CVar [[r.MaterialQualityLevel:1 ; High quality]]
[2024.11.22-20.28.32:377][  0]LogConfig: Setting CVar [[r.AnisotropicMaterials:1]]
[2024.11.22-20.28.32:377][  0]LogConfig: Setting CVar [[r.SSS.Scale:1]]
[2024.11.22-20.28.32:377][  0]LogConfig: Setting CVar [[r.SSS.SampleSet:2]]
[2024.11.22-20.28.32:377][  0]LogConfig: Setting CVar [[r.SSS.Quality:1]]
[2024.11.22-20.28.32:377][  0]LogConfig: Setting CVar [[r.SSS.HalfRes:0]]
[2024.11.22-20.28.32:377][  0]LogConfig: Setting CVar [[r.SSGI.Quality:3]]
[2024.11.22-20.28.32:377][  0]LogConfig: Setting CVar [[r.EmitterSpawnRateScale:1.0]]
[2024.11.22-20.28.32:377][  0]LogConfig: Setting CVar [[r.ParticleLightQuality:2]]
[2024.11.22-20.28.32:377][  0]LogConfig: Setting CVar [[r.SkyAtmosphere.AerialPerspectiveLUT.FastApplyOnOpaque:1 ; Always have FastSkyLUT 1 in this case to avoid wrong sky]]
[2024.11.22-20.28.32:377][  0]LogConfig: Setting CVar [[r.SkyAtmosphere.AerialPerspectiveLUT.SampleCountMaxPerSlice:4]]
[2024.11.22-20.28.32:377][  0]LogConfig: Setting CVar [[r.SkyAtmosphere.AerialPerspectiveLUT.DepthResolution:16.0]]
[2024.11.22-20.28.32:377][  0]LogConfig: Setting CVar [[r.SkyAtmosphere.FastSkyLUT:1]]
[2024.11.22-20.28.32:377][  0]LogConfig: Setting CVar [[r.SkyAtmosphere.FastSkyLUT.SampleCountMin:4.0]]
[2024.11.22-20.28.32:377][  0]LogConfig: Setting CVar [[r.SkyAtmosphere.FastSkyLUT.SampleCountMax:128.0]]
[2024.11.22-20.28.32:377][  0]LogConfig: Setting CVar [[r.SkyAtmosphere.SampleCountMin:4.0]]
[2024.11.22-20.28.32:377][  0]LogConfig: Setting CVar [[r.SkyAtmosphere.SampleCountMax:128.0]]
[2024.11.22-20.28.32:377][  0]LogConfig: Setting CVar [[r.SkyAtmosphere.TransmittanceLUT.UseSmallFormat:0]]
[2024.11.22-20.28.32:377][  0]LogConfig: Setting CVar [[r.SkyAtmosphere.TransmittanceLUT.SampleCount:10.0]]
[2024.11.22-20.28.32:377][  0]LogConfig: Setting CVar [[r.SkyAtmosphere.MultiScatteringLUT.SampleCount:15.0]]
[2024.11.22-20.28.32:377][  0]LogConfig: Setting CVar [[r.SkyLight.RealTimeReflectionCapture:1]]
[2024.11.22-20.28.32:377][  0]LogConfig: Applying CVar settings from Section [FoliageQuality@3] File [C:/Users/Patay Viki/Szakdoga/ASSIMP-UE-demo-tutorial/AssimpProject/Saved/Config/Windows/Scalability.ini]
[2024.11.22-20.28.32:377][  0]LogConfig: Setting CVar [[foliage.DensityScale:1.0]]
[2024.11.22-20.28.32:377][  0]LogConfig: Setting CVar [[grass.DensityScale:1.0]]
[2024.11.22-20.28.32:377][  0]LogConfig: Applying CVar settings from Section [ShadingQuality@3] File [C:/Users/Patay Viki/Szakdoga/ASSIMP-UE-demo-tutorial/AssimpProject/Saved/Config/Windows/Scalability.ini]
[2024.11.22-20.28.32:377][  0]LogConfig: Setting CVar [[r.HairStrands.SkyLighting.IntegrationType:2]]
[2024.11.22-20.28.32:377][  0]LogConfig: Setting CVar [[r.HairStrands.SkyAO.SampleCount:4]]
[2024.11.22-20.28.32:377][  0]LogConfig: Setting CVar [[r.HairStrands.Visibility.MSAA.SamplePerPixel:4]]
[2024.11.22-20.28.32:377][  0]LogInit: Selected Device Profile: [Windows]
[2024.11.22-20.28.32:377][  0]LogInit: Applying CVar settings loaded from the selected device profile: [Windows]
[2024.11.22-20.28.32:377][  0]LogHAL: Display: Platform has ~ 32 GB [33666428928 / 34359738368 / 32], which maps to Largest [LargestMinGB=32, LargerMinGB=12, DefaultMinGB=8, SmallerMinGB=6, SmallestMinGB=0)
[2024.11.22-20.28.32:377][  0]LogInit: Going up to parent DeviceProfile []
[2024.11.22-20.28.32:378][  0]LogConfig: Applying CVar settings from Section [ViewDistanceQuality@3] File [C:/Users/Patay Viki/Szakdoga/ASSIMP-UE-demo-tutorial/AssimpProject/Saved/Config/Windows/Scalability.ini]
[2024.11.22-20.28.32:378][  0]LogConfig: Setting CVar [[r.SkeletalMeshLODBias:0]]
[2024.11.22-20.28.32:378][  0]LogConfig: Setting CVar [[r.ViewDistanceScale:1.0]]
[2024.11.22-20.28.32:378][  0]LogConfig: Applying CVar settings from Section [AntiAliasingQuality@3] File [C:/Users/Patay Viki/Szakdoga/ASSIMP-UE-demo-tutorial/AssimpProject/Saved/Config/Windows/Scalability.ini]
[2024.11.22-20.28.32:378][  0]LogConfig: Setting CVar [[r.PostProcessAAQuality:4]]
[2024.11.22-20.28.32:378][  0]LogConfig: Applying CVar settings from Section [ShadowQuality@3] File [C:/Users/Patay Viki/Szakdoga/ASSIMP-UE-demo-tutorial/AssimpProject/Saved/Config/Windows/Scalability.ini]
[2024.11.22-20.28.32:378][  0]LogConfig: Setting CVar [[r.LightFunctionQuality:1]]
[2024.11.22-20.28.32:378][  0]LogConfig: Setting CVar [[r.ShadowQuality:5]]
[2024.11.22-20.28.32:378][  0]LogConfig: Setting CVar [[r.Shadow.CSM.MaxCascades:10]]
[2024.11.22-20.28.32:378][  0]LogConfig: Setting CVar [[r.Shadow.MaxResolution:2048]]
[2024.11.22-20.28.32:378][  0]LogConfig: Setting CVar [[r.Shadow.MaxCSMResolution:2048]]
[2024.11.22-20.28.32:378][  0]LogConfig: Setting CVar [[r.Shadow.RadiusThreshold:0.01]]
[2024.11.22-20.28.32:378][  0]LogConfig: Setting CVar [[r.Shadow.DistanceScale:1.0]]
[2024.11.22-20.28.32:378][  0]LogConfig: Setting CVar [[r.Shadow.CSM.TransitionScale:1.0]]
[2024.11.22-20.28.32:378][  0]LogConfig: Setting CVar [[r.Shadow.PreShadowResolutionFactor:1.0]]
[2024.11.22-20.28.32:378][  0]LogConfig: Setting CVar [[r.DistanceFieldShadowing:1]]
[2024.11.22-20.28.32:378][  0]LogConfig: Setting CVar [[r.DistanceFieldAO:1]]
[2024.11.22-20.28.32:378][  0]LogConfig: Setting CVar [[r.AOQuality:2]]
[2024.11.22-20.28.32:378][  0]LogConfig: Setting CVar [[r.VolumetricFog:1]]
[2024.11.22-20.28.32:378][  0]LogConfig: Setting CVar [[r.VolumetricFog.GridPixelSize:8]]
[2024.11.22-20.28.32:378][  0]LogConfig: Setting CVar [[r.VolumetricFog.GridSizeZ:128]]
[2024.11.22-20.28.32:378][  0]LogConfig: Setting CVar [[r.VolumetricFog.HistoryMissSupersampleCount:4]]
[2024.11.22-20.28.32:378][  0]LogConfig: Setting CVar [[r.LightMaxDrawDistanceScale:1]]
[2024.11.22-20.28.32:378][  0]LogConfig: Setting CVar [[r.CapsuleShadows:1]]
[2024.11.22-20.28.32:378][  0]LogConfig: Applying CVar settings from Section [PostProcessQuality@3] File [C:/Users/Patay Viki/Szakdoga/ASSIMP-UE-demo-tutorial/AssimpProject/Saved/Config/Windows/Scalability.ini]
[2024.11.22-20.28.32:378][  0]LogConfig: Setting CVar [[r.MotionBlurQuality:4]]
[2024.11.22-20.28.32:378][  0]LogConfig: Setting CVar [[r.AmbientOcclusionMipLevelFactor:0.4]]
[2024.11.22-20.28.32:378][  0]LogConfig: Setting CVar [[r.AmbientOcclusionMaxQuality:100]]
[2024.11.22-20.28.32:378][  0]LogConfig: Setting CVar [[r.AmbientOcclusionLevels:-1]]
[2024.11.22-20.28.32:378][  0]LogConfig: Setting CVar [[r.AmbientOcclusionRadiusScale:1.0]]
[2024.11.22-20.28.32:378][  0]LogConfig: Setting CVar [[r.DepthOfFieldQuality:2]]
[2024.11.22-20.28.32:378][  0]LogConfig: Setting CVar [[r.RenderTargetPoolMin:400]]
[2024.11.22-20.28.32:378][  0]LogConfig: Setting CVar [[r.LensFlareQuality:2]]
[2024.11.22-20.28.32:378][  0]LogConfig: Setting CVar [[r.SceneColorFringeQuality:1]]
[2024.11.22-20.28.32:378][  0]LogConfig: Setting CVar [[r.EyeAdaptationQuality:2]]
[2024.11.22-20.28.32:378][  0]LogConfig: Setting CVar [[r.BloomQuality:5]]
[2024.11.22-20.28.32:378][  0]LogConfig: Setting CVar [[r.FastBlurThreshold:100]]
[2024.11.22-20.28.32:378][  0]LogConfig: Setting CVar [[r.Upscale.Quality:3]]
[2024.11.22-20.28.32:378][  0]LogConfig: Setting CVar [[r.Tonemapper.GrainQuantization:1]]
[2024.11.22-20.28.32:378][  0]LogConfig: Setting CVar [[r.LightShaftQuality:1]]
[2024.11.22-20.28.32:378][  0]LogConfig: Setting CVar [[r.Filter.SizeScale:1]]
[2024.11.22-20.28.32:378][  0]LogConfig: Setting CVar [[r.Tonemapper.Quality:5]]
[2024.11.22-20.28.32:378][  0]LogConfig: Setting CVar [[r.DOF.Gather.AccumulatorQuality:1        ; higher gathering accumulator quality]]
[2024.11.22-20.28.32:378][  0]LogConfig: Setting CVar [[r.DOF.Gather.PostfilterMethod:1          ; Median3x3 postfilering method]]
[2024.11.22-20.28.32:378][  0]LogConfig: Setting CVar [[r.DOF.Gather.EnableBokehSettings:0       ; no bokeh simulation when gathering]]
[2024.11.22-20.28.32:378][  0]LogConfig: Setting CVar [[r.DOF.Gather.RingCount:4                 ; medium number of samples when gathering]]
[2024.11.22-20.28.32:378][  0]LogConfig: Setting CVar [[r.DOF.Scatter.ForegroundCompositing:1    ; additive foreground scattering]]
[2024.11.22-20.28.32:378][  0]LogConfig: Setting CVar [[r.DOF.Scatter.BackgroundCompositing:2    ; additive background scattering]]
[2024.11.22-20.28.32:378][  0]LogConfig: Setting CVar [[r.DOF.Scatter.EnableBokehSettings:1      ; bokeh simulation when scattering]]
[2024.11.22-20.28.32:378][  0]LogConfig: Setting CVar [[r.DOF.Scatter.MaxSpriteRatio:0.1         ; only a maximum of 10% of scattered bokeh]]
[2024.11.22-20.28.32:378][  0]LogConfig: Setting CVar [[r.DOF.Recombine.Quality:1                ; cheap slight out of focus]]
[2024.11.22-20.28.32:378][  0]LogConfig: Setting CVar [[r.DOF.Recombine.EnableBokehSettings:0    ; no bokeh simulation on slight out of focus]]
[2024.11.22-20.28.32:378][  0]LogConfig: Setting CVar [[r.DOF.TemporalAAQuality:1                ; more stable temporal accumulation]]
[2024.11.22-20.28.32:378][  0]LogConfig: Setting CVar [[r.DOF.Kernel.MaxForegroundRadius:0.025]]
[2024.11.22-20.28.32:378][  0]LogConfig: Setting CVar [[r.DOF.Kernel.MaxBackgroundRadius:0.025]]
[2024.11.22-20.28.32:378][  0]LogConfig: Applying CVar settings from Section [TextureQuality@3] File [C:/Users/Patay Viki/Szakdoga/ASSIMP-UE-demo-tutorial/AssimpProject/Saved/Config/Windows/Scalability.ini]
[2024.11.22-20.28.32:378][  0]LogConfig: Setting CVar [[r.Streaming.MipBias:0]]
[2024.11.22-20.28.32:378][  0]LogConfig: Setting CVar [[r.Streaming.AmortizeCPUToGPUCopy:0]]
[2024.11.22-20.28.32:378][  0]LogConfig: Setting CVar [[r.Streaming.MaxNumTexturesToStreamPerFrame:0]]
[2024.11.22-20.28.32:378][  0]LogConfig: Setting CVar [[r.Streaming.Boost:1]]
[2024.11.22-20.28.32:378][  0]LogConfig: Setting CVar [[r.MaxAnisotropy:8]]
[2024.11.22-20.28.32:378][  0]LogConfig: Setting CVar [[r.VT.MaxAnisotropy:8]]
[2024.11.22-20.28.32:378][  0]LogConfig: Setting CVar [[r.Streaming.LimitPoolSizeToVRAM:0]]
[2024.11.22-20.28.32:378][  0]LogConfig: Setting CVar [[r.Streaming.PoolSize:1000]]
[2024.11.22-20.28.32:378][  0]LogConfig: Setting CVar [[r.Streaming.MaxEffectiveScreenSize:0]]
[2024.11.22-20.28.32:378][  0]LogConfig: Applying CVar settings from Section [EffectsQuality@3] File [C:/Users/Patay Viki/Szakdoga/ASSIMP-UE-demo-tutorial/AssimpProject/Saved/Config/Windows/Scalability.ini]
[2024.11.22-20.28.32:378][  0]LogConfig: Setting CVar [[r.TranslucencyLightingVolumeDim:64]]
[2024.11.22-20.28.32:378][  0]LogConfig: Setting CVar [[r.RefractionQuality:2]]
[2024.11.22-20.28.32:378][  0]LogConfig: Setting CVar [[r.SSR.Quality:3]]
[2024.11.22-20.28.32:378][  0]LogConfig: Setting CVar [[r.SSR.HalfResSceneColor:0]]
[2024.11.22-20.28.32:378][  0]LogConfig: Setting CVar [[r.SceneColorFormat:4]]
[2024.11.22-20.28.32:378][  0]LogConfig: Setting CVar [[r.DetailMode:2]]
[2024.11.22-20.28.32:378][  0]LogConfig: Setting CVar [[r.TranslucencyVolumeBlur:1]]
[2024.11.22-20.28.32:378][  0]LogConfig: Setting CVar [[r.MaterialQualityLevel:1 ; High quality]]
[2024.11.22-20.28.32:378][  0]LogConfig: Setting CVar [[r.AnisotropicMaterials:1]]
[2024.11.22-20.28.32:378][  0]LogConfig: Setting CVar [[r.SSS.Scale:1]]
[2024.11.22-20.28.32:378][  0]LogConfig: Setting CVar [[r.SSS.SampleSet:2]]
[2024.11.22-20.28.32:378][  0]LogConfig: Setting CVar [[r.SSS.Quality:1]]
[2024.11.22-20.28.32:378][  0]LogConfig: Setting CVar [[r.SSS.HalfRes:0]]
[2024.11.22-20.28.32:378][  0]LogConfig: Setting CVar [[r.SSGI.Quality:3]]
[2024.11.22-20.28.32:378][  0]LogConfig: Setting CVar [[r.EmitterSpawnRateScale:1.0]]
[2024.11.22-20.28.32:378][  0]LogConfig: Setting CVar [[r.ParticleLightQuality:2]]
[2024.11.22-20.28.32:378][  0]LogConfig: Setting CVar [[r.SkyAtmosphere.AerialPerspectiveLUT.FastApplyOnOpaque:1 ; Always have FastSkyLUT 1 in this case to avoid wrong sky]]
[2024.11.22-20.28.32:378][  0]LogConfig: Setting CVar [[r.SkyAtmosphere.AerialPerspectiveLUT.SampleCountMaxPerSlice:4]]
[2024.11.22-20.28.32:378][  0]LogConfig: Setting CVar [[r.SkyAtmosphere.AerialPerspectiveLUT.DepthResolution:16.0]]
[2024.11.22-20.28.32:378][  0]LogConfig: Setting CVar [[r.SkyAtmosphere.FastSkyLUT:1]]
[2024.11.22-20.28.32:378][  0]LogConfig: Setting CVar [[r.SkyAtmosphere.FastSkyLUT.SampleCountMin:4.0]]
[2024.11.22-20.28.32:378][  0]LogConfig: Setting CVar [[r.SkyAtmosphere.FastSkyLUT.SampleCountMax:128.0]]
[2024.11.22-20.28.32:378][  0]LogConfig: Setting CVar [[r.SkyAtmosphere.SampleCountMin:4.0]]
[2024.11.22-20.28.32:378][  0]LogConfig: Setting CVar [[r.SkyAtmosphere.SampleCountMax:128.0]]
[2024.11.22-20.28.32:378][  0]LogConfig: Setting CVar [[r.SkyAtmosphere.TransmittanceLUT.UseSmallFormat:0]]
[2024.11.22-20.28.32:378][  0]LogConfig: Setting CVar [[r.SkyAtmosphere.TransmittanceLUT.SampleCount:10.0]]
[2024.11.22-20.28.32:378][  0]LogConfig: Setting CVar [[r.SkyAtmosphere.MultiScatteringLUT.SampleCount:15.0]]
[2024.11.22-20.28.32:378][  0]LogConfig: Setting CVar [[r.SkyLight.RealTimeReflectionCapture:1]]
[2024.11.22-20.28.32:378][  0]LogConfig: Applying CVar settings from Section [FoliageQuality@3] File [C:/Users/Patay Viki/Szakdoga/ASSIMP-UE-demo-tutorial/AssimpProject/Saved/Config/Windows/Scalability.ini]
[2024.11.22-20.28.32:378][  0]LogConfig: Setting CVar [[foliage.DensityScale:1.0]]
[2024.11.22-20.28.32:378][  0]LogConfig: Setting CVar [[grass.DensityScale:1.0]]
[2024.11.22-20.28.32:378][  0]LogConfig: Applying CVar settings from Section [ShadingQuality@3] File [C:/Users/Patay Viki/Szakdoga/ASSIMP-UE-demo-tutorial/AssimpProject/Saved/Config/Windows/Scalability.ini]
[2024.11.22-20.28.32:378][  0]LogConfig: Setting CVar [[r.HairStrands.SkyLighting.IntegrationType:2]]
[2024.11.22-20.28.32:378][  0]LogConfig: Setting CVar [[r.HairStrands.SkyAO.SampleCount:4]]
[2024.11.22-20.28.32:378][  0]LogConfig: Setting CVar [[r.HairStrands.Visibility.MSAA.SamplePerPixel:4]]
[2024.11.22-20.28.32:378][  0]LogConfig: Applying CVar settings from Section [Startup] File [../../../Engine/Config/ConsoleVariables.ini]
[2024.11.22-20.28.32:379][  0]LogConfig: Setting CVar [[net.UseAdaptiveNetUpdateFrequency:0]]
[2024.11.22-20.28.32:379][  0]LogConfig: Setting CVar [[p.chaos.AllowCreatePhysxBodies:1]]
[2024.11.22-20.28.32:379][  0]LogConfig: Setting CVar [[fx.SkipVectorVMBackendOptimizations:1]]
[2024.11.22-20.28.32:379][  0]LogConfig: Applying CVar settings from Section [ConsoleVariables] File [C:/Users/Patay Viki/Szakdoga/ASSIMP-UE-demo-tutorial/AssimpProject/Saved/Config/Windows/Engine.ini]
[2024.11.22-20.28.32:379][  0]LogConfig: Applying CVar settings from Section [ConsoleVariables] File [C:/Users/Patay Viki/Szakdoga/ASSIMP-UE-demo-tutorial/AssimpProject/Saved/Config/Windows/Editor.ini]
[2024.11.22-20.28.32:379][  0]LogInit: Computer: DESKTOP-6NQH7V8
[2024.11.22-20.28.32:379][  0]LogInit: User: PatayViki
[2024.11.22-20.28.32:379][  0]LogInit: CPU Page size=4096, Cores=8
[2024.11.22-20.28.32:379][  0]LogInit: High frequency timer resolution =10.000000 MHz
[2024.11.22-20.28.32:379][  0]LogMemory: Memory total: Physical=31.4GB (32GB approx)
[2024.11.22-20.28.32:379][  0]LogMemory: Platform Memory Stats for Windows
[2024.11.22-20.28.32:379][  0]LogMemory: Process Physical Memory: 146.93 MB used, 146.93 MB peak
[2024.11.22-20.28.32:379][  0]LogMemory: Process Virtual Memory: 129.78 MB used, 129.78 MB peak
[2024.11.22-20.28.32:379][  0]LogMemory: Physical Memory: 18410.29 MB used,  13696.52 MB free, 32106.81 MB total
[2024.11.22-20.28.32:379][  0]LogMemory: Virtual Memory: 134194584.00 MB used,  23143.32 MB free, 134217728.00 MB total
[2024.11.22-20.28.32:387][  0]LogWindows: WindowsPlatformFeatures enabled
[2024.11.22-20.28.32:411][  0]LogInit: Physics initialised using underlying interface: PhysX
[2024.11.22-20.28.32:411][  0]LogInit: Using OS detected language (hu-HU).
[2024.11.22-20.28.32:411][  0]LogInit: Using OS detected locale (hu-HU).
[2024.11.22-20.28.32:414][  0]LogTextLocalizationManager: No localization for 'hu-HU' exists, so 'en' will be used for the language.
[2024.11.22-20.28.32:416][  0]LogTextLocalizationManager: No localization for 'hu-HU' exists, so 'en' will be used for the locale.
[2024.11.22-20.28.32:615][  0]LogWindowsTextInputMethodSystem: Display: IME system deactivated.
[2024.11.22-20.28.32:636][  0]LogSlate: New Slate User Created.  User Index 0, Is Virtual User: 0
[2024.11.22-20.28.32:636][  0]LogSlate: Slate User Registered.  User Index 0, Is Virtual User: 0
[2024.11.22-20.28.32:648][  0]LogD3D11RHI: Loaded GFSDK_Aftermath_Lib.x64.dll
[2024.11.22-20.28.32:680][  0]LogHMD: Failed to initialize OpenVR with code 110
[2024.11.22-20.28.32:680][  0]LogD3D11RHI: D3D11 min allowed feature level: 11_0
[2024.11.22-20.28.32:680][  0]LogD3D11RHI: D3D11 max allowed feature level: 11_0
[2024.11.22-20.28.32:680][  0]LogD3D11RHI: D3D11 adapters:
[2024.11.22-20.28.32:775][  0]LogD3D11RHI:    0. 'NVIDIA GeForce GTX 1650' (Feature Level 11_0)
[2024.11.22-20.28.32:775][  0]LogD3D11RHI:       3962/0/16053 MB DedicatedVideo/DedicatedSystem/SharedSystem, Outputs:2, VendorId:0x10de
[2024.11.22-20.28.32:801][  0]LogD3D11RHI:    1. 'AMD Radeon(TM) Graphics' (Feature Level 11_0)
[2024.11.22-20.28.32:801][  0]LogD3D11RHI:       496/0/16053 MB DedicatedVideo/DedicatedSystem/SharedSystem, Outputs:0, VendorId:0x1002
[2024.11.22-20.28.32:804][  0]LogD3D11RHI:    2. 'Microsoft Basic Render Driver' (Feature Level 11_0)
[2024.11.22-20.28.32:804][  0]LogD3D11RHI:       0/0/16053 MB DedicatedVideo/DedicatedSystem/SharedSystem, Outputs:0, VendorId:0x1414
[2024.11.22-20.28.32:804][  0]LogD3D11RHI: Chosen D3D11 Adapter:
[2024.11.22-20.28.32:804][  0]LogD3D11RHI:     Description : NVIDIA GeForce GTX 1650
[2024.11.22-20.28.32:804][  0]LogD3D11RHI:     VendorId    : 10de
[2024.11.22-20.28.32:804][  0]LogD3D11RHI:     DeviceId    : 1f9d
[2024.11.22-20.28.32:804][  0]LogD3D11RHI:     SubSysId    : 15241025
[2024.11.22-20.28.32:804][  0]LogD3D11RHI:     Revision    : 00a1
[2024.11.22-20.28.32:804][  0]LogD3D11RHI:     DedicatedVideoMemory : 4154458112 bytes
[2024.11.22-20.28.32:804][  0]LogD3D11RHI:     DedicatedSystemMemory : 0 bytes
[2024.11.22-20.28.32:804][  0]LogD3D11RHI:     SharedSystemMemory : 16833214464 bytes
[2024.11.22-20.28.32:804][  0]LogD3D11RHI:     AdapterLuid : 0 72511
[2024.11.22-20.28.32:816][  0]LogD3D11RHI: Creating new Direct3DDevice
[2024.11.22-20.28.32:817][  0]LogD3D11RHI:     GPU DeviceId: 0x1f9d (for the marketing name, search the web for "GPU Device Id")
[2024.11.22-20.28.32:817][  0]LogWindows: EnumDisplayDevices:
[2024.11.22-20.28.32:817][  0]LogWindows:    0. 'AMD Radeon(TM) Graphics' (P:1 D:1)
[2024.11.22-20.28.32:817][  0]LogWindows:    1. 'AMD Radeon(TM) Graphics' (P:0 D:1)
[2024.11.22-20.28.32:817][  0]LogWindows:    2. 'AMD Radeon(TM) Graphics' (P:0 D:0)
[2024.11.22-20.28.32:817][  0]LogWindows:    3. 'AMD Radeon(TM) Graphics' (P:0 D:0)
[2024.11.22-20.28.32:818][  0]LogWindows: DebugString: PrimaryIsNotTheChoosenAdapter PrimaryIsNotTheChoosenAdapter PrimaryIsNotTheChoosenAdapter PrimaryIsNotTheChoosenAdapter FoundDriverCount:0 
[2024.11.22-20.28.32:818][  0]LogD3D11RHI:     Adapter Name: NVIDIA GeForce GTX 1650
[2024.11.22-20.28.32:818][  0]LogD3D11RHI:   Driver Version: Unknown (internal:Unknown, unified:Unknown)
[2024.11.22-20.28.32:818][  0]LogD3D11RHI:      Driver Date: Unknown
[2024.11.22-20.28.32:818][  0]LogRHI: Texture pool is 2773 MB (70% of 3962 MB)
[2024.11.22-20.28.32:818][  0]LogD3D11RHI: Creating D3DDevice using adapter:
[2024.11.22-20.28.32:818][  0]LogD3D11RHI:     Description : NVIDIA GeForce GTX 1650
[2024.11.22-20.28.32:818][  0]LogD3D11RHI:     VendorId    : 10de
[2024.11.22-20.28.32:818][  0]LogD3D11RHI:     DeviceId    : 1f9d
[2024.11.22-20.28.32:818][  0]LogD3D11RHI:     SubSysId    : 15241025
[2024.11.22-20.28.32:818][  0]LogD3D11RHI:     Revision    : 00a1
[2024.11.22-20.28.32:818][  0]LogD3D11RHI:     DedicatedVideoMemory : 4154458112 bytes
[2024.11.22-20.28.32:818][  0]LogD3D11RHI:     DedicatedSystemMemory : 0 bytes
[2024.11.22-20.28.32:818][  0]LogD3D11RHI:     SharedSystemMemory : 16833214464 bytes
[2024.11.22-20.28.32:818][  0]LogD3D11RHI:     AdapterLuid : 0 72511
[2024.11.22-20.28.32:875][  0]LogD3D11RHI: RHI has support for 64 bit atomics
[2024.11.22-20.28.32:875][  0]LogD3D11RHI: Async texture creation enabled
[2024.11.22-20.28.32:875][  0]LogD3D11RHI: Array index from any shader is supported
[2024.11.22-20.28.32:891][  0]LogD3D11RHI: GPU Timing Frequency: 1000.000000 (Debug: 2 1)
[2024.11.22-20.28.32:914][  0]LogRHI: GeForceNow SDK initialized: 1
[2024.11.22-20.28.33:203][  0]LogTargetPlatformManager: Display: Loaded TargetPlatform 'WindowsNoEditor'
[2024.11.22-20.28.33:208][  0]LogTargetPlatformManager: Display: Loaded TargetPlatform 'Windows'
[2024.11.22-20.28.33:213][  0]LogTargetPlatformManager: Display: Loaded TargetPlatform 'WindowsClient'
[2024.11.22-20.28.33:218][  0]LogTargetPlatformManager: Display: Loaded TargetPlatform 'WindowsServer'
[2024.11.22-20.28.33:218][  0]LogTargetPlatformManager: Display: Building Assets For Windows
[2024.11.22-20.28.33:227][  0]LogAudioDebug: Display: Lib vorbis DLL was dynamically loaded.
[2024.11.22-20.28.33:265][  0]LogTextureFormatOodle: Display: Oodle Texture 2.9.0 init RDO Off
[2024.11.22-20.28.33:303][  0]LogRendererCore: Ray tracing is disabled. Reason: r.RayTracing=0.
[2024.11.22-20.28.33:303][  0]LogShaderCompilers: Guid format shader working directory is -31 characters bigger than the processId version (../../../../../../Users/Patay Viki/Szakdoga/ASSIMP-UE-demo-tutorial/AssimpProject/Intermediate/Shaders/WorkingDirectory/22668/).
[2024.11.22-20.28.33:303][  0]LogShaderCompilers: Cleaned the shader compiler working directory 'C:/Users/Patay Viki/AppData/Local/Temp/UnrealShaderWorkingDir/5FA2683E4E6E14F778BAA4A0E0E81D00/'.
[2024.11.22-20.28.33:304][  0]LogXGEController: Cannot use XGE Controller as Incredibuild is not installed on this machine.
[2024.11.22-20.28.33:304][  0]LogShaderCompilers: Cannot use XGE Shader Compiler as Incredibuild is not installed on this machine.
[2024.11.22-20.28.33:304][  0]LogShaderCompilers: Display: Using Local Shader Compiler.
[2024.11.22-20.28.33:902][  0]LogDerivedDataCache: Display: Max Cache Size: 512 MB
[2024.11.22-20.28.33:948][  0]LogDerivedDataCache: Loaded boot cache 0.05s 94MB C:/Users/Patay Viki/AppData/Local/UnrealEngine/4.27/DerivedDataCache/Boot.ddc.
[2024.11.22-20.28.33:948][  0]LogDerivedDataCache: Display: Loaded Boot cache: C:/Users/Patay Viki/AppData/Local/UnrealEngine/4.27/DerivedDataCache/Boot.ddc
[2024.11.22-20.28.33:948][  0]LogDerivedDataCache: FDerivedDataBackendGraph:  Pak pak cache file ../../../../../../Users/Patay Viki/Szakdoga/ASSIMP-UE-demo-tutorial/AssimpProject/DerivedDataCache/DDC.ddp not found, will not use a pak cache.
[2024.11.22-20.28.33:948][  0]LogDerivedDataCache: Unable to find inner node Pak for hierarchical cache Hierarchy.
[2024.11.22-20.28.33:948][  0]LogDerivedDataCache: FDerivedDataBackendGraph:  CompressedPak pak cache file ../../../../../../Users/Patay Viki/Szakdoga/ASSIMP-UE-demo-tutorial/AssimpProject/DerivedDataCache/Compressed.ddp not found, will not use a pak cache.
[2024.11.22-20.28.33:948][  0]LogDerivedDataCache: Unable to find inner node CompressedPak for hierarchical cache Hierarchy.
[2024.11.22-20.28.33:965][  0]LogDerivedDataCache: Display: Pak cache opened for reading ../../../Engine/DerivedDataCache/Compressed.ddp.
[2024.11.22-20.28.33:965][  0]LogDerivedDataCache: FDerivedDataBackendGraph:  EnterprisePak pak cache file ../../../Enterprise/DerivedDataCache/Compressed.ddp not found, will not use a pak cache.
[2024.11.22-20.28.33:965][  0]LogDerivedDataCache: Unable to find inner node EnterprisePak for hierarchical cache Hierarchy.
[2024.11.22-20.28.33:977][  0]LogDerivedDataCache: Speed tests for C:/Users/Patay Viki/AppData/Local/UnrealEngine/Common/DerivedDataCache took 0.01 seconds
[2024.11.22-20.28.33:977][  0]LogDerivedDataCache: Display: Performance to C:/Users/Patay Viki/AppData/Local/UnrealEngine/Common/DerivedDataCache: Latency=0.02ms. RandomReadSpeed=1428.31MBs, RandomWriteSpeed=81.70MBs. Assigned SpeedClass 'Local'
[2024.11.22-20.28.33:978][  0]LogDerivedDataCache: Using Local data cache path C:/Users/Patay Viki/AppData/Local/UnrealEngine/Common/DerivedDataCache: Writable
[2024.11.22-20.28.33:978][  0]LogDerivedDataCache: Shared data cache path not found in *engine.ini, will not use an Shared cache.
[2024.11.22-20.28.33:978][  0]LogDerivedDataCache: Unable to find inner node Shared for hierarchical cache Hierarchy.
[2024.11.22-20.28.34:011][  0]LogSlate: Using FreeType 2.10.0
[2024.11.22-20.28.34:012][  0]LogSlate: SlateFontServices - WITH_FREETYPE: 1, WITH_HARFBUZZ: 1
[2024.11.22-20.28.34:119][  0]LogInit: Using OS detected language (hu-HU).
[2024.11.22-20.28.34:119][  0]LogInit: Using OS detected locale (hu-HU).
[2024.11.22-20.28.34:119][  0]LogTextLocalizationManager: No localization for 'hu-HU' exists, so 'en' will be used for the language.
[2024.11.22-20.28.34:119][  0]LogTextLocalizationManager: No localization for 'hu-HU' exists, so 'en' will be used for the locale.
[2024.11.22-20.28.34:122][  0]LogTextLocalizationManager: Compacting localization data took   0.01ms
[2024.11.22-20.28.34:122][  0]LogAssetRegistry: FAssetRegistry took 0.0017 seconds to start up
[2024.11.22-20.28.34:266][  0]LogPackageLocalizationCache: Processed 28 localized package path(s) for 1 prioritized culture(s) in 0.000809 seconds
[2024.11.22-20.28.34:325][  0]LogInit: Selected Device Profile: [Windows]
[2024.11.22-20.28.34:325][  0]LogInit: Active device profile: [0000028ED83B2C00][0000028ED0BE6A00 49] Windows
[2024.11.22-20.28.34:325][  0]LogInit: Profiles: [0000028ED83B2C00][0000028ED0BE6A00 49] Windows, [0000028ED8356200][0000028ED0BEEB80 49] WindowsNoEditor, [0000028ED83B2000][0000028ED0BF2D00 49] WindowsServer, [0000028ED8355700][0000028ED0BF6E80 49] WindowsClient, [0000028ED83B2900][0000028ED0BFB000 49] IOS, [0000028ED8357C00][0000028ED0DE9180 49] iPadAir, [0000028ED83B0B00][0000028ED0DED300 49] iPadAir2, [0000028ED82F9300][0000028ED0DF55C0 49] IPadPro, [0000028ED82F9400][0000028ED0DF1600 49] iPadAir3, [0000028ED8357500][0000028ED0BEB740 49] iPadAir4, [0000028ED82FA200][0000028ED0DF9880 49] iPadMini2, [0000028ED8355300][0000028ED0DFD9C0 49] iPadMini3, [0000028ED82FAE00][0000028ED0E01B00 49] iPadMini4, [0000028ED8355D00][0000028ED0E08100 49] iPadMini5, [0000028ED8348F00][0000028ED0E103C0 49] iPhone6, [0000028ED8349000][0000028ED0E0C400 49] iPodTouch6, [0000028ED83B0800][0000028ED0E186C0 49] iPhone7, [0000028ED83B1900][0000028ED0E14700 49] iPodTouch7, [0000028ED82FB400][0000028ED0E1C880 49] iPhone5S, [0000028ED83B2B00][0000028ED0E20A00 49] iPhone6Plus, [0000028ED82F8900][0000028ED0E24B80 49] iPhone6S, [0000028ED82F9D00][0000028ED0E28D00 49] iPhone6SPlus, [0000028ED8348D00][0000028ED0E2CE80 49] iPhone7Plus, [0000028ED82FA000][0000028ED0E31000 49] iPhoneSE, [0000028ED834BA00][0000028ED1B43180 49] iPhone8, [0000028ED82F9900][0000028ED1B47300 49] iPhone8Plus, [0000028ED8348300][0000028ED1B4B480 49] iPhoneX, [0000028ED82F9600][0000028ED1B4F600 49] iPhoneXS, [0000028ED8349E00][0000028ED1B53780 49] iPhoneXSMax, [0000028ED8349F00][0000028ED0E058C0 49] iPhoneXR, [0000028ED834A300][0000028ED1B57A00 49] iPhone11, [0000028ED82F9F00][0000028ED1B5BB40 49] iPhone11Pro, [0000028ED83B1200][0000028ED1B5E100 49] iPhone11ProMax, [0000028ED82F9E00][0000028ED1B66280 49] iPhoneSE2, [0000028ED83B3900][0000028ED1B6A400 49] iPhone12Mini, [0000028ED82FA400][0000028ED1B6E580 49] iPhone12, [0000028ED83B0D00][0000028ED1B72700 49] iPhone12Pro, [0000028ED82F9C00][0000028ED1B76880 49] iPhone12ProMax, [0000028ED83B3200][0000028ED1B7AA00 49] iPadPro105, [0000028ED82F8700][0000028ED1B7EB80 49] iPadPro129, [0000028ED83B1C00][0000028ED1B82D00 49] iPadPro97, [0000028ED82F9A00][0000028ED1B86E80 49] iPadPro2_129, [0000028ED83B1400][0000028ED1B8B000 49] iPad5, [0000028ED82FAD00][0000028ED1B8F180 49] iPad6, [0000028ED83B3C00][0000028ED1B93300 49] iPad7, [0000028ED82FBA00][0000028ED1B97480 49] iPad8, [0000028ED83B3100][0000028ED1B9B600 49] iPadPro11, [0000028ED82F9700][0000028ED894F780 49] iPadPro2_11, [0000028ED83B0900][0000028ED8953900 49] iPadPro3_129, [0000028ED82F8100][0000028ED8957A80 49] iPadPro4_129, [0000028ED83B3700][0000028ED1B63BC0 49] AppleTV, [0000028ED82FA100][0000028ED895A180 49] AppleTV4K, [0000028ED83B2300][0000028ED895E2C0 49] TVOS, [0000028ED82F9B00][0000028ED8966440 49] Mac, [0000028ED83B2100][0000028ED896A5C0 49] MacClient, [0000028ED82F9000][0000028ED896E740 49] MacNoEditor, [0000028ED83B3500][0000028ED89728C0 49] MacServer, [0000028ED82F8400][0000028ED8976A40 49] Linux, [0000028ED83B1300][0000028ED897ABC0 49] LinuxAArch64, [0000028ED82F8C00][0000028ED897ED40 49] LinuxNoEditor, [0000028ED83B3D00][0000028ED8982EC0 49] LinuxAArch64NoEditor, [0000028ED82FAA00][0000028ED8987040 49] LinuxClient, [0000028ED83B0600][0000028ED898B1C0 49] LinuxAArch64Client, [0000028ED82FB800][0000028ED898F340 49] LinuxServer, [0000028ED83B2700][0000028ED89934C0 49] LinuxAArch64Server, [0000028ED82FB200][0000028ED8997640 49] Android, [0000028ED83B2500][0000028ED899B7C0 49] Android_Low, [0000028ED82FB700][0000028ED899F940 49] Android_Mid, [0000028ED83B0700][0000028ED89A3AC0 49] Android_High, [0000028ED82FB500][0000028ED89A60C0 49] Android_Default, [0000028ED83B3B00][0000028ED8962200 49] Android_Adreno4xx, [0000028ED82FBE00][0000028ED89AA340 49] Android_Adreno5xx_Low, [0000028ED83B3A00][0000028ED89AE480 49] Android_Adreno5xx, [0000028ED82F8800][0000028ED89B25C0 49] Android_Adreno6xx, [0000028ED83B2200][0000028ED89BA740 49] Android_Adreno6xx_Vulkan, [0000028ED82FB100][0000028ED89BE8C0 49] Android_Mali_T6xx, [0000028ED83B1D00][0000028ED89C2A40 49] Android_Mali_T7xx, [0000028ED834B500][0000028ED89C6BC0 49] Android_Mali_T8xx, [0000028ED8356C00][0000028ED89CAD40 49] Android_Mali_G71, [0000028ED8348E00][0000028ED89CEEC0 49] Android_Mali_G72, [0000028ED8354600][0000028ED89D3040 49] Android_Mali_G72_Vulkan, [0000028ED8348A00][0000028ED89D71C0 49] Android_Mali_G76, [0000028ED8354E00][0000028ED89DB340 49] Android_Mali_G76_Vulkan, [0000028ED834AB00][0000028ED89DF4C0 49] Android_Mali_G77, [0000028ED8357E00][0000028ED89E3640 49] Android_Mali_G77_Vulkan, [0000028ED834B700][0000028ED89E77C0 49] Android_Mali_G78, [0000028ED8356700][0000028ED89EB940 49] Android_Mali_G78_Vulkan, [0000028ED8349D00][0000028ED89EFAC0 49] Android_Mali_G710, [0000028ED8356F00][0000028ED89F20C0 49] Android_Mali_G710_Vulkan, [0000028ED834A200][0000028ED89F6240 49] Android_Vulkan_SM5, [0000028ED8354900][0000028ED89B6380 49] Android_PowerVR_G6xxx, [0000028ED8348C00][0000028ED89FA4C0 49] Android_PowerVR_GT7xxx, [0000028ED8356300][0000028ED89FE600 49] Android_PowerVR_GE8xxx, [0000028ED8348700][0000028ED8A02740 49] Android_PowerVR_GM9xxx, [0000028ED8355800][0000028ED8A0A8C0 49] Android_PowerVR_GM9xxx_Vulkan, [0000028ED834B900][0000028ED8A0EA40 49] Android_TegraK1, [0000028ED8354200][0000028ED8A12BC0 49] Android_Unknown_Vulkan, [0000028ED834A500][0000028ED8A16D40 49] Lumin, [0000028ED8355F00][0000028ED8A1AEC0 49] Lumin_Desktop, [0000028ED8348800][0000028ED8A1F040 49] HoloLens, 
[2024.11.22-20.28.34:369][  0]LogMeshReduction: Using QuadricMeshReduction for automatic static mesh reduction
[2024.11.22-20.28.34:369][  0]LogMeshReduction: Using SimplygonMeshReduction for automatic skeletal mesh reduction
[2024.11.22-20.28.34:369][  0]LogMeshReduction: Using ProxyLODMeshReduction for automatic mesh merging
[2024.11.22-20.28.34:369][  0]LogMeshReduction: No distributed automatic mesh merging module available
[2024.11.22-20.28.34:369][  0]LogMeshMerging: No distributed automatic mesh merging module available
[2024.11.22-20.28.34:456][  0]LogNetVersion: AssimpProject 1.0.0, NetCL: 17155196, EngineNetVer: 17, GameNetVer: 0 (Checksum: 1973687517)
[2024.11.22-20.28.34:688][  0]LogTexture: Default maximum texture size for cubemaps generated from long-lat sources has been changed from 512 to unlimited. In order to preserve old behaiour for '/Engine/MapTemplates/Sky/DaylightAmbientCubemap.DaylightAmbientCubemap', its maximum texture size has been explicitly set to 512.
[2024.11.22-20.28.34:735][  0]LogHMD: PokeAHoleMaterial loaded successfully
[2024.11.22-20.28.34:852][  0]LogMoviePlayer: Initializing movie player
[2024.11.22-20.28.35:042][  0]LogPython: Using Python 3.7.7
[2024.11.22-20.28.35:421][  0]LogNiagaraDebuggerClient: Niagara Debugger Client Initialized | Session: 24523C8243FDB865E2B83EA492ABE8C7 | Instance: EE36C48E49FA42BC5962C4B3FE0BFA2A (DESKTOP-6NQH7V8-22668).
[2024.11.22-20.28.35:442][  0]LogCollectionManager: Loaded 0 collections in 0.001505 seconds
[2024.11.22-20.28.35:445][  0]LogFileCache: Scanning file cache for directory 'C:/Users/Patay Viki/Szakdoga/ASSIMP-UE-demo-tutorial/AssimpProject/Saved/Collections/' took 0.00s
[2024.11.22-20.28.35:446][  0]LogFileCache: Scanning file cache for directory 'C:/Users/Patay Viki/Szakdoga/ASSIMP-UE-demo-tutorial/AssimpProject/Content/Developers/PatayViki/Collections/' took 0.00s
[2024.11.22-20.28.35:446][  0]LogCollectionManager: Fixed up redirectors for 0 collections in 0.000002 seconds (updated 0 objects)
[2024.11.22-20.28.35:482][  0]LogFileCache: Scanning file cache for directory 'C:/Users/Patay Viki/Szakdoga/ASSIMP-UE-demo-tutorial/AssimpProject/Content/Collections/' took 0.00s
[2024.11.22-20.28.35:482][  0]LogTcpMessaging: Initializing TcpMessaging bridge
[2024.11.22-20.28.35:488][  0]LogUdpMessaging: Initializing bridge on interface 0.0.0.0:0 to multicast group 230.0.0.1:6666.
[2024.11.22-20.28.35:690][  0]LogOpenImageDenoise: OIDN starting up
[2024.11.22-20.28.35:703][  0]SourceControl: Source control is disabled
[2024.11.22-20.28.35:703][  0]SourceControl: Source control is disabled
[2024.11.22-20.28.35:707][  0]SourceControl: Source control is disabled
[2024.11.22-20.28.35:720][  0]LogUProjectInfo: Found projects:
[2024.11.22-20.28.35:754][  0]LogAndroidPermission: UAndroidPermissionCallbackProxy::GetInstance
[2024.11.22-20.28.35:779][  0]LogAudioCaptureCore: Display: No Audio Capture implementations found. Audio input will be silent.
[2024.11.22-20.28.35:779][  0]LogAudioCaptureCore: Display: No Audio Capture implementations found. Audio input will be silent.
[2024.11.22-20.28.35:847][  0]LogOcInput: OculusInput pre-init called
[2024.11.22-20.28.35:855][  0]LogUObjectArray: 22258 objects as part of root set at end of initial load.
[2024.11.22-20.28.35:855][  0]LogUObjectAllocator: 6012144 out of 0 bytes used by permanent object pool.
[2024.11.22-20.28.35:855][  0]LogUObjectArray: CloseDisregardForGC: 0/0 objects in disregard for GC pool
[2024.11.22-20.28.35:911][  0]LogClass: Warning: IntProperty FAIVertexWeight::VertexID is not initialized properly even though its struct probably has a custom default constructor. Module:UE_Assimp File:Public/AIBone.h
[2024.11.22-20.28.35:911][  0]LogClass: Warning: FloatProperty FAIVertexWeight::Weight is not initialized properly even though its struct probably has a custom default constructor. Module:UE_Assimp File:Public/AIBone.h
[2024.11.22-20.28.35:912][  0]LogClass: Display: 2 Uninitialized script struct members found including 0 object properties
[2024.11.22-20.28.35:912][  0]LogAutomationTest: Warning: IntProperty FAIVertexWeight::VertexID is not initialized properly even though its struct probably has a custom default constructor. Module:UE_Assimp File:Public/AIBone.h
[2024.11.22-20.28.35:912][  0]LogAutomationTest: Warning: FloatProperty FAIVertexWeight::Weight is not initialized properly even though its struct probably has a custom default constructor. Module:UE_Assimp File:Public/AIBone.h
[2024.11.22-20.28.35:912][  0]LogEngine: Initializing Engine...
[2024.11.22-20.28.35:914][  0]LogHMD: Failed to enumerate extensions. Please check that you have a valid OpenXR runtime installed.
[2024.11.22-20.28.35:915][  0]LogHMD: Failed to initialize OpenVR with code 110
[2024.11.22-20.28.35:915][  0]LogMagicLeap: Warning: VR disabled because ZI is not enabled.  To enable, in the editor, Edit -> Project Settings -> Plugins -> Magic Leap Plugin -> Enable Zero Iteration
[2024.11.22-20.28.35:918][  0]LogStats: UGameplayTagsManager::InitializeManager -  0.000 s
[2024.11.22-20.28.36:002][  0]LogInit: Initializing FReadOnlyCVARCache
[2024.11.22-20.28.36:002][  0]LogAudio: Display: Initializing Audio Device Manager...
[2024.11.22-20.28.36:006][  0]LogAudio: Display: Loading Default Audio Settings Objects...
[2024.11.22-20.28.36:006][  0]LogAudio: Display: No default SoundConcurrencyObject specified (or failed to load).
[2024.11.22-20.28.36:007][  0]LogAudio: Display: Audio Device Manager Initialized
[2024.11.22-20.28.36:007][  0]LogAudio: Display: Creating Audio Device:                 Id: 1, Scope: Shared, Realtime: True
[2024.11.22-20.28.36:007][  0]LogAudioMixer: Display: Audio Mixer Platform Settings:
[2024.11.22-20.28.36:007][  0]LogAudioMixer: Display: 	Sample Rate:						  48000
[2024.11.22-20.28.36:007][  0]LogAudioMixer: Display: 	Callback Buffer Frame Size Requested: 1024
[2024.11.22-20.28.36:007][  0]LogAudioMixer: Display: 	Callback Buffer Frame Size To Use:	  1024
[2024.11.22-20.28.36:007][  0]LogAudioMixer: Display: 	Number of buffers to queue:			  2
[2024.11.22-20.28.36:007][  0]LogAudioMixer: Display: 	Max Channels (voices):				  32
[2024.11.22-20.28.36:007][  0]LogAudioMixer: Display: 	Number of Async Source Workers:		  0
[2024.11.22-20.28.36:007][  0]LogAudio: Display: AudioDevice MaxSources: 32
[2024.11.22-20.28.36:007][  0]LogAudio: Display: Audio Spatialization Plugin: None (built-in).
[2024.11.22-20.28.36:007][  0]LogAudio: Display: Audio Reverb Plugin: None (built-in).
[2024.11.22-20.28.36:007][  0]LogAudio: Display: Audio Occlusion Plugin: None (built-in).
[2024.11.22-20.28.36:007][  0]LogAudioMixer: Display: Initializing audio mixer.
[2024.11.22-20.28.36:019][  0]LogAudioMixer: Display: 0: FrontLeft
[2024.11.22-20.28.36:019][  0]LogAudioMixer: Display: 1: FrontRight
[2024.11.22-20.28.36:033][  0]LogAudioMixer: Display: Using Audio Device Hangszórók (Realtek Audio)
[2024.11.22-20.28.36:035][  0]LogAudioMixer: Display: Initializing Sound Submixes...
[2024.11.22-20.28.36:036][  0]LogAudioMixer: Display: Creating Master Submix 'MasterSubmixDefault'
[2024.11.22-20.28.36:036][  0]LogAudioMixer: Display: Creating Master Submix 'MasterReverbSubmixDefault'
[2024.11.22-20.28.36:037][  0]LogAudioMixer: Display: Creating Master Submix 'MasterEQSubmixDefault'
[2024.11.22-20.28.36:037][  0]LogAudioMixer: FMixerPlatformXAudio2::StartAudioStream() called
[2024.11.22-20.28.36:037][  0]LogAudioMixer: Display: Output buffers initialized: Frames=1024, Channels=2, Samples=2048
[2024.11.22-20.28.36:039][  0]LogAudioMixer: Display: Starting AudioMixerPlatformInterface::RunInternal()
[2024.11.22-20.28.36:039][  0]LogAudioMixer: Display: FMixerPlatformXAudio2::SubmitBuffer() called for the first time
[2024.11.22-20.28.36:039][  0]LogInit: FAudioDevice initialized.
[2024.11.22-20.28.36:041][  0]LogNetVersion: Set ProjectVersion to 1.0.0.0. Version Checksum will be recalculated on next use.
[2024.11.22-20.28.36:042][  0]LogInit: Texture streaming: Enabled
[2024.11.22-20.28.36:105][  0]LogAudio: Display: Audio Device (ID: 1) registered with world 'Untitled'.
[2024.11.22-20.28.36:105][  0]LogSlate: Updating window title bar state: overlay mode, drag disabled, window buttons hidden, title bar hidden
[2024.11.22-20.28.36:108][  0]LogInit: Display: Game Engine Initialized.
[2024.11.22-20.28.36:108][  0]LogNiagaraEditor: GEditor isn't valid! Particle reset commands will not work for Niagara components!
[2024.11.22-20.28.36:220][  0]LogInit: Display: Starting Game.
[2024.11.22-20.28.36:220][  0]LogNet: Browse: 127.0.0.1:17777/Game/StarterContent/Maps/Minimal_Default?Name=Player
[2024.11.22-20.28.36:220][  0]LogInit: WinSock: Socket queue. Rx: 32768 (config 32768) Tx: 32768 (config 32768)
[2024.11.22-20.28.36:220][  0]LogNet: Created socket for bind address: 0.0.0.0 on port 0
[2024.11.22-20.28.36:220][  0]PacketHandlerLog: Loaded PacketHandler component: Engine.EngineHandlerComponentFactory (StatelessConnectHandlerComponent)
[2024.11.22-20.28.36:220][  0]LogNet: Game client on port 17777, rate 100000
[2024.11.22-20.28.36:263][  0]LogInit: Display: Engine is initialized. Leaving FEngineLoop::Init()
[2024.11.22-20.28.36:263][  0]LogLoad: (Engine Initialization) Total time: 4.77 seconds
[2024.11.22-20.28.36:263][  0]LogLoad: (Engine Initialization) Total Blueprint compile time: 0.00 seconds
[2024.11.22-20.28.36:267][  0]LogContentStreaming: Texture pool size now 1000 MB
[2024.11.22-20.28.37:530][ 13]LogHandshake: SendChallengeResponse. Timestamp: 47.859988, Cookie: 050105184170098241044194087002183063205108192096207146224118
[2024.11.22-20.28.37:871][622]LogNetVersion: AssimpProject 1.0.0.0, NetCL: 17155196, EngineNetVer: 17, GameNetVer: 0 (Checksum: 2596481399)
[2024.11.22-20.28.37:871][622]LogNet: UPendingNetGame::SendInitialJoin: Sending hello. [UNetConnection] RemoteAddr: 127.0.0.1:17777, Name: IpConnection_0, Driver: PendingNetDriver IpNetDriver_0, IsServer: NO, PC: NULL, Owner: NULL, UniqueId: INVALID
[2024.11.22-20.29.04:346][508]LogSlate: Window 'AssimpProject (64-bit Development PCD3D_SM5) ' being destroyed
[2024.11.22-20.29.04:353][508]LogWindowsTextInputMethodSystem: Display: IME system deactivated.
[2024.11.22-20.29.04:362][509]LogSlate: Updating window title bar state: overlay mode, drag disabled, window buttons hidden, title bar hidden
[2024.11.22-20.29.04:362][509]LogEngine: All Windows Closed
[2024.11.22-20.29.04:362][509]LogWindows: FPlatformMisc::RequestExit(0)
[2024.11.22-20.29.04:362][509]LogWindows: FPlatformMisc::RequestExitWithStatus(0, 0)
[2024.11.22-20.29.04:362][509]LogCore: Engine exit requested (reason: Win RequestExit)
[2024.11.22-20.29.04:363][510]LogCore: Engine exit requested (reason: EngineExit() was called; note: exit was already requested)
[2024.11.22-20.29.04:363][510]LogInit: Display: PreExit Game.
[2024.11.22-20.29.04:374][510]LogNet: UNetConnection::Close: [UNetConnection] RemoteAddr: 127.0.0.1:17777, Name: IpConnection_0, Driver: PendingNetDriver IpNetDriver_0, IsServer: NO, PC: NULL, Owner: NULL, UniqueId: INVALID, Channels: 2, Time: 2024.11.22-20.29.04
[2024.11.22-20.29.04:374][510]LogNet: UChannel::Close: Sending CloseBunch. ChIndex == 0. Name: [UChannel] ChIndex: 0, Closing: 0 [UNetConnection] RemoteAddr: 127.0.0.1:17777, Name: IpConnection_0, Driver: PendingNetDriver IpNetDriver_0, IsServer: NO, PC: NULL, Owner: NULL, UniqueId: INVALID
[2024.11.22-20.29.04:374][510]LogNet: DestroyNamedNetDriver IpNetDriver_0 [PendingNetDriver]
[2024.11.22-20.29.04:374][510]LogExit: PendingNetDriver IpNetDriver_0 shut down
[2024.11.22-20.29.04:374][510]LogWorld: BeginTearingDown for /Temp/Untitled_0
[2024.11.22-20.29.04:374][510]LogWorld: UWorld::CleanupWorld for Untitled, bSessionEnded=true, bCleanupResources=true
[2024.11.22-20.29.04:374][510]LogSlate: InvalidateAllWidgets triggered.  All widgets were invalidated
[2024.11.22-20.29.04:941][510]LogAudio: Display: Beginning Audio Device Manager Shutdown (Module: AudioMixerXAudio2)...
[2024.11.22-20.29.04:941][510]LogAudio: Display: Destroying 1 Remaining Audio Device(s)...
[2024.11.22-20.29.04:941][510]LogAudio: Display: Audio Device unregistered from world 'Untitled'.
[2024.11.22-20.29.04:943][510]LogAudioMixer: FMixerPlatformXAudio2::StopAudioStream() called
[2024.11.22-20.29.04:944][510]LogAudioMixer: FMixerPlatformXAudio2::StopAudioStream() called
[2024.11.22-20.29.04:947][510]LogAudio: Display: Audio Device Manager Shutdown
[2024.11.22-20.29.04:949][510]LogExit: Preparing to exit.
[2024.11.22-20.29.05:526][510]LogSlate: Updating window title bar state: overlay mode, drag disabled, window buttons hidden, title bar hidden
[2024.11.22-20.29.05:528][510]LogUObjectHash: Compacting FUObjectHashTables data took   0.89ms
[2024.11.22-20.29.05:555][510]LogMoviePlayer: Shutting down movie player
[2024.11.22-20.29.05:731][510]LogDemo: Cleaned up 0 splitscreen connections with owner deletion
[2024.11.22-20.29.05:738][510]LogExit: Game engine shut down
[2024.11.22-20.29.05:793][510]LogExit: Object subsystem successfully closed.
[2024.11.22-20.29.05:822][510]LogShaderCompilers: Display: === FShaderJobCache stats ===
[2024.11.22-20.29.05:822][510]LogShaderCompilers: Display: Total job queries 0, among them cache hits 0 (0.00%)
[2024.11.22-20.29.05:822][510]LogShaderCompilers: Display: Tracking 0 distinct input hashes that result in 0 distinct outputs (0.00%)
[2024.11.22-20.29.05:822][510]LogShaderCompilers: Display: RAM used: 0.00 MB (0.00 GB) of 1638.40 MB (1.60 GB) budget. Usage: 0.00%
[2024.11.22-20.29.05:822][510]LogShaderCompilers: Display: ================================================
[2024.11.22-20.29.05:833][510]LogShaderCompilers: Display: Shaders left to compile 0
[2024.11.22-20.29.05:857][510]LogModuleManager: Shutting down and abandoning module SequenceRecorderSections (552)
[2024.11.22-20.29.05:857][510]LogModuleManager: Shutting down and abandoning module SequenceRecorder (550)
[2024.11.22-20.29.05:857][510]LogModuleManager: Shutting down and abandoning module AutomationController (548)
[2024.11.22-20.29.05:857][510]LogModuleManager: Shutting down and abandoning module AutomationWorker (546)
[2024.11.22-20.29.05:857][510]LogModuleManager: Shutting down and abandoning module SteamVREditor (544)
[2024.11.22-20.29.05:859][510]LogModuleManager: Shutting down and abandoning module ToolMenus (543)
[2024.11.22-20.29.05:859][510]LogModuleManager: Shutting down and abandoning module OculusMR (540)
[2024.11.22-20.29.05:859][510]LogModuleManager: Shutting down and abandoning module OpenXRInput (538)
[2024.11.22-20.29.05:859][510]LogModuleManager: Shutting down and abandoning module TakeRecorderSources (536)
[2024.11.22-20.29.05:859][510]LogModuleManager: Shutting down and abandoning module TakeRecorder (535)
[2024.11.22-20.29.05:859][510]LogModuleManager: Shutting down and abandoning module TakeTrackRecorders (532)
[2024.11.22-20.29.05:859][510]LogModuleManager: Shutting down and abandoning module TakesCore (530)
[2024.11.22-20.29.05:859][510]LogModuleManager: Shutting down and abandoning module WmfMediaFactory (528)
[2024.11.22-20.29.05:859][510]LogModuleManager: Shutting down and abandoning module WebMMediaFactory (526)
[2024.11.22-20.29.05:859][510]LogModuleManager: Shutting down and abandoning module WebMMedia (524)
[2024.11.22-20.29.05:859][510]LogModuleManager: Shutting down and abandoning module OpenExrWrapper (522)
[2024.11.22-20.29.05:859][510]LogModuleManager: Shutting down and abandoning module ImgMediaFactory (520)
[2024.11.22-20.29.05:859][510]LogModuleManager: Shutting down and abandoning module AvfMediaFactory (518)
[2024.11.22-20.29.05:859][510]LogModuleManager: Shutting down and abandoning module PlanarCut (516)
[2024.11.22-20.29.05:859][510]LogModuleManager: Shutting down and abandoning module MagicLeapMediaCodecFactory (514)
[2024.11.22-20.29.05:859][510]LogModuleManager: Shutting down and abandoning module MagicLeapMediaFactory (512)
[2024.11.22-20.29.05:859][510]LogModuleManager: Shutting down and abandoning module CharacterAI (510)
[2024.11.22-20.29.05:859][510]LogModuleManager: Shutting down and abandoning module SessionServices (508)
[2024.11.22-20.29.05:859][510]LogModuleManager: Shutting down and abandoning module MovieSceneCapture (506)
[2024.11.22-20.29.05:859][510]LogModuleManager: Shutting down and abandoning module LiveCoding (504)
[2024.11.22-20.29.05:859][510]LogModuleManager: Shutting down and abandoning module LevelSequence (502)
[2024.11.22-20.29.05:859][510]LogModuleManager: Shutting down and abandoning module MovieSceneTracks (500)
[2024.11.22-20.29.05:860][510]LogModuleManager: Shutting down and abandoning module MovieScene (498)
[2024.11.22-20.29.05:860][510]LogModuleManager: Shutting down and abandoning module StreamingPauseRendering (496)
[2024.11.22-20.29.05:860][510]LogModuleManager: Shutting down and abandoning module PortalServices (494)
[2024.11.22-20.29.05:860][510]LogModuleManager: Shutting down and abandoning module PortalRpc (492)
[2024.11.22-20.29.05:860][510]LogModuleManager: Shutting down and abandoning module MessagingRpc (490)
[2024.11.22-20.29.05:860][510]LogModuleManager: Shutting down and abandoning module AudioMixerXAudio2 (488)
[2024.11.22-20.29.05:860][510]LogModuleManager: Shutting down and abandoning module AudioMixerCore (487)
[2024.11.22-20.29.05:860][510]LogModuleManager: Shutting down and abandoning module ImageWriteQueue (484)
[2024.11.22-20.29.05:867][510]LogModuleManager: Shutting down and abandoning module ProfilerService (482)
[2024.11.22-20.29.05:940][510]LogModuleManager: Shutting down and abandoning module TaskGraph (480)
[2024.11.22-20.29.05:941][510]LogModuleManager: Shutting down and abandoning module OculusInput (478)
[2024.11.22-20.29.05:941][510]LogModuleManager: Shutting down and abandoning module Synthesis (476)
[2024.11.22-20.29.05:942][510]LogModuleManager: Shutting down and abandoning module ProceduralMeshComponent (474)
[2024.11.22-20.29.05:942][510]LogModuleManager: Shutting down and abandoning module MobilePatchingUtils (472)
[2024.11.22-20.29.05:942][510]LogModuleManager: Shutting down and abandoning module TakeMovieScene (470)
[2024.11.22-20.29.05:942][510]LogModuleManager: Shutting down and abandoning module GooglePAD (468)
[2024.11.22-20.29.05:942][510]LogModuleManager: Shutting down and abandoning module CableComponent (466)
[2024.11.22-20.29.05:942][510]LogModuleManager: Shutting down and abandoning module EditableMesh (464)
[2024.11.22-20.29.05:942][510]LogModuleManager: Shutting down and abandoning module CustomMeshComponent (462)
[2024.11.22-20.29.05:942][510]LogModuleManager: Shutting down and abandoning module AudioCapture (460)
[2024.11.22-20.29.05:942][510]LogModuleManager: Shutting down and abandoning module AudioCaptureRtAudio (459)
[2024.11.22-20.29.05:942][510]LogModuleManager: Shutting down and abandoning module AssetTags (456)
[2024.11.22-20.29.05:942][510]LogModuleManager: Shutting down and abandoning module ArchVisCharacter (454)
[2024.11.22-20.29.05:942][510]LogModuleManager: Shutting down and abandoning module AppleImageUtilsBlueprintSupport (452)
[2024.11.22-20.29.05:942][510]LogModuleManager: Shutting down and abandoning module AppleImageUtils (450)
[2024.11.22-20.29.05:942][510]LogModuleManager: Shutting down and abandoning module AndroidPermission (448)
[2024.11.22-20.29.05:942][510]LogModuleManager: Shutting down and abandoning module ActorLayerUtilities (446)
[2024.11.22-20.29.05:942][510]LogModuleManager: Shutting down and abandoning module TemplateSequence (444)
[2024.11.22-20.29.05:942][510]LogModuleManager: Shutting down and abandoning module MediaCompositing (442)
[2024.11.22-20.29.05:942][510]LogModuleManager: Shutting down and abandoning module ImgMedia (440)
[2024.11.22-20.29.05:942][510]LogModuleManager: Shutting down and abandoning module VisualStudioCodeSourceCodeAccess (438)
[2024.11.22-20.29.05:942][510]LogModuleManager: Shutting down and abandoning module VisualStudioSourceCodeAccess (436)
[2024.11.22-20.29.05:942][510]LogModuleManager: Shutting down and abandoning module HotReload (435)
[2024.11.22-20.29.05:942][510]LogModuleManager: Shutting down and abandoning module UObjectPlugin (432)
[2024.11.22-20.29.05:942][510]LogModuleManager: Shutting down and abandoning module SubversionSourceControl (430)
[2024.11.22-20.29.05:942][510]LogModuleManager: Shutting down and abandoning module PerforceSourceControl (428)
[2024.11.22-20.29.05:942][510]LogModuleManager: Shutting down and abandoning module SourceControl (427)
[2024.11.22-20.29.05:942][510]LogModuleManager: Shutting down and abandoning module CLionSourceCodeAccess (424)
[2024.11.22-20.29.05:942][510]LogModuleManager: Shutting down and abandoning module MotoSynth (422)
[2024.11.22-20.29.05:942][510]LogModuleManager: Shutting down and abandoning module OpenImageDenoise (420)
[2024.11.22-20.29.05:942][510]LogOpenImageDenoise: OIDN shutting down
[2024.11.22-20.29.05:942][510]LogModuleManager: Shutting down and abandoning module MagicLeapSharedWorld (418)
[2024.11.22-20.29.05:942][510]LogModuleManager: Shutting down and abandoning module MagicLeapLightEstimation (416)
[2024.11.22-20.29.05:942][510]LogModuleManager: Shutting down and abandoning module MeshConversion (414)
[2024.11.22-20.29.05:942][510]LogModuleManager: Shutting down and abandoning module DynamicMesh (412)
[2024.11.22-20.29.05:944][510]LogModuleManager: Shutting down and abandoning module GeometryAlgorithms (410)
[2024.11.22-20.29.05:944][510]LogModuleManager: Shutting down and abandoning module GeometricObjects (408)
[2024.11.22-20.29.05:945][510]LogModuleManager: Shutting down and abandoning module MagicLeapHelperVulkan (406)
[2024.11.22-20.29.05:945][510]LogModuleManager: Shutting down and abandoning module MagicLeapHelperOpenGL (404)
[2024.11.22-20.29.05:945][510]LogModuleManager: Shutting down and abandoning module MagicLeapAudio (402)
[2024.11.22-20.29.05:945][510]LogModuleManager: Shutting down and abandoning module GeometryCollectionTracks (400)
[2024.11.22-20.29.05:945][510]LogModuleManager: Shutting down and abandoning module GeometryCollectionSequencer (399)
[2024.11.22-20.29.05:945][510]LogModuleManager: Shutting down and abandoning module GeometryCacheTracks (396)
[2024.11.22-20.29.05:945][510]LogModuleManager: Shutting down and abandoning module GeometryCacheSequencer (395)
[2024.11.22-20.29.05:945][510]LogModuleManager: Shutting down and abandoning module GeometryCache (392)
[2024.11.22-20.29.05:945][510]LogModuleManager: Shutting down and abandoning module GeometryCacheEd (391)
[2024.11.22-20.29.05:945][510]LogModuleManager: Shutting down and abandoning module ChaosNiagara (388)
[2024.11.22-20.29.05:945][510]LogModuleManager: Shutting down and abandoning module FieldSystemEngine (387)
[2024.11.22-20.29.05:945][510]LogModuleManager: Shutting down and abandoning module AutomationUtils (384)
[2024.11.22-20.29.05:945][510]LogModuleManager: Shutting down and abandoning module BackChannel (382)
[2024.11.22-20.29.05:945][510]LogModuleManager: Shutting down and abandoning module OodleNetworkHandlerComponent (380)
[2024.11.22-20.29.05:945][510]LogModuleManager: Shutting down and abandoning module LiveLinkSequencer (378)
[2024.11.22-20.29.05:945][510]LogModuleManager: Shutting down and abandoning module LiveLinkMovieScene (376)
[2024.11.22-20.29.05:945][510]LogModuleManager: Shutting down and abandoning module LiveLinkGraphNode (374)
[2024.11.22-20.29.05:945][510]LogModuleManager: Shutting down and abandoning module LiveLinkComponents (372)
[2024.11.22-20.29.05:945][510]LogModuleManager: Shutting down and abandoning module LiveLink (370)
[2024.11.22-20.29.06:579][510]LogModuleManager: Shutting down and abandoning module AssimpProject (368)
[2024.11.22-20.29.06:579][510]LogModuleManager: Shutting down and abandoning module UE_Assimp (366)
[2024.11.22-20.29.06:579][510]LogModuleManager: Shutting down and abandoning module SoundFields (364)
[2024.11.22-20.29.06:579][510]LogModuleManager: Shutting down and abandoning module SignificanceManager (362)
[2024.11.22-20.29.06:579][510]LogModuleManager: Shutting down and abandoning module RuntimePhysXCooking (360)
[2024.11.22-20.29.06:579][510]LogModuleManager: Shutting down and abandoning module PropertyAccessEditor (358)
[2024.11.22-20.29.06:579][510]LogModuleManager: Shutting down and abandoning module PhysXVehiclesEditor (356)
[2024.11.22-20.29.06:579][510]LogModuleManager: Shutting down and abandoning module LocationServicesBPLibrary (352)
[2024.11.22-20.29.06:579][510]LogModuleManager: Shutting down and abandoning module AudioSynesthesia (350)
[2024.11.22-20.29.06:579][510]LogModuleManager: Shutting down and abandoning module AudioSynesthesiaCore (348)
[2024.11.22-20.29.06:579][510]LogModuleManager: Shutting down and abandoning module UdpMessaging (346)
[2024.11.22-20.29.06:681][510]LogModuleManager: Shutting down and abandoning module TcpMessaging (344)
[2024.11.22-20.29.06:781][510]LogModuleManager: Shutting down and abandoning module ActorSequence (342)
[2024.11.22-20.29.06:781][510]LogModuleManager: Shutting down and abandoning module ImgMediaEngine (340)
[2024.11.22-20.29.06:781][510]LogModuleManager: Shutting down and abandoning module NiagaraAnimNotifies (338)
[2024.11.22-20.29.06:781][510]LogModuleManager: Shutting down and abandoning module Niagara (336)
[2024.11.22-20.29.06:782][510]LogModuleManager: Shutting down and abandoning module SignalProcessing (335)
[2024.11.22-20.29.06:782][510]LogModuleManager: Shutting down and abandoning module NiagaraEditor (333)
[2024.11.22-20.29.06:782][510]LogModuleManager: Shutting down and abandoning module ContentBrowser (332)
[2024.11.22-20.29.06:783][510]LogModuleManager: Shutting down and abandoning module CollectionManager (331)
[2024.11.22-20.29.06:783][510]LogModuleManager: Shutting down and abandoning module DirectoryWatcher (330)
[2024.11.22-20.29.06:783][510]LogModuleManager: Shutting down and abandoning module ContentBrowserData (327)
[2024.11.22-20.29.06:783][510]LogModuleManager: Shutting down and abandoning module NiagaraCore (322)
[2024.11.22-20.29.06:783][510]LogModuleManager: Shutting down and abandoning module PropertyAccessNode (320)
[2024.11.22-20.29.06:783][510]LogModuleManager: Shutting down and abandoning module PythonScriptPlugin (318)
[2024.11.22-20.29.06:783][510]LogModuleManager: Shutting down and abandoning module MagicLeapARPin (316)
[2024.11.22-20.29.06:783][510]LogModuleManager: Shutting down and abandoning module MagicLeapHandMeshing (314)
[2024.11.22-20.29.06:783][510]LogModuleManager: Shutting down and abandoning module MagicLeapSecureStorage (312)
[2024.11.22-20.29.06:783][510]LogModuleManager: Shutting down and abandoning module MagicLeapPrivileges (310)
[2024.11.22-20.29.06:783][510]LogModuleManager: Shutting down and abandoning module MagicLeapPlanes (308)
[2024.11.22-20.29.06:783][510]LogMagicLeapPlanes: Planes tracker already destroyed.
[2024.11.22-20.29.06:783][510]LogModuleManager: Shutting down and abandoning module MagicLeapImageTracker (306)
[2024.11.22-20.29.06:783][510]LogModuleManager: Shutting down and abandoning module MagicLeapIdentity (304)
[2024.11.22-20.29.06:783][510]LogModuleManager: Shutting down and abandoning module MagicLeapHandTracking (302)
[2024.11.22-20.29.06:783][510]LogModuleManager: Shutting down and abandoning module MagicLeapEyeTracker (300)
[2024.11.22-20.29.06:783][510]LogModuleManager: Shutting down and abandoning module MagicLeapController (298)
[2024.11.22-20.29.06:783][510]LogModuleManager: Shutting down and abandoning module MagicLeapARPinImpl (296)
[2024.11.22-20.29.06:783][510]LogModuleManager: Shutting down and abandoning module MagicLeapAR (294)
[2024.11.22-20.29.06:784][510]LogModuleManager: Shutting down and abandoning module AnimationSharing (292)
[2024.11.22-20.29.06:784][510]LogModuleManager: Shutting down and abandoning module LightPropagationVolumeRuntime (290)
[2024.11.22-20.29.06:784][510]LogModuleManager: Shutting down and abandoning module FacialAnimation (288)
[2024.11.22-20.29.06:784][510]LogModuleManager: Shutting down and abandoning module GameplayTagsEditor (286)
[2024.11.22-20.29.06:784][510]LogModuleManager: Shutting down and abandoning module AssetManagerEditor (284)
[2024.11.22-20.29.06:784][510]LogModuleManager: Shutting down and abandoning module TreeMap (283)
[2024.11.22-20.29.06:784][510]LogModuleManager: Shutting down and abandoning module GameplayCameras (280)
[2024.11.22-20.29.06:784][510]LogModuleManager: Shutting down and abandoning module EnvironmentQueryEditor (278)
[2024.11.22-20.29.06:785][510]LogModuleManager: Shutting down and abandoning module Paper2D (276)
[2024.11.22-20.29.06:785][510]LogModuleManager: Shutting down and abandoning module WindowsMoviePlayer (274)
[2024.11.22-20.29.06:785][510]LogModuleManager: Shutting down and abandoning module WebMMoviePlayer (272)
[2024.11.22-20.29.06:785][510]LogModuleManager: Shutting down and abandoning module NetworkReplayStreaming (270)
[2024.11.22-20.29.06:785][510]LogModuleManager: Shutting down and abandoning module PacketHandler (268)
[2024.11.22-20.29.06:785][510]LogModuleManager: Shutting down and abandoning module ClothingSystemEditor (266)
[2024.11.22-20.29.06:785][510]LogModuleManager: Shutting down and abandoning module ClothingSystemRuntimeNv (264)
[2024.11.22-20.29.06:787][510]LogModuleManager: Shutting down and abandoning module MediaAssets (262)
[2024.11.22-20.29.06:787][510]LogModuleManager: Shutting down and abandoning module Overlay (260)
[2024.11.22-20.29.06:787][510]LogModuleManager: Shutting down and abandoning module OverlayEditor (259)
[2024.11.22-20.29.06:787][510]LogModuleManager: Shutting down and abandoning module VREditor (256)
[2024.11.22-20.29.06:787][510]LogModuleManager: Shutting down and abandoning module StringTableEditor (254)
[2024.11.22-20.29.06:788][510]LogModuleManager: Shutting down and abandoning module GameplayTasksEditor (252)
[2024.11.22-20.29.06:788][510]LogModuleManager: Shutting down and abandoning module BehaviorTreeEditor (250)
[2024.11.22-20.29.06:788][510]LogModuleManager: Shutting down and abandoning module FunctionalTesting (248)
[2024.11.22-20.29.06:788][510]LogModuleManager: Shutting down and abandoning module CollisionAnalyzer (246)
[2024.11.22-20.29.06:788][510]LogModuleManager: Shutting down and abandoning module WorkspaceMenuStructure (245)
[2024.11.22-20.29.06:788][510]LogModuleManager: Shutting down and abandoning module UMG (242)
[2024.11.22-20.29.06:788][510]LogModuleManager: Shutting down and abandoning module UMGEditor (241)
[2024.11.22-20.29.06:788][510]LogModuleManager: Shutting down and abandoning module Sequencer (240)
[2024.11.22-20.29.06:788][510]LogModuleManager: Shutting down and abandoning module MessageLog (237)
[2024.11.22-20.29.06:788][510]LogModuleManager: Shutting down and abandoning module SlateReflector (232)
[2024.11.22-20.29.06:789][510]LogModuleManager: Shutting down and abandoning module Slate (230)
[2024.11.22-20.29.06:789][510]LogModuleManager: Shutting down and abandoning module SlateCore (228)
[2024.11.22-20.29.06:790][510]LogModuleManager: Shutting down and abandoning module LandscapeEditorUtilities (226)
[2024.11.22-20.29.06:790][510]LogModuleManager: Shutting down and abandoning module UnrealEd (224)
[2024.11.22-20.29.06:791][510]LogModuleManager: Shutting down and abandoning module MRMesh (222)
[2024.11.22-20.29.06:791][510]LogModuleManager: Shutting down and abandoning module Messaging (220)
[2024.11.22-20.29.06:791][510]LogModuleManager: Shutting down and abandoning module SourceCodeAccess (218)
[2024.11.22-20.29.06:791][510]LogModuleManager: Shutting down and abandoning module HeadMountedDisplay (216)
[2024.11.22-20.29.06:791][510]LogModuleManager: Shutting down and abandoning module XAudio2 (214)
[2024.11.22-20.29.06:791][510]LogModuleManager: Shutting down and abandoning module Networking (212)
[2024.11.22-20.29.06:791][510]LogModuleManager: Shutting down and abandoning module Core (210)
[2024.11.22-20.29.06:791][510]LogModuleManager: Shutting down and abandoning module MaterialEditor (208)
[2024.11.22-20.29.06:791][510]LogModuleManager: Shutting down and abandoning module MovieSceneTools (206)
[2024.11.22-20.29.06:791][510]LogModuleManager: Shutting down and abandoning module EditorStyle (205)
[2024.11.22-20.29.06:793][510]LogModuleManager: Shutting down and abandoning module KismetCompiler (202)
[2024.11.22-20.29.06:793][510]LogModuleManager: Shutting down and abandoning module MeshBuilder (200)
[2024.11.22-20.29.06:793][510]LogModuleManager: Shutting down and abandoning module MeshUtilities (198)
[2024.11.22-20.29.06:793][510]LogModuleManager: Shutting down and abandoning module MeshMergeUtilities (197)
[2024.11.22-20.29.06:793][510]LogModuleManager: Shutting down and abandoning module MeshReductionInterface (196)
[2024.11.22-20.29.06:793][510]LogModuleManager: Shutting down and abandoning module MeshBoneReduction (195)
[2024.11.22-20.29.06:793][510]LogModuleManager: Shutting down and abandoning module SkeletalMeshReduction (193)
[2024.11.22-20.29.06:794][510]LogModuleManager: Shutting down and abandoning module ProxyLODMeshReduction (191)
[2024.11.22-20.29.06:794][510]LogModuleManager: Shutting down and abandoning module QuadricMeshReduction (189)
[2024.11.22-20.29.06:794][510]LogModuleManager: Shutting down and abandoning module MaterialBaking (185)
[2024.11.22-20.29.06:794][510]LogModuleManager: Shutting down and abandoning module NullInstallBundleManager (180)
[2024.11.22-20.29.06:794][510]LogModuleManager: Shutting down and abandoning module PIEPreviewDeviceProfileSelector (178)
[2024.11.22-20.29.06:794][510]LogModuleManager: Shutting down and abandoning module DerivedDataCache (176)
[2024.11.22-20.29.06:794][510]LogModuleManager: Shutting down and abandoning module TargetPlatform (174)
[2024.11.22-20.29.06:794][510]LogModuleManager: Shutting down and abandoning module VulkanShaderFormat (173)
[2024.11.22-20.29.06:794][510]LogModuleManager: Shutting down and abandoning module ShaderFormatVectorVM (171)
[2024.11.22-20.29.06:795][510]LogModuleManager: Shutting down and abandoning module ShaderFormatOpenGL (169)
[2024.11.22-20.29.06:795][510]LogModuleManager: Shutting down and abandoning module ShaderFormatD3D (167)
[2024.11.22-20.29.06:795][510]LogModuleManager: Shutting down and abandoning module MetalShaderFormat (165)
[2024.11.22-20.29.06:795][510]LogModuleManager: Shutting down and abandoning module TextureFormatOodle (163)
[2024.11.22-20.29.06:795][510]LogModuleManager: Shutting down and abandoning module TextureFormatUncompressed (161)
[2024.11.22-20.29.06:795][510]LogModuleManager: Shutting down and abandoning module TextureFormatPVR (159)
[2024.11.22-20.29.06:795][510]LogModuleManager: Shutting down and abandoning module TextureFormatETC2 (157)
[2024.11.22-20.29.06:795][510]LogModuleManager: Shutting down and abandoning module TextureFormatDXT (155)
[2024.11.22-20.29.06:795][510]LogModuleManager: Shutting down and abandoning module TextureFormatIntelISPCTexComp (153)
[2024.11.22-20.29.06:795][510]LogModuleManager: Shutting down and abandoning module TextureFormatASTC (151)
[2024.11.22-20.29.06:795][510]LogModuleManager: Shutting down and abandoning module ImageWrapper (150)
[2024.11.22-20.29.06:795][510]LogModuleManager: Shutting down and abandoning module AudioFormatOpus (147)
[2024.11.22-20.29.06:795][510]LogModuleManager: Shutting down and abandoning module AudioFormatOgg (145)
[2024.11.22-20.29.06:795][510]LogModuleManager: Shutting down and abandoning module AudioFormatADPCM (143)
[2024.11.22-20.29.06:795][510]LogModuleManager: Shutting down and abandoning module WindowsServerTargetPlatform (141)
[2024.11.22-20.29.06:795][510]LogModuleManager: Shutting down and abandoning module WindowsClientTargetPlatform (139)
[2024.11.22-20.29.06:795][510]LogModuleManager: Shutting down and abandoning module WindowsTargetPlatform (137)
[2024.11.22-20.29.06:795][510]LogModuleManager: Shutting down and abandoning module WindowsNoEditorTargetPlatform (135)
[2024.11.22-20.29.06:795][510]LogModuleManager: Shutting down and abandoning module D3D11RHI (132)
[2024.11.22-20.29.06:795][510]LogModuleManager: Shutting down and abandoning module InputCore (130)
[2024.11.22-20.29.06:795][510]LogModuleManager: Shutting down and abandoning module Settings (128)
[2024.11.22-20.29.06:795][510]LogModuleManager: Shutting down and abandoning module PhysXCooking (126)
[2024.11.22-20.29.06:795][510]LogModuleManager: Shutting down and abandoning module Chaos (124)
[2024.11.22-20.29.06:795][510]LogModuleManager: Shutting down and abandoning module WindowsPlatformFeatures (122)
[2024.11.22-20.29.06:795][510]LogModuleManager: Shutting down and abandoning module GameplayMediaEncoder (121)
[2024.11.22-20.29.06:795][510]LogModuleManager: Shutting down and abandoning module AVEncoder (120)
[2024.11.22-20.29.06:795][510]LogModuleManager: Shutting down and abandoning module SteamVRInputDevice (116)
[2024.11.22-20.29.06:795][510]LogModuleManager: Shutting down and abandoning module SteamVRInput (114)
[2024.11.22-20.29.06:795][510]LogModuleManager: Shutting down and abandoning module SteamVR (112)
[2024.11.22-20.29.06:795][510]LogHMD: Freeing OpenVRDLLHandle.
[2024.11.22-20.29.06:795][510]LogModuleManager: Shutting down and abandoning module OculusHMD (110)
[2024.11.22-20.29.06:795][510]LogModuleManager: Shutting down and abandoning module OpenXRHandTracking (108)
[2024.11.22-20.29.06:795][510]LogSlate: Slate User Destroyed.  User Index 0, Is Virtual User: 0
[2024.11.22-20.29.06:795][510]LogModuleManager: Shutting down and abandoning module OpenXREyeTracker (106)
[2024.11.22-20.29.06:795][510]LogModuleManager: Shutting down and abandoning module OpenXRAR (104)
[2024.11.22-20.29.06:795][510]LogModuleManager: Shutting down and abandoning module AugmentedReality (103)
[2024.11.22-20.29.06:795][510]LogModuleManager: Shutting down and abandoning module OpenXRHMD (100)
[2024.11.22-20.29.06:795][510]LogModuleManager: Shutting down and abandoning module ExampleDeviceProfileSelector (98)
[2024.11.22-20.29.06:795][510]LogModuleManager: Shutting down and abandoning module ChunkDownloader (96)
[2024.11.22-20.29.06:797][510]LogModuleManager: Shutting down and abandoning module LauncherChunkInstaller (94)
[2024.11.22-20.29.06:797][510]LogModuleManager: Shutting down and abandoning module OnlineSubsystem (92)
[2024.11.22-20.29.06:798][510]LogModuleManager: Shutting down and abandoning module XMPP (87)
[2024.11.22-20.29.06:798][510]LogModuleManager: Shutting down and abandoning module WebSockets (86)
[2024.11.22-20.29.06:807][510]LogModuleManager: Shutting down and abandoning module HTTP (83)
[2024.11.22-20.29.06:807][510]LogHttp: Display: cleaning up 0 outstanding Http requests.
[2024.11.22-20.29.06:831][510]LogModuleManager: Shutting down and abandoning module SSL (82)
[2024.11.22-20.29.06:832][510]LogModuleManager: Shutting down and abandoning module OnlineBlueprintSupport (78)
[2024.11.22-20.29.06:832][510]LogModuleManager: Shutting down and abandoning module WmfMedia (74)
[2024.11.22-20.29.06:834][510]LogModuleManager: Shutting down and abandoning module Media (73)
[2024.11.22-20.29.06:835][510]LogModuleManager: Shutting down and abandoning module MediaInfo (72)
[2024.11.22-20.29.06:835][510]LogModuleManager: Shutting down and abandoning module ExrReaderGpu (68)
[2024.11.22-20.29.06:835][510]LogModuleManager: Shutting down and abandoning module NiagaraVertexFactories (66)
[2024.11.22-20.29.06:835][510]LogModuleManager: Shutting down and abandoning module NiagaraShader (64)
[2024.11.22-20.29.06:835][510]LogModuleManager: Shutting down and abandoning module PixWinPlugin (62)
[2024.11.22-20.29.06:835][510]LogModuleManager: Shutting down and abandoning module MLSDK (60)
[2024.11.22-20.29.06:835][510]LogModuleManager: Shutting down and abandoning module MagicLeap (58)
[2024.11.22-20.29.06:835][510]LogModuleManager: Shutting down and abandoning module ChaosCloth (56)
[2024.11.22-20.29.06:835][510]LogModuleManager: Shutting down and abandoning module VariantManagerContent (54)
[2024.11.22-20.29.06:835][510]LogModuleManager: Shutting down and abandoning module DatasmithContent (52)
[2024.11.22-20.29.06:835][510]LogModuleManager: Shutting down and abandoning module AISupportModule (50)
[2024.11.22-20.29.06:836][510]LogModuleManager: Shutting down and abandoning module DesktopPlatform (48)
[2024.11.22-20.29.06:836][510]LogModuleManager: Shutting down and abandoning module PythonScriptPluginPreload (46)
[2024.11.22-20.29.06:836][510]LogModuleManager: Shutting down and abandoning module PlatformCryptoOpenSSL (44)
[2024.11.22-20.29.06:836][510]LogModuleManager: Shutting down and abandoning module PlatformCryptoTypes (42)
[2024.11.22-20.29.06:836][510]LogModuleManager: Shutting down and abandoning module PlatformCrypto (40)
[2024.11.22-20.29.06:836][510]LogModuleManager: Shutting down and abandoning module OodleDataCompressionFormat (38)
[2024.11.22-20.29.06:836][510]LogModuleManager: Shutting down and abandoning module XGEController (36)
[2024.11.22-20.29.06:836][510]LogModuleManager: Shutting down and abandoning module AnimationModifiers (34)
[2024.11.22-20.29.06:836][510]LogModuleManager: Shutting down and abandoning module AudioEditor (32)
[2024.11.22-20.29.06:837][510]LogModuleManager: Shutting down and abandoning module PropertyEditor (31)
[2024.11.22-20.29.06:837][510]LogModuleManager: Shutting down and abandoning module TextureCompressor (28)
[2024.11.22-20.29.06:837][510]LogModuleManager: Shutting down and abandoning module RenderCore (26)
[2024.11.22-20.29.06:837][510]LogModuleManager: Shutting down and abandoning module Landscape (24)
[2024.11.22-20.29.06:837][510]LogModuleManager: Shutting down and abandoning module SlateRHIRenderer (22)
[2024.11.22-20.29.06:837][510]LogModuleManager: Shutting down and abandoning module AnimGraphRuntime (20)
[2024.11.22-20.29.06:837][510]LogModuleManager: Shutting down and abandoning module Renderer (18)
[2024.11.22-20.29.06:837][510]LogModuleManager: Shutting down and abandoning module Engine (16)
[2024.11.22-20.29.06:838][510]LogModuleManager: Shutting down and abandoning module CoreUObject (14)
[2024.11.22-20.29.06:838][510]LogModuleManager: Shutting down and abandoning module NetworkFile (12)
[2024.11.22-20.29.06:838][510]LogModuleManager: Shutting down and abandoning module CookedIterativeFile (10)
[2024.11.22-20.29.06:838][510]LogModuleManager: Shutting down and abandoning module StreamingFile (8)
[2024.11.22-20.29.06:838][510]LogModuleManager: Shutting down and abandoning module SandboxFile (6)
[2024.11.22-20.29.06:838][510]LogModuleManager: Shutting down and abandoning module PakFile (4)
[2024.11.22-20.29.06:838][510]LogModuleManager: Shutting down and abandoning module RSA (3)
[2024.11.22-20.29.06:864][510]LogContentStreaming: Display: There are 1 unreleased StreamingManagers
[2024.11.22-20.29.06:889][510]LogD3D11RHI: Shutdown
[2024.11.22-20.29.06:889][510]LogD3D11RHI: CleanupD3DDevice
[2024.11.22-20.29.06:891][510]LogExit: Exiting.
[2024.11.22-20.29.06:896][510]Log file closed, 11/22/24 21:29:06
