Log file open, 11/22/24 22:43:43
LogWindows: Failed to load 'aqProf.dll' (GetLastError=126)
LogWindows: File 'aqProf.dll' does not exist
LogWindows: Failed to load 'VtuneApi.dll' (GetLastError=126)
LogWindows: File 'VtuneApi.dll' does not exist
LogWindows: Failed to load 'VtuneApi32e.dll' (GetLastError=126)
LogWindows: File 'VtuneApi32e.dll' does not exist
LogConsoleResponse: Display: Failed to find resolution value strings in scalability ini. Falling back to default.
LogConsoleResponse: Display: Failed to find resolution value strings in scalability ini. Falling back to default.
LogInit: Display: Running engine for game: AssimpProject
LogPlatformFile: Not using cached read wrapper
LogTaskGraph: Started task graph with 5 named threads and 47 total threads with 3 sets of task threads.
LogStats: Stats thread started at 0.241051
LogICUInternationalization: ICU TimeZone Detection - Raw Offset: +1:00, Platform Override: ''
LogInit: Display: Loading text-based GConfig....
LogPluginManager: Mounting plugin MeshPainting
LogPluginManager: Mounting plugin XGEController
LogPluginManager: Mounting plugin EnvironmentQueryEditor
LogPluginManager: Mounting plugin AISupport
LogPluginManager: Mounting plugin CameraShakePreviewer
LogPluginManager: Mounting plugin LightPropagationVolume
LogPluginManager: Mounting plugin Paper2D
LogPluginManager: Mounting plugin LiveLink
LogPluginManager: Mounting plugin OodleNetwork
LogPluginManager: Mounting plugin GameplayCameras
LogPluginManager: Mounting plugin DatasmithContent
LogPluginManager: Mounting plugin AssetManagerEditor
LogPluginManager: Mounting plugin OodleData
LogPluginManager: Mounting plugin VariantManagerContent
LogPluginManager: Mounting plugin DataValidation
LogPluginManager: Mounting plugin CurveEditorTools
LogPluginManager: Mounting plugin FacialAnimation
LogPluginManager: Mounting plugin GeometryMode
LogPluginManager: Mounting plugin MacGraphicsSwitching
LogPluginManager: Mounting plugin CryptoKeys
LogPluginManager: Mounting plugin MaterialAnalyzer
LogPluginManager: Mounting plugin PluginBrowser
LogPluginManager: Mounting plugin Niagara
LogPluginManager: Mounting plugin SpeedTreeImporter
LogPluginManager: Mounting plugin GameplayTagsEditor
LogPluginManager: Mounting plugin MobileLauncherProfileWizard
LogPluginManager: Mounting plugin GitSourceControl
LogPluginManager: Mounting plugin CLionSourceCodeAccess
LogPluginManager: Mounting plugin NullSourceCodeAccess
LogPluginManager: Mounting plugin KDevelopSourceCodeAccess
LogPluginManager: Mounting plugin PixWinPlugin
LogPluginManager: Mounting plugin CodeLiteSourceCodeAccess
LogPluginManager: Mounting plugin PluginUtils
LogPluginManager: Mounting plugin AnimationSharing
LogPluginManager: Mounting plugin PlasticSourceControl
LogPluginManager: Mounting plugin PerforceSourceControl
LogPluginManager: Mounting plugin PropertyAccessNode
LogPluginManager: Mounting plugin AndroidMedia
LogPluginManager: Mounting plugin AvfMedia
LogPluginManager: Mounting plugin RiderSourceCodeAccess
LogPluginManager: Mounting plugin SubversionSourceControl
LogPluginManager: Mounting plugin ImgMedia
LogPluginManager: Mounting plugin TextureFormatOodle
LogPluginManager: Mounting plugin MediaCompositing
LogPluginManager: Mounting plugin UObjectPlugin
LogPluginManager: Mounting plugin MediaPlayerEditor
LogPluginManager: Mounting plugin WebMMedia
LogPluginManager: Mounting plugin VisualStudioCodeSourceCodeAccess
LogPluginManager: Mounting plugin WmfMedia
LogPluginManager: Mounting plugin XCodeSourceCodeAccess
LogPluginManager: Mounting plugin AlembicImporter
LogPluginManager: Mounting plugin VisualStudioSourceCodeAccess
LogPluginManager: Mounting plugin AutomationUtils
LogPluginManager: Mounting plugin ChaosCloth
LogPluginManager: Mounting plugin ChaosClothEditor
LogPluginManager: Mounting plugin ChaosEditor
LogPluginManager: Mounting plugin ChaosNiagara
LogPluginManager: Mounting plugin CharacterAI
LogPluginManager: Mounting plugin ChaosSolverPlugin
LogPluginManager: Mounting plugin GeometryCache
LogPluginManager: Mounting plugin GeometryCollectionPlugin
LogPluginManager: Mounting plugin BackChannel
LogPluginManager: Mounting plugin GeometryProcessing
LogPluginManager: Mounting plugin OpenImageDenoise
LogPluginManager: Mounting plugin MotoSynth
LogPluginManager: Mounting plugin PlanarCut
LogPluginManager: Mounting plugin PlatformCrypto
LogPluginManager: Mounting plugin PythonScriptPlugin
LogPluginManager: Mounting plugin SkeletalReduction
LogPluginManager: Mounting plugin OnlineSubsystemNull
LogPluginManager: Mounting plugin OnlineSubsystem
LogPluginManager: Mounting plugin OnlineSubsystemUtils
LogPluginManager: Mounting plugin TcpMessaging
LogPluginManager: Mounting plugin ActorLayerUtilities
LogPluginManager: Mounting plugin AndroidMoviePlayer
LogPluginManager: Mounting plugin UdpMessaging
LogPluginManager: Mounting plugin AndroidPermission
LogPluginManager: Mounting plugin AndroidDeviceProfileSelector
LogPluginManager: Mounting plugin AppleImageUtils
LogPluginManager: Mounting plugin AppleMoviePlayer
LogPluginManager: Mounting plugin ArchVisCharacter
LogPluginManager: Mounting plugin ProxyLODPlugin
LogPluginManager: Mounting plugin AssetTags
LogPluginManager: Mounting plugin AudioSynesthesia
LogPluginManager: Mounting plugin AudioCapture
LogPluginManager: Mounting plugin CableComponent
LogPluginManager: Mounting plugin CustomMeshComponent
LogPluginManager: Mounting plugin EditableMesh
LogPluginManager: Mounting plugin GoogleCloudMessaging
LogPluginManager: Mounting plugin ChunkDownloader
LogPluginManager: Mounting plugin ExampleDeviceProfileSelector
LogPluginManager: Mounting plugin GooglePAD
LogPluginManager: Mounting plugin IOSDeviceProfileSelector
LogPluginManager: Mounting plugin LinuxDeviceProfileSelector
LogPluginManager: Mounting plugin LocationServicesBPLibrary
LogPluginManager: Mounting plugin MobilePatchingUtils
LogPluginManager: Mounting plugin OpenXR
LogPluginManager: Mounting plugin OpenXREyeTracker
LogPluginManager: Mounting plugin OpenXRHandTracking
LogPluginManager: Mounting plugin ActorSequence
LogPluginManager: Mounting plugin PhysXVehicles
LogPluginManager: Mounting plugin LevelSequenceEditor
LogPluginManager: Mounting plugin LauncherChunkInstaller
LogPluginManager: Mounting plugin PostSplashScreen
LogPluginManager: Mounting plugin ProceduralMeshComponent
LogPluginManager: Mounting plugin PropertyAccessEditor
LogPluginManager: Mounting plugin RuntimePhysXCooking
LogPluginManager: Mounting plugin TemplateSequence
LogPluginManager: Mounting plugin SignificanceManager
LogPluginManager: Mounting plugin SoundFields
LogPluginManager: Mounting plugin Synthesis
LogPluginManager: Mounting plugin WebMMoviePlayer
LogPluginManager: Mounting plugin WindowsMoviePlayer
LogPluginManager: Mounting plugin MatineeToLevelSequence
LogPluginManager: Mounting plugin Takes
LogPluginManager: Mounting plugin LuminPlatformFeatures
LogPluginManager: Mounting plugin ScreenshotTools
LogPluginManager: Mounting plugin MagicLeap
LogPluginManager: Mounting plugin MagicLeapLightEstimation
LogPluginManager: Mounting plugin MagicLeapMedia
LogPluginManager: Mounting plugin MagicLeapPassableWorld
LogPluginManager: Mounting plugin MLSDK
LogPluginManager: Mounting plugin ContentBrowserAssetDataSource
LogPluginManager: Mounting plugin ContentBrowserClassDataSource
LogPluginManager: Mounting plugin ContentBrowserFileDataSource
LogPluginManager: Mounting plugin OnlineSubsystemGooglePlay
LogPluginManager: Mounting plugin OnlineSubsystemIOS
LogPluginManager: Mounting plugin OculusVR
LogPluginManager: Mounting plugin SteamVR
LogPluginManager: Mounting plugin UE_Assimp
PixWinPlugin: PIX capture plugin failed to initialize! Check that the process is launched from PIX.
LogInit: Using libcurl 7.55.1-DEV
LogInit:  - built for x86_64-pc-win32
LogInit:  - supports SSL with OpenSSL/1.1.1
LogInit:  - supports HTTP deflate (compression) using libz 1.2.8
LogInit:  - other features:
LogInit:      CURL_VERSION_SSL
LogInit:      CURL_VERSION_LIBZ
LogInit:      CURL_VERSION_IPV6
LogInit:      CURL_VERSION_ASYNCHDNS
LogInit:      CURL_VERSION_LARGEFILE
LogInit:      CURL_VERSION_IDN
LogInit:  CurlRequestOptions (configurable via config and command line):
LogInit:  - bVerifyPeer = true  - Libcurl will verify peer certificate
LogInit:  - bUseHttpProxy = false  - Libcurl will NOT use HTTP proxy
LogInit:  - bDontReuseConnections = false  - Libcurl will reuse connections
LogInit:  - MaxHostConnections = 16  - Libcurl will limit the number of connections to a host
LogInit:  - LocalHostAddr = Default
LogInit:  - BufferSize = 65536
LogOnline: OSS: Creating online subsystem instance for: NULL
LogInit: WinSock: version 1.1 (2.2), MaxSocks=32767, MaxUdp=65467
LogOnline: OSS: TryLoadSubsystemAndSetDefault: Loaded subsystem for module [NULL]
LogOculusPluginWrapper: OculusPlugin initialized successfully
LogHMD: Failed initializing OVRPlugin 1.59.0
LogInit: Build: ++UE4+Release-4.27-CL-18319896
LogInit: Engine Version: 4.27.2-18319896+++UE4+Release-4.27
LogInit: Compatible Engine Version: 4.27.0-17155196+++UE4+Release-4.27
LogInit: Net CL: 17155196
LogInit: OS: Windows 10 (Release 2009) (), CPU: AMD Ryzen 7 5700U with Radeon Graphics         , GPU: AMD Radeon(TM) Graphics
LogInit: Compiled (64-bit): Nov 30 2021 07:12:08
LogInit: Compiled with Visual C++: 19.24.28315.00
LogInit: Build Configuration: Development
LogInit: Branch Name: ++UE4+Release-4.27
LogInit: Command Line:  127.0.0.1:17777 -game -PIEVIACONSOLE -Multiprocess "GameUserSettingsINI=C:/Users/Patay Viki/Szakdoga/ASSIMP-UE-demo-tutorial/AssimpProject/Saved/Config/Windows/PIEGameUserSettings1.ini" -MultiprocessSaveConfig -forcepassthrough -messaging -SessionName="Play in Standalone Game" -windowed -WinX=503 -WinY=66 SAVEWINPOS=1 -ResX=640 -ResY=480
LogInit: Base Directory: C:/Program Files/Epic Games/UE_4.27/Engine/Binaries/Win64/
LogInit: Allocator: TBB
LogInit: Installed Engine Build: 1
LogDevObjectVersion: Number of dev versions registered: 29
LogDevObjectVersion:   Dev-Blueprints (B0D832E4-1F89-4F0D-ACCF-7EB736FD4AA2): 10
LogDevObjectVersion:   Dev-Build (E1C64328-A22C-4D53-A36C-8E866417BD8C): 0
LogDevObjectVersion:   Dev-Core (375EC13C-06E4-48FB-B500-84F0262A717E): 4
LogDevObjectVersion:   Dev-Editor (E4B068ED-F494-42E9-A231-DA0B2E46BB41): 40
LogDevObjectVersion:   Dev-Framework (CFFC743F-43B0-4480-9391-14DF171D2073): 37
LogDevObjectVersion:   Dev-Mobile (B02B49B5-BB20-44E9-A304-32B752E40360): 3
LogDevObjectVersion:   Dev-Networking (A4E4105C-59A1-49B5-A7C5-40C4547EDFEE): 0
LogDevObjectVersion:   Dev-Online (39C831C9-5AE6-47DC-9A44-9C173E1C8E7C): 0
LogDevObjectVersion:   Dev-Physics (78F01B33-EBEA-4F98-B9B4-84EACCB95AA2): 14
LogDevObjectVersion:   Dev-Platform (6631380F-2D4D-43E0-8009-CF276956A95A): 0
LogDevObjectVersion:   Dev-Rendering (12F88B9F-8875-4AFC-A67C-D90C383ABD29): 45
LogDevObjectVersion:   Dev-Sequencer (7B5AE74C-D270-4C10-A958-57980B212A5A): 13
LogDevObjectVersion:   Dev-VR (D7296918-1DD6-4BDD-9DE2-64A83CC13884): 3
LogDevObjectVersion:   Dev-LoadTimes (C2A15278-BFE7-4AFE-6C17-90FF531DF755): 1
LogDevObjectVersion:   Private-Geometry (6EACA3D4-40EC-4CC1-B786-8BED09428FC5): 3
LogDevObjectVersion:   Dev-AnimPhys (29E575DD-E0A3-4627-9D10-D276232CDCEA): 17
LogDevObjectVersion:   Dev-Anim (AF43A65D-7FD3-4947-9873-3E8ED9C1BB05): 15
LogDevObjectVersion:   Dev-ReflectionCapture (6B266CEC-1EC7-4B8F-A30B-E4D90942FC07): 1
LogDevObjectVersion:   Dev-Automation (0DF73D61-A23F-47EA-B727-89E90C41499A): 1
LogDevObjectVersion:   FortniteMain (601D1886-AC64-4F84-AA16-D3DE0DEAC7D6): 47
LogDevObjectVersion:   FortniteRelease (E7086368-6B23-4C58-8439-1B7016265E91): 1
LogDevObjectVersion:   Dev-Enterprise (9DFFBCD6-494F-0158-E221-12823C92A888): 10
LogDevObjectVersion:   Dev-Niagara (F2AED0AC-9AFE-416F-8664-AA7FFA26D6FC): 1
LogDevObjectVersion:   Dev-Destruction (174F1F0B-B4C6-45A5-B13F-2EE8D0FB917D): 10
LogDevObjectVersion:   Dev-Physics-Ext (35F94A83-E258-406C-A318-09F59610247C): 41
LogDevObjectVersion:   Dev-PhysicsMaterial-Chaos (B68FC16E-8B1B-42E2-B453-215C058844FE): 1
LogDevObjectVersion:   Dev-CineCamera (B2E18506-4273-CFC2-A54E-F4BB758BBA07): 1
LogDevObjectVersion:   Dev-VirtualProduction (64F58936-FD1B-42BA-BA96-7289D5D0FA4E): 1
LogDevObjectVersion:   Dev-MediaFramework (6F0ED827-A609-4895-9C91-998D90180EA4): 2
LogInit: Presizing for max 25165824 objects, including 0 objects not considered by GC, pre-allocating 0 bytes for permanent pool.
LogConfig: Applying CVar settings from Section [/Script/Engine.StreamingSettings] File [C:/Users/Patay Viki/Szakdoga/ASSIMP-UE-demo-tutorial/AssimpProject/Saved/Config/Windows/Engine.ini]
LogConfig: Setting CVar [[s.MinBulkDataSizeForAsyncLoading:131072]]
LogConfig: Setting CVar [[s.AsyncLoadingThreadEnabled:0]]
LogConfig: Setting CVar [[s.EventDrivenLoaderEnabled:1]]
LogConfig: Setting CVar [[s.WarnIfTimeLimitExceeded:0]]
LogConfig: Setting CVar [[s.TimeLimitExceededMultiplier:1.5]]
LogConfig: Setting CVar [[s.TimeLimitExceededMinTime:0.005]]
LogConfig: Setting CVar [[s.UseBackgroundLevelStreaming:1]]
LogConfig: Setting CVar [[s.PriorityAsyncLoadingExtraTime:15.0]]
LogConfig: Setting CVar [[s.LevelStreamingActorsUpdateTimeLimit:5.0]]
LogConfig: Setting CVar [[s.PriorityLevelStreamingActorsUpdateExtraTime:5.0]]
LogConfig: Setting CVar [[s.LevelStreamingComponentsRegistrationGranularity:10]]
LogConfig: Setting CVar [[s.UnregisterComponentsTimeLimit:1.0]]
LogConfig: Setting CVar [[s.LevelStreamingComponentsUnregistrationGranularity:5]]
LogConfig: Setting CVar [[s.FlushStreamingOnExit:1]]
LogInit: Object subsystem initialized
LogConfig: Setting CVar [[con.DebugEarlyDefault:1]]
LogConfig: Setting CVar [[r.setres:1280x720]]
[2024.11.22-21.43.44:433][  0]LogConfig: Setting CVar [[con.DebugEarlyDefault:1]]
[2024.11.22-21.43.44:433][  0]LogConfig: Setting CVar [[r.setres:1280x720]]
[2024.11.22-21.43.44:434][  0]LogConfig: Applying CVar settings from Section [/Script/Engine.RendererSettings] File [C:/Users/Patay Viki/Szakdoga/ASSIMP-UE-demo-tutorial/AssimpProject/Saved/Config/Windows/Engine.ini]
[2024.11.22-21.43.44:434][  0]LogConfig: Setting CVar [[r.GPUCrashDebugging:0]]
[2024.11.22-21.43.44:434][  0]LogConfig: Applying CVar settings from Section [/Script/Engine.RendererOverrideSettings] File [C:/Users/Patay Viki/Szakdoga/ASSIMP-UE-demo-tutorial/AssimpProject/Saved/Config/Windows/Engine.ini]
[2024.11.22-21.43.44:434][  0]LogConfig: Applying CVar settings from Section [/Script/Engine.StreamingSettings] File [C:/Users/Patay Viki/Szakdoga/ASSIMP-UE-demo-tutorial/AssimpProject/Saved/Config/Windows/Engine.ini]
[2024.11.22-21.43.44:434][  0]LogConfig: Setting CVar [[s.MinBulkDataSizeForAsyncLoading:131072]]
[2024.11.22-21.43.44:434][  0]LogConfig: Setting CVar [[s.AsyncLoadingThreadEnabled:0]]
[2024.11.22-21.43.44:434][  0]LogConfig: Setting CVar [[s.EventDrivenLoaderEnabled:1]]
[2024.11.22-21.43.44:434][  0]LogConfig: Setting CVar [[s.WarnIfTimeLimitExceeded:0]]
[2024.11.22-21.43.44:434][  0]LogConfig: Setting CVar [[s.TimeLimitExceededMultiplier:1.5]]
[2024.11.22-21.43.44:434][  0]LogConfig: Setting CVar [[s.TimeLimitExceededMinTime:0.005]]
[2024.11.22-21.43.44:434][  0]LogConfig: Setting CVar [[s.UseBackgroundLevelStreaming:1]]
[2024.11.22-21.43.44:434][  0]LogConfig: Setting CVar [[s.PriorityAsyncLoadingExtraTime:15.0]]
[2024.11.22-21.43.44:434][  0]LogConfig: Setting CVar [[s.LevelStreamingActorsUpdateTimeLimit:5.0]]
[2024.11.22-21.43.44:434][  0]LogConfig: Setting CVar [[s.PriorityLevelStreamingActorsUpdateExtraTime:5.0]]
[2024.11.22-21.43.44:434][  0]LogConfig: Setting CVar [[s.LevelStreamingComponentsRegistrationGranularity:10]]
[2024.11.22-21.43.44:434][  0]LogConfig: Setting CVar [[s.UnregisterComponentsTimeLimit:1.0]]
[2024.11.22-21.43.44:434][  0]LogConfig: Setting CVar [[s.LevelStreamingComponentsUnregistrationGranularity:5]]
[2024.11.22-21.43.44:434][  0]LogConfig: Setting CVar [[s.FlushStreamingOnExit:1]]
[2024.11.22-21.43.44:434][  0]LogConfig: Applying CVar settings from Section [/Script/Engine.GarbageCollectionSettings] File [C:/Users/Patay Viki/Szakdoga/ASSIMP-UE-demo-tutorial/AssimpProject/Saved/Config/Windows/Engine.ini]
[2024.11.22-21.43.44:434][  0]LogConfig: Setting CVar [[gc.MaxObjectsNotConsideredByGC:1]]
[2024.11.22-21.43.44:434][  0]LogConfig: Setting CVar [[gc.SizeOfPermanentObjectPool:0]]
[2024.11.22-21.43.44:434][  0]LogConfig: Setting CVar [[gc.FlushStreamingOnGC:0]]
[2024.11.22-21.43.44:434][  0]LogConfig: Setting CVar [[gc.NumRetriesBeforeForcingGC:10]]
[2024.11.22-21.43.44:434][  0]LogConfig: Setting CVar [[gc.AllowParallelGC:1]]
[2024.11.22-21.43.44:434][  0]LogConfig: Setting CVar [[gc.TimeBetweenPurgingPendingKillObjects:61.1]]
[2024.11.22-21.43.44:434][  0]LogConfig: Setting CVar [[gc.MaxObjectsInEditor:25165824]]
[2024.11.22-21.43.44:434][  0]LogConfig: Setting CVar [[gc.IncrementalBeginDestroyEnabled:1]]
[2024.11.22-21.43.44:434][  0]LogConfig: Setting CVar [[gc.CreateGCClusters:1]]
[2024.11.22-21.43.44:434][  0]LogConfig: Setting CVar [[gc.MinGCClusterSize:5]]
[2024.11.22-21.43.44:434][  0]LogConfig: Setting CVar [[gc.ActorClusteringEnabled:0]]
[2024.11.22-21.43.44:434][  0]LogConfig: Setting CVar [[gc.BlueprintClusteringEnabled:0]]
[2024.11.22-21.43.44:434][  0]LogConfig: Setting CVar [[gc.UseDisregardForGCOnDedicatedServers:0]]
[2024.11.22-21.43.44:434][  0]LogConfig: Setting CVar [[gc.MultithreadedDestructionEnabled:1]]
[2024.11.22-21.43.44:434][  0]LogConfig: Applying CVar settings from Section [/Script/Engine.NetworkSettings] File [C:/Users/Patay Viki/Szakdoga/ASSIMP-UE-demo-tutorial/AssimpProject/Saved/Config/Windows/Engine.ini]
[2024.11.22-21.43.44:434][  0]LogConfig: Applying CVar settings from Section [/Script/UnrealEd.CookerSettings] File [C:/Users/Patay Viki/Szakdoga/ASSIMP-UE-demo-tutorial/AssimpProject/Saved/Config/Windows/Engine.ini]
[2024.11.22-21.43.44:438][  0]LogConfig: Applying CVar settings from Section [ViewDistanceQuality@3] File [C:/Users/Patay Viki/Szakdoga/ASSIMP-UE-demo-tutorial/AssimpProject/Saved/Config/Windows/Scalability.ini]
[2024.11.22-21.43.44:438][  0]LogConfig: Setting CVar [[r.SkeletalMeshLODBias:0]]
[2024.11.22-21.43.44:438][  0]LogConfig: Setting CVar [[r.ViewDistanceScale:1.0]]
[2024.11.22-21.43.44:438][  0]LogConfig: Applying CVar settings from Section [AntiAliasingQuality@3] File [C:/Users/Patay Viki/Szakdoga/ASSIMP-UE-demo-tutorial/AssimpProject/Saved/Config/Windows/Scalability.ini]
[2024.11.22-21.43.44:438][  0]LogConfig: Setting CVar [[r.PostProcessAAQuality:4]]
[2024.11.22-21.43.44:438][  0]LogConfig: Applying CVar settings from Section [ShadowQuality@3] File [C:/Users/Patay Viki/Szakdoga/ASSIMP-UE-demo-tutorial/AssimpProject/Saved/Config/Windows/Scalability.ini]
[2024.11.22-21.43.44:438][  0]LogConfig: Setting CVar [[r.LightFunctionQuality:1]]
[2024.11.22-21.43.44:438][  0]LogConfig: Setting CVar [[r.ShadowQuality:5]]
[2024.11.22-21.43.44:438][  0]LogConfig: Setting CVar [[r.Shadow.CSM.MaxCascades:10]]
[2024.11.22-21.43.44:438][  0]LogConfig: Setting CVar [[r.Shadow.MaxResolution:2048]]
[2024.11.22-21.43.44:438][  0]LogConfig: Setting CVar [[r.Shadow.MaxCSMResolution:2048]]
[2024.11.22-21.43.44:438][  0]LogConfig: Setting CVar [[r.Shadow.RadiusThreshold:0.01]]
[2024.11.22-21.43.44:438][  0]LogConfig: Setting CVar [[r.Shadow.DistanceScale:1.0]]
[2024.11.22-21.43.44:438][  0]LogConfig: Setting CVar [[r.Shadow.CSM.TransitionScale:1.0]]
[2024.11.22-21.43.44:438][  0]LogConfig: Setting CVar [[r.Shadow.PreShadowResolutionFactor:1.0]]
[2024.11.22-21.43.44:438][  0]LogConfig: Setting CVar [[r.DistanceFieldShadowing:1]]
[2024.11.22-21.43.44:438][  0]LogConfig: Setting CVar [[r.DistanceFieldAO:1]]
[2024.11.22-21.43.44:438][  0]LogConfig: Setting CVar [[r.AOQuality:2]]
[2024.11.22-21.43.44:438][  0]LogConfig: Setting CVar [[r.VolumetricFog:1]]
[2024.11.22-21.43.44:438][  0]LogConfig: Setting CVar [[r.VolumetricFog.GridPixelSize:8]]
[2024.11.22-21.43.44:438][  0]LogConfig: Setting CVar [[r.VolumetricFog.GridSizeZ:128]]
[2024.11.22-21.43.44:438][  0]LogConfig: Setting CVar [[r.VolumetricFog.HistoryMissSupersampleCount:4]]
[2024.11.22-21.43.44:438][  0]LogConfig: Setting CVar [[r.LightMaxDrawDistanceScale:1]]
[2024.11.22-21.43.44:438][  0]LogConfig: Setting CVar [[r.CapsuleShadows:1]]
[2024.11.22-21.43.44:438][  0]LogConfig: Applying CVar settings from Section [PostProcessQuality@3] File [C:/Users/Patay Viki/Szakdoga/ASSIMP-UE-demo-tutorial/AssimpProject/Saved/Config/Windows/Scalability.ini]
[2024.11.22-21.43.44:438][  0]LogConfig: Setting CVar [[r.MotionBlurQuality:4]]
[2024.11.22-21.43.44:438][  0]LogConfig: Setting CVar [[r.AmbientOcclusionMipLevelFactor:0.4]]
[2024.11.22-21.43.44:438][  0]LogConfig: Setting CVar [[r.AmbientOcclusionMaxQuality:100]]
[2024.11.22-21.43.44:438][  0]LogConfig: Setting CVar [[r.AmbientOcclusionLevels:-1]]
[2024.11.22-21.43.44:438][  0]LogConfig: Setting CVar [[r.AmbientOcclusionRadiusScale:1.0]]
[2024.11.22-21.43.44:438][  0]LogConfig: Setting CVar [[r.DepthOfFieldQuality:2]]
[2024.11.22-21.43.44:438][  0]LogConfig: Setting CVar [[r.RenderTargetPoolMin:400]]
[2024.11.22-21.43.44:438][  0]LogConfig: Setting CVar [[r.LensFlareQuality:2]]
[2024.11.22-21.43.44:438][  0]LogConfig: Setting CVar [[r.SceneColorFringeQuality:1]]
[2024.11.22-21.43.44:438][  0]LogConfig: Setting CVar [[r.EyeAdaptationQuality:2]]
[2024.11.22-21.43.44:438][  0]LogConfig: Setting CVar [[r.BloomQuality:5]]
[2024.11.22-21.43.44:438][  0]LogConfig: Setting CVar [[r.FastBlurThreshold:100]]
[2024.11.22-21.43.44:438][  0]LogConfig: Setting CVar [[r.Upscale.Quality:3]]
[2024.11.22-21.43.44:438][  0]LogConfig: Setting CVar [[r.Tonemapper.GrainQuantization:1]]
[2024.11.22-21.43.44:438][  0]LogConfig: Setting CVar [[r.LightShaftQuality:1]]
[2024.11.22-21.43.44:438][  0]LogConfig: Setting CVar [[r.Filter.SizeScale:1]]
[2024.11.22-21.43.44:438][  0]LogConfig: Setting CVar [[r.Tonemapper.Quality:5]]
[2024.11.22-21.43.44:438][  0]LogConfig: Setting CVar [[r.DOF.Gather.AccumulatorQuality:1        ; higher gathering accumulator quality]]
[2024.11.22-21.43.44:438][  0]LogConfig: Setting CVar [[r.DOF.Gather.PostfilterMethod:1          ; Median3x3 postfilering method]]
[2024.11.22-21.43.44:438][  0]LogConfig: Setting CVar [[r.DOF.Gather.EnableBokehSettings:0       ; no bokeh simulation when gathering]]
[2024.11.22-21.43.44:438][  0]LogConfig: Setting CVar [[r.DOF.Gather.RingCount:4                 ; medium number of samples when gathering]]
[2024.11.22-21.43.44:438][  0]LogConfig: Setting CVar [[r.DOF.Scatter.ForegroundCompositing:1    ; additive foreground scattering]]
[2024.11.22-21.43.44:438][  0]LogConfig: Setting CVar [[r.DOF.Scatter.BackgroundCompositing:2    ; additive background scattering]]
[2024.11.22-21.43.44:438][  0]LogConfig: Setting CVar [[r.DOF.Scatter.EnableBokehSettings:1      ; bokeh simulation when scattering]]
[2024.11.22-21.43.44:439][  0]LogConfig: Setting CVar [[r.DOF.Scatter.MaxSpriteRatio:0.1         ; only a maximum of 10% of scattered bokeh]]
[2024.11.22-21.43.44:439][  0]LogConfig: Setting CVar [[r.DOF.Recombine.Quality:1                ; cheap slight out of focus]]
[2024.11.22-21.43.44:439][  0]LogConfig: Setting CVar [[r.DOF.Recombine.EnableBokehSettings:0    ; no bokeh simulation on slight out of focus]]
[2024.11.22-21.43.44:439][  0]LogConfig: Setting CVar [[r.DOF.TemporalAAQuality:1                ; more stable temporal accumulation]]
[2024.11.22-21.43.44:439][  0]LogConfig: Setting CVar [[r.DOF.Kernel.MaxForegroundRadius:0.025]]
[2024.11.22-21.43.44:439][  0]LogConfig: Setting CVar [[r.DOF.Kernel.MaxBackgroundRadius:0.025]]
[2024.11.22-21.43.44:439][  0]LogConfig: Applying CVar settings from Section [TextureQuality@3] File [C:/Users/Patay Viki/Szakdoga/ASSIMP-UE-demo-tutorial/AssimpProject/Saved/Config/Windows/Scalability.ini]
[2024.11.22-21.43.44:439][  0]LogConfig: Setting CVar [[r.Streaming.MipBias:0]]
[2024.11.22-21.43.44:439][  0]LogConfig: Setting CVar [[r.Streaming.AmortizeCPUToGPUCopy:0]]
[2024.11.22-21.43.44:439][  0]LogConfig: Setting CVar [[r.Streaming.MaxNumTexturesToStreamPerFrame:0]]
[2024.11.22-21.43.44:439][  0]LogConfig: Setting CVar [[r.Streaming.Boost:1]]
[2024.11.22-21.43.44:439][  0]LogConfig: Setting CVar [[r.MaxAnisotropy:8]]
[2024.11.22-21.43.44:439][  0]LogConfig: Setting CVar [[r.VT.MaxAnisotropy:8]]
[2024.11.22-21.43.44:439][  0]LogConfig: Setting CVar [[r.Streaming.LimitPoolSizeToVRAM:0]]
[2024.11.22-21.43.44:439][  0]LogConfig: Setting CVar [[r.Streaming.PoolSize:1000]]
[2024.11.22-21.43.44:439][  0]LogConfig: Setting CVar [[r.Streaming.MaxEffectiveScreenSize:0]]
[2024.11.22-21.43.44:439][  0]LogConfig: Applying CVar settings from Section [EffectsQuality@3] File [C:/Users/Patay Viki/Szakdoga/ASSIMP-UE-demo-tutorial/AssimpProject/Saved/Config/Windows/Scalability.ini]
[2024.11.22-21.43.44:439][  0]LogConfig: Setting CVar [[r.TranslucencyLightingVolumeDim:64]]
[2024.11.22-21.43.44:439][  0]LogConfig: Setting CVar [[r.RefractionQuality:2]]
[2024.11.22-21.43.44:439][  0]LogConfig: Setting CVar [[r.SSR.Quality:3]]
[2024.11.22-21.43.44:439][  0]LogConfig: Setting CVar [[r.SSR.HalfResSceneColor:0]]
[2024.11.22-21.43.44:439][  0]LogConfig: Setting CVar [[r.SceneColorFormat:4]]
[2024.11.22-21.43.44:439][  0]LogConfig: Setting CVar [[r.DetailMode:2]]
[2024.11.22-21.43.44:439][  0]LogConfig: Setting CVar [[r.TranslucencyVolumeBlur:1]]
[2024.11.22-21.43.44:439][  0]LogConfig: Setting CVar [[r.MaterialQualityLevel:1 ; High quality]]
[2024.11.22-21.43.44:439][  0]LogConfig: Setting CVar [[r.AnisotropicMaterials:1]]
[2024.11.22-21.43.44:439][  0]LogConfig: Setting CVar [[r.SSS.Scale:1]]
[2024.11.22-21.43.44:439][  0]LogConfig: Setting CVar [[r.SSS.SampleSet:2]]
[2024.11.22-21.43.44:439][  0]LogConfig: Setting CVar [[r.SSS.Quality:1]]
[2024.11.22-21.43.44:439][  0]LogConfig: Setting CVar [[r.SSS.HalfRes:0]]
[2024.11.22-21.43.44:439][  0]LogConfig: Setting CVar [[r.SSGI.Quality:3]]
[2024.11.22-21.43.44:439][  0]LogConfig: Setting CVar [[r.EmitterSpawnRateScale:1.0]]
[2024.11.22-21.43.44:439][  0]LogConfig: Setting CVar [[r.ParticleLightQuality:2]]
[2024.11.22-21.43.44:439][  0]LogConfig: Setting CVar [[r.SkyAtmosphere.AerialPerspectiveLUT.FastApplyOnOpaque:1 ; Always have FastSkyLUT 1 in this case to avoid wrong sky]]
[2024.11.22-21.43.44:439][  0]LogConfig: Setting CVar [[r.SkyAtmosphere.AerialPerspectiveLUT.SampleCountMaxPerSlice:4]]
[2024.11.22-21.43.44:439][  0]LogConfig: Setting CVar [[r.SkyAtmosphere.AerialPerspectiveLUT.DepthResolution:16.0]]
[2024.11.22-21.43.44:439][  0]LogConfig: Setting CVar [[r.SkyAtmosphere.FastSkyLUT:1]]
[2024.11.22-21.43.44:439][  0]LogConfig: Setting CVar [[r.SkyAtmosphere.FastSkyLUT.SampleCountMin:4.0]]
[2024.11.22-21.43.44:439][  0]LogConfig: Setting CVar [[r.SkyAtmosphere.FastSkyLUT.SampleCountMax:128.0]]
[2024.11.22-21.43.44:439][  0]LogConfig: Setting CVar [[r.SkyAtmosphere.SampleCountMin:4.0]]
[2024.11.22-21.43.44:439][  0]LogConfig: Setting CVar [[r.SkyAtmosphere.SampleCountMax:128.0]]
[2024.11.22-21.43.44:439][  0]LogConfig: Setting CVar [[r.SkyAtmosphere.TransmittanceLUT.UseSmallFormat:0]]
[2024.11.22-21.43.44:439][  0]LogConfig: Setting CVar [[r.SkyAtmosphere.TransmittanceLUT.SampleCount:10.0]]
[2024.11.22-21.43.44:439][  0]LogConfig: Setting CVar [[r.SkyAtmosphere.MultiScatteringLUT.SampleCount:15.0]]
[2024.11.22-21.43.44:439][  0]LogConfig: Setting CVar [[r.SkyLight.RealTimeReflectionCapture:1]]
[2024.11.22-21.43.44:439][  0]LogConfig: Applying CVar settings from Section [FoliageQuality@3] File [C:/Users/Patay Viki/Szakdoga/ASSIMP-UE-demo-tutorial/AssimpProject/Saved/Config/Windows/Scalability.ini]
[2024.11.22-21.43.44:439][  0]LogConfig: Setting CVar [[foliage.DensityScale:1.0]]
[2024.11.22-21.43.44:439][  0]LogConfig: Setting CVar [[grass.DensityScale:1.0]]
[2024.11.22-21.43.44:439][  0]LogConfig: Applying CVar settings from Section [ShadingQuality@3] File [C:/Users/Patay Viki/Szakdoga/ASSIMP-UE-demo-tutorial/AssimpProject/Saved/Config/Windows/Scalability.ini]
[2024.11.22-21.43.44:439][  0]LogConfig: Setting CVar [[r.HairStrands.SkyLighting.IntegrationType:2]]
[2024.11.22-21.43.44:439][  0]LogConfig: Setting CVar [[r.HairStrands.SkyAO.SampleCount:4]]
[2024.11.22-21.43.44:439][  0]LogConfig: Setting CVar [[r.HairStrands.Visibility.MSAA.SamplePerPixel:4]]
[2024.11.22-21.43.44:439][  0]LogInit: Selected Device Profile: [Windows]
[2024.11.22-21.43.44:439][  0]LogInit: Applying CVar settings loaded from the selected device profile: [Windows]
[2024.11.22-21.43.44:439][  0]LogHAL: Display: Platform has ~ 32 GB [33666428928 / 34359738368 / 32], which maps to Largest [LargestMinGB=32, LargerMinGB=12, DefaultMinGB=8, SmallerMinGB=6, SmallestMinGB=0)
[2024.11.22-21.43.44:439][  0]LogInit: Going up to parent DeviceProfile []
[2024.11.22-21.43.44:439][  0]LogConfig: Applying CVar settings from Section [ViewDistanceQuality@3] File [C:/Users/Patay Viki/Szakdoga/ASSIMP-UE-demo-tutorial/AssimpProject/Saved/Config/Windows/Scalability.ini]
[2024.11.22-21.43.44:439][  0]LogConfig: Setting CVar [[r.SkeletalMeshLODBias:0]]
[2024.11.22-21.43.44:439][  0]LogConfig: Setting CVar [[r.ViewDistanceScale:1.0]]
[2024.11.22-21.43.44:439][  0]LogConfig: Applying CVar settings from Section [AntiAliasingQuality@3] File [C:/Users/Patay Viki/Szakdoga/ASSIMP-UE-demo-tutorial/AssimpProject/Saved/Config/Windows/Scalability.ini]
[2024.11.22-21.43.44:439][  0]LogConfig: Setting CVar [[r.PostProcessAAQuality:4]]
[2024.11.22-21.43.44:439][  0]LogConfig: Applying CVar settings from Section [ShadowQuality@3] File [C:/Users/Patay Viki/Szakdoga/ASSIMP-UE-demo-tutorial/AssimpProject/Saved/Config/Windows/Scalability.ini]
[2024.11.22-21.43.44:439][  0]LogConfig: Setting CVar [[r.LightFunctionQuality:1]]
[2024.11.22-21.43.44:439][  0]LogConfig: Setting CVar [[r.ShadowQuality:5]]
[2024.11.22-21.43.44:439][  0]LogConfig: Setting CVar [[r.Shadow.CSM.MaxCascades:10]]
[2024.11.22-21.43.44:439][  0]LogConfig: Setting CVar [[r.Shadow.MaxResolution:2048]]
[2024.11.22-21.43.44:439][  0]LogConfig: Setting CVar [[r.Shadow.MaxCSMResolution:2048]]
[2024.11.22-21.43.44:439][  0]LogConfig: Setting CVar [[r.Shadow.RadiusThreshold:0.01]]
[2024.11.22-21.43.44:439][  0]LogConfig: Setting CVar [[r.Shadow.DistanceScale:1.0]]
[2024.11.22-21.43.44:439][  0]LogConfig: Setting CVar [[r.Shadow.CSM.TransitionScale:1.0]]
[2024.11.22-21.43.44:439][  0]LogConfig: Setting CVar [[r.Shadow.PreShadowResolutionFactor:1.0]]
[2024.11.22-21.43.44:439][  0]LogConfig: Setting CVar [[r.DistanceFieldShadowing:1]]
[2024.11.22-21.43.44:439][  0]LogConfig: Setting CVar [[r.DistanceFieldAO:1]]
[2024.11.22-21.43.44:439][  0]LogConfig: Setting CVar [[r.AOQuality:2]]
[2024.11.22-21.43.44:439][  0]LogConfig: Setting CVar [[r.VolumetricFog:1]]
[2024.11.22-21.43.44:439][  0]LogConfig: Setting CVar [[r.VolumetricFog.GridPixelSize:8]]
[2024.11.22-21.43.44:439][  0]LogConfig: Setting CVar [[r.VolumetricFog.GridSizeZ:128]]
[2024.11.22-21.43.44:439][  0]LogConfig: Setting CVar [[r.VolumetricFog.HistoryMissSupersampleCount:4]]
[2024.11.22-21.43.44:439][  0]LogConfig: Setting CVar [[r.LightMaxDrawDistanceScale:1]]
[2024.11.22-21.43.44:439][  0]LogConfig: Setting CVar [[r.CapsuleShadows:1]]
[2024.11.22-21.43.44:439][  0]LogConfig: Applying CVar settings from Section [PostProcessQuality@3] File [C:/Users/Patay Viki/Szakdoga/ASSIMP-UE-demo-tutorial/AssimpProject/Saved/Config/Windows/Scalability.ini]
[2024.11.22-21.43.44:439][  0]LogConfig: Setting CVar [[r.MotionBlurQuality:4]]
[2024.11.22-21.43.44:439][  0]LogConfig: Setting CVar [[r.AmbientOcclusionMipLevelFactor:0.4]]
[2024.11.22-21.43.44:439][  0]LogConfig: Setting CVar [[r.AmbientOcclusionMaxQuality:100]]
[2024.11.22-21.43.44:439][  0]LogConfig: Setting CVar [[r.AmbientOcclusionLevels:-1]]
[2024.11.22-21.43.44:439][  0]LogConfig: Setting CVar [[r.AmbientOcclusionRadiusScale:1.0]]
[2024.11.22-21.43.44:439][  0]LogConfig: Setting CVar [[r.DepthOfFieldQuality:2]]
[2024.11.22-21.43.44:439][  0]LogConfig: Setting CVar [[r.RenderTargetPoolMin:400]]
[2024.11.22-21.43.44:439][  0]LogConfig: Setting CVar [[r.LensFlareQuality:2]]
[2024.11.22-21.43.44:439][  0]LogConfig: Setting CVar [[r.SceneColorFringeQuality:1]]
[2024.11.22-21.43.44:439][  0]LogConfig: Setting CVar [[r.EyeAdaptationQuality:2]]
[2024.11.22-21.43.44:439][  0]LogConfig: Setting CVar [[r.BloomQuality:5]]
[2024.11.22-21.43.44:439][  0]LogConfig: Setting CVar [[r.FastBlurThreshold:100]]
[2024.11.22-21.43.44:439][  0]LogConfig: Setting CVar [[r.Upscale.Quality:3]]
[2024.11.22-21.43.44:439][  0]LogConfig: Setting CVar [[r.Tonemapper.GrainQuantization:1]]
[2024.11.22-21.43.44:439][  0]LogConfig: Setting CVar [[r.LightShaftQuality:1]]
[2024.11.22-21.43.44:439][  0]LogConfig: Setting CVar [[r.Filter.SizeScale:1]]
[2024.11.22-21.43.44:439][  0]LogConfig: Setting CVar [[r.Tonemapper.Quality:5]]
[2024.11.22-21.43.44:439][  0]LogConfig: Setting CVar [[r.DOF.Gather.AccumulatorQuality:1        ; higher gathering accumulator quality]]
[2024.11.22-21.43.44:439][  0]LogConfig: Setting CVar [[r.DOF.Gather.PostfilterMethod:1          ; Median3x3 postfilering method]]
[2024.11.22-21.43.44:439][  0]LogConfig: Setting CVar [[r.DOF.Gather.EnableBokehSettings:0       ; no bokeh simulation when gathering]]
[2024.11.22-21.43.44:439][  0]LogConfig: Setting CVar [[r.DOF.Gather.RingCount:4                 ; medium number of samples when gathering]]
[2024.11.22-21.43.44:439][  0]LogConfig: Setting CVar [[r.DOF.Scatter.ForegroundCompositing:1    ; additive foreground scattering]]
[2024.11.22-21.43.44:439][  0]LogConfig: Setting CVar [[r.DOF.Scatter.BackgroundCompositing:2    ; additive background scattering]]
[2024.11.22-21.43.44:440][  0]LogConfig: Setting CVar [[r.DOF.Scatter.EnableBokehSettings:1      ; bokeh simulation when scattering]]
[2024.11.22-21.43.44:440][  0]LogConfig: Setting CVar [[r.DOF.Scatter.MaxSpriteRatio:0.1         ; only a maximum of 10% of scattered bokeh]]
[2024.11.22-21.43.44:440][  0]LogConfig: Setting CVar [[r.DOF.Recombine.Quality:1                ; cheap slight out of focus]]
[2024.11.22-21.43.44:440][  0]LogConfig: Setting CVar [[r.DOF.Recombine.EnableBokehSettings:0    ; no bokeh simulation on slight out of focus]]
[2024.11.22-21.43.44:440][  0]LogConfig: Setting CVar [[r.DOF.TemporalAAQuality:1                ; more stable temporal accumulation]]
[2024.11.22-21.43.44:440][  0]LogConfig: Setting CVar [[r.DOF.Kernel.MaxForegroundRadius:0.025]]
[2024.11.22-21.43.44:440][  0]LogConfig: Setting CVar [[r.DOF.Kernel.MaxBackgroundRadius:0.025]]
[2024.11.22-21.43.44:440][  0]LogConfig: Applying CVar settings from Section [TextureQuality@3] File [C:/Users/Patay Viki/Szakdoga/ASSIMP-UE-demo-tutorial/AssimpProject/Saved/Config/Windows/Scalability.ini]
[2024.11.22-21.43.44:440][  0]LogConfig: Setting CVar [[r.Streaming.MipBias:0]]
[2024.11.22-21.43.44:440][  0]LogConfig: Setting CVar [[r.Streaming.AmortizeCPUToGPUCopy:0]]
[2024.11.22-21.43.44:440][  0]LogConfig: Setting CVar [[r.Streaming.MaxNumTexturesToStreamPerFrame:0]]
[2024.11.22-21.43.44:440][  0]LogConfig: Setting CVar [[r.Streaming.Boost:1]]
[2024.11.22-21.43.44:440][  0]LogConfig: Setting CVar [[r.MaxAnisotropy:8]]
[2024.11.22-21.43.44:440][  0]LogConfig: Setting CVar [[r.VT.MaxAnisotropy:8]]
[2024.11.22-21.43.44:440][  0]LogConfig: Setting CVar [[r.Streaming.LimitPoolSizeToVRAM:0]]
[2024.11.22-21.43.44:440][  0]LogConfig: Setting CVar [[r.Streaming.PoolSize:1000]]
[2024.11.22-21.43.44:440][  0]LogConfig: Setting CVar [[r.Streaming.MaxEffectiveScreenSize:0]]
[2024.11.22-21.43.44:440][  0]LogConfig: Applying CVar settings from Section [EffectsQuality@3] File [C:/Users/Patay Viki/Szakdoga/ASSIMP-UE-demo-tutorial/AssimpProject/Saved/Config/Windows/Scalability.ini]
[2024.11.22-21.43.44:440][  0]LogConfig: Setting CVar [[r.TranslucencyLightingVolumeDim:64]]
[2024.11.22-21.43.44:440][  0]LogConfig: Setting CVar [[r.RefractionQuality:2]]
[2024.11.22-21.43.44:440][  0]LogConfig: Setting CVar [[r.SSR.Quality:3]]
[2024.11.22-21.43.44:440][  0]LogConfig: Setting CVar [[r.SSR.HalfResSceneColor:0]]
[2024.11.22-21.43.44:440][  0]LogConfig: Setting CVar [[r.SceneColorFormat:4]]
[2024.11.22-21.43.44:440][  0]LogConfig: Setting CVar [[r.DetailMode:2]]
[2024.11.22-21.43.44:440][  0]LogConfig: Setting CVar [[r.TranslucencyVolumeBlur:1]]
[2024.11.22-21.43.44:440][  0]LogConfig: Setting CVar [[r.MaterialQualityLevel:1 ; High quality]]
[2024.11.22-21.43.44:440][  0]LogConfig: Setting CVar [[r.AnisotropicMaterials:1]]
[2024.11.22-21.43.44:440][  0]LogConfig: Setting CVar [[r.SSS.Scale:1]]
[2024.11.22-21.43.44:440][  0]LogConfig: Setting CVar [[r.SSS.SampleSet:2]]
[2024.11.22-21.43.44:440][  0]LogConfig: Setting CVar [[r.SSS.Quality:1]]
[2024.11.22-21.43.44:440][  0]LogConfig: Setting CVar [[r.SSS.HalfRes:0]]
[2024.11.22-21.43.44:440][  0]LogConfig: Setting CVar [[r.SSGI.Quality:3]]
[2024.11.22-21.43.44:440][  0]LogConfig: Setting CVar [[r.EmitterSpawnRateScale:1.0]]
[2024.11.22-21.43.44:440][  0]LogConfig: Setting CVar [[r.ParticleLightQuality:2]]
[2024.11.22-21.43.44:440][  0]LogConfig: Setting CVar [[r.SkyAtmosphere.AerialPerspectiveLUT.FastApplyOnOpaque:1 ; Always have FastSkyLUT 1 in this case to avoid wrong sky]]
[2024.11.22-21.43.44:440][  0]LogConfig: Setting CVar [[r.SkyAtmosphere.AerialPerspectiveLUT.SampleCountMaxPerSlice:4]]
[2024.11.22-21.43.44:440][  0]LogConfig: Setting CVar [[r.SkyAtmosphere.AerialPerspectiveLUT.DepthResolution:16.0]]
[2024.11.22-21.43.44:440][  0]LogConfig: Setting CVar [[r.SkyAtmosphere.FastSkyLUT:1]]
[2024.11.22-21.43.44:440][  0]LogConfig: Setting CVar [[r.SkyAtmosphere.FastSkyLUT.SampleCountMin:4.0]]
[2024.11.22-21.43.44:440][  0]LogConfig: Setting CVar [[r.SkyAtmosphere.FastSkyLUT.SampleCountMax:128.0]]
[2024.11.22-21.43.44:440][  0]LogConfig: Setting CVar [[r.SkyAtmosphere.SampleCountMin:4.0]]
[2024.11.22-21.43.44:440][  0]LogConfig: Setting CVar [[r.SkyAtmosphere.SampleCountMax:128.0]]
[2024.11.22-21.43.44:440][  0]LogConfig: Setting CVar [[r.SkyAtmosphere.TransmittanceLUT.UseSmallFormat:0]]
[2024.11.22-21.43.44:440][  0]LogConfig: Setting CVar [[r.SkyAtmosphere.TransmittanceLUT.SampleCount:10.0]]
[2024.11.22-21.43.44:440][  0]LogConfig: Setting CVar [[r.SkyAtmosphere.MultiScatteringLUT.SampleCount:15.0]]
[2024.11.22-21.43.44:440][  0]LogConfig: Setting CVar [[r.SkyLight.RealTimeReflectionCapture:1]]
[2024.11.22-21.43.44:440][  0]LogConfig: Applying CVar settings from Section [FoliageQuality@3] File [C:/Users/Patay Viki/Szakdoga/ASSIMP-UE-demo-tutorial/AssimpProject/Saved/Config/Windows/Scalability.ini]
[2024.11.22-21.43.44:440][  0]LogConfig: Setting CVar [[foliage.DensityScale:1.0]]
[2024.11.22-21.43.44:440][  0]LogConfig: Setting CVar [[grass.DensityScale:1.0]]
[2024.11.22-21.43.44:440][  0]LogConfig: Applying CVar settings from Section [ShadingQuality@3] File [C:/Users/Patay Viki/Szakdoga/ASSIMP-UE-demo-tutorial/AssimpProject/Saved/Config/Windows/Scalability.ini]
[2024.11.22-21.43.44:440][  0]LogConfig: Setting CVar [[r.HairStrands.SkyLighting.IntegrationType:2]]
[2024.11.22-21.43.44:440][  0]LogConfig: Setting CVar [[r.HairStrands.SkyAO.SampleCount:4]]
[2024.11.22-21.43.44:440][  0]LogConfig: Setting CVar [[r.HairStrands.Visibility.MSAA.SamplePerPixel:4]]
[2024.11.22-21.43.44:440][  0]LogConfig: Applying CVar settings from Section [Startup] File [../../../Engine/Config/ConsoleVariables.ini]
[2024.11.22-21.43.44:440][  0]LogConfig: Setting CVar [[net.UseAdaptiveNetUpdateFrequency:0]]
[2024.11.22-21.43.44:440][  0]LogConfig: Setting CVar [[p.chaos.AllowCreatePhysxBodies:1]]
[2024.11.22-21.43.44:440][  0]LogConfig: Setting CVar [[fx.SkipVectorVMBackendOptimizations:1]]
[2024.11.22-21.43.44:440][  0]LogConfig: Applying CVar settings from Section [ConsoleVariables] File [C:/Users/Patay Viki/Szakdoga/ASSIMP-UE-demo-tutorial/AssimpProject/Saved/Config/Windows/Engine.ini]
[2024.11.22-21.43.44:440][  0]LogConfig: Applying CVar settings from Section [ConsoleVariables] File [C:/Users/Patay Viki/Szakdoga/ASSIMP-UE-demo-tutorial/AssimpProject/Saved/Config/Windows/Editor.ini]
[2024.11.22-21.43.44:440][  0]LogInit: Computer: DESKTOP-6NQH7V8
[2024.11.22-21.43.44:440][  0]LogInit: User: PatayViki
[2024.11.22-21.43.44:440][  0]LogInit: CPU Page size=4096, Cores=8
[2024.11.22-21.43.44:440][  0]LogInit: High frequency timer resolution =10.000000 MHz
[2024.11.22-21.43.44:440][  0]LogMemory: Memory total: Physical=31.4GB (32GB approx)
[2024.11.22-21.43.44:440][  0]LogMemory: Platform Memory Stats for Windows
[2024.11.22-21.43.44:440][  0]LogMemory: Process Physical Memory: 147.64 MB used, 147.64 MB peak
[2024.11.22-21.43.44:441][  0]LogMemory: Process Virtual Memory: 125.65 MB used, 125.65 MB peak
[2024.11.22-21.43.44:441][  0]LogMemory: Physical Memory: 18988.98 MB used,  13117.83 MB free, 32106.81 MB total
[2024.11.22-21.43.44:441][  0]LogMemory: Virtual Memory: 134195184.00 MB used,  22546.90 MB free, 134217728.00 MB total
[2024.11.22-21.43.44:448][  0]LogWindows: WindowsPlatformFeatures enabled
[2024.11.22-21.43.44:474][  0]LogInit: Physics initialised using underlying interface: PhysX
[2024.11.22-21.43.44:474][  0]LogInit: Using OS detected language (hu-HU).
[2024.11.22-21.43.44:474][  0]LogInit: Using OS detected locale (hu-HU).
[2024.11.22-21.43.44:477][  0]LogTextLocalizationManager: No localization for 'hu-HU' exists, so 'en' will be used for the language.
[2024.11.22-21.43.44:479][  0]LogTextLocalizationManager: No localization for 'hu-HU' exists, so 'en' will be used for the locale.
[2024.11.22-21.43.44:708][  0]LogWindowsTextInputMethodSystem: Display: IME system deactivated.
[2024.11.22-21.43.44:736][  0]LogSlate: New Slate User Created.  User Index 0, Is Virtual User: 0
[2024.11.22-21.43.44:736][  0]LogSlate: Slate User Registered.  User Index 0, Is Virtual User: 0
[2024.11.22-21.43.44:749][  0]LogD3D11RHI: Loaded GFSDK_Aftermath_Lib.x64.dll
[2024.11.22-21.43.44:784][  0]LogHMD: Failed to initialize OpenVR with code 110
[2024.11.22-21.43.44:784][  0]LogD3D11RHI: D3D11 min allowed feature level: 11_0
[2024.11.22-21.43.44:784][  0]LogD3D11RHI: D3D11 max allowed feature level: 11_0
[2024.11.22-21.43.44:784][  0]LogD3D11RHI: D3D11 adapters:
[2024.11.22-21.43.44:867][  0]LogD3D11RHI:    0. 'NVIDIA GeForce GTX 1650' (Feature Level 11_0)
[2024.11.22-21.43.44:867][  0]LogD3D11RHI:       3962/0/16053 MB DedicatedVideo/DedicatedSystem/SharedSystem, Outputs:2, VendorId:0x10de
[2024.11.22-21.43.44:898][  0]LogD3D11RHI:    1. 'AMD Radeon(TM) Graphics' (Feature Level 11_0)
[2024.11.22-21.43.44:898][  0]LogD3D11RHI:       496/0/16053 MB DedicatedVideo/DedicatedSystem/SharedSystem, Outputs:0, VendorId:0x1002
[2024.11.22-21.43.44:900][  0]LogD3D11RHI:    2. 'Microsoft Basic Render Driver' (Feature Level 11_0)
[2024.11.22-21.43.44:900][  0]LogD3D11RHI:       0/0/16053 MB DedicatedVideo/DedicatedSystem/SharedSystem, Outputs:0, VendorId:0x1414
[2024.11.22-21.43.44:900][  0]LogD3D11RHI: Chosen D3D11 Adapter:
[2024.11.22-21.43.44:900][  0]LogD3D11RHI:     Description : NVIDIA GeForce GTX 1650
[2024.11.22-21.43.44:900][  0]LogD3D11RHI:     VendorId    : 10de
[2024.11.22-21.43.44:900][  0]LogD3D11RHI:     DeviceId    : 1f9d
[2024.11.22-21.43.44:900][  0]LogD3D11RHI:     SubSysId    : 15241025
[2024.11.22-21.43.44:900][  0]LogD3D11RHI:     Revision    : 00a1
[2024.11.22-21.43.44:900][  0]LogD3D11RHI:     DedicatedVideoMemory : 4154458112 bytes
[2024.11.22-21.43.44:900][  0]LogD3D11RHI:     DedicatedSystemMemory : 0 bytes
[2024.11.22-21.43.44:900][  0]LogD3D11RHI:     SharedSystemMemory : 16833214464 bytes
[2024.11.22-21.43.44:900][  0]LogD3D11RHI:     AdapterLuid : 0 72511
[2024.11.22-21.43.44:913][  0]LogD3D11RHI: Creating new Direct3DDevice
[2024.11.22-21.43.44:913][  0]LogD3D11RHI:     GPU DeviceId: 0x1f9d (for the marketing name, search the web for "GPU Device Id")
[2024.11.22-21.43.44:913][  0]LogWindows: EnumDisplayDevices:
[2024.11.22-21.43.44:913][  0]LogWindows:    0. 'AMD Radeon(TM) Graphics' (P:1 D:1)
[2024.11.22-21.43.44:913][  0]LogWindows:    1. 'AMD Radeon(TM) Graphics' (P:0 D:1)
[2024.11.22-21.43.44:914][  0]LogWindows:    2. 'AMD Radeon(TM) Graphics' (P:0 D:0)
[2024.11.22-21.43.44:914][  0]LogWindows:    3. 'AMD Radeon(TM) Graphics' (P:0 D:0)
[2024.11.22-21.43.44:914][  0]LogWindows: DebugString: PrimaryIsNotTheChoosenAdapter PrimaryIsNotTheChoosenAdapter PrimaryIsNotTheChoosenAdapter PrimaryIsNotTheChoosenAdapter FoundDriverCount:0 
[2024.11.22-21.43.44:914][  0]LogD3D11RHI:     Adapter Name: NVIDIA GeForce GTX 1650
[2024.11.22-21.43.44:914][  0]LogD3D11RHI:   Driver Version: Unknown (internal:Unknown, unified:Unknown)
[2024.11.22-21.43.44:914][  0]LogD3D11RHI:      Driver Date: Unknown
[2024.11.22-21.43.44:914][  0]LogRHI: Texture pool is 2773 MB (70% of 3962 MB)
[2024.11.22-21.43.44:914][  0]LogD3D11RHI: Creating D3DDevice using adapter:
[2024.11.22-21.43.44:914][  0]LogD3D11RHI:     Description : NVIDIA GeForce GTX 1650
[2024.11.22-21.43.44:914][  0]LogD3D11RHI:     VendorId    : 10de
[2024.11.22-21.43.44:914][  0]LogD3D11RHI:     DeviceId    : 1f9d
[2024.11.22-21.43.44:914][  0]LogD3D11RHI:     SubSysId    : 15241025
[2024.11.22-21.43.44:914][  0]LogD3D11RHI:     Revision    : 00a1
[2024.11.22-21.43.44:914][  0]LogD3D11RHI:     DedicatedVideoMemory : 4154458112 bytes
[2024.11.22-21.43.44:914][  0]LogD3D11RHI:     DedicatedSystemMemory : 0 bytes
[2024.11.22-21.43.44:914][  0]LogD3D11RHI:     SharedSystemMemory : 16833214464 bytes
[2024.11.22-21.43.44:914][  0]LogD3D11RHI:     AdapterLuid : 0 72511
[2024.11.22-21.43.44:972][  0]LogD3D11RHI: RHI has support for 64 bit atomics
[2024.11.22-21.43.44:972][  0]LogD3D11RHI: Async texture creation enabled
[2024.11.22-21.43.44:972][  0]LogD3D11RHI: Array index from any shader is supported
[2024.11.22-21.43.44:989][  0]LogD3D11RHI: GPU Timing Frequency: 1000.000000 (Debug: 2 1)
[2024.11.22-21.43.45:014][  0]LogRHI: GeForceNow SDK initialized: 1
[2024.11.22-21.43.45:304][  0]LogTargetPlatformManager: Display: Loaded TargetPlatform 'WindowsNoEditor'
[2024.11.22-21.43.45:310][  0]LogTargetPlatformManager: Display: Loaded TargetPlatform 'Windows'
[2024.11.22-21.43.45:315][  0]LogTargetPlatformManager: Display: Loaded TargetPlatform 'WindowsClient'
[2024.11.22-21.43.45:322][  0]LogTargetPlatformManager: Display: Loaded TargetPlatform 'WindowsServer'
[2024.11.22-21.43.45:322][  0]LogTargetPlatformManager: Display: Building Assets For Windows
[2024.11.22-21.43.45:331][  0]LogAudioDebug: Display: Lib vorbis DLL was dynamically loaded.
[2024.11.22-21.43.45:370][  0]LogTextureFormatOodle: Display: Oodle Texture 2.9.0 init RDO Off
[2024.11.22-21.43.45:409][  0]LogRendererCore: Ray tracing is disabled. Reason: r.RayTracing=0.
[2024.11.22-21.43.45:410][  0]LogShaderCompilers: Guid format shader working directory is -31 characters bigger than the processId version (../../../../../../Users/Patay Viki/Szakdoga/ASSIMP-UE-demo-tutorial/AssimpProject/Intermediate/Shaders/WorkingDirectory/13476/).
[2024.11.22-21.43.45:410][  0]LogShaderCompilers: Cleaned the shader compiler working directory 'C:/Users/Patay Viki/AppData/Local/Temp/UnrealShaderWorkingDir/3BC0E28A46DA7335F96A2DB03C3A56A6/'.
[2024.11.22-21.43.45:410][  0]LogXGEController: Cannot use XGE Controller as Incredibuild is not installed on this machine.
[2024.11.22-21.43.45:410][  0]LogShaderCompilers: Cannot use XGE Shader Compiler as Incredibuild is not installed on this machine.
[2024.11.22-21.43.45:410][  0]LogShaderCompilers: Display: Using Local Shader Compiler.
[2024.11.22-21.43.46:050][  0]LogDerivedDataCache: Display: Max Cache Size: 512 MB
[2024.11.22-21.43.46:102][  0]LogDerivedDataCache: Loaded boot cache 0.05s 94MB C:/Users/Patay Viki/AppData/Local/UnrealEngine/4.27/DerivedDataCache/Boot.ddc.
[2024.11.22-21.43.46:102][  0]LogDerivedDataCache: Display: Loaded Boot cache: C:/Users/Patay Viki/AppData/Local/UnrealEngine/4.27/DerivedDataCache/Boot.ddc
[2024.11.22-21.43.46:102][  0]LogDerivedDataCache: FDerivedDataBackendGraph:  Pak pak cache file ../../../../../../Users/Patay Viki/Szakdoga/ASSIMP-UE-demo-tutorial/AssimpProject/DerivedDataCache/DDC.ddp not found, will not use a pak cache.
[2024.11.22-21.43.46:102][  0]LogDerivedDataCache: Unable to find inner node Pak for hierarchical cache Hierarchy.
[2024.11.22-21.43.46:102][  0]LogDerivedDataCache: FDerivedDataBackendGraph:  CompressedPak pak cache file ../../../../../../Users/Patay Viki/Szakdoga/ASSIMP-UE-demo-tutorial/AssimpProject/DerivedDataCache/Compressed.ddp not found, will not use a pak cache.
[2024.11.22-21.43.46:102][  0]LogDerivedDataCache: Unable to find inner node CompressedPak for hierarchical cache Hierarchy.
[2024.11.22-21.43.46:121][  0]LogDerivedDataCache: Display: Pak cache opened for reading ../../../Engine/DerivedDataCache/Compressed.ddp.
[2024.11.22-21.43.46:121][  0]LogDerivedDataCache: FDerivedDataBackendGraph:  EnterprisePak pak cache file ../../../Enterprise/DerivedDataCache/Compressed.ddp not found, will not use a pak cache.
[2024.11.22-21.43.46:121][  0]LogDerivedDataCache: Unable to find inner node EnterprisePak for hierarchical cache Hierarchy.
[2024.11.22-21.43.46:137][  0]LogDerivedDataCache: Speed tests for C:/Users/Patay Viki/AppData/Local/UnrealEngine/Common/DerivedDataCache took 0.02 seconds
[2024.11.22-21.43.46:138][  0]LogDerivedDataCache: Display: Performance to C:/Users/Patay Viki/AppData/Local/UnrealEngine/Common/DerivedDataCache: Latency=0.02ms. RandomReadSpeed=1399.29MBs, RandomWriteSpeed=62.53MBs. Assigned SpeedClass 'Local'
[2024.11.22-21.43.46:139][  0]LogDerivedDataCache: Using Local data cache path C:/Users/Patay Viki/AppData/Local/UnrealEngine/Common/DerivedDataCache: Writable
[2024.11.22-21.43.46:139][  0]LogDerivedDataCache: Shared data cache path not found in *engine.ini, will not use an Shared cache.
[2024.11.22-21.43.46:139][  0]LogDerivedDataCache: Unable to find inner node Shared for hierarchical cache Hierarchy.
[2024.11.22-21.43.46:174][  0]LogSlate: Using FreeType 2.10.0
[2024.11.22-21.43.46:175][  0]LogSlate: SlateFontServices - WITH_FREETYPE: 1, WITH_HARFBUZZ: 1
[2024.11.22-21.43.46:295][  0]LogInit: Using OS detected language (hu-HU).
[2024.11.22-21.43.46:295][  0]LogInit: Using OS detected locale (hu-HU).
[2024.11.22-21.43.46:295][  0]LogTextLocalizationManager: No localization for 'hu-HU' exists, so 'en' will be used for the language.
[2024.11.22-21.43.46:296][  0]LogTextLocalizationManager: No localization for 'hu-HU' exists, so 'en' will be used for the locale.
[2024.11.22-21.43.46:299][  0]LogTextLocalizationManager: Compacting localization data took   0.01ms
[2024.11.22-21.43.46:299][  0]LogAssetRegistry: FAssetRegistry took 0.0019 seconds to start up
[2024.11.22-21.43.46:458][  0]LogPackageLocalizationCache: Processed 28 localized package path(s) for 1 prioritized culture(s) in 0.000868 seconds
[2024.11.22-21.43.46:529][  0]LogInit: Selected Device Profile: [Windows]
[2024.11.22-21.43.46:529][  0]LogInit: Active device profile: [0000020F15C1AC00][0000020F0DB9C800 49] Windows
[2024.11.22-21.43.46:529][  0]LogInit: Profiles: [0000020F15C1AC00][0000020F0DB9C800 49] Windows, [0000020F15BB5C00][0000020F0DBA4980 49] WindowsNoEditor, [0000020F15C1BB00][0000020F0DBA8B00 49] WindowsServer, [0000020F15BB6800][0000020F0E322C80 49] WindowsClient, [0000020F15C19800][0000020F0E326E00 49] IOS, [0000020F15BB6D00][0000020F0E32AF80 49] iPadAir, [0000020F15C1A600][0000020F0E32F100 49] iPadAir2, [0000020F15B45300][0000020F0E3373C0 49] IPadPro, [0000020F15B45400][0000020F0E333400 49] iPadAir3, [0000020F15BB6300][0000020F0DE0F580 49] iPadAir4, [0000020F15B46200][0000020F0DBA16C0 49] iPadMini2, [0000020F15BB4400][0000020F0DE13800 49] iPadMini3, [0000020F15B46E00][0000020F0DE17940 49] iPadMini4, [0000020F15BB7800][0000020F0DE1BA80 49] iPadMini5, [0000020F15BA0C00][0000020F0DE261C0 49] iPhone6, [0000020F15BA0D00][0000020F0DE22200 49] iPodTouch6, [0000020F15C19C00][0000020F0DE2E4C0 49] iPhone7, [0000020F15C19B00][0000020F0DE2A500 49] iPodTouch7, [0000020F15B47A00][0000020F0DE32680 49] iPhone5S, [0000020F15B44200][0000020F0DE36800 49] iPhone6Plus, [0000020F15BA3D00][0000020F0DE3A980 49] iPhone6S, [0000020F15B44800][0000020F0DE3EB00 49] iPhone6SPlus, [0000020F15BA3200][0000020F0DE42C80 49] iPhone7Plus, [0000020F15B45200][0000020F0DE46E00 49] iPhoneSE, [0000020F15BA0500][0000020F0DE4AF80 49] iPhone8, [0000020F15B46000][0000020F0DE4F100 49] iPhone8Plus, [0000020F15BA0F00][0000020F0DE53280 49] iPhoneX, [0000020F15B45E00][0000020F0DE57400 49] iPhoneXS, [0000020F15BA2000][0000020F0F4C3580 49] iPhoneXSMax, [0000020F15B46400][0000020F0F4C7700 49] iPhoneXR, [0000020F15BA2400][0000020F0F4CB880 49] iPhone11, [0000020F15C19500][0000020F0DE1F9C0 49] iPhone11Pro, [0000020F15BA3700][0000020F0F4CFB00 49] iPhone11ProMax, [0000020F15C1BA00][0000020F0F4D20C0 49] iPhoneSE2, [0000020F15BA0200][0000020F0F4DA240 49] iPhone12Mini, [0000020F15C1B900][0000020F0F4DE3C0 49] iPhone12, [0000020F15BA0700][0000020F0F4E2540 49] iPhone12Pro, [0000020F15C18F00][0000020F0F4E66C0 49] iPhone12ProMax, [0000020F15BA1200][0000020F0F4EA840 49] iPadPro105, [0000020F15C19D00][0000020F0F4EE9C0 49] iPadPro129, [0000020F15BA2A00][0000020F0F4F2B40 49] iPadPro97, [0000020F15C1AE00][0000020F0F4F6CC0 49] iPadPro2_129, [0000020F15BA3B00][0000020F0F4FAE40 49] iPad5, [0000020F15C19400][0000020F0F4FEFC0 49] iPad6, [0000020F15BA1D00][0000020F0F503140 49] iPad7, [0000020F15C18500][0000020F0F5072C0 49] iPad8, [0000020F15BA3500][0000020F0F50B440 49] iPadPro11, [0000020F15C18800][0000020F0F50F5C0 49] iPadPro2_11, [0000020F15BA1000][0000020F0F513740 49] iPadPro3_129, [0000020F15C19200][0000020F0F5178C0 49] iPadPro4_129, [0000020F15BA3000][0000020F0F51BA40 49] AppleTV, [0000020F15C1B500][0000020F0F4D7B80 49] AppleTV4K, [0000020F15BA0800][0000020F0F51E140 49] TVOS, [0000020F15C1B300][0000020F0F522280 49] Mac, [0000020F15BA1400][0000020F0F5263C0 49] MacClient, [0000020F15C1B700][0000020F0F52E540 49] MacNoEditor, [0000020F15BA2100][0000020F0F5326C0 49] MacServer, [0000020F15C18300][0000020F0F536840 49] Linux, [0000020F15BA1C00][0000020F0F53A9C0 49] LinuxAArch64, [0000020F15C18C00][0000020F0F53EB40 49] LinuxNoEditor, [0000020F15BA2C00][0000020F0F542CC0 49] LinuxAArch64NoEditor, [0000020F15C1B400][0000020F0F546E40 49] LinuxClient, [0000020F15BA3600][0000020F0F54AFC0 49] LinuxAArch64Client, [0000020F15C1B000][0000020F0F54F140 49] LinuxServer, [0000020F15BA1300][0000020F0F5532C0 49] LinuxAArch64Server, [0000020F15C18900][0000020F0F557440 49] Android, [0000020F15BA3100][0000020F0F55B5C0 49] Android_Low, [0000020F15C18600][0000020F0F55F740 49] Android_Mid, [0000020F15BA2600][0000020F0F5638C0 49] Android_High, [0000020F15C19A00][0000020F0F567A40 49] Android_Default, [0000020F15BA0300][0000020F0F56BBC0 49] Android_Adreno4xx, [0000020F15C19700][0000020F0F52A180 49] Android_Adreno5xx_Low, [0000020F15BA0100][0000020F0F56E2C0 49] Android_Adreno5xx, [0000020F15C1AB00][0000020F0F572400 49] Android_Adreno6xx, [0000020F15BA3900][0000020F0F576540 49] Android_Adreno6xx_Vulkan, [0000020F15B47B00][0000020F0F57E6C0 49] Android_Mali_T6xx, [0000020F15BB4300][0000020F0F582840 49] Android_Mali_T7xx, [0000020F15B46900][0000020F0F5869C0 49] Android_Mali_T8xx, [0000020F15BB5200][0000020F0F58AB40 49] Android_Mali_G71, [0000020F15B45A00][0000020F0F58ECC0 49] Android_Mali_G72, [0000020F15BB5A00][0000020F0F592E40 49] Android_Mali_G72_Vulkan, [0000020F15B45700][0000020F0F596FC0 49] Android_Mali_G76, [0000020F15BB7D00][0000020F0F59B140 49] Android_Mali_G76_Vulkan, [0000020F15B45600][0000020F0F59F2C0 49] Android_Mali_G77, [0000020F15BB6F00][0000020F0F5A3440 49] Android_Mali_G77_Vulkan, [0000020F15B44A00][0000020F0F5A75C0 49] Android_Mali_G78, [0000020F15BB5700][0000020F0F5AB740 49] Android_Mali_G78_Vulkan, [0000020F15B44F00][0000020F0F5AF8C0 49] Android_Mali_G710, [0000020F15BB5000][0000020F0F5B3A40 49] Android_Mali_G710_Vulkan, [0000020F15B46D00][0000020F0F5B7BC0 49] Android_Vulkan_SM5, [0000020F15BB5100][0000020F0F5BA1C0 49] Android_PowerVR_G6xxx, [0000020F15B47D00][0000020F0F5BE340 49] Android_PowerVR_GT7xxx, [0000020F15BB4100][0000020F0F57A480 49] Android_PowerVR_GE8xxx, [0000020F15B47600][0000020F0F5C25C0 49] Android_PowerVR_GM9xxx, [0000020F15BB7F00][0000020F0F5C6700 49] Android_PowerVR_GM9xxx_Vulkan, [0000020F15B47500][0000020F0F5CE880 49] Android_TegraK1, [0000020F15BB4600][0000020F0F5D2A00 49] Android_Unknown_Vulkan, [0000020F15B44100][0000020F0F5D6B80 49] Lumin, [0000020F15BB6400][0000020F0F5DAD00 49] Lumin_Desktop, [0000020F15B44300][0000020F0F5DEE80 49] HoloLens, 
[2024.11.22-21.43.46:581][  0]LogMeshReduction: Using QuadricMeshReduction for automatic static mesh reduction
[2024.11.22-21.43.46:582][  0]LogMeshReduction: Using SimplygonMeshReduction for automatic skeletal mesh reduction
[2024.11.22-21.43.46:582][  0]LogMeshReduction: Using ProxyLODMeshReduction for automatic mesh merging
[2024.11.22-21.43.46:582][  0]LogMeshReduction: No distributed automatic mesh merging module available
[2024.11.22-21.43.46:582][  0]LogMeshMerging: No distributed automatic mesh merging module available
[2024.11.22-21.43.46:673][  0]LogNetVersion: AssimpProject 1.0.0, NetCL: 17155196, EngineNetVer: 17, GameNetVer: 0 (Checksum: 1973687517)
[2024.11.22-21.43.46:928][  0]LogTexture: Default maximum texture size for cubemaps generated from long-lat sources has been changed from 512 to unlimited. In order to preserve old behaiour for '/Engine/MapTemplates/Sky/DaylightAmbientCubemap.DaylightAmbientCubemap', its maximum texture size has been explicitly set to 512.
[2024.11.22-21.43.46:983][  0]LogHMD: PokeAHoleMaterial loaded successfully
[2024.11.22-21.43.47:115][  0]LogMoviePlayer: Initializing movie player
[2024.11.22-21.43.47:223][  0]LogNiagaraDebuggerClient: Niagara Debugger Client Initialized | Session: 9C125CA34D57A3AC48B67198096F0C43 | Instance: 27832BDE46466DA21946368365C95665 (DESKTOP-6NQH7V8-13476).
[2024.11.22-21.43.47:246][  0]LogCollectionManager: Loaded 0 collections in 0.002017 seconds
[2024.11.22-21.43.47:249][  0]LogFileCache: Scanning file cache for directory 'C:/Users/Patay Viki/Szakdoga/ASSIMP-UE-demo-tutorial/AssimpProject/Saved/Collections/' took 0.00s
[2024.11.22-21.43.47:249][  0]LogCollectionManager: Fixed up redirectors for 0 collections in 0.000002 seconds (updated 0 objects)
[2024.11.22-21.43.47:292][  0]LogFileCache: Scanning file cache for directory 'C:/Users/Patay Viki/Szakdoga/ASSIMP-UE-demo-tutorial/AssimpProject/Content/Developers/PatayViki/Collections/' took 0.00s
[2024.11.22-21.43.47:292][  0]LogFileCache: Scanning file cache for directory 'C:/Users/Patay Viki/Szakdoga/ASSIMP-UE-demo-tutorial/AssimpProject/Content/Collections/' took 0.00s
[2024.11.22-21.43.47:292][  0]LogPython: Using Python 3.7.7
[2024.11.22-21.43.47:728][  0]LogTcpMessaging: Initializing TcpMessaging bridge
[2024.11.22-21.43.47:734][  0]LogUdpMessaging: Initializing bridge on interface 0.0.0.0:0 to multicast group 230.0.0.1:6666.
[2024.11.22-21.43.47:981][  0]SourceControl: Source control is disabled
[2024.11.22-21.43.47:981][  0]SourceControl: Source control is disabled
[2024.11.22-21.43.47:985][  0]SourceControl: Source control is disabled
[2024.11.22-21.43.48:010][  0]LogUProjectInfo: Found projects:
[2024.11.22-21.43.48:097][  0]LogOpenImageDenoise: OIDN starting up
[2024.11.22-21.43.48:112][  0]LogAndroidPermission: UAndroidPermissionCallbackProxy::GetInstance
[2024.11.22-21.43.48:140][  0]LogAudioCaptureCore: Display: No Audio Capture implementations found. Audio input will be silent.
[2024.11.22-21.43.48:140][  0]LogAudioCaptureCore: Display: No Audio Capture implementations found. Audio input will be silent.
[2024.11.22-21.43.48:232][  0]LogOcInput: OculusInput pre-init called
[2024.11.22-21.43.48:242][  0]LogUObjectArray: 22258 objects as part of root set at end of initial load.
[2024.11.22-21.43.48:242][  0]LogUObjectAllocator: 6012144 out of 0 bytes used by permanent object pool.
[2024.11.22-21.43.48:242][  0]LogUObjectArray: CloseDisregardForGC: 0/0 objects in disregard for GC pool
[2024.11.22-21.43.48:300][  0]LogClass: Warning: IntProperty FAIVertexWeight::VertexID is not initialized properly even though its struct probably has a custom default constructor. Module:UE_Assimp File:Public/AIBone.h
[2024.11.22-21.43.48:300][  0]LogClass: Warning: FloatProperty FAIVertexWeight::Weight is not initialized properly even though its struct probably has a custom default constructor. Module:UE_Assimp File:Public/AIBone.h
[2024.11.22-21.43.48:301][  0]LogClass: Display: 2 Uninitialized script struct members found including 0 object properties
[2024.11.22-21.43.48:301][  0]LogAutomationTest: Warning: IntProperty FAIVertexWeight::VertexID is not initialized properly even though its struct probably has a custom default constructor. Module:UE_Assimp File:Public/AIBone.h
[2024.11.22-21.43.48:301][  0]LogAutomationTest: Warning: FloatProperty FAIVertexWeight::Weight is not initialized properly even though its struct probably has a custom default constructor. Module:UE_Assimp File:Public/AIBone.h
[2024.11.22-21.43.48:301][  0]LogEngine: Initializing Engine...
[2024.11.22-21.43.48:303][  0]LogHMD: Failed to enumerate extensions. Please check that you have a valid OpenXR runtime installed.
[2024.11.22-21.43.48:304][  0]LogHMD: Failed to initialize OpenVR with code 110
[2024.11.22-21.43.48:304][  0]LogMagicLeap: Warning: VR disabled because ZI is not enabled.  To enable, in the editor, Edit -> Project Settings -> Plugins -> Magic Leap Plugin -> Enable Zero Iteration
[2024.11.22-21.43.48:306][  0]LogStats: UGameplayTagsManager::InitializeManager -  0.000 s
[2024.11.22-21.43.48:397][  0]LogInit: Initializing FReadOnlyCVARCache
[2024.11.22-21.43.48:397][  0]LogAudio: Display: Initializing Audio Device Manager...
[2024.11.22-21.43.48:401][  0]LogAudio: Display: Loading Default Audio Settings Objects...
[2024.11.22-21.43.48:402][  0]LogAudio: Display: No default SoundConcurrencyObject specified (or failed to load).
[2024.11.22-21.43.48:402][  0]LogAudio: Display: Audio Device Manager Initialized
[2024.11.22-21.43.48:402][  0]LogAudio: Display: Creating Audio Device:                 Id: 1, Scope: Shared, Realtime: True
[2024.11.22-21.43.48:403][  0]LogAudioMixer: Display: Audio Mixer Platform Settings:
[2024.11.22-21.43.48:403][  0]LogAudioMixer: Display: 	Sample Rate:						  48000
[2024.11.22-21.43.48:403][  0]LogAudioMixer: Display: 	Callback Buffer Frame Size Requested: 1024
[2024.11.22-21.43.48:403][  0]LogAudioMixer: Display: 	Callback Buffer Frame Size To Use:	  1024
[2024.11.22-21.43.48:403][  0]LogAudioMixer: Display: 	Number of buffers to queue:			  2
[2024.11.22-21.43.48:403][  0]LogAudioMixer: Display: 	Max Channels (voices):				  32
[2024.11.22-21.43.48:403][  0]LogAudioMixer: Display: 	Number of Async Source Workers:		  0
[2024.11.22-21.43.48:403][  0]LogAudio: Display: AudioDevice MaxSources: 32
[2024.11.22-21.43.48:403][  0]LogAudio: Display: Audio Spatialization Plugin: None (built-in).
[2024.11.22-21.43.48:403][  0]LogAudio: Display: Audio Reverb Plugin: None (built-in).
[2024.11.22-21.43.48:403][  0]LogAudio: Display: Audio Occlusion Plugin: None (built-in).
[2024.11.22-21.43.48:403][  0]LogAudioMixer: Display: Initializing audio mixer.
[2024.11.22-21.43.48:415][  0]LogAudioMixer: Display: 0: FrontLeft
[2024.11.22-21.43.48:415][  0]LogAudioMixer: Display: 1: FrontRight
[2024.11.22-21.43.48:428][  0]LogAudioMixer: Display: Using Audio Device Hangszórók (Realtek Audio)
[2024.11.22-21.43.48:434][  0]LogAudioMixer: Display: Initializing Sound Submixes...
[2024.11.22-21.43.48:435][  0]LogAudioMixer: Display: Creating Master Submix 'MasterSubmixDefault'
[2024.11.22-21.43.48:435][  0]LogAudioMixer: Display: Creating Master Submix 'MasterReverbSubmixDefault'
[2024.11.22-21.43.48:436][  0]LogAudioMixer: Display: Creating Master Submix 'MasterEQSubmixDefault'
[2024.11.22-21.43.48:437][  0]LogAudioMixer: FMixerPlatformXAudio2::StartAudioStream() called
[2024.11.22-21.43.48:437][  0]LogAudioMixer: Display: Output buffers initialized: Frames=1024, Channels=2, Samples=2048
[2024.11.22-21.43.48:438][  0]LogAudioMixer: Display: Starting AudioMixerPlatformInterface::RunInternal()
[2024.11.22-21.43.48:438][  0]LogAudioMixer: Display: FMixerPlatformXAudio2::SubmitBuffer() called for the first time
[2024.11.22-21.43.48:438][  0]LogInit: FAudioDevice initialized.
[2024.11.22-21.43.48:442][  0]LogNetVersion: Set ProjectVersion to 1.0.0.0. Version Checksum will be recalculated on next use.
[2024.11.22-21.43.48:442][  0]LogInit: Texture streaming: Enabled
[2024.11.22-21.43.48:516][  0]LogAudio: Display: Audio Device (ID: 1) registered with world 'Untitled'.
[2024.11.22-21.43.48:516][  0]LogSlate: Updating window title bar state: overlay mode, drag disabled, window buttons hidden, title bar hidden
[2024.11.22-21.43.48:518][  0]LogInit: Display: Game Engine Initialized.
[2024.11.22-21.43.48:520][  0]LogNiagaraEditor: GEditor isn't valid! Particle reset commands will not work for Niagara components!
[2024.11.22-21.43.48:642][  0]LogInit: Display: Starting Game.
[2024.11.22-21.43.48:643][  0]LogNet: Browse: 127.0.0.1:17777/Game/StarterContent/Maps/Minimal_Default?Name=Player
[2024.11.22-21.43.48:643][  0]LogInit: WinSock: Socket queue. Rx: 32768 (config 32768) Tx: 32768 (config 32768)
[2024.11.22-21.43.48:643][  0]LogNet: Created socket for bind address: 0.0.0.0 on port 0
[2024.11.22-21.43.48:643][  0]PacketHandlerLog: Loaded PacketHandler component: Engine.EngineHandlerComponentFactory (StatelessConnectHandlerComponent)
[2024.11.22-21.43.48:643][  0]LogNet: Game client on port 17777, rate 100000
[2024.11.22-21.43.48:692][  0]LogInit: Display: Engine is initialized. Leaving FEngineLoop::Init()
[2024.11.22-21.43.48:692][  0]LogLoad: (Engine Initialization) Total time: 5.29 seconds
[2024.11.22-21.43.48:692][  0]LogLoad: (Engine Initialization) Total Blueprint compile time: 0.00 seconds
[2024.11.22-21.43.48:695][  0]LogContentStreaming: Texture pool size now 1000 MB
[2024.11.22-21.43.49:652][649]LogHandshake: SendChallengeResponse. Timestamp: 6.574072, Cookie: 144188083158080202058049207043169033131066137132212040243149
[2024.11.22-21.43.49:668][661]LogNetVersion: AssimpProject 1.0.0.0, NetCL: 17155196, EngineNetVer: 17, GameNetVer: 0 (Checksum: 2596481399)
[2024.11.22-21.43.49:668][661]LogNet: UPendingNetGame::SendInitialJoin: Sending hello. [UNetConnection] RemoteAddr: 127.0.0.1:17777, Name: IpConnection_0, Driver: PendingNetDriver IpNetDriver_0, IsServer: NO, PC: NULL, Owner: NULL, UniqueId: INVALID
[2024.11.22-21.43.49:701][685]LogNet: Welcomed by server (Level: /Game/StarterContent/Maps/UEDPIE_0_Minimal_Default, Game: /Game/FirstPersonBP/Blueprints/BPGameMode.BPGameMode_C)
[2024.11.22-21.43.49:701][685]LogLoad: LoadMap: 127.0.0.1:17777/Game/StarterContent/Maps/Minimal_Default?Name=Player?game=/Game/FirstPersonBP/Blueprints/BPGameMode.BPGameMode_C
[2024.11.22-21.43.49:701][685]LogWorld: BeginTearingDown for /Temp/Untitled_0
[2024.11.22-21.43.49:701][685]LogWorld: UWorld::CleanupWorld for Untitled, bSessionEnded=true, bCleanupResources=true
[2024.11.22-21.43.49:701][685]LogSlate: InvalidateAllWidgets triggered.  All widgets were invalidated
[2024.11.22-21.43.49:710][685]LogAudio: Display: Audio Device unregistered from world 'None'.
[2024.11.22-21.43.49:713][685]LogUObjectHash: Compacting FUObjectHashTables data took   1.51ms
[2024.11.22-21.43.50:194][685]LogAudio: Display: Audio Device (ID: 1) registered with world 'Minimal_Default'.
[2024.11.22-21.43.50:197][685]LogWorld: Bringing World /Game/StarterContent/Maps/Minimal_Default.Minimal_Default up for play (max tick rate 0) at 2024.11.22-22.43.50
[2024.11.22-21.43.50:197][685]LogWorld: Bringing up level for play took: 0.001627
[2024.11.22-21.43.50:199][685]LogSlate: Took 0.000394 seconds to synchronously load lazily loaded font '../../../Engine/Content/Slate/Fonts/Roboto-Regular.ttf' (155K)
[2024.11.22-21.43.50:199][685]LogLoad: Took 0.497332 seconds to LoadMap(/Game/StarterContent/Maps/Minimal_Default)
[2024.11.22-21.43.50:200][685]LogNavigation: Warning: NavData RegistrationFailed_DataPendingKill.
[2024.11.22-21.43.50:202][686]LogRenderer: Reallocating scene render targets to support 640x480 Format 10 NumSamples 1 (Frame:1).
[2024.11.22-21.43.50:280][687]LogOnlineSession: Warning: OSS: No game present to join for session (GameSession)
[2024.11.22-21.43.50:281][687]LogOnlineSession: Warning: OSS: No game present to join for session (GameSession)
[2024.11.22-21.43.54:242][884]LogAssimp: Load C:\Users\Patay Viki\Szakdoga\ASSIMP-UE-demo-tutorial\games\boards\Board.obj
[2024.11.22-21.43.54:242][884]LogAssimp: Assimp 5.2.2597224867 amd64 msvc shared singlethreadedsingle : 
[2024.11.22-21.43.54:242][884]LogAssimp: Found a matching importer for this file format: Wavefront Object Importer.
[2024.11.22-21.43.54:242][884]LogAssimp: Import root directory is 'C:\Users\Patay Viki\Szakdoga\ASSIMP-UE-demo-tutorial\games\boards\'
[2024.11.22-21.43.54:249][884]LogAssimp: UpdateImporterScale scale set: 1
[2024.11.22-21.43.54:249][884]LogAssimp: Entering post processing pipeline
[2024.11.22-21.43.54:249][884]LogAssimp: MakeLeftHandedProcess begin
[2024.11.22-21.43.54:249][884]LogAssimp: MakeLeftHandedProcess finished
[2024.11.22-21.43.54:249][884]LogAssimp: RemoveRedundantMatsProcess begin
[2024.11.22-21.43.54:249][884]LogAssimp: RemoveRedundantMatsProcess finished. Removed 0 redundant and 1 unused materials.
[2024.11.22-21.43.54:249][884]LogAssimp: GenUVCoordsProcess begin
[2024.11.22-21.43.54:249][884]LogAssimp: GenUVCoordsProcess finished
[2024.11.22-21.43.54:249][884]LogAssimp: TriangulateProcess begin
[2024.11.22-21.43.54:249][884]LogAssimp: TriangulateProcess finished. All polygons have been triangulated.
[2024.11.22-21.43.54:249][884]LogAssimp: FindDegeneratesProcess begin
[2024.11.22-21.43.54:249][884]LogAssimp: Warning: Found 8 degenerated primitives
[2024.11.22-21.43.54:250][884]LogAssimp: FindDegeneratesProcess finished
[2024.11.22-21.43.54:250][884]LogAssimp: SortByPTypeProcess begin
[2024.11.22-21.43.54:250][884]LogAssimp: Points: 0, Lines: 1, Triangles: 2, Polygons: 0 (Meshes, X = removed)
[2024.11.22-21.43.54:250][884]LogAssimp: SortByPTypeProcess finished
[2024.11.22-21.43.54:250][884]LogAssimp: FindInvalidDataProcess begin
[2024.11.22-21.43.54:250][884]LogAssimp: FindInvalidDataProcess finished. Found issues ...
[2024.11.22-21.43.54:250][884]LogAssimp: SplitLargeMeshesProcess_Triangle begin
[2024.11.22-21.43.54:250][884]LogAssimp: SplitLargeMeshesProcess_Triangle finished. There was nothing to do
[2024.11.22-21.43.54:250][884]LogAssimp: Generate spatially-sorted vertex cache
[2024.11.22-21.43.54:250][884]LogAssimp: GenVertexNormalsProcess begin
[2024.11.22-21.43.54:250][884]LogAssimp: GenVertexNormalsProcess finished. Normals are already there
[2024.11.22-21.43.54:250][884]LogAssimp: CalcTangentsProcess begin
[2024.11.22-21.43.54:250][884]LogAssimp: Tangents are undefined for line and point meshes
[2024.11.22-21.43.54:250][884]LogAssimp: CalcTangentsProcess finished. Tangents have been calculated
[2024.11.22-21.43.54:250][884]LogAssimp: JoinVerticesProcess begin
[2024.11.22-21.43.54:250][884]LogAssimp: JoinVerticesProcess finished | Verts in: 122 out: 48 | ~60.6557
[2024.11.22-21.43.54:250][884]LogAssimp: SplitLargeMeshesProcess_Vertex begin
[2024.11.22-21.43.54:250][884]LogAssimp: SplitLargeMeshesProcess_Vertex finished. There was nothing to do
[2024.11.22-21.43.54:250][884]LogAssimp: LimitBoneWeightsProcess begin
[2024.11.22-21.43.54:250][884]LogAssimp: LimitBoneWeightsProcess end
[2024.11.22-21.43.54:250][884]LogAssimp: ImproveCacheLocalityProcess begin
[2024.11.22-21.43.54:250][884]LogAssimp: Error: This algorithm works on triangle meshes only
[2024.11.22-21.43.54:250][884]LogAssimp: Cache relevant are 1 meshes (34 faces). Average output ACMR is 1.17647
[2024.11.22-21.43.54:250][884]LogAssimp: ImproveCacheLocalityProcess finished. 
[2024.11.22-21.43.54:250][884]LogAssimp: Leaving post processing pipeline
[2024.11.22-21.43.54:250][884]LogAssimp: Warning: No UnitScaleFactor in metadata.
[2024.11.22-21.43.54:250][884]LogAssimp: Warning: UnitScaleFactor: 1
[2024.11.22-21.43.54:250][884]LogAssimp: Embedded texture not found . Texture might be  external 
[2024.11.22-21.43.54:250][884]LogStreaming: Warning: Failed to read file 'Chess_Board.jpg' error.
[2024.11.22-21.43.54:250][884]LogImageUtils: Warning: Error creating texture. Chess_Board.jpg could not be found
[2024.11.22-21.43.54:250][884]LogBlueprintUserMessages: [BPGameState_C_0] nem valid a normaal
[2024.11.22-21.43.54:250][884]LogAssimp: Embedded texture not found . Texture might be  external 
[2024.11.22-21.43.54:250][884]LogStreaming: Warning: Failed to read file 'Wood.jpg' error.
[2024.11.22-21.43.54:250][884]LogImageUtils: Warning: Error creating texture. Wood.jpg could not be found
[2024.11.22-21.43.54:250][884]LogBlueprintUserMessages: [BPGameState_C_0] nem valid a normaal
[2024.11.22-21.43.54:251][884]LogBlueprintUserMessages: [BoardActor_C_0] Set static mesh true
[2024.11.22-21.43.54:251][884]LogBlueprintUserMessages: [BoardActor_C_0] Set static mesh true
[2024.11.22-21.43.54:252][884]LogBlueprintUserMessages: [BoardActor_C_0] Set static mesh true
