Log file open, 11/06/24 19:15:18
LogWindows: Failed to load 'aqProf.dll' (GetLastError=126)
LogWindows: File 'aqProf.dll' does not exist
LogWindows: Failed to load 'VtuneApi.dll' (GetLastError=126)
LogWindows: File 'VtuneApi.dll' does not exist
LogWindows: Failed to load 'VtuneApi32e.dll' (GetLastError=126)
LogWindows: File 'VtuneApi32e.dll' does not exist
LogConsoleResponse: Display: Failed to find resolution value strings in scalability ini. Falling back to default.
LogConsoleResponse: Display: Failed to find resolution value strings in scalability ini. Falling back to default.
LogInit: Display: Running engine for game: AssimpProject
LogPlatformFile: Not using cached read wrapper
LogTaskGraph: Started task graph with 5 named threads and 47 total threads with 3 sets of task threads.
LogStats: Stats thread started at 0.282541
LogICUInternationalization: ICU TimeZone Detection - Raw Offset: +1:00, Platform Override: ''
LogInit: Display: Loading text-based GConfig....
LogPluginManager: Mounting plugin MeshPainting
LogPluginManager: Mounting plugin XGEController
LogPluginManager: Mounting plugin EnvironmentQueryEditor
LogPluginManager: Mounting plugin Paper2D
LogPluginManager: Mounting plugin AISupport
LogPluginManager: Mounting plugin LightPropagationVolume
LogPluginManager: Mounting plugin LiveLink
LogPluginManager: Mounting plugin CameraShakePreviewer
LogPluginManager: Mounting plugin AnimationSharing
LogPluginManager: Mounting plugin CLionSourceCodeAccess
LogPluginManager: Mounting plugin CodeLiteSourceCodeAccess
LogPluginManager: Mounting plugin GameplayCameras
LogPluginManager: Mounting plugin GitSourceControl
LogPluginManager: Mounting plugin NullSourceCodeAccess
LogPluginManager: Mounting plugin PerforceSourceControl
LogPluginManager: Mounting plugin OodleData
LogPluginManager: Mounting plugin KDevelopSourceCodeAccess
LogPluginManager: Mounting plugin RiderSourceCodeAccess
LogPluginManager: Mounting plugin OodleNetwork
LogPluginManager: Mounting plugin PluginUtils
LogPluginManager: Mounting plugin PixWinPlugin
LogPluginManager: Mounting plugin VisualStudioCodeSourceCodeAccess
LogPluginManager: Mounting plugin UObjectPlugin
LogPluginManager: Mounting plugin TextureFormatOodle
LogPluginManager: Mounting plugin VisualStudioSourceCodeAccess
LogPluginManager: Mounting plugin PlasticSourceControl
LogPluginManager: Mounting plugin PropertyAccessNode
LogPluginManager: Mounting plugin XCodeSourceCodeAccess
LogPluginManager: Mounting plugin SubversionSourceControl
LogPluginManager: Mounting plugin VariantManagerContent
LogPluginManager: Mounting plugin DatasmithContent
LogPluginManager: Mounting plugin BackChannel
LogPluginManager: Mounting plugin AlembicImporter
LogPluginManager: Mounting plugin AutomationUtils
LogPluginManager: Mounting plugin ChaosCloth
LogPluginManager: Mounting plugin ChaosClothEditor
LogPluginManager: Mounting plugin ChaosEditor
LogPluginManager: Mounting plugin ChaosNiagara
LogPluginManager: Mounting plugin CharacterAI
LogPluginManager: Mounting plugin ChaosSolverPlugin
LogPluginManager: Mounting plugin GeometryCache
LogPluginManager: Mounting plugin GeometryProcessing
LogPluginManager: Mounting plugin GeometryCollectionPlugin
LogPluginManager: Mounting plugin MotoSynth
LogPluginManager: Mounting plugin OpenImageDenoise
LogPluginManager: Mounting plugin ProxyLODPlugin
LogPluginManager: Mounting plugin PlanarCut
LogPluginManager: Mounting plugin PythonScriptPlugin
LogPluginManager: Mounting plugin PlatformCrypto
LogPluginManager: Mounting plugin SkeletalReduction
LogPluginManager: Mounting plugin Niagara
LogPluginManager: Mounting plugin AssetManagerEditor
LogPluginManager: Mounting plugin CryptoKeys
LogPluginManager: Mounting plugin CurveEditorTools
LogPluginManager: Mounting plugin DataValidation
LogPluginManager: Mounting plugin FacialAnimation
LogPluginManager: Mounting plugin GameplayTagsEditor
LogPluginManager: Mounting plugin GeometryMode
LogPluginManager: Mounting plugin MobileLauncherProfileWizard
LogPluginManager: Mounting plugin MacGraphicsSwitching
LogPluginManager: Mounting plugin PluginBrowser
LogPluginManager: Mounting plugin SpeedTreeImporter
LogPluginManager: Mounting plugin MagicLeap
LogPluginManager: Mounting plugin MaterialAnalyzer
LogPluginManager: Mounting plugin LuminPlatformFeatures
LogPluginManager: Mounting plugin MagicLeapLightEstimation
LogPluginManager: Mounting plugin MagicLeapMedia
LogPluginManager: Mounting plugin MagicLeapPassableWorld
LogPluginManager: Mounting plugin MLSDK
LogPluginManager: Mounting plugin UdpMessaging
LogPluginManager: Mounting plugin TcpMessaging
LogPluginManager: Mounting plugin AndroidMedia
LogPluginManager: Mounting plugin AvfMedia
LogPluginManager: Mounting plugin ImgMedia
LogPluginManager: Mounting plugin MediaCompositing
LogPluginManager: Mounting plugin MediaPlayerEditor
LogPluginManager: Mounting plugin WebMMedia
LogPluginManager: Mounting plugin WmfMedia
LogPluginManager: Mounting plugin ActorSequence
LogPluginManager: Mounting plugin LevelSequenceEditor
LogPluginManager: Mounting plugin MatineeToLevelSequence
LogPluginManager: Mounting plugin TemplateSequence
LogPluginManager: Mounting plugin OnlineSubsystem
LogPluginManager: Mounting plugin LauncherChunkInstaller
LogPluginManager: Mounting plugin OnlineSubsystemUtils
LogPluginManager: Mounting plugin OnlineSubsystemNull
LogPluginManager: Mounting plugin ScreenshotTools
LogPluginManager: Mounting plugin ActorLayerUtilities
LogPluginManager: Mounting plugin AndroidPermission
LogPluginManager: Mounting plugin AndroidDeviceProfileSelector
LogPluginManager: Mounting plugin AndroidMoviePlayer
LogPluginManager: Mounting plugin AppleImageUtils
LogPluginManager: Mounting plugin AssetTags
LogPluginManager: Mounting plugin AudioCapture
LogPluginManager: Mounting plugin AudioSynesthesia
LogPluginManager: Mounting plugin CableComponent
LogPluginManager: Mounting plugin ArchVisCharacter
LogPluginManager: Mounting plugin CustomMeshComponent
LogPluginManager: Mounting plugin ChunkDownloader
LogPluginManager: Mounting plugin ExampleDeviceProfileSelector
LogPluginManager: Mounting plugin GoogleCloudMessaging
LogPluginManager: Mounting plugin GooglePAD
LogPluginManager: Mounting plugin EditableMesh
LogPluginManager: Mounting plugin AppleMoviePlayer
LogPluginManager: Mounting plugin Takes
LogPluginManager: Mounting plugin IOSDeviceProfileSelector
LogPluginManager: Mounting plugin LocationServicesBPLibrary
LogPluginManager: Mounting plugin LinuxDeviceProfileSelector
LogPluginManager: Mounting plugin MobilePatchingUtils
LogPluginManager: Mounting plugin OpenXR
LogPluginManager: Mounting plugin OpenXREyeTracker
LogPluginManager: Mounting plugin OpenXRHandTracking
LogPluginManager: Mounting plugin PhysXVehicles
LogPluginManager: Mounting plugin PostSplashScreen
LogPluginManager: Mounting plugin PropertyAccessEditor
LogPluginManager: Mounting plugin ProceduralMeshComponent
LogPluginManager: Mounting plugin SignificanceManager
LogPluginManager: Mounting plugin SoundFields
LogPluginManager: Mounting plugin Synthesis
LogPluginManager: Mounting plugin RuntimePhysXCooking
LogPluginManager: Mounting plugin WebMMoviePlayer
LogPluginManager: Mounting plugin WindowsMoviePlayer
LogPluginManager: Mounting plugin ContentBrowserClassDataSource
LogPluginManager: Mounting plugin ContentBrowserFileDataSource
LogPluginManager: Mounting plugin ContentBrowserAssetDataSource
LogPluginManager: Mounting plugin OnlineSubsystemGooglePlay
LogPluginManager: Mounting plugin OnlineSubsystemIOS
LogPluginManager: Mounting plugin OculusVR
LogPluginManager: Mounting plugin SteamVR
LogPluginManager: Mounting plugin UE_Assimp
PixWinPlugin: PIX capture plugin failed to initialize! Check that the process is launched from PIX.
LogInit: Using libcurl 7.55.1-DEV
LogInit:  - built for x86_64-pc-win32
LogInit:  - supports SSL with OpenSSL/1.1.1
LogInit:  - supports HTTP deflate (compression) using libz 1.2.8
LogInit:  - other features:
LogInit:      CURL_VERSION_SSL
LogInit:      CURL_VERSION_LIBZ
LogInit:      CURL_VERSION_IPV6
LogInit:      CURL_VERSION_ASYNCHDNS
LogInit:      CURL_VERSION_LARGEFILE
LogInit:      CURL_VERSION_IDN
LogInit:  CurlRequestOptions (configurable via config and command line):
LogInit:  - bVerifyPeer = true  - Libcurl will verify peer certificate
LogInit:  - bUseHttpProxy = false  - Libcurl will NOT use HTTP proxy
LogInit:  - bDontReuseConnections = false  - Libcurl will reuse connections
LogInit:  - MaxHostConnections = 16  - Libcurl will limit the number of connections to a host
LogInit:  - LocalHostAddr = Default
LogInit:  - BufferSize = 65536
LogOnline: OSS: Creating online subsystem instance for: NULL
LogInit: WinSock: version 1.1 (2.2), MaxSocks=32767, MaxUdp=65467
LogOnline: OSS: TryLoadSubsystemAndSetDefault: Loaded subsystem for module [NULL]
LogOculusPluginWrapper: OculusPlugin initialized successfully
LogHMD: Failed initializing OVRPlugin 1.59.0
LogInit: Build: ++UE4+Release-4.27-CL-18319896
LogInit: Engine Version: 4.27.2-18319896+++UE4+Release-4.27
LogInit: Compatible Engine Version: 4.27.0-17155196+++UE4+Release-4.27
LogInit: Net CL: 17155196
LogInit: OS: Windows 10 (Release 2009) (), CPU: AMD Ryzen 7 5700U with Radeon Graphics         , GPU: AMD Radeon(TM) Graphics
LogInit: Compiled (64-bit): Nov 30 2021 07:12:08
LogInit: Compiled with Visual C++: 19.24.28315.00
LogInit: Build Configuration: Development
LogInit: Branch Name: ++UE4+Release-4.27
LogInit: Command Line: 
LogInit: Base Directory: C:/Program Files/Epic Games/UE_4.27/Engine/Binaries/Win64/
LogInit: Allocator: TBB
LogInit: Installed Engine Build: 1
LogDevObjectVersion: Number of dev versions registered: 29
LogDevObjectVersion:   Dev-Blueprints (B0D832E4-1F89-4F0D-ACCF-7EB736FD4AA2): 10
LogDevObjectVersion:   Dev-Build (E1C64328-A22C-4D53-A36C-8E866417BD8C): 0
LogDevObjectVersion:   Dev-Core (375EC13C-06E4-48FB-B500-84F0262A717E): 4
LogDevObjectVersion:   Dev-Editor (E4B068ED-F494-42E9-A231-DA0B2E46BB41): 40
LogDevObjectVersion:   Dev-Framework (CFFC743F-43B0-4480-9391-14DF171D2073): 37
LogDevObjectVersion:   Dev-Mobile (B02B49B5-BB20-44E9-A304-32B752E40360): 3
LogDevObjectVersion:   Dev-Networking (A4E4105C-59A1-49B5-A7C5-40C4547EDFEE): 0
LogDevObjectVersion:   Dev-Online (39C831C9-5AE6-47DC-9A44-9C173E1C8E7C): 0
LogDevObjectVersion:   Dev-Physics (78F01B33-EBEA-4F98-B9B4-84EACCB95AA2): 14
LogDevObjectVersion:   Dev-Platform (6631380F-2D4D-43E0-8009-CF276956A95A): 0
LogDevObjectVersion:   Dev-Rendering (12F88B9F-8875-4AFC-A67C-D90C383ABD29): 45
LogDevObjectVersion:   Dev-Sequencer (7B5AE74C-D270-4C10-A958-57980B212A5A): 13
LogDevObjectVersion:   Dev-VR (D7296918-1DD6-4BDD-9DE2-64A83CC13884): 3
LogDevObjectVersion:   Dev-LoadTimes (C2A15278-BFE7-4AFE-6C17-90FF531DF755): 1
LogDevObjectVersion:   Private-Geometry (6EACA3D4-40EC-4CC1-B786-8BED09428FC5): 3
LogDevObjectVersion:   Dev-AnimPhys (29E575DD-E0A3-4627-9D10-D276232CDCEA): 17
LogDevObjectVersion:   Dev-Anim (AF43A65D-7FD3-4947-9873-3E8ED9C1BB05): 15
LogDevObjectVersion:   Dev-ReflectionCapture (6B266CEC-1EC7-4B8F-A30B-E4D90942FC07): 1
LogDevObjectVersion:   Dev-Automation (0DF73D61-A23F-47EA-B727-89E90C41499A): 1
LogDevObjectVersion:   FortniteMain (601D1886-AC64-4F84-AA16-D3DE0DEAC7D6): 47
LogDevObjectVersion:   FortniteRelease (E7086368-6B23-4C58-8439-1B7016265E91): 1
LogDevObjectVersion:   Dev-Enterprise (9DFFBCD6-494F-0158-E221-12823C92A888): 10
LogDevObjectVersion:   Dev-Niagara (F2AED0AC-9AFE-416F-8664-AA7FFA26D6FC): 1
LogDevObjectVersion:   Dev-Destruction (174F1F0B-B4C6-45A5-B13F-2EE8D0FB917D): 10
LogDevObjectVersion:   Dev-Physics-Ext (35F94A83-E258-406C-A318-09F59610247C): 41
LogDevObjectVersion:   Dev-PhysicsMaterial-Chaos (B68FC16E-8B1B-42E2-B453-215C058844FE): 1
LogDevObjectVersion:   Dev-CineCamera (B2E18506-4273-CFC2-A54E-F4BB758BBA07): 1
LogDevObjectVersion:   Dev-VirtualProduction (64F58936-FD1B-42BA-BA96-7289D5D0FA4E): 1
LogDevObjectVersion:   Dev-MediaFramework (6F0ED827-A609-4895-9C91-998D90180EA4): 2
LogInit: Presizing for max 25165824 objects, including 0 objects not considered by GC, pre-allocating 0 bytes for permanent pool.
LogConfig: Applying CVar settings from Section [/Script/Engine.StreamingSettings] File [C:/Users/Patay Viki/Szakdoga/ASSIMP-UE-demo-tutorial/AssimpProject/Saved/Config/Windows/Engine.ini]
LogConfig: Setting CVar [[s.MinBulkDataSizeForAsyncLoading:131072]]
LogConfig: Setting CVar [[s.AsyncLoadingThreadEnabled:0]]
LogConfig: Setting CVar [[s.EventDrivenLoaderEnabled:1]]
LogConfig: Setting CVar [[s.WarnIfTimeLimitExceeded:0]]
LogConfig: Setting CVar [[s.TimeLimitExceededMultiplier:1.5]]
LogConfig: Setting CVar [[s.TimeLimitExceededMinTime:0.005]]
LogConfig: Setting CVar [[s.UseBackgroundLevelStreaming:1]]
LogConfig: Setting CVar [[s.PriorityAsyncLoadingExtraTime:15.0]]
LogConfig: Setting CVar [[s.LevelStreamingActorsUpdateTimeLimit:5.0]]
LogConfig: Setting CVar [[s.PriorityLevelStreamingActorsUpdateExtraTime:5.0]]
LogConfig: Setting CVar [[s.LevelStreamingComponentsRegistrationGranularity:10]]
LogConfig: Setting CVar [[s.UnregisterComponentsTimeLimit:1.0]]
LogConfig: Setting CVar [[s.LevelStreamingComponentsUnregistrationGranularity:5]]
LogConfig: Setting CVar [[s.FlushStreamingOnExit:1]]
LogInit: Object subsystem initialized
LogConfig: Setting CVar [[con.DebugEarlyDefault:1]]
LogConfig: Setting CVar [[r.setres:1280x720]]
[2024.11.06-18.15.19:078][  0]LogConfig: Setting CVar [[r.VSync:0]]
[2024.11.06-18.15.19:078][  0]LogConfig: Setting CVar [[r.RHICmdBypass:0]]
[2024.11.06-18.15.19:078][  0]LogConfig: Applying CVar settings from Section [/Script/Engine.RendererSettings] File [C:/Users/Patay Viki/Szakdoga/ASSIMP-UE-demo-tutorial/AssimpProject/Saved/Config/Windows/Engine.ini]
[2024.11.06-18.15.19:078][  0]LogConfig: Setting CVar [[r.GPUCrashDebugging:0]]
[2024.11.06-18.15.19:078][  0]LogConfig: Applying CVar settings from Section [/Script/Engine.RendererOverrideSettings] File [C:/Users/Patay Viki/Szakdoga/ASSIMP-UE-demo-tutorial/AssimpProject/Saved/Config/Windows/Engine.ini]
[2024.11.06-18.15.19:078][  0]LogConfig: Applying CVar settings from Section [/Script/Engine.StreamingSettings] File [C:/Users/Patay Viki/Szakdoga/ASSIMP-UE-demo-tutorial/AssimpProject/Saved/Config/Windows/Engine.ini]
[2024.11.06-18.15.19:078][  0]LogConfig: Setting CVar [[s.MinBulkDataSizeForAsyncLoading:131072]]
[2024.11.06-18.15.19:078][  0]LogConfig: Setting CVar [[s.AsyncLoadingThreadEnabled:0]]
[2024.11.06-18.15.19:078][  0]LogConfig: Setting CVar [[s.EventDrivenLoaderEnabled:1]]
[2024.11.06-18.15.19:078][  0]LogConfig: Setting CVar [[s.WarnIfTimeLimitExceeded:0]]
[2024.11.06-18.15.19:078][  0]LogConfig: Setting CVar [[s.TimeLimitExceededMultiplier:1.5]]
[2024.11.06-18.15.19:078][  0]LogConfig: Setting CVar [[s.TimeLimitExceededMinTime:0.005]]
[2024.11.06-18.15.19:078][  0]LogConfig: Setting CVar [[s.UseBackgroundLevelStreaming:1]]
[2024.11.06-18.15.19:078][  0]LogConfig: Setting CVar [[s.PriorityAsyncLoadingExtraTime:15.0]]
[2024.11.06-18.15.19:078][  0]LogConfig: Setting CVar [[s.LevelStreamingActorsUpdateTimeLimit:5.0]]
[2024.11.06-18.15.19:078][  0]LogConfig: Setting CVar [[s.PriorityLevelStreamingActorsUpdateExtraTime:5.0]]
[2024.11.06-18.15.19:078][  0]LogConfig: Setting CVar [[s.LevelStreamingComponentsRegistrationGranularity:10]]
[2024.11.06-18.15.19:078][  0]LogConfig: Setting CVar [[s.UnregisterComponentsTimeLimit:1.0]]
[2024.11.06-18.15.19:078][  0]LogConfig: Setting CVar [[s.LevelStreamingComponentsUnregistrationGranularity:5]]
[2024.11.06-18.15.19:078][  0]LogConfig: Setting CVar [[s.FlushStreamingOnExit:1]]
[2024.11.06-18.15.19:078][  0]LogConfig: Applying CVar settings from Section [/Script/Engine.GarbageCollectionSettings] File [C:/Users/Patay Viki/Szakdoga/ASSIMP-UE-demo-tutorial/AssimpProject/Saved/Config/Windows/Engine.ini]
[2024.11.06-18.15.19:078][  0]LogConfig: Setting CVar [[gc.MaxObjectsNotConsideredByGC:1]]
[2024.11.06-18.15.19:078][  0]LogConfig: Setting CVar [[gc.SizeOfPermanentObjectPool:0]]
[2024.11.06-18.15.19:078][  0]LogConfig: Setting CVar [[gc.FlushStreamingOnGC:0]]
[2024.11.06-18.15.19:078][  0]LogConfig: Setting CVar [[gc.NumRetriesBeforeForcingGC:10]]
[2024.11.06-18.15.19:078][  0]LogConfig: Setting CVar [[gc.AllowParallelGC:1]]
[2024.11.06-18.15.19:078][  0]LogConfig: Setting CVar [[gc.TimeBetweenPurgingPendingKillObjects:61.1]]
[2024.11.06-18.15.19:078][  0]LogConfig: Setting CVar [[gc.MaxObjectsInEditor:25165824]]
[2024.11.06-18.15.19:078][  0]LogConfig: Setting CVar [[gc.IncrementalBeginDestroyEnabled:1]]
[2024.11.06-18.15.19:078][  0]LogConfig: Setting CVar [[gc.CreateGCClusters:1]]
[2024.11.06-18.15.19:078][  0]LogConfig: Setting CVar [[gc.MinGCClusterSize:5]]
[2024.11.06-18.15.19:078][  0]LogConfig: Setting CVar [[gc.ActorClusteringEnabled:0]]
[2024.11.06-18.15.19:078][  0]LogConfig: Setting CVar [[gc.BlueprintClusteringEnabled:0]]
[2024.11.06-18.15.19:078][  0]LogConfig: Setting CVar [[gc.UseDisregardForGCOnDedicatedServers:0]]
[2024.11.06-18.15.19:078][  0]LogConfig: Setting CVar [[gc.MultithreadedDestructionEnabled:1]]
[2024.11.06-18.15.19:078][  0]LogConfig: Applying CVar settings from Section [/Script/Engine.NetworkSettings] File [C:/Users/Patay Viki/Szakdoga/ASSIMP-UE-demo-tutorial/AssimpProject/Saved/Config/Windows/Engine.ini]
[2024.11.06-18.15.19:078][  0]LogConfig: Applying CVar settings from Section [/Script/UnrealEd.CookerSettings] File [C:/Users/Patay Viki/Szakdoga/ASSIMP-UE-demo-tutorial/AssimpProject/Saved/Config/Windows/Engine.ini]
[2024.11.06-18.15.19:081][  0]LogConfig: Applying CVar settings from Section [ViewDistanceQuality@3] File [C:/Users/Patay Viki/Szakdoga/ASSIMP-UE-demo-tutorial/AssimpProject/Saved/Config/Windows/Scalability.ini]
[2024.11.06-18.15.19:081][  0]LogConfig: Setting CVar [[r.SkeletalMeshLODBias:0]]
[2024.11.06-18.15.19:081][  0]LogConfig: Setting CVar [[r.ViewDistanceScale:1.0]]
[2024.11.06-18.15.19:081][  0]LogConfig: Applying CVar settings from Section [AntiAliasingQuality@3] File [C:/Users/Patay Viki/Szakdoga/ASSIMP-UE-demo-tutorial/AssimpProject/Saved/Config/Windows/Scalability.ini]
[2024.11.06-18.15.19:081][  0]LogConfig: Setting CVar [[r.PostProcessAAQuality:4]]
[2024.11.06-18.15.19:081][  0]LogConfig: Applying CVar settings from Section [ShadowQuality@3] File [C:/Users/Patay Viki/Szakdoga/ASSIMP-UE-demo-tutorial/AssimpProject/Saved/Config/Windows/Scalability.ini]
[2024.11.06-18.15.19:081][  0]LogConfig: Setting CVar [[r.LightFunctionQuality:1]]
[2024.11.06-18.15.19:081][  0]LogConfig: Setting CVar [[r.ShadowQuality:5]]
[2024.11.06-18.15.19:081][  0]LogConfig: Setting CVar [[r.Shadow.CSM.MaxCascades:10]]
[2024.11.06-18.15.19:081][  0]LogConfig: Setting CVar [[r.Shadow.MaxResolution:2048]]
[2024.11.06-18.15.19:081][  0]LogConfig: Setting CVar [[r.Shadow.MaxCSMResolution:2048]]
[2024.11.06-18.15.19:081][  0]LogConfig: Setting CVar [[r.Shadow.RadiusThreshold:0.01]]
[2024.11.06-18.15.19:081][  0]LogConfig: Setting CVar [[r.Shadow.DistanceScale:1.0]]
[2024.11.06-18.15.19:081][  0]LogConfig: Setting CVar [[r.Shadow.CSM.TransitionScale:1.0]]
[2024.11.06-18.15.19:081][  0]LogConfig: Setting CVar [[r.Shadow.PreShadowResolutionFactor:1.0]]
[2024.11.06-18.15.19:081][  0]LogConfig: Setting CVar [[r.DistanceFieldShadowing:1]]
[2024.11.06-18.15.19:081][  0]LogConfig: Setting CVar [[r.DistanceFieldAO:1]]
[2024.11.06-18.15.19:081][  0]LogConfig: Setting CVar [[r.AOQuality:2]]
[2024.11.06-18.15.19:081][  0]LogConfig: Setting CVar [[r.VolumetricFog:1]]
[2024.11.06-18.15.19:081][  0]LogConfig: Setting CVar [[r.VolumetricFog.GridPixelSize:8]]
[2024.11.06-18.15.19:081][  0]LogConfig: Setting CVar [[r.VolumetricFog.GridSizeZ:128]]
[2024.11.06-18.15.19:081][  0]LogConfig: Setting CVar [[r.VolumetricFog.HistoryMissSupersampleCount:4]]
[2024.11.06-18.15.19:081][  0]LogConfig: Setting CVar [[r.LightMaxDrawDistanceScale:1]]
[2024.11.06-18.15.19:081][  0]LogConfig: Setting CVar [[r.CapsuleShadows:1]]
[2024.11.06-18.15.19:081][  0]LogConfig: Applying CVar settings from Section [PostProcessQuality@3] File [C:/Users/Patay Viki/Szakdoga/ASSIMP-UE-demo-tutorial/AssimpProject/Saved/Config/Windows/Scalability.ini]
[2024.11.06-18.15.19:081][  0]LogConfig: Setting CVar [[r.MotionBlurQuality:4]]
[2024.11.06-18.15.19:081][  0]LogConfig: Setting CVar [[r.AmbientOcclusionMipLevelFactor:0.4]]
[2024.11.06-18.15.19:081][  0]LogConfig: Setting CVar [[r.AmbientOcclusionMaxQuality:100]]
[2024.11.06-18.15.19:081][  0]LogConfig: Setting CVar [[r.AmbientOcclusionLevels:-1]]
[2024.11.06-18.15.19:081][  0]LogConfig: Setting CVar [[r.AmbientOcclusionRadiusScale:1.0]]
[2024.11.06-18.15.19:081][  0]LogConfig: Setting CVar [[r.DepthOfFieldQuality:2]]
[2024.11.06-18.15.19:081][  0]LogConfig: Setting CVar [[r.RenderTargetPoolMin:400]]
[2024.11.06-18.15.19:081][  0]LogConfig: Setting CVar [[r.LensFlareQuality:2]]
[2024.11.06-18.15.19:081][  0]LogConfig: Setting CVar [[r.SceneColorFringeQuality:1]]
[2024.11.06-18.15.19:081][  0]LogConfig: Setting CVar [[r.EyeAdaptationQuality:2]]
[2024.11.06-18.15.19:081][  0]LogConfig: Setting CVar [[r.BloomQuality:5]]
[2024.11.06-18.15.19:081][  0]LogConfig: Setting CVar [[r.FastBlurThreshold:100]]
[2024.11.06-18.15.19:081][  0]LogConfig: Setting CVar [[r.Upscale.Quality:3]]
[2024.11.06-18.15.19:081][  0]LogConfig: Setting CVar [[r.Tonemapper.GrainQuantization:1]]
[2024.11.06-18.15.19:081][  0]LogConfig: Setting CVar [[r.LightShaftQuality:1]]
[2024.11.06-18.15.19:081][  0]LogConfig: Setting CVar [[r.Filter.SizeScale:1]]
[2024.11.06-18.15.19:082][  0]LogConfig: Setting CVar [[r.Tonemapper.Quality:5]]
[2024.11.06-18.15.19:082][  0]LogConfig: Setting CVar [[r.DOF.Gather.AccumulatorQuality:1        ; higher gathering accumulator quality]]
[2024.11.06-18.15.19:082][  0]LogConfig: Setting CVar [[r.DOF.Gather.PostfilterMethod:1          ; Median3x3 postfilering method]]
[2024.11.06-18.15.19:082][  0]LogConfig: Setting CVar [[r.DOF.Gather.EnableBokehSettings:0       ; no bokeh simulation when gathering]]
[2024.11.06-18.15.19:082][  0]LogConfig: Setting CVar [[r.DOF.Gather.RingCount:4                 ; medium number of samples when gathering]]
[2024.11.06-18.15.19:082][  0]LogConfig: Setting CVar [[r.DOF.Scatter.ForegroundCompositing:1    ; additive foreground scattering]]
[2024.11.06-18.15.19:082][  0]LogConfig: Setting CVar [[r.DOF.Scatter.BackgroundCompositing:2    ; additive background scattering]]
[2024.11.06-18.15.19:082][  0]LogConfig: Setting CVar [[r.DOF.Scatter.EnableBokehSettings:1      ; bokeh simulation when scattering]]
[2024.11.06-18.15.19:082][  0]LogConfig: Setting CVar [[r.DOF.Scatter.MaxSpriteRatio:0.1         ; only a maximum of 10% of scattered bokeh]]
[2024.11.06-18.15.19:082][  0]LogConfig: Setting CVar [[r.DOF.Recombine.Quality:1                ; cheap slight out of focus]]
[2024.11.06-18.15.19:082][  0]LogConfig: Setting CVar [[r.DOF.Recombine.EnableBokehSettings:0    ; no bokeh simulation on slight out of focus]]
[2024.11.06-18.15.19:082][  0]LogConfig: Setting CVar [[r.DOF.TemporalAAQuality:1                ; more stable temporal accumulation]]
[2024.11.06-18.15.19:082][  0]LogConfig: Setting CVar [[r.DOF.Kernel.MaxForegroundRadius:0.025]]
[2024.11.06-18.15.19:082][  0]LogConfig: Setting CVar [[r.DOF.Kernel.MaxBackgroundRadius:0.025]]
[2024.11.06-18.15.19:082][  0]LogConfig: Applying CVar settings from Section [TextureQuality@3] File [C:/Users/Patay Viki/Szakdoga/ASSIMP-UE-demo-tutorial/AssimpProject/Saved/Config/Windows/Scalability.ini]
[2024.11.06-18.15.19:082][  0]LogConfig: Setting CVar [[r.Streaming.MipBias:0]]
[2024.11.06-18.15.19:082][  0]LogConfig: Setting CVar [[r.Streaming.AmortizeCPUToGPUCopy:0]]
[2024.11.06-18.15.19:082][  0]LogConfig: Setting CVar [[r.Streaming.MaxNumTexturesToStreamPerFrame:0]]
[2024.11.06-18.15.19:082][  0]LogConfig: Setting CVar [[r.Streaming.Boost:1]]
[2024.11.06-18.15.19:082][  0]LogConfig: Setting CVar [[r.MaxAnisotropy:8]]
[2024.11.06-18.15.19:082][  0]LogConfig: Setting CVar [[r.VT.MaxAnisotropy:8]]
[2024.11.06-18.15.19:082][  0]LogConfig: Setting CVar [[r.Streaming.LimitPoolSizeToVRAM:0]]
[2024.11.06-18.15.19:082][  0]LogConfig: Setting CVar [[r.Streaming.PoolSize:1000]]
[2024.11.06-18.15.19:082][  0]LogConfig: Setting CVar [[r.Streaming.MaxEffectiveScreenSize:0]]
[2024.11.06-18.15.19:082][  0]LogConfig: Applying CVar settings from Section [EffectsQuality@3] File [C:/Users/Patay Viki/Szakdoga/ASSIMP-UE-demo-tutorial/AssimpProject/Saved/Config/Windows/Scalability.ini]
[2024.11.06-18.15.19:082][  0]LogConfig: Setting CVar [[r.TranslucencyLightingVolumeDim:64]]
[2024.11.06-18.15.19:082][  0]LogConfig: Setting CVar [[r.RefractionQuality:2]]
[2024.11.06-18.15.19:082][  0]LogConfig: Setting CVar [[r.SSR.Quality:3]]
[2024.11.06-18.15.19:082][  0]LogConfig: Setting CVar [[r.SSR.HalfResSceneColor:0]]
[2024.11.06-18.15.19:082][  0]LogConfig: Setting CVar [[r.SceneColorFormat:4]]
[2024.11.06-18.15.19:082][  0]LogConfig: Setting CVar [[r.DetailMode:2]]
[2024.11.06-18.15.19:082][  0]LogConfig: Setting CVar [[r.TranslucencyVolumeBlur:1]]
[2024.11.06-18.15.19:082][  0]LogConfig: Setting CVar [[r.MaterialQualityLevel:1 ; High quality]]
[2024.11.06-18.15.19:082][  0]LogConfig: Setting CVar [[r.AnisotropicMaterials:1]]
[2024.11.06-18.15.19:082][  0]LogConfig: Setting CVar [[r.SSS.Scale:1]]
[2024.11.06-18.15.19:082][  0]LogConfig: Setting CVar [[r.SSS.SampleSet:2]]
[2024.11.06-18.15.19:082][  0]LogConfig: Setting CVar [[r.SSS.Quality:1]]
[2024.11.06-18.15.19:082][  0]LogConfig: Setting CVar [[r.SSS.HalfRes:0]]
[2024.11.06-18.15.19:082][  0]LogConfig: Setting CVar [[r.SSGI.Quality:3]]
[2024.11.06-18.15.19:082][  0]LogConfig: Setting CVar [[r.EmitterSpawnRateScale:1.0]]
[2024.11.06-18.15.19:082][  0]LogConfig: Setting CVar [[r.ParticleLightQuality:2]]
[2024.11.06-18.15.19:082][  0]LogConfig: Setting CVar [[r.SkyAtmosphere.AerialPerspectiveLUT.FastApplyOnOpaque:1 ; Always have FastSkyLUT 1 in this case to avoid wrong sky]]
[2024.11.06-18.15.19:082][  0]LogConfig: Setting CVar [[r.SkyAtmosphere.AerialPerspectiveLUT.SampleCountMaxPerSlice:4]]
[2024.11.06-18.15.19:082][  0]LogConfig: Setting CVar [[r.SkyAtmosphere.AerialPerspectiveLUT.DepthResolution:16.0]]
[2024.11.06-18.15.19:082][  0]LogConfig: Setting CVar [[r.SkyAtmosphere.FastSkyLUT:1]]
[2024.11.06-18.15.19:082][  0]LogConfig: Setting CVar [[r.SkyAtmosphere.FastSkyLUT.SampleCountMin:4.0]]
[2024.11.06-18.15.19:082][  0]LogConfig: Setting CVar [[r.SkyAtmosphere.FastSkyLUT.SampleCountMax:128.0]]
[2024.11.06-18.15.19:082][  0]LogConfig: Setting CVar [[r.SkyAtmosphere.SampleCountMin:4.0]]
[2024.11.06-18.15.19:082][  0]LogConfig: Setting CVar [[r.SkyAtmosphere.SampleCountMax:128.0]]
[2024.11.06-18.15.19:082][  0]LogConfig: Setting CVar [[r.SkyAtmosphere.TransmittanceLUT.UseSmallFormat:0]]
[2024.11.06-18.15.19:082][  0]LogConfig: Setting CVar [[r.SkyAtmosphere.TransmittanceLUT.SampleCount:10.0]]
[2024.11.06-18.15.19:082][  0]LogConfig: Setting CVar [[r.SkyAtmosphere.MultiScatteringLUT.SampleCount:15.0]]
[2024.11.06-18.15.19:082][  0]LogConfig: Setting CVar [[r.SkyLight.RealTimeReflectionCapture:1]]
[2024.11.06-18.15.19:082][  0]LogConfig: Applying CVar settings from Section [FoliageQuality@3] File [C:/Users/Patay Viki/Szakdoga/ASSIMP-UE-demo-tutorial/AssimpProject/Saved/Config/Windows/Scalability.ini]
[2024.11.06-18.15.19:082][  0]LogConfig: Setting CVar [[foliage.DensityScale:1.0]]
[2024.11.06-18.15.19:082][  0]LogConfig: Setting CVar [[grass.DensityScale:1.0]]
[2024.11.06-18.15.19:082][  0]LogConfig: Applying CVar settings from Section [ShadingQuality@3] File [C:/Users/Patay Viki/Szakdoga/ASSIMP-UE-demo-tutorial/AssimpProject/Saved/Config/Windows/Scalability.ini]
[2024.11.06-18.15.19:082][  0]LogConfig: Setting CVar [[r.HairStrands.SkyLighting.IntegrationType:2]]
[2024.11.06-18.15.19:082][  0]LogConfig: Setting CVar [[r.HairStrands.SkyAO.SampleCount:4]]
[2024.11.06-18.15.19:082][  0]LogConfig: Setting CVar [[r.HairStrands.Visibility.MSAA.SamplePerPixel:4]]
[2024.11.06-18.15.19:082][  0]LogInit: Selected Device Profile: [Windows]
[2024.11.06-18.15.19:082][  0]LogInit: Applying CVar settings loaded from the selected device profile: [Windows]
[2024.11.06-18.15.19:082][  0]LogHAL: Display: Platform has ~ 32 GB [33666428928 / 34359738368 / 32], which maps to Largest [LargestMinGB=32, LargerMinGB=12, DefaultMinGB=8, SmallerMinGB=6, SmallestMinGB=0)
[2024.11.06-18.15.19:082][  0]LogInit: Going up to parent DeviceProfile []
[2024.11.06-18.15.19:082][  0]LogConfig: Applying CVar settings from Section [ViewDistanceQuality@3] File [C:/Users/Patay Viki/Szakdoga/ASSIMP-UE-demo-tutorial/AssimpProject/Saved/Config/Windows/Scalability.ini]
[2024.11.06-18.15.19:082][  0]LogConfig: Setting CVar [[r.SkeletalMeshLODBias:0]]
[2024.11.06-18.15.19:082][  0]LogConfig: Setting CVar [[r.ViewDistanceScale:1.0]]
[2024.11.06-18.15.19:082][  0]LogConfig: Applying CVar settings from Section [AntiAliasingQuality@3] File [C:/Users/Patay Viki/Szakdoga/ASSIMP-UE-demo-tutorial/AssimpProject/Saved/Config/Windows/Scalability.ini]
[2024.11.06-18.15.19:082][  0]LogConfig: Setting CVar [[r.PostProcessAAQuality:4]]
[2024.11.06-18.15.19:082][  0]LogConfig: Applying CVar settings from Section [ShadowQuality@3] File [C:/Users/Patay Viki/Szakdoga/ASSIMP-UE-demo-tutorial/AssimpProject/Saved/Config/Windows/Scalability.ini]
[2024.11.06-18.15.19:082][  0]LogConfig: Setting CVar [[r.LightFunctionQuality:1]]
[2024.11.06-18.15.19:082][  0]LogConfig: Setting CVar [[r.ShadowQuality:5]]
[2024.11.06-18.15.19:082][  0]LogConfig: Setting CVar [[r.Shadow.CSM.MaxCascades:10]]
[2024.11.06-18.15.19:082][  0]LogConfig: Setting CVar [[r.Shadow.MaxResolution:2048]]
[2024.11.06-18.15.19:082][  0]LogConfig: Setting CVar [[r.Shadow.MaxCSMResolution:2048]]
[2024.11.06-18.15.19:082][  0]LogConfig: Setting CVar [[r.Shadow.RadiusThreshold:0.01]]
[2024.11.06-18.15.19:082][  0]LogConfig: Setting CVar [[r.Shadow.DistanceScale:1.0]]
[2024.11.06-18.15.19:082][  0]LogConfig: Setting CVar [[r.Shadow.CSM.TransitionScale:1.0]]
[2024.11.06-18.15.19:082][  0]LogConfig: Setting CVar [[r.Shadow.PreShadowResolutionFactor:1.0]]
[2024.11.06-18.15.19:082][  0]LogConfig: Setting CVar [[r.DistanceFieldShadowing:1]]
[2024.11.06-18.15.19:082][  0]LogConfig: Setting CVar [[r.DistanceFieldAO:1]]
[2024.11.06-18.15.19:082][  0]LogConfig: Setting CVar [[r.AOQuality:2]]
[2024.11.06-18.15.19:082][  0]LogConfig: Setting CVar [[r.VolumetricFog:1]]
[2024.11.06-18.15.19:082][  0]LogConfig: Setting CVar [[r.VolumetricFog.GridPixelSize:8]]
[2024.11.06-18.15.19:082][  0]LogConfig: Setting CVar [[r.VolumetricFog.GridSizeZ:128]]
[2024.11.06-18.15.19:082][  0]LogConfig: Setting CVar [[r.VolumetricFog.HistoryMissSupersampleCount:4]]
[2024.11.06-18.15.19:082][  0]LogConfig: Setting CVar [[r.LightMaxDrawDistanceScale:1]]
[2024.11.06-18.15.19:082][  0]LogConfig: Setting CVar [[r.CapsuleShadows:1]]
[2024.11.06-18.15.19:083][  0]LogConfig: Applying CVar settings from Section [PostProcessQuality@3] File [C:/Users/Patay Viki/Szakdoga/ASSIMP-UE-demo-tutorial/AssimpProject/Saved/Config/Windows/Scalability.ini]
[2024.11.06-18.15.19:083][  0]LogConfig: Setting CVar [[r.MotionBlurQuality:4]]
[2024.11.06-18.15.19:083][  0]LogConfig: Setting CVar [[r.AmbientOcclusionMipLevelFactor:0.4]]
[2024.11.06-18.15.19:083][  0]LogConfig: Setting CVar [[r.AmbientOcclusionMaxQuality:100]]
[2024.11.06-18.15.19:083][  0]LogConfig: Setting CVar [[r.AmbientOcclusionLevels:-1]]
[2024.11.06-18.15.19:083][  0]LogConfig: Setting CVar [[r.AmbientOcclusionRadiusScale:1.0]]
[2024.11.06-18.15.19:083][  0]LogConfig: Setting CVar [[r.DepthOfFieldQuality:2]]
[2024.11.06-18.15.19:083][  0]LogConfig: Setting CVar [[r.RenderTargetPoolMin:400]]
[2024.11.06-18.15.19:083][  0]LogConfig: Setting CVar [[r.LensFlareQuality:2]]
[2024.11.06-18.15.19:083][  0]LogConfig: Setting CVar [[r.SceneColorFringeQuality:1]]
[2024.11.06-18.15.19:083][  0]LogConfig: Setting CVar [[r.EyeAdaptationQuality:2]]
[2024.11.06-18.15.19:083][  0]LogConfig: Setting CVar [[r.BloomQuality:5]]
[2024.11.06-18.15.19:083][  0]LogConfig: Setting CVar [[r.FastBlurThreshold:100]]
[2024.11.06-18.15.19:083][  0]LogConfig: Setting CVar [[r.Upscale.Quality:3]]
[2024.11.06-18.15.19:083][  0]LogConfig: Setting CVar [[r.Tonemapper.GrainQuantization:1]]
[2024.11.06-18.15.19:083][  0]LogConfig: Setting CVar [[r.LightShaftQuality:1]]
[2024.11.06-18.15.19:083][  0]LogConfig: Setting CVar [[r.Filter.SizeScale:1]]
[2024.11.06-18.15.19:083][  0]LogConfig: Setting CVar [[r.Tonemapper.Quality:5]]
[2024.11.06-18.15.19:083][  0]LogConfig: Setting CVar [[r.DOF.Gather.AccumulatorQuality:1        ; higher gathering accumulator quality]]
[2024.11.06-18.15.19:083][  0]LogConfig: Setting CVar [[r.DOF.Gather.PostfilterMethod:1          ; Median3x3 postfilering method]]
[2024.11.06-18.15.19:083][  0]LogConfig: Setting CVar [[r.DOF.Gather.EnableBokehSettings:0       ; no bokeh simulation when gathering]]
[2024.11.06-18.15.19:083][  0]LogConfig: Setting CVar [[r.DOF.Gather.RingCount:4                 ; medium number of samples when gathering]]
[2024.11.06-18.15.19:083][  0]LogConfig: Setting CVar [[r.DOF.Scatter.ForegroundCompositing:1    ; additive foreground scattering]]
[2024.11.06-18.15.19:083][  0]LogConfig: Setting CVar [[r.DOF.Scatter.BackgroundCompositing:2    ; additive background scattering]]
[2024.11.06-18.15.19:083][  0]LogConfig: Setting CVar [[r.DOF.Scatter.EnableBokehSettings:1      ; bokeh simulation when scattering]]
[2024.11.06-18.15.19:083][  0]LogConfig: Setting CVar [[r.DOF.Scatter.MaxSpriteRatio:0.1         ; only a maximum of 10% of scattered bokeh]]
[2024.11.06-18.15.19:083][  0]LogConfig: Setting CVar [[r.DOF.Recombine.Quality:1                ; cheap slight out of focus]]
[2024.11.06-18.15.19:083][  0]LogConfig: Setting CVar [[r.DOF.Recombine.EnableBokehSettings:0    ; no bokeh simulation on slight out of focus]]
[2024.11.06-18.15.19:083][  0]LogConfig: Setting CVar [[r.DOF.TemporalAAQuality:1                ; more stable temporal accumulation]]
[2024.11.06-18.15.19:083][  0]LogConfig: Setting CVar [[r.DOF.Kernel.MaxForegroundRadius:0.025]]
[2024.11.06-18.15.19:083][  0]LogConfig: Setting CVar [[r.DOF.Kernel.MaxBackgroundRadius:0.025]]
[2024.11.06-18.15.19:083][  0]LogConfig: Applying CVar settings from Section [TextureQuality@3] File [C:/Users/Patay Viki/Szakdoga/ASSIMP-UE-demo-tutorial/AssimpProject/Saved/Config/Windows/Scalability.ini]
[2024.11.06-18.15.19:083][  0]LogConfig: Setting CVar [[r.Streaming.MipBias:0]]
[2024.11.06-18.15.19:083][  0]LogConfig: Setting CVar [[r.Streaming.AmortizeCPUToGPUCopy:0]]
[2024.11.06-18.15.19:083][  0]LogConfig: Setting CVar [[r.Streaming.MaxNumTexturesToStreamPerFrame:0]]
[2024.11.06-18.15.19:083][  0]LogConfig: Setting CVar [[r.Streaming.Boost:1]]
[2024.11.06-18.15.19:083][  0]LogConfig: Setting CVar [[r.MaxAnisotropy:8]]
[2024.11.06-18.15.19:083][  0]LogConfig: Setting CVar [[r.VT.MaxAnisotropy:8]]
[2024.11.06-18.15.19:083][  0]LogConfig: Setting CVar [[r.Streaming.LimitPoolSizeToVRAM:0]]
[2024.11.06-18.15.19:083][  0]LogConfig: Setting CVar [[r.Streaming.PoolSize:1000]]
[2024.11.06-18.15.19:083][  0]LogConfig: Setting CVar [[r.Streaming.MaxEffectiveScreenSize:0]]
[2024.11.06-18.15.19:083][  0]LogConfig: Applying CVar settings from Section [EffectsQuality@3] File [C:/Users/Patay Viki/Szakdoga/ASSIMP-UE-demo-tutorial/AssimpProject/Saved/Config/Windows/Scalability.ini]
[2024.11.06-18.15.19:083][  0]LogConfig: Setting CVar [[r.TranslucencyLightingVolumeDim:64]]
[2024.11.06-18.15.19:083][  0]LogConfig: Setting CVar [[r.RefractionQuality:2]]
[2024.11.06-18.15.19:083][  0]LogConfig: Setting CVar [[r.SSR.Quality:3]]
[2024.11.06-18.15.19:083][  0]LogConfig: Setting CVar [[r.SSR.HalfResSceneColor:0]]
[2024.11.06-18.15.19:083][  0]LogConfig: Setting CVar [[r.SceneColorFormat:4]]
[2024.11.06-18.15.19:083][  0]LogConfig: Setting CVar [[r.DetailMode:2]]
[2024.11.06-18.15.19:083][  0]LogConfig: Setting CVar [[r.TranslucencyVolumeBlur:1]]
[2024.11.06-18.15.19:083][  0]LogConfig: Setting CVar [[r.MaterialQualityLevel:1 ; High quality]]
[2024.11.06-18.15.19:083][  0]LogConfig: Setting CVar [[r.AnisotropicMaterials:1]]
[2024.11.06-18.15.19:083][  0]LogConfig: Setting CVar [[r.SSS.Scale:1]]
[2024.11.06-18.15.19:083][  0]LogConfig: Setting CVar [[r.SSS.SampleSet:2]]
[2024.11.06-18.15.19:083][  0]LogConfig: Setting CVar [[r.SSS.Quality:1]]
[2024.11.06-18.15.19:083][  0]LogConfig: Setting CVar [[r.SSS.HalfRes:0]]
[2024.11.06-18.15.19:083][  0]LogConfig: Setting CVar [[r.SSGI.Quality:3]]
[2024.11.06-18.15.19:083][  0]LogConfig: Setting CVar [[r.EmitterSpawnRateScale:1.0]]
[2024.11.06-18.15.19:083][  0]LogConfig: Setting CVar [[r.ParticleLightQuality:2]]
[2024.11.06-18.15.19:083][  0]LogConfig: Setting CVar [[r.SkyAtmosphere.AerialPerspectiveLUT.FastApplyOnOpaque:1 ; Always have FastSkyLUT 1 in this case to avoid wrong sky]]
[2024.11.06-18.15.19:083][  0]LogConfig: Setting CVar [[r.SkyAtmosphere.AerialPerspectiveLUT.SampleCountMaxPerSlice:4]]
[2024.11.06-18.15.19:083][  0]LogConfig: Setting CVar [[r.SkyAtmosphere.AerialPerspectiveLUT.DepthResolution:16.0]]
[2024.11.06-18.15.19:083][  0]LogConfig: Setting CVar [[r.SkyAtmosphere.FastSkyLUT:1]]
[2024.11.06-18.15.19:083][  0]LogConfig: Setting CVar [[r.SkyAtmosphere.FastSkyLUT.SampleCountMin:4.0]]
[2024.11.06-18.15.19:083][  0]LogConfig: Setting CVar [[r.SkyAtmosphere.FastSkyLUT.SampleCountMax:128.0]]
[2024.11.06-18.15.19:083][  0]LogConfig: Setting CVar [[r.SkyAtmosphere.SampleCountMin:4.0]]
[2024.11.06-18.15.19:083][  0]LogConfig: Setting CVar [[r.SkyAtmosphere.SampleCountMax:128.0]]
[2024.11.06-18.15.19:083][  0]LogConfig: Setting CVar [[r.SkyAtmosphere.TransmittanceLUT.UseSmallFormat:0]]
[2024.11.06-18.15.19:083][  0]LogConfig: Setting CVar [[r.SkyAtmosphere.TransmittanceLUT.SampleCount:10.0]]
[2024.11.06-18.15.19:083][  0]LogConfig: Setting CVar [[r.SkyAtmosphere.MultiScatteringLUT.SampleCount:15.0]]
[2024.11.06-18.15.19:083][  0]LogConfig: Setting CVar [[r.SkyLight.RealTimeReflectionCapture:1]]
[2024.11.06-18.15.19:083][  0]LogConfig: Applying CVar settings from Section [FoliageQuality@3] File [C:/Users/Patay Viki/Szakdoga/ASSIMP-UE-demo-tutorial/AssimpProject/Saved/Config/Windows/Scalability.ini]
[2024.11.06-18.15.19:083][  0]LogConfig: Setting CVar [[foliage.DensityScale:1.0]]
[2024.11.06-18.15.19:083][  0]LogConfig: Setting CVar [[grass.DensityScale:1.0]]
[2024.11.06-18.15.19:083][  0]LogConfig: Applying CVar settings from Section [ShadingQuality@3] File [C:/Users/Patay Viki/Szakdoga/ASSIMP-UE-demo-tutorial/AssimpProject/Saved/Config/Windows/Scalability.ini]
[2024.11.06-18.15.19:083][  0]LogConfig: Setting CVar [[r.HairStrands.SkyLighting.IntegrationType:2]]
[2024.11.06-18.15.19:083][  0]LogConfig: Setting CVar [[r.HairStrands.SkyAO.SampleCount:4]]
[2024.11.06-18.15.19:083][  0]LogConfig: Setting CVar [[r.HairStrands.Visibility.MSAA.SamplePerPixel:4]]
[2024.11.06-18.15.19:083][  0]LogConfig: Applying CVar settings from Section [Startup] File [../../../Engine/Config/ConsoleVariables.ini]
[2024.11.06-18.15.19:085][  0]LogConfig: Setting CVar [[net.UseAdaptiveNetUpdateFrequency:0]]
[2024.11.06-18.15.19:085][  0]LogConfig: Setting CVar [[p.chaos.AllowCreatePhysxBodies:1]]
[2024.11.06-18.15.19:085][  0]LogConfig: Setting CVar [[fx.SkipVectorVMBackendOptimizations:1]]
[2024.11.06-18.15.19:085][  0]LogConfig: Applying CVar settings from Section [ConsoleVariables] File [C:/Users/Patay Viki/Szakdoga/ASSIMP-UE-demo-tutorial/AssimpProject/Saved/Config/Windows/Engine.ini]
[2024.11.06-18.15.19:085][  0]LogConfig: Applying CVar settings from Section [ConsoleVariables] File [C:/Users/Patay Viki/Szakdoga/ASSIMP-UE-demo-tutorial/AssimpProject/Saved/Config/Windows/Editor.ini]
[2024.11.06-18.15.19:085][  0]LogInit: Computer: DESKTOP-6NQH7V8
[2024.11.06-18.15.19:085][  0]LogInit: User: PatayViki
[2024.11.06-18.15.19:085][  0]LogInit: CPU Page size=4096, Cores=8
[2024.11.06-18.15.19:085][  0]LogInit: High frequency timer resolution =10.000000 MHz
[2024.11.06-18.15.19:085][  0]LogMemory: Memory total: Physical=31.4GB (32GB approx)
[2024.11.06-18.15.19:085][  0]LogMemory: Platform Memory Stats for Windows
[2024.11.06-18.15.19:085][  0]LogMemory: Process Physical Memory: 144.87 MB used, 144.87 MB peak
[2024.11.06-18.15.19:085][  0]LogMemory: Process Virtual Memory: 121.42 MB used, 121.42 MB peak
[2024.11.06-18.15.19:085][  0]LogMemory: Physical Memory: 22555.34 MB used,  9551.47 MB free, 32106.81 MB total
[2024.11.06-18.15.19:085][  0]LogMemory: Virtual Memory: 134209760.00 MB used,  7967.54 MB free, 134217728.00 MB total
[2024.11.06-18.15.19:092][  0]LogWindows: WindowsPlatformFeatures enabled
[2024.11.06-18.15.19:128][  0]LogInit: Physics initialised using underlying interface: PhysX
[2024.11.06-18.15.19:129][  0]LogInit: Using OS detected language (hu-HU).
[2024.11.06-18.15.19:130][  0]LogInit: Using OS detected locale (hu-HU).
[2024.11.06-18.15.19:136][  0]LogTextLocalizationManager: No localization for 'hu-HU' exists, so 'en' will be used for the language.
[2024.11.06-18.15.19:425][  0]LogInit: Setting process to per monitor DPI aware
[2024.11.06-18.15.19:440][  0]LogWindowsTextInputMethodSystem: Display: IME system deactivated.
[2024.11.06-18.15.19:465][  0]LogSlate: New Slate User Created.  User Index 0, Is Virtual User: 0
[2024.11.06-18.15.19:465][  0]LogSlate: Slate User Registered.  User Index 0, Is Virtual User: 0
[2024.11.06-18.15.19:756][  0]LogD3D11RHI: Loaded GFSDK_Aftermath_Lib.x64.dll
[2024.11.06-18.15.19:789][  0]LogHMD: Failed to initialize OpenVR with code 110
[2024.11.06-18.15.19:789][  0]LogD3D11RHI: D3D11 min allowed feature level: 11_0
[2024.11.06-18.15.19:789][  0]LogD3D11RHI: D3D11 max allowed feature level: 11_0
[2024.11.06-18.15.19:789][  0]LogD3D11RHI: D3D11 adapters:
[2024.11.06-18.15.19:889][  0]LogD3D11RHI:    0. 'NVIDIA GeForce GTX 1650' (Feature Level 11_0)
[2024.11.06-18.15.19:889][  0]LogD3D11RHI:       3962/0/16053 MB DedicatedVideo/DedicatedSystem/SharedSystem, Outputs:1, VendorId:0x10de
[2024.11.06-18.15.19:921][  0]LogD3D11RHI:    1. 'AMD Radeon(TM) Graphics' (Feature Level 11_0)
[2024.11.06-18.15.19:922][  0]LogD3D11RHI:       496/0/16053 MB DedicatedVideo/DedicatedSystem/SharedSystem, Outputs:0, VendorId:0x1002
[2024.11.06-18.15.19:924][  0]LogD3D11RHI:    2. 'Microsoft Basic Render Driver' (Feature Level 11_0)
[2024.11.06-18.15.19:924][  0]LogD3D11RHI:       0/0/16053 MB DedicatedVideo/DedicatedSystem/SharedSystem, Outputs:0, VendorId:0x1414
[2024.11.06-18.15.19:924][  0]LogD3D11RHI: Chosen D3D11 Adapter:
[2024.11.06-18.15.19:924][  0]LogD3D11RHI:     Description : NVIDIA GeForce GTX 1650
[2024.11.06-18.15.19:924][  0]LogD3D11RHI:     VendorId    : 10de
[2024.11.06-18.15.19:924][  0]LogD3D11RHI:     DeviceId    : 1f9d
[2024.11.06-18.15.19:924][  0]LogD3D11RHI:     SubSysId    : 15241025
[2024.11.06-18.15.19:924][  0]LogD3D11RHI:     Revision    : 00a1
[2024.11.06-18.15.19:924][  0]LogD3D11RHI:     DedicatedVideoMemory : 4154458112 bytes
[2024.11.06-18.15.19:924][  0]LogD3D11RHI:     DedicatedSystemMemory : 0 bytes
[2024.11.06-18.15.19:924][  0]LogD3D11RHI:     SharedSystemMemory : 16833214464 bytes
[2024.11.06-18.15.19:924][  0]LogD3D11RHI:     AdapterLuid : 0 65622
[2024.11.06-18.15.19:939][  0]LogD3D11RHI: Creating new Direct3DDevice
[2024.11.06-18.15.19:939][  0]LogD3D11RHI:     GPU DeviceId: 0x1f9d (for the marketing name, search the web for "GPU Device Id")
[2024.11.06-18.15.19:939][  0]LogWindows: EnumDisplayDevices:
[2024.11.06-18.15.19:939][  0]LogWindows:    0. 'AMD Radeon(TM) Graphics' (P:1 D:1)
[2024.11.06-18.15.19:939][  0]LogWindows:    1. 'AMD Radeon(TM) Graphics' (P:0 D:0)
[2024.11.06-18.15.19:940][  0]LogWindows:    2. 'AMD Radeon(TM) Graphics' (P:0 D:0)
[2024.11.06-18.15.19:940][  0]LogWindows:    3. 'AMD Radeon(TM) Graphics' (P:0 D:0)
[2024.11.06-18.15.19:940][  0]LogWindows: DebugString: PrimaryIsNotTheChoosenAdapter PrimaryIsNotTheChoosenAdapter PrimaryIsNotTheChoosenAdapter PrimaryIsNotTheChoosenAdapter FoundDriverCount:0 
[2024.11.06-18.15.19:940][  0]LogD3D11RHI:     Adapter Name: NVIDIA GeForce GTX 1650
[2024.11.06-18.15.19:940][  0]LogD3D11RHI:   Driver Version: Unknown (internal:Unknown, unified:Unknown)
[2024.11.06-18.15.19:940][  0]LogD3D11RHI:      Driver Date: Unknown
[2024.11.06-18.15.19:940][  0]LogRHI: Texture pool is 2773 MB (70% of 3962 MB)
[2024.11.06-18.15.19:940][  0]LogD3D11RHI: Creating D3DDevice using adapter:
[2024.11.06-18.15.19:940][  0]LogD3D11RHI:     Description : NVIDIA GeForce GTX 1650
[2024.11.06-18.15.19:940][  0]LogD3D11RHI:     VendorId    : 10de
[2024.11.06-18.15.19:940][  0]LogD3D11RHI:     DeviceId    : 1f9d
[2024.11.06-18.15.19:940][  0]LogD3D11RHI:     SubSysId    : 15241025
[2024.11.06-18.15.19:940][  0]LogD3D11RHI:     Revision    : 00a1
[2024.11.06-18.15.19:940][  0]LogD3D11RHI:     DedicatedVideoMemory : 4154458112 bytes
[2024.11.06-18.15.19:940][  0]LogD3D11RHI:     DedicatedSystemMemory : 0 bytes
[2024.11.06-18.15.19:940][  0]LogD3D11RHI:     SharedSystemMemory : 16833214464 bytes
[2024.11.06-18.15.19:940][  0]LogD3D11RHI:     AdapterLuid : 0 65622
[2024.11.06-18.15.20:004][  0]LogD3D11RHI: RHI has support for 64 bit atomics
[2024.11.06-18.15.20:004][  0]LogD3D11RHI: Async texture creation enabled
[2024.11.06-18.15.20:004][  0]LogD3D11RHI: Array index from any shader is supported
[2024.11.06-18.15.20:020][  0]LogD3D11RHI: GPU Timing Frequency: 1000.000000 (Debug: 2 1)
[2024.11.06-18.15.20:050][  0]LogRHI: GeForceNow SDK initialized: 1
[2024.11.06-18.15.20:371][  0]LogTargetPlatformManager: Display: Loaded TargetPlatform 'AllDesktop'
[2024.11.06-18.15.20:395][  0]LogTargetPlatformManager: Display: Loaded TargetPlatform 'Android'
[2024.11.06-18.15.20:395][  0]LogTargetPlatformManager: Display: Loaded TargetPlatform 'Android_ASTC'
[2024.11.06-18.15.20:395][  0]LogTargetPlatformManager: Display: Loaded TargetPlatform 'Android_DXT'
[2024.11.06-18.15.20:395][  0]LogTargetPlatformManager: Display: Loaded TargetPlatform 'Android_ETC2'
[2024.11.06-18.15.20:395][  0]LogTargetPlatformManager: Display: Loaded TargetPlatform 'AndroidClient'
[2024.11.06-18.15.20:395][  0]LogTargetPlatformManager: Display: Loaded TargetPlatform 'Android_ASTCClient'
[2024.11.06-18.15.20:395][  0]LogTargetPlatformManager: Display: Loaded TargetPlatform 'Android_DXTClient'
[2024.11.06-18.15.20:395][  0]LogTargetPlatformManager: Display: Loaded TargetPlatform 'Android_ETC2Client'
[2024.11.06-18.15.20:395][  0]LogTargetPlatformManager: Display: Loaded TargetPlatform 'Android_Multi'
[2024.11.06-18.15.20:395][  0]LogTargetPlatformManager: Display: Loaded TargetPlatform 'Android_MultiClient'
[2024.11.06-18.15.20:417][  0]LogTargetPlatformManager: Display: Loaded TargetPlatform 'IOSClient'
[2024.11.06-18.15.20:417][  0]LogTargetPlatformManager: Display: Loaded TargetPlatform 'IOS'
[2024.11.06-18.15.20:429][  0]LogTargetPlatformManager: Display: Loaded TargetPlatform 'Linux'
[2024.11.06-18.15.20:436][  0]LogTargetPlatformManager: Display: Loaded TargetPlatform 'LinuxNoEditor'
[2024.11.06-18.15.20:442][  0]LogTargetPlatformManager: Display: Loaded TargetPlatform 'LinuxClient'
[2024.11.06-18.15.20:450][  0]LogTargetPlatformManager: Display: Loaded TargetPlatform 'LinuxServer'
[2024.11.06-18.15.20:460][  0]LogTargetPlatformManager: Display: Loaded TargetPlatform 'LinuxAArch64NoEditor'
[2024.11.06-18.15.20:468][  0]LogTargetPlatformManager: Display: Loaded TargetPlatform 'LinuxAArch64Client'
[2024.11.06-18.15.20:474][  0]LogTargetPlatformManager: Display: Loaded TargetPlatform 'LinuxAArch64Server'
[2024.11.06-18.15.20:500][  0]LogTargetPlatformManager: Display: Loaded TargetPlatform 'Lumin'
[2024.11.06-18.15.20:500][  0]LogTargetPlatformManager: Display: Loaded TargetPlatform 'LuminClient'
[2024.11.06-18.15.20:511][  0]LogTargetPlatformManager: Display: Loaded TargetPlatform 'MacNoEditor'
[2024.11.06-18.15.20:518][  0]LogTargetPlatformManager: Display: Loaded TargetPlatform 'Mac'
[2024.11.06-18.15.20:524][  0]LogTargetPlatformManager: Display: Loaded TargetPlatform 'MacClient'
[2024.11.06-18.15.20:529][  0]LogTargetPlatformManager: Display: Loaded TargetPlatform 'MacServer'
[2024.11.06-18.15.20:541][  0]LogTargetPlatformManager: Display: Loaded TargetPlatform 'TVOSClient'
[2024.11.06-18.15.20:541][  0]LogTargetPlatformManager: Display: Loaded TargetPlatform 'TVOS'
[2024.11.06-18.15.20:552][  0]LogTargetPlatformManager: Display: Loaded TargetPlatform 'WindowsNoEditor'
[2024.11.06-18.15.20:557][  0]LogTargetPlatformManager: Display: Loaded TargetPlatform 'Windows'
[2024.11.06-18.15.20:564][  0]LogTargetPlatformManager: Display: Loaded TargetPlatform 'WindowsClient'
[2024.11.06-18.15.20:570][  0]LogTargetPlatformManager: Display: Loaded TargetPlatform 'WindowsServer'
[2024.11.06-18.15.20:571][  0]LogTargetPlatformManager: Display: Building Assets For Windows
[2024.11.06-18.15.20:583][  0]LogAudioDebug: Display: Lib vorbis DLL was dynamically loaded.
[2024.11.06-18.15.20:632][  0]LogTextureFormatOodle: Display: Oodle Texture 2.9.0 init RDO Off
[2024.11.06-18.15.20:682][  0]LogRendererCore: Ray tracing is disabled. Reason: r.RayTracing=0.
[2024.11.06-18.15.20:682][  0]LogShaderCompilers: Guid format shader working directory is -31 characters bigger than the processId version (../../../../../../Users/Patay Viki/Szakdoga/ASSIMP-UE-demo-tutorial/AssimpProject/Intermediate/Shaders/WorkingDirectory/22556/).
[2024.11.06-18.15.20:682][  0]LogShaderCompilers: Cleaned the shader compiler working directory 'C:/Users/Patay Viki/AppData/Local/Temp/UnrealShaderWorkingDir/5EAA182344EBF3755891858A2D6919D8/'.
[2024.11.06-18.15.20:682][  0]LogXGEController: Cannot use XGE Controller as Incredibuild is not installed on this machine.
[2024.11.06-18.15.20:682][  0]LogShaderCompilers: Cannot use XGE Shader Compiler as Incredibuild is not installed on this machine.
[2024.11.06-18.15.20:682][  0]LogShaderCompilers: Display: Using Local Shader Compiler.
[2024.11.06-18.15.21:469][  0]LogDerivedDataCache: Display: Max Cache Size: 512 MB
[2024.11.06-18.15.21:544][  0]LogDerivedDataCache: Loaded boot cache 0.07s 94MB C:/Users/Patay Viki/AppData/Local/UnrealEngine/4.27/DerivedDataCache/Boot.ddc.
[2024.11.06-18.15.21:544][  0]LogDerivedDataCache: Display: Loaded Boot cache: C:/Users/Patay Viki/AppData/Local/UnrealEngine/4.27/DerivedDataCache/Boot.ddc
[2024.11.06-18.15.21:545][  0]LogDerivedDataCache: FDerivedDataBackendGraph:  Pak pak cache file ../../../../../../Users/Patay Viki/Szakdoga/ASSIMP-UE-demo-tutorial/AssimpProject/DerivedDataCache/DDC.ddp not found, will not use a pak cache.
[2024.11.06-18.15.21:545][  0]LogDerivedDataCache: Unable to find inner node Pak for hierarchical cache Hierarchy.
[2024.11.06-18.15.21:545][  0]LogDerivedDataCache: FDerivedDataBackendGraph:  CompressedPak pak cache file ../../../../../../Users/Patay Viki/Szakdoga/ASSIMP-UE-demo-tutorial/AssimpProject/DerivedDataCache/Compressed.ddp not found, will not use a pak cache.
[2024.11.06-18.15.21:545][  0]LogDerivedDataCache: Unable to find inner node CompressedPak for hierarchical cache Hierarchy.
[2024.11.06-18.15.21:569][  0]LogDerivedDataCache: Display: Pak cache opened for reading ../../../Engine/DerivedDataCache/Compressed.ddp.
[2024.11.06-18.15.21:569][  0]LogDerivedDataCache: FDerivedDataBackendGraph:  EnterprisePak pak cache file ../../../Enterprise/DerivedDataCache/Compressed.ddp not found, will not use a pak cache.
[2024.11.06-18.15.21:569][  0]LogDerivedDataCache: Unable to find inner node EnterprisePak for hierarchical cache Hierarchy.
[2024.11.06-18.15.21:582][  0]LogDerivedDataCache: Speed tests for C:/Users/Patay Viki/AppData/Local/UnrealEngine/Common/DerivedDataCache took 0.01 seconds
[2024.11.06-18.15.21:583][  0]LogDerivedDataCache: Display: Performance to C:/Users/Patay Viki/AppData/Local/UnrealEngine/Common/DerivedDataCache: Latency=0.04ms. RandomReadSpeed=224.50MBs, RandomWriteSpeed=106.76MBs. Assigned SpeedClass 'Local'
[2024.11.06-18.15.21:584][  0]LogDerivedDataCache: Using Local data cache path C:/Users/Patay Viki/AppData/Local/UnrealEngine/Common/DerivedDataCache: Writable
[2024.11.06-18.15.21:584][  0]LogDerivedDataCache: Shared data cache path not found in *engine.ini, will not use an Shared cache.
[2024.11.06-18.15.21:584][  0]LogDerivedDataCache: Unable to find inner node Shared for hierarchical cache Hierarchy.
[2024.11.06-18.15.21:630][  0]LogSlate: Using FreeType 2.10.0
[2024.11.06-18.15.21:631][  0]LogSlate: SlateFontServices - WITH_FREETYPE: 1, WITH_HARFBUZZ: 1
[2024.11.06-18.15.21:656][  0]LogAssetRegistry: FAssetRegistry took 0.0031 seconds to start up
[2024.11.06-18.15.21:887][  0]LogInit: Selected Device Profile: [Windows]
[2024.11.06-18.15.21:888][  0]LogInit: Active device profile: [000001DC49EF6C00][000001DC3F0DD100 49] Windows
[2024.11.06-18.15.21:888][  0]LogInit: Profiles: [000001DC49EF6C00][000001DC3F0DD100 49] Windows, [000001DC49E9D400][000001DC47B09280 49] WindowsNoEditor, [000001DC49EF6300][000001DC47B0D400 49] WindowsServer, [000001DC49E9DC00][000001DC48EFD580 49] WindowsClient, [000001DC49EF7900][000001DC48F01700 49] IOS, [000001DC49E9F400][000001DC48F05880 49] iPadAir, [000001DC49E9C500][000001DC48F09A00 49] iPadAir2, [000001DC49E51200][000001DC48F10140 49] IPadPro, [000001DC49E51300][000001DC48F0C180 49] iPadAir3, [000001DC49EF5400][000001DC48F14300 49] iPadAir4, [000001DC49E50200][000001DC48F18480 49] iPadMini2, [000001DC49EF5300][000001DC48F1C600 49] iPadMini3, [000001DC49E53100][000001DC49F30780 49] iPadMini4, [000001DC49E9C700][000001DC49F34900 49] iPadMini5, [000001DC49E58B00][000001DC49F38B40 49] iPhone6, [000001DC49E58C00][000001DC47B04B80 49] iPodTouch6, [000001DC49E53A00][000001DC49F40DC0 49] iPhone7, [000001DC49E53900][000001DC49F3CE00 49] iPodTouch7, [000001DC49E58400][000001DC49F48F80 49] iPhone5S, [000001DC49E51D00][000001DC49F4D100 49] iPhone6Plus, [000001DC49E59400][000001DC49F51280 49] iPhone6S, [000001DC49E51400][000001DC49F55400 49] iPhone6SPlus, [000001DC49E5BF00][000001DC49F59580 49] iPhone7Plus, [000001DC49E53200][000001DC49F5D700 49] iPhoneSE, [000001DC49E59C00][000001DC49F61880 49] iPhone8, [000001DC49E50700][000001DC49F65A00 49] iPhone8Plus, [000001DC49E5B400][000001DC49F69B80 49] iPhoneX, [000001DC49E52500][000001DC49F6C180 49] iPhoneXS, [000001DC49E5A300][000001DC49F70300 49] iPhoneXSMax, [000001DC49E51F00][000001DC49F74480 49] iPhoneXR, [000001DC49E5B000][000001DC49F78600 49] iPhone11, [000001DC49E52800][000001DC49F7C780 49] iPhone11Pro, [000001DC49E58F00][000001DC49F80900 49] iPhone11ProMax, [000001DC49E51900][000001DC49F84A80 49] iPhoneSE2, [000001DC49E59700][000001DC49F44BC0 49] iPhone12Mini, [000001DC49E53800][000001DC49F88D00 49] iPhone12, [000001DC49E5BE00][000001DC49F8CE40 49] iPhone12Pro, [000001DC49E53B00][000001DC49F90F80 49] iPhone12ProMax, [000001DC49E58500][000001DC49F99100 49] iPadPro105, [000001DC49E51B00][000001DC49F9D280 49] iPadPro129, [000001DC49E59500][000001DC49FA1400 49] iPadPro97, [000001DC49E52600][000001DC49FA5580 49] iPadPro2_129, [000001DC49E5A500][000001DC49FA9700 49] iPad5, [000001DC49E53400][000001DC49FAD880 49] iPad6, [000001DC49E58A00][000001DC49FB1A00 49] iPad7, [000001DC49E53700][000001DC49FB5B80 49] iPad8, [000001DC49E5B700][000001DC49FB8180 49] iPadPro11, [000001DC49E52F00][000001DC49FBC300 49] iPadPro2_11, [000001DC49E59B00][000001DC49FC0480 49] iPadPro3_129, [000001DC49E51000][000001DC49FC4600 49] iPadPro4_129, [000001DC49E5AD00][000001DC49FC8780 49] AppleTV, [000001DC49E50600][000001DC49FCC900 49] AppleTV4K, [000001DC49E58600][000001DC49FD0A80 49] TVOS, [000001DC49E52D00][000001DC49FD4C00 49] Mac, [000001DC49E5A900][000001DC49F94D40 49] MacClient, [000001DC49E53000][000001DC49FD8E80 49] MacNoEditor, [000001DC49E59900][000001DC49FDCFC0 49] MacServer, [000001DC49E50B00][000001DC49FE1100 49] Linux, [000001DC49E58700][000001DC49FE9280 49] LinuxAArch64, [000001DC49E51500][000001DC49FED400 49] LinuxNoEditor, [000001DC49E5AF00][000001DC49FF1580 49] LinuxAArch64NoEditor, [000001DC49E51800][000001DC49FF5700 49] LinuxClient, [000001DC49E5B500][000001DC49FF9880 49] LinuxAArch64Client, [000001DC49E50A00][000001DC49FFDA00 49] LinuxServer, [000001DC49E59200][000001DC4A001B80 49] LinuxAArch64Server, [000001DC49E52900][000001DC4A004180 49] Android, [000001DC49E59800][000001DC4A008300 49] Android_Low, [000001DC49E53600][000001DC4A00C480 49] Android_Mid, [000001DC49E5B200][000001DC4A010600 49] Android_High, [000001DC49E51700][000001DC4A014780 49] Android_Default, [000001DC49E58D00][000001DC4A018900 49] Android_Adreno4xx, [000001DC49E53C00][000001DC4A01CA80 49] Android_Adreno5xx_Low, [000001DC49EF7600][000001DC4A020C00 49] Android_Adreno5xx, [000001DC49E9FE00][000001DC4A024D80 49] Android_Adreno6xx, [000001DC49EF6200][000001DC4A028F00 49] Android_Adreno6xx_Vulkan, [000001DC49E9E200][000001DC49FE5040 49] Android_Mali_T6xx, [000001DC49EF7100][000001DC4A02D180 49] Android_Mali_T7xx, [000001DC49E9CE00][000001DC4A0312C0 49] Android_Mali_T8xx, [000001DC49EF5800][000001DC4A039440 49] Android_Mali_G71, [000001DC49E9C600][000001DC4A03D5C0 49] Android_Mali_G72, [000001DC49EF5600][000001DC4A041740 49] Android_Mali_G72_Vulkan, [000001DC49E9D500][000001DC4A0458C0 49] Android_Mali_G76, [000001DC49EF7000][000001DC4A049A40 49] Android_Mali_G76_Vulkan, [000001DC49E9E300][000001DC4A04DBC0 49] Android_Mali_G77, [000001DC49EF5C00][000001DC4A0501C0 49] Android_Mali_G77_Vulkan, [000001DC49E9F600][000001DC4A054340 49] Android_Mali_G78, [000001DC49EF4F00][000001DC4A0584C0 49] Android_Mali_G78_Vulkan, [000001DC49E9E700][000001DC4A05C640 49] Android_Mali_G710, [000001DC49EF6600][000001DC4A0607C0 49] Android_Mali_G710_Vulkan, [000001DC49E9FF00][000001DC4A064940 49] Android_Vulkan_SM5, [000001DC49EF5D00][000001DC4A068AC0 49] Android_PowerVR_G6xxx, [000001DC49E9C200][000001DC4A06CC40 49] Android_PowerVR_GT7xxx, [000001DC49EF4700][000001DC4A070DC0 49] Android_PowerVR_GE8xxx, [000001DC49E9FC00][000001DC4A074F40 49] Android_PowerVR_GM9xxx, [000001DC49EF5E00][000001DC4A0790C0 49] Android_PowerVR_GM9xxx_Vulkan, [000001DC49E9D600][000001DC4A035200 49] Android_TegraK1, [000001DC49EF4A00][000001DC4A07D340 49] Android_Unknown_Vulkan, [000001DC49E9CD00][000001DC4A081480 49] Lumin, [000001DC49EF4500][000001DC4A0855C0 49] Lumin_Desktop, [000001DC49E5B800][000001DC4A08D740 49] HoloLens, 
[2024.11.06-18.15.22:043][  0]LogMeshReduction: Using QuadricMeshReduction for automatic static mesh reduction
[2024.11.06-18.15.22:043][  0]LogMeshReduction: Using SimplygonMeshReduction for automatic skeletal mesh reduction
[2024.11.06-18.15.22:043][  0]LogMeshReduction: Using ProxyLODMeshReduction for automatic mesh merging
[2024.11.06-18.15.22:043][  0]LogMeshReduction: No distributed automatic mesh merging module available
[2024.11.06-18.15.22:043][  0]LogMeshMerging: No distributed automatic mesh merging module available
[2024.11.06-18.15.22:063][  0]LogNetVersion: AssimpProject 1.0.0, NetCL: 17155196, EngineNetVer: 17, GameNetVer: 0 (Checksum: 1973687517)
[2024.11.06-18.15.22:532][  0]LogTexture: Default maximum texture size for cubemaps generated from long-lat sources has been changed from 512 to unlimited. In order to preserve old behaiour for '/Engine/MapTemplates/Sky/DaylightAmbientCubemap.DaylightAmbientCubemap', its maximum texture size has been explicitly set to 512.
[2024.11.06-18.15.22:594][  0]LogHMD: PokeAHoleMaterial loaded successfully
[2024.11.06-18.15.22:601][  0]LogUObjectArray: 17178 objects as part of root set at end of initial load.
[2024.11.06-18.15.22:601][  0]LogUObjectAllocator: 4302048 out of 0 bytes used by permanent object pool.
[2024.11.06-18.15.22:601][  0]LogUObjectArray: CloseDisregardForGC: 0/0 objects in disregard for GC pool
[2024.11.06-18.15.22:849][  0]LogPython: Using Python 3.7.7
[2024.11.06-18.15.23:365][  0]LogNiagaraDebuggerClient: Niagara Debugger Client Initialized | Session: 619AC2424E7923D2BF0F93A9AF1430CB | Instance: 2ECCACEB41EDE2AF47713AA9B2BF8C59 (DESKTOP-6NQH7V8-22556).
[2024.11.06-18.15.23:714][  0]LogUdpMessaging: Initializing bridge on interface 0.0.0.0:0 to multicast group 230.0.0.1:6666.
[2024.11.06-18.15.23:723][  0]LogTcpMessaging: Initializing TcpMessaging bridge
[2024.11.06-18.15.23:980][  0]SourceControl: Source control is disabled
[2024.11.06-18.15.23:980][  0]SourceControl: Source control is disabled
[2024.11.06-18.15.23:984][  0]SourceControl: Source control is disabled
[2024.11.06-18.15.24:004][  0]LogUProjectInfo: Found projects:
[2024.11.06-18.15.24:029][  0]SourceControl: Source control is disabled
[2024.11.06-18.15.24:033][  0]SourceControl: Source control is disabled
[2024.11.06-18.15.24:214][  0]LogOpenImageDenoise: OIDN starting up
[2024.11.06-18.15.24:364][  0]LogAndroidPermission: UAndroidPermissionCallbackProxy::GetInstance
[2024.11.06-18.15.24:391][  0]LogAudioCaptureCore: Display: No Audio Capture implementations found. Audio input will be silent.
[2024.11.06-18.15.24:391][  0]LogAudioCaptureCore: Display: No Audio Capture implementations found. Audio input will be silent.
[2024.11.06-18.15.24:564][  0]LogCollectionManager: Loaded 0 collections in 0.002111 seconds
[2024.11.06-18.15.24:597][  0]LogFileCache: Scanning file cache for directory 'C:/Users/Patay Viki/Szakdoga/ASSIMP-UE-demo-tutorial/AssimpProject/Saved/Collections/' took 0.00s
[2024.11.06-18.15.24:597][  0]LogFileCache: Scanning file cache for directory 'C:/Users/Patay Viki/Szakdoga/ASSIMP-UE-demo-tutorial/AssimpProject/Content/Developers/PatayViki/Collections/' took 0.00s
[2024.11.06-18.15.24:597][  0]LogFileCache: Scanning file cache for directory 'C:/Users/Patay Viki/Szakdoga/ASSIMP-UE-demo-tutorial/AssimpProject/Content/Collections/' took 0.00s
[2024.11.06-18.15.24:597][  0]LogOcInput: OculusInput pre-init called
[2024.11.06-18.15.24:838][  0]LogClass: Warning: IntProperty FAIVertexWeight::VertexID is not initialized properly even though its struct probably has a custom default constructor. Module:UE_Assimp File:Public/AIBone.h
[2024.11.06-18.15.24:838][  0]LogClass: Warning: FloatProperty FAIVertexWeight::Weight is not initialized properly even though its struct probably has a custom default constructor. Module:UE_Assimp File:Public/AIBone.h
[2024.11.06-18.15.24:839][  0]LogClass: Display: 2 Uninitialized script struct members found including 0 object properties
[2024.11.06-18.15.24:839][  0]LogAutomationTest: Warning: IntProperty FAIVertexWeight::VertexID is not initialized properly even though its struct probably has a custom default constructor. Module:UE_Assimp File:Public/AIBone.h
[2024.11.06-18.15.24:839][  0]LogAutomationTest: Warning: FloatProperty FAIVertexWeight::Weight is not initialized properly even though its struct probably has a custom default constructor. Module:UE_Assimp File:Public/AIBone.h
[2024.11.06-18.15.24:840][  0]LogEngine: Initializing Engine...
[2024.11.06-18.15.24:843][  0]LogHMD: Failed to enumerate extensions. Please check that you have a valid OpenXR runtime installed.
[2024.11.06-18.15.24:843][  0]LogHMD: Failed to initialize OpenVR with code 110
[2024.11.06-18.15.24:843][  0]LogMagicLeap: Warning: VR disabled because ZI is not enabled.  To enable, in the editor, Edit -> Project Settings -> Plugins -> Magic Leap Plugin -> Enable Zero Iteration
[2024.11.06-18.15.24:844][  0]LogStats: UGameplayTagsManager::InitializeManager -  0.000 s
[2024.11.06-18.15.24:988][  0]LogInit: Initializing FReadOnlyCVARCache
[2024.11.06-18.15.24:998][  0]LogAIModule: Creating AISystem for world Untitled
[2024.11.06-18.15.24:998][  0]LogAudio: Display: Initializing Audio Device Manager...
[2024.11.06-18.15.25:004][  0]LogAudio: Display: Loading Default Audio Settings Objects...
[2024.11.06-18.15.25:005][  0]LogAudio: Display: No default SoundConcurrencyObject specified (or failed to load).
[2024.11.06-18.15.25:005][  0]LogAudio: Display: Audio Device Manager Initialized
[2024.11.06-18.15.25:005][  0]LogAudio: Display: Creating Audio Device:                 Id: 1, Scope: Shared, Realtime: True
[2024.11.06-18.15.25:005][  0]LogAudioMixer: Display: Audio Mixer Platform Settings:
[2024.11.06-18.15.25:005][  0]LogAudioMixer: Display: 	Sample Rate:						  48000
[2024.11.06-18.15.25:005][  0]LogAudioMixer: Display: 	Callback Buffer Frame Size Requested: 1024
[2024.11.06-18.15.25:005][  0]LogAudioMixer: Display: 	Callback Buffer Frame Size To Use:	  1024
[2024.11.06-18.15.25:005][  0]LogAudioMixer: Display: 	Number of buffers to queue:			  2
[2024.11.06-18.15.25:005][  0]LogAudioMixer: Display: 	Max Channels (voices):				  32
[2024.11.06-18.15.25:005][  0]LogAudioMixer: Display: 	Number of Async Source Workers:		  0
[2024.11.06-18.15.25:005][  0]LogAudio: Display: AudioDevice MaxSources: 32
[2024.11.06-18.15.25:005][  0]LogAudio: Display: Audio Spatialization Plugin: None (built-in).
[2024.11.06-18.15.25:005][  0]LogAudio: Display: Audio Reverb Plugin: None (built-in).
[2024.11.06-18.15.25:005][  0]LogAudio: Display: Audio Occlusion Plugin: None (built-in).
[2024.11.06-18.15.25:005][  0]LogAudioMixer: Display: Initializing audio mixer.
[2024.11.06-18.15.25:021][  0]LogAudioMixer: Display: 0: FrontLeft
[2024.11.06-18.15.25:021][  0]LogAudioMixer: Display: 1: FrontRight
[2024.11.06-18.15.25:035][  0]LogAudioMixer: Display: Using Audio Device Fejhallgató (Realtek Audio)
[2024.11.06-18.15.25:037][  0]LogAudioMixer: Display: Initializing Sound Submixes...
[2024.11.06-18.15.25:041][  0]LogAudioMixer: Display: Creating Master Submix 'MasterSubmixDefault'
[2024.11.06-18.15.25:041][  0]LogAudioMixer: Display: Creating Master Submix 'MasterReverbSubmixDefault'
[2024.11.06-18.15.25:042][  0]LogAudioMixer: Display: Creating Master Submix 'MasterEQSubmixDefault'
[2024.11.06-18.15.25:042][  0]LogAudioMixer: FMixerPlatformXAudio2::StartAudioStream() called
[2024.11.06-18.15.25:042][  0]LogAudioMixer: Display: Output buffers initialized: Frames=1024, Channels=2, Samples=2048
[2024.11.06-18.15.25:044][  0]LogAudioMixer: Display: Starting AudioMixerPlatformInterface::RunInternal()
[2024.11.06-18.15.25:045][  0]LogAudioMixer: Display: FMixerPlatformXAudio2::SubmitBuffer() called for the first time
[2024.11.06-18.15.25:045][  0]LogInit: FAudioDevice initialized.
[2024.11.06-18.15.25:045][  0]LogAudio: Display: Audio Device (ID: 1) registered with world 'Untitled'.
[2024.11.06-18.15.25:045][  0]LogNetVersion: Set ProjectVersion to 1.0.0.0. Version Checksum will be recalculated on next use.
[2024.11.06-18.15.25:106][  0]LogDerivedDataCache: Saved boot cache 0.06s 94MB C:/Users/Patay Viki/AppData/Local/UnrealEngine/4.27/DerivedDataCache/Boot.ddc.
[2024.11.06-18.15.25:107][  0]LogInit: Texture streaming: Enabled
[2024.11.06-18.15.25:124][  0]LogAnalytics: Display: [UEEditor.Rocket.Release] APIServer = https://datarouter.ol.epicgames.com/. AppVersion = 4.27.2-18319896+++UE4+Release-4.27
[2024.11.06-18.15.25:129][  0]LogEngineSessionManager: EngineSessionManager initialized
[2024.11.06-18.15.25:129][  0]LogEngineSessionManager: EngineSessionManager sent abnormal shutdown report. Type=Crashed, SessionId={FBCCDEE4-455A-1751-D5AE-34A0D634FA27}
[2024.11.06-18.15.25:129][  0]LogEditorSessionSummary: Verbose: Initializing EditorSessionSummaryWriter for editor session tracking
[2024.11.06-18.15.25:133][  0]LogEditorSessionSummary: EditorSessionSummaryWriter initialized
[2024.11.06-18.15.25:173][  0]LogInit: Transaction tracking system initialized
[2024.11.06-18.15.25:210][  0]BlueprintLog: New page: Editor Load
[2024.11.06-18.15.25:302][  0]LocalizationService: Localization service is disabled
[2024.11.06-18.15.25:335][  0]TimingProfiler: Initialize
[2024.11.06-18.15.25:336][  0]TimingProfiler: OnSessionChanged
[2024.11.06-18.15.25:336][  0]LoadingProfiler: Initialize
[2024.11.06-18.15.25:336][  0]LoadingProfiler: OnSessionChanged
[2024.11.06-18.15.25:336][  0]NetworkingProfiler: Initialize
[2024.11.06-18.15.25:336][  0]NetworkingProfiler: OnSessionChanged
[2024.11.06-18.15.25:336][  0]MemoryProfiler: Initialize
[2024.11.06-18.15.25:336][  0]MemoryProfiler: OnSessionChanged
[2024.11.06-18.15.25:537][  0]LogCook: Display: CookSettings for Memory: MemoryMaxUsedVirtual 0MiB, MemoryMaxUsedPhysical 16384MiB, MemoryMinFreeVirtual 0MiB, MemoryMinFreePhysical 1024MiB
[2024.11.06-18.15.25:537][  0]LogCook: Display: Mobile HDR setting 1
[2024.11.06-18.15.25:790][  0]LogFileCache: Scanning file cache for directory 'C:/Users/Patay Viki/Szakdoga/ASSIMP-UE-demo-tutorial/AssimpProject/Content/' took 0.01s
[2024.11.06-18.15.25:969][  0]LogInit: Display: Engine is initialized. Leaving FEngineLoop::Init()
[2024.11.06-18.15.25:972][  0]SourceControl: Source control is disabled
[2024.11.06-18.15.25:974][  0]LogUnrealEdMisc: Loading editor; pre map load, took 8.978
[2024.11.06-18.15.25:974][  0]Cmd: MAP LOAD FILE="../../../../../../Users/Patay Viki/Szakdoga/ASSIMP-UE-demo-tutorial/AssimpProject/Content/StarterContent/Maps/Minimal_Default.umap" TEMPLATE=0 SHOWPROGRESS=1 FEATURELEVEL=3
[2024.11.06-18.15.25:974][  0]LightingResults: New page: Lighting Build
[2024.11.06-18.15.25:976][  0]LogWorld: UWorld::CleanupWorld for Untitled, bSessionEnded=true, bCleanupResources=true
[2024.11.06-18.15.25:976][  0]LogSlate: InvalidateAllWidgets triggered.  All widgets were invalidated
[2024.11.06-18.15.25:976][  0]MapCheck: New page: Map Check
[2024.11.06-18.15.25:976][  0]LightingResults: New page: Lighting Build
[2024.11.06-18.15.25:980][  0]LogAudio: Display: Audio Device unregistered from world 'None'.
[2024.11.06-18.15.25:983][  0]LogUObjectHash: Compacting FUObjectHashTables data took   1.00ms
[2024.11.06-18.15.26:402][  0]LogAudio: Display: Audio Device (ID: 1) registered with world 'Minimal_Default'.
[2024.11.06-18.15.26:403][  0]LogAIModule: Creating AISystem for world Minimal_Default
[2024.11.06-18.15.26:412][  0]LogEditorServer: Finished looking for orphan Actors (0.000 secs)
[2024.11.06-18.15.26:424][  0]LogUObjectHash: Compacting FUObjectHashTables data took   1.65ms
[2024.11.06-18.15.26:425][  0]Cmd: MAP CHECKDEP NOCLEARLOG
[2024.11.06-18.15.26:425][  0]MapCheck: Map check complete: 0 Error(s), 0 Warning(s), took 0,304ms to complete.
[2024.11.06-18.15.26:425][  0]LogFileHelpers: Loading map 'Minimal_Default' took 0.452
[2024.11.06-18.15.26:428][  0]LogUnrealEdMisc: Total Editor Startup Time, took 9.433
[2024.11.06-18.15.26:591][  0]LogSlate: Updating window title bar state: overlay mode, drag disabled, window buttons hidden, title bar hidden
[2024.11.06-18.15.26:599][  0]LogSlate: Updating window title bar state: overlay mode, drag disabled, window buttons hidden, title bar hidden
[2024.11.06-18.15.26:606][  0]LogSlate: Updating window title bar state: overlay mode, drag disabled, window buttons hidden, title bar hidden
[2024.11.06-18.15.26:613][  0]LogSlate: Updating window title bar state: overlay mode, drag disabled, window buttons hidden, title bar hidden
[2024.11.06-18.15.26:630][  0]LogNativeClassHierarchy: Verbose: Native class hierarchy populated in 0.0118 seconds. Added 3831 classes and 933 folders.
[2024.11.06-18.15.26:633][  0]LogNativeClassHierarchy: Verbose: Native class hierarchy updated for 'WidgetCarousel' in 0.0004 seconds. Added 0 classes and 0 folders.
[2024.11.06-18.15.26:636][  0]LogPakFile: PakFile PrimaryIndexSize=187
[2024.11.06-18.15.26:636][  0]LogPakFile: PakFile PathHashIndexSize=101
[2024.11.06-18.15.26:636][  0]LogPakFile: PakFile FullDirectoryIndexSize=148
[2024.11.06-18.15.26:636][  0]LogShaderLibrary: Display: ShaderCodeLibraryPakFileMountedCallback: PakFile 'C:/Program Files/Epic Games/UE_4.27/FeaturePacks/FP_FirstPerson.upack' (chunk index -1, root 'root:/') mounted
[2024.11.06-18.15.26:636][  0]LogShaderLibrary: Display: ShaderCodeLibraryPakFileMountedCallback: pending pak file info (ChunkID:-1 Root:root:/ File:C:/Program Files/Epic Games/UE_4.27/FeaturePacks/FP_FirstPerson.upack)
[2024.11.06-18.15.26:636][  0]LogPakFile: OnPakFileMounted2Time == 0.000065
[2024.11.06-18.15.26:639][  0]LogPakFile: PakFile PrimaryIndexSize=189
[2024.11.06-18.15.26:639][  0]LogPakFile: PakFile PathHashIndexSize=101
[2024.11.06-18.15.26:639][  0]LogPakFile: PakFile FullDirectoryIndexSize=152
[2024.11.06-18.15.26:639][  0]LogShaderLibrary: Display: ShaderCodeLibraryPakFileMountedCallback: PakFile 'C:/Program Files/Epic Games/UE_4.27/FeaturePacks/FP_FirstPersonBP.upack' (chunk index -1, root 'root:/') mounted
[2024.11.06-18.15.26:639][  0]LogShaderLibrary: Display: ShaderCodeLibraryPakFileMountedCallback: pending pak file info (ChunkID:-1 Root:root:/ File:C:/Program Files/Epic Games/UE_4.27/FeaturePacks/FP_FirstPersonBP.upack)
[2024.11.06-18.15.26:639][  0]LogPakFile: OnPakFileMounted2Time == 0.000047
[2024.11.06-18.15.26:640][  0]LogPakFile: PakFile PrimaryIndexSize=191
[2024.11.06-18.15.26:640][  0]LogPakFile: PakFile PathHashIndexSize=101
[2024.11.06-18.15.26:640][  0]LogPakFile: PakFile FullDirectoryIndexSize=160
[2024.11.06-18.15.26:641][  0]LogShaderLibrary: Display: ShaderCodeLibraryPakFileMountedCallback: PakFile 'C:/Program Files/Epic Games/UE_4.27/FeaturePacks/MobileStarterContent.upack' (chunk index -1, root 'root:/') mounted
[2024.11.06-18.15.26:641][  0]LogShaderLibrary: Display: ShaderCodeLibraryPakFileMountedCallback: pending pak file info (ChunkID:-1 Root:root:/ File:C:/Program Files/Epic Games/UE_4.27/FeaturePacks/MobileStarterContent.upack)
[2024.11.06-18.15.26:641][  0]LogPakFile: OnPakFileMounted2Time == 0.000060
[2024.11.06-18.15.26:642][  0]LogPakFile: PakFile PrimaryIndexSize=185
[2024.11.06-18.15.26:642][  0]LogPakFile: PakFile PathHashIndexSize=101
[2024.11.06-18.15.26:642][  0]LogPakFile: PakFile FullDirectoryIndexSize=148
[2024.11.06-18.15.26:642][  0]LogShaderLibrary: Display: ShaderCodeLibraryPakFileMountedCallback: PakFile 'C:/Program Files/Epic Games/UE_4.27/FeaturePacks/StarterContent.upack' (chunk index -1, root 'root:/') mounted
[2024.11.06-18.15.26:642][  0]LogShaderLibrary: Display: ShaderCodeLibraryPakFileMountedCallback: pending pak file info (ChunkID:-1 Root:root:/ File:C:/Program Files/Epic Games/UE_4.27/FeaturePacks/StarterContent.upack)
[2024.11.06-18.15.26:642][  0]LogPakFile: OnPakFileMounted2Time == 0.000044
[2024.11.06-18.15.26:644][  0]LogPakFile: PakFile PrimaryIndexSize=190
[2024.11.06-18.15.26:644][  0]LogPakFile: PakFile PathHashIndexSize=101
[2024.11.06-18.15.26:644][  0]LogPakFile: PakFile FullDirectoryIndexSize=154
[2024.11.06-18.15.26:644][  0]LogShaderLibrary: Display: ShaderCodeLibraryPakFileMountedCallback: PakFile 'C:/Program Files/Epic Games/UE_4.27/FeaturePacks/TP_2DSideScroller.upack' (chunk index -1, root 'root:/') mounted
[2024.11.06-18.15.26:644][  0]LogShaderLibrary: Display: ShaderCodeLibraryPakFileMountedCallback: pending pak file info (ChunkID:-1 Root:root:/ File:C:/Program Files/Epic Games/UE_4.27/FeaturePacks/TP_2DSideScroller.upack)
[2024.11.06-18.15.26:644][  0]LogPakFile: OnPakFileMounted2Time == 0.000053
[2024.11.06-18.15.26:646][  0]LogPakFile: PakFile PrimaryIndexSize=192
[2024.11.06-18.15.26:646][  0]LogPakFile: PakFile PathHashIndexSize=101
[2024.11.06-18.15.26:646][  0]LogPakFile: PakFile FullDirectoryIndexSize=158
[2024.11.06-18.15.26:646][  0]LogShaderLibrary: Display: ShaderCodeLibraryPakFileMountedCallback: PakFile 'C:/Program Files/Epic Games/UE_4.27/FeaturePacks/TP_2DSideScrollerBP.upack' (chunk index -1, root 'root:/') mounted
[2024.11.06-18.15.26:646][  0]LogShaderLibrary: Display: ShaderCodeLibraryPakFileMountedCallback: pending pak file info (ChunkID:-1 Root:root:/ File:C:/Program Files/Epic Games/UE_4.27/FeaturePacks/TP_2DSideScrollerBP.upack)
[2024.11.06-18.15.26:646][  0]LogPakFile: OnPakFileMounted2Time == 0.000043
[2024.11.06-18.15.26:648][  0]LogPakFile: PakFile PrimaryIndexSize=182
[2024.11.06-18.15.26:648][  0]LogPakFile: PakFile PathHashIndexSize=101
[2024.11.06-18.15.26:648][  0]LogPakFile: PakFile FullDirectoryIndexSize=138
[2024.11.06-18.15.26:648][  0]LogShaderLibrary: Display: ShaderCodeLibraryPakFileMountedCallback: PakFile 'C:/Program Files/Epic Games/UE_4.27/FeaturePacks/TP_Flying.upack' (chunk index -1, root 'root:/') mounted
[2024.11.06-18.15.26:648][  0]LogShaderLibrary: Display: ShaderCodeLibraryPakFileMountedCallback: pending pak file info (ChunkID:-1 Root:root:/ File:C:/Program Files/Epic Games/UE_4.27/FeaturePacks/TP_Flying.upack)
[2024.11.06-18.15.26:648][  0]LogPakFile: OnPakFileMounted2Time == 0.000046
[2024.11.06-18.15.26:650][  0]LogPakFile: PakFile PrimaryIndexSize=184
[2024.11.06-18.15.26:650][  0]LogPakFile: PakFile PathHashIndexSize=101
[2024.11.06-18.15.26:650][  0]LogPakFile: PakFile FullDirectoryIndexSize=142
[2024.11.06-18.15.26:650][  0]LogShaderLibrary: Display: ShaderCodeLibraryPakFileMountedCallback: PakFile 'C:/Program Files/Epic Games/UE_4.27/FeaturePacks/TP_FlyingBP.upack' (chunk index -1, root 'root:/') mounted
[2024.11.06-18.15.26:650][  0]LogShaderLibrary: Display: ShaderCodeLibraryPakFileMountedCallback: pending pak file info (ChunkID:-1 Root:root:/ File:C:/Program Files/Epic Games/UE_4.27/FeaturePacks/TP_FlyingBP.upack)
[2024.11.06-18.15.26:650][  0]LogPakFile: OnPakFileMounted2Time == 0.000038
[2024.11.06-18.15.26:651][  0]LogPakFile: PakFile PrimaryIndexSize=188
[2024.11.06-18.15.26:651][  0]LogPakFile: PakFile PathHashIndexSize=101
[2024.11.06-18.15.26:651][  0]LogPakFile: PakFile FullDirectoryIndexSize=150
[2024.11.06-18.15.26:651][  0]LogShaderLibrary: Display: ShaderCodeLibraryPakFileMountedCallback: PakFile 'C:/Program Files/Epic Games/UE_4.27/FeaturePacks/TP_HandheldARBP.upack' (chunk index -1, root 'root:/') mounted
[2024.11.06-18.15.26:651][  0]LogShaderLibrary: Display: ShaderCodeLibraryPakFileMountedCallback: pending pak file info (ChunkID:-1 Root:root:/ File:C:/Program Files/Epic Games/UE_4.27/FeaturePacks/TP_HandheldARBP.upack)
[2024.11.06-18.15.26:651][  0]LogPakFile: OnPakFileMounted2Time == 0.000043
[2024.11.06-18.15.26:654][  0]LogPakFile: PakFile PrimaryIndexSize=182
[2024.11.06-18.15.26:654][  0]LogPakFile: PakFile PathHashIndexSize=101
[2024.11.06-18.15.26:654][  0]LogPakFile: PakFile FullDirectoryIndexSize=138
[2024.11.06-18.15.26:654][  0]LogShaderLibrary: Display: ShaderCodeLibraryPakFileMountedCallback: PakFile 'C:/Program Files/Epic Games/UE_4.27/FeaturePacks/TP_Puzzle.upack' (chunk index -1, root 'root:/') mounted
[2024.11.06-18.15.26:654][  0]LogShaderLibrary: Display: ShaderCodeLibraryPakFileMountedCallback: pending pak file info (ChunkID:-1 Root:root:/ File:C:/Program Files/Epic Games/UE_4.27/FeaturePacks/TP_Puzzle.upack)
[2024.11.06-18.15.26:654][  0]LogPakFile: OnPakFileMounted2Time == 0.000043
[2024.11.06-18.15.26:656][  0]LogPakFile: PakFile PrimaryIndexSize=184
[2024.11.06-18.15.26:656][  0]LogPakFile: PakFile PathHashIndexSize=101
[2024.11.06-18.15.26:656][  0]LogPakFile: PakFile FullDirectoryIndexSize=142
[2024.11.06-18.15.26:656][  0]LogShaderLibrary: Display: ShaderCodeLibraryPakFileMountedCallback: PakFile 'C:/Program Files/Epic Games/UE_4.27/FeaturePacks/TP_PuzzleBP.upack' (chunk index -1, root 'root:/') mounted
[2024.11.06-18.15.26:656][  0]LogShaderLibrary: Display: ShaderCodeLibraryPakFileMountedCallback: pending pak file info (ChunkID:-1 Root:root:/ File:C:/Program Files/Epic Games/UE_4.27/FeaturePacks/TP_PuzzleBP.upack)
[2024.11.06-18.15.26:656][  0]LogPakFile: OnPakFileMounted2Time == 0.000038
[2024.11.06-18.15.26:658][  0]LogPakFile: PakFile PrimaryIndexSize=183
[2024.11.06-18.15.26:658][  0]LogPakFile: PakFile PathHashIndexSize=101
[2024.11.06-18.15.26:658][  0]LogPakFile: PakFile FullDirectoryIndexSize=140
[2024.11.06-18.15.26:658][  0]LogShaderLibrary: Display: ShaderCodeLibraryPakFileMountedCallback: PakFile 'C:/Program Files/Epic Games/UE_4.27/FeaturePacks/TP_Rolling.upack' (chunk index -1, root 'root:/') mounted
[2024.11.06-18.15.26:658][  0]LogShaderLibrary: Display: ShaderCodeLibraryPakFileMountedCallback: pending pak file info (ChunkID:-1 Root:root:/ File:C:/Program Files/Epic Games/UE_4.27/FeaturePacks/TP_Rolling.upack)
[2024.11.06-18.15.26:658][  0]LogPakFile: OnPakFileMounted2Time == 0.000071
[2024.11.06-18.15.26:659][  0]LogPakFile: PakFile PrimaryIndexSize=185
[2024.11.06-18.15.26:659][  0]LogPakFile: PakFile PathHashIndexSize=101
[2024.11.06-18.15.26:659][  0]LogPakFile: PakFile FullDirectoryIndexSize=144
[2024.11.06-18.15.26:660][  0]LogShaderLibrary: Display: ShaderCodeLibraryPakFileMountedCallback: PakFile 'C:/Program Files/Epic Games/UE_4.27/FeaturePacks/TP_RollingBP.upack' (chunk index -1, root 'root:/') mounted
[2024.11.06-18.15.26:660][  0]LogShaderLibrary: Display: ShaderCodeLibraryPakFileMountedCallback: pending pak file info (ChunkID:-1 Root:root:/ File:C:/Program Files/Epic Games/UE_4.27/FeaturePacks/TP_RollingBP.upack)
[2024.11.06-18.15.26:660][  0]LogPakFile: OnPakFileMounted2Time == 0.000043
[2024.11.06-18.15.26:661][  0]LogPakFile: PakFile PrimaryIndexSize=188
[2024.11.06-18.15.26:661][  0]LogPakFile: PakFile PathHashIndexSize=101
[2024.11.06-18.15.26:662][  0]LogPakFile: PakFile FullDirectoryIndexSize=150
[2024.11.06-18.15.26:662][  0]LogShaderLibrary: Display: ShaderCodeLibraryPakFileMountedCallback: PakFile 'C:/Program Files/Epic Games/UE_4.27/FeaturePacks/TP_SideScroller.upack' (chunk index -1, root 'root:/') mounted
[2024.11.06-18.15.26:662][  0]LogShaderLibrary: Display: ShaderCodeLibraryPakFileMountedCallback: pending pak file info (ChunkID:-1 Root:root:/ File:C:/Program Files/Epic Games/UE_4.27/FeaturePacks/TP_SideScroller.upack)
[2024.11.06-18.15.26:662][  0]LogPakFile: OnPakFileMounted2Time == 0.000041
[2024.11.06-18.15.26:663][  0]LogPakFile: PakFile PrimaryIndexSize=190
[2024.11.06-18.15.26:663][  0]LogPakFile: PakFile PathHashIndexSize=101
[2024.11.06-18.15.26:663][  0]LogPakFile: PakFile FullDirectoryIndexSize=154
[2024.11.06-18.15.26:663][  0]LogShaderLibrary: Display: ShaderCodeLibraryPakFileMountedCallback: PakFile 'C:/Program Files/Epic Games/UE_4.27/FeaturePacks/TP_SideScrollerBP.upack' (chunk index -1, root 'root:/') mounted
[2024.11.06-18.15.26:663][  0]LogShaderLibrary: Display: ShaderCodeLibraryPakFileMountedCallback: pending pak file info (ChunkID:-1 Root:root:/ File:C:/Program Files/Epic Games/UE_4.27/FeaturePacks/TP_SideScrollerBP.upack)
[2024.11.06-18.15.26:663][  0]LogPakFile: OnPakFileMounted2Time == 0.000040
[2024.11.06-18.15.26:665][  0]LogPakFile: PakFile PrimaryIndexSize=187
[2024.11.06-18.15.26:665][  0]LogPakFile: PakFile PathHashIndexSize=101
[2024.11.06-18.15.26:665][  0]LogPakFile: PakFile FullDirectoryIndexSize=148
[2024.11.06-18.15.26:665][  0]LogShaderLibrary: Display: ShaderCodeLibraryPakFileMountedCallback: PakFile 'C:/Program Files/Epic Games/UE_4.27/FeaturePacks/TP_ThirdPerson.upack' (chunk index -1, root 'root:/') mounted
[2024.11.06-18.15.26:665][  0]LogShaderLibrary: Display: ShaderCodeLibraryPakFileMountedCallback: pending pak file info (ChunkID:-1 Root:root:/ File:C:/Program Files/Epic Games/UE_4.27/FeaturePacks/TP_ThirdPerson.upack)
[2024.11.06-18.15.26:665][  0]LogPakFile: OnPakFileMounted2Time == 0.000070
[2024.11.06-18.15.26:666][  0]LogPakFile: PakFile PrimaryIndexSize=189
[2024.11.06-18.15.26:666][  0]LogPakFile: PakFile PathHashIndexSize=101
[2024.11.06-18.15.26:666][  0]LogPakFile: PakFile FullDirectoryIndexSize=152
[2024.11.06-18.15.26:666][  0]LogShaderLibrary: Display: ShaderCodeLibraryPakFileMountedCallback: PakFile 'C:/Program Files/Epic Games/UE_4.27/FeaturePacks/TP_ThirdPersonBP.upack' (chunk index -1, root 'root:/') mounted
[2024.11.06-18.15.26:666][  0]LogShaderLibrary: Display: ShaderCodeLibraryPakFileMountedCallback: pending pak file info (ChunkID:-1 Root:root:/ File:C:/Program Files/Epic Games/UE_4.27/FeaturePacks/TP_ThirdPersonBP.upack)
[2024.11.06-18.15.26:666][  0]LogPakFile: OnPakFileMounted2Time == 0.000076
[2024.11.06-18.15.26:668][  0]LogPakFile: PakFile PrimaryIndexSize=183
[2024.11.06-18.15.26:668][  0]LogPakFile: PakFile PathHashIndexSize=101
[2024.11.06-18.15.26:668][  0]LogPakFile: PakFile FullDirectoryIndexSize=140
[2024.11.06-18.15.26:668][  0]LogShaderLibrary: Display: ShaderCodeLibraryPakFileMountedCallback: PakFile 'C:/Program Files/Epic Games/UE_4.27/FeaturePacks/TP_TopDown.upack' (chunk index -1, root 'root:/') mounted
[2024.11.06-18.15.26:668][  0]LogShaderLibrary: Display: ShaderCodeLibraryPakFileMountedCallback: pending pak file info (ChunkID:-1 Root:root:/ File:C:/Program Files/Epic Games/UE_4.27/FeaturePacks/TP_TopDown.upack)
[2024.11.06-18.15.26:668][  0]LogPakFile: OnPakFileMounted2Time == 0.000087
[2024.11.06-18.15.26:671][  0]LogPakFile: PakFile PrimaryIndexSize=185
[2024.11.06-18.15.26:671][  0]LogPakFile: PakFile PathHashIndexSize=101
[2024.11.06-18.15.26:671][  0]LogPakFile: PakFile FullDirectoryIndexSize=144
[2024.11.06-18.15.26:671][  0]LogShaderLibrary: Display: ShaderCodeLibraryPakFileMountedCallback: PakFile 'C:/Program Files/Epic Games/UE_4.27/FeaturePacks/TP_TopDownBP.upack' (chunk index -1, root 'root:/') mounted
[2024.11.06-18.15.26:671][  0]LogShaderLibrary: Display: ShaderCodeLibraryPakFileMountedCallback: pending pak file info (ChunkID:-1 Root:root:/ File:C:/Program Files/Epic Games/UE_4.27/FeaturePacks/TP_TopDownBP.upack)
[2024.11.06-18.15.26:671][  0]LogPakFile: OnPakFileMounted2Time == 0.000036
[2024.11.06-18.15.26:672][  0]LogPakFile: PakFile PrimaryIndexSize=185
[2024.11.06-18.15.26:672][  0]LogPakFile: PakFile PathHashIndexSize=101
[2024.11.06-18.15.26:672][  0]LogPakFile: PakFile FullDirectoryIndexSize=144
[2024.11.06-18.15.26:672][  0]LogShaderLibrary: Display: ShaderCodeLibraryPakFileMountedCallback: PakFile 'C:/Program Files/Epic Games/UE_4.27/FeaturePacks/TP_TwinStick.upack' (chunk index -1, root 'root:/') mounted
[2024.11.06-18.15.26:672][  0]LogShaderLibrary: Display: ShaderCodeLibraryPakFileMountedCallback: pending pak file info (ChunkID:-1 Root:root:/ File:C:/Program Files/Epic Games/UE_4.27/FeaturePacks/TP_TwinStick.upack)
[2024.11.06-18.15.26:672][  0]LogPakFile: OnPakFileMounted2Time == 0.000067
[2024.11.06-18.15.26:674][  0]LogPakFile: PakFile PrimaryIndexSize=187
[2024.11.06-18.15.26:674][  0]LogPakFile: PakFile PathHashIndexSize=101
[2024.11.06-18.15.26:674][  0]LogPakFile: PakFile FullDirectoryIndexSize=148
[2024.11.06-18.15.26:674][  0]LogShaderLibrary: Display: ShaderCodeLibraryPakFileMountedCallback: PakFile 'C:/Program Files/Epic Games/UE_4.27/FeaturePacks/TP_TwinStickBP.upack' (chunk index -1, root 'root:/') mounted
[2024.11.06-18.15.26:674][  0]LogShaderLibrary: Display: ShaderCodeLibraryPakFileMountedCallback: pending pak file info (ChunkID:-1 Root:root:/ File:C:/Program Files/Epic Games/UE_4.27/FeaturePacks/TP_TwinStickBP.upack)
[2024.11.06-18.15.26:674][  0]LogPakFile: OnPakFileMounted2Time == 0.000036
[2024.11.06-18.15.26:675][  0]LogPakFile: PakFile PrimaryIndexSize=183
[2024.11.06-18.15.26:675][  0]LogPakFile: PakFile PathHashIndexSize=101
[2024.11.06-18.15.26:675][  0]LogPakFile: PakFile FullDirectoryIndexSize=140
[2024.11.06-18.15.26:675][  0]LogShaderLibrary: Display: ShaderCodeLibraryPakFileMountedCallback: PakFile 'C:/Program Files/Epic Games/UE_4.27/FeaturePacks/TP_Vehicle.upack' (chunk index -1, root 'root:/') mounted
[2024.11.06-18.15.26:675][  0]LogShaderLibrary: Display: ShaderCodeLibraryPakFileMountedCallback: pending pak file info (ChunkID:-1 Root:root:/ File:C:/Program Files/Epic Games/UE_4.27/FeaturePacks/TP_Vehicle.upack)
[2024.11.06-18.15.26:675][  0]LogPakFile: OnPakFileMounted2Time == 0.000039
[2024.11.06-18.15.26:677][  0]LogPakFile: PakFile PrimaryIndexSize=186
[2024.11.06-18.15.26:677][  0]LogPakFile: PakFile PathHashIndexSize=101
[2024.11.06-18.15.26:677][  0]LogPakFile: PakFile FullDirectoryIndexSize=146
[2024.11.06-18.15.26:677][  0]LogShaderLibrary: Display: ShaderCodeLibraryPakFileMountedCallback: PakFile 'C:/Program Files/Epic Games/UE_4.27/FeaturePacks/TP_VehicleAdv.upack' (chunk index -1, root 'root:/') mounted
[2024.11.06-18.15.26:677][  0]LogShaderLibrary: Display: ShaderCodeLibraryPakFileMountedCallback: pending pak file info (ChunkID:-1 Root:root:/ File:C:/Program Files/Epic Games/UE_4.27/FeaturePacks/TP_VehicleAdv.upack)
[2024.11.06-18.15.26:678][  0]LogPakFile: OnPakFileMounted2Time == 0.000049
[2024.11.06-18.15.26:680][  0]LogPakFile: PakFile PrimaryIndexSize=188
[2024.11.06-18.15.26:680][  0]LogPakFile: PakFile PathHashIndexSize=101
[2024.11.06-18.15.26:680][  0]LogPakFile: PakFile FullDirectoryIndexSize=150
[2024.11.06-18.15.26:680][  0]LogShaderLibrary: Display: ShaderCodeLibraryPakFileMountedCallback: PakFile 'C:/Program Files/Epic Games/UE_4.27/FeaturePacks/TP_VehicleAdvBP.upack' (chunk index -1, root 'root:/') mounted
[2024.11.06-18.15.26:680][  0]LogShaderLibrary: Display: ShaderCodeLibraryPakFileMountedCallback: pending pak file info (ChunkID:-1 Root:root:/ File:C:/Program Files/Epic Games/UE_4.27/FeaturePacks/TP_VehicleAdvBP.upack)
[2024.11.06-18.15.26:680][  0]LogPakFile: OnPakFileMounted2Time == 0.000070
[2024.11.06-18.15.26:681][  0]LogPakFile: PakFile PrimaryIndexSize=185
[2024.11.06-18.15.26:681][  0]LogPakFile: PakFile PathHashIndexSize=101
[2024.11.06-18.15.26:681][  0]LogPakFile: PakFile FullDirectoryIndexSize=144
[2024.11.06-18.15.26:681][  0]LogShaderLibrary: Display: ShaderCodeLibraryPakFileMountedCallback: PakFile 'C:/Program Files/Epic Games/UE_4.27/FeaturePacks/TP_VehicleBP.upack' (chunk index -1, root 'root:/') mounted
[2024.11.06-18.15.26:681][  0]LogShaderLibrary: Display: ShaderCodeLibraryPakFileMountedCallback: pending pak file info (ChunkID:-1 Root:root:/ File:C:/Program Files/Epic Games/UE_4.27/FeaturePacks/TP_VehicleBP.upack)
[2024.11.06-18.15.26:681][  0]LogPakFile: OnPakFileMounted2Time == 0.000036
[2024.11.06-18.15.26:682][  0]LogPakFile: PakFile PrimaryIndexSize=192
[2024.11.06-18.15.26:682][  0]LogPakFile: PakFile PathHashIndexSize=101
[2024.11.06-18.15.26:682][  0]LogPakFile: PakFile FullDirectoryIndexSize=158
[2024.11.06-18.15.26:683][  0]LogShaderLibrary: Display: ShaderCodeLibraryPakFileMountedCallback: PakFile 'C:/Program Files/Epic Games/UE_4.27/FeaturePacks/TP_VirtualRealityBP.upack' (chunk index -1, root 'root:/') mounted
[2024.11.06-18.15.26:683][  0]LogShaderLibrary: Display: ShaderCodeLibraryPakFileMountedCallback: pending pak file info (ChunkID:-1 Root:root:/ File:C:/Program Files/Epic Games/UE_4.27/FeaturePacks/TP_VirtualRealityBP.upack)
[2024.11.06-18.15.26:683][  0]LogPakFile: OnPakFileMounted2Time == 0.000040
[2024.11.06-18.15.26:927][  0]LogNativeClassHierarchy: Verbose: Native class hierarchy updated for 'AddContentDialog' in 0.0003 seconds. Added 0 classes and 0 folders.
[2024.11.06-18.15.26:928][  0]LogNativeClassHierarchy: Verbose: Native class hierarchy updated for 'SceneOutliner' in 0.0003 seconds. Added 2 classes and 0 folders.
[2024.11.06-18.15.27:058][  0]LogSlate: Took 0.000194 seconds to synchronously load lazily loaded font '../../../Engine/Content/Slate/Fonts/Roboto-Regular.ttf' (155K)
[2024.11.06-18.15.27:060][  0]LogSlate: Took 0.000646 seconds to synchronously load lazily loaded font '../../../Engine/Content/Editor/Slate/Fonts/FontAwesome.ttf' (139K)
[2024.11.06-18.15.27:061][  0]LogSlate: Took 0.000168 seconds to synchronously load lazily loaded font '../../../Engine/Content/Slate/Fonts/Roboto-Bold.ttf' (160K)
[2024.11.06-18.15.27:144][  0]LogRenderer: Reallocating scene render targets to support 832x440 Format 10 NumSamples 1 (Frame:1).
[2024.11.06-18.15.27:185][  0]LogSlate: Took 0.000718 seconds to synchronously load lazily loaded font '../../../Engine/Content/Slate/Fonts/Roboto-Light.ttf' (167K)
[2024.11.06-18.15.27:261][  0]LogNativeClassHierarchy: Verbose: Native class hierarchy updated for 'HierarchicalLODOutliner' in 0.0003 seconds. Added 0 classes and 0 folders.
[2024.11.06-18.15.27:261][  0]LogLoad: (Engine Initialization) Total time: 10.27 seconds
[2024.11.06-18.15.27:261][  0]LogLoad: (Engine Initialization) Total Blueprint compile time: 0.00 seconds
[2024.11.06-18.15.27:515][  0]LogAssetRegistry: Asset discovery search completed in 5.8620 seconds
[2024.11.06-18.15.27:524][  0]LogCollectionManager: Fixed up redirectors for 0 collections in 0.000004 seconds (updated 0 objects)
[2024.11.06-18.15.27:525][  0]LogContentStreaming: Texture pool size now 1000 MB
[2024.11.06-18.15.28:637][  4]LogSlate: Took 0.000187 seconds to synchronously load lazily loaded font '../../../Engine/Content/Slate/Fonts/Roboto-Light.ttf' (167K)
[2024.11.06-18.15.45:094][123]LogSlate: Took 0.000202 seconds to synchronously load lazily loaded font '../../../Engine/Content/Slate/Fonts/Roboto-Italic.ttf' (157K)
[2024.11.06-18.15.48:834][278]LogRenderer: Reallocating scene render targets to support 1044x588 Format 10 NumSamples 1 (Frame:208).
